[3.885s] Invoking command in '/home/iclab/Desktop/ros2/src/motionpackage': PYTHONPATH=/home/iclab/Desktop/ros2/build/motionpackage/prefix_override:/home/iclab/Desktop/ros2/install/motionpackage/lib/python3.10/site-packages:${PYTHONPATH} /usr/bin/python3 setup.py egg_info --egg-base ../../build/motionpackage build --build-base /home/iclab/Desktop/ros2/build/motionpackage/build install --record /home/iclab/Desktop/ros2/build/motionpackage/install.log --single-version-externally-managed
[5.159s] running egg_info
[5.161s] writing ../../build/motionpackage/motionpackage.egg-info/PKG-INFO
[5.162s] writing dependency_links to ../../build/motionpackage/motionpackage.egg-info/dependency_links.txt
[5.165s] writing entry points to ../../build/motionpackage/motionpackage.egg-info/entry_points.txt
[5.165s] writing requirements to ../../build/motionpackage/motionpackage.egg-info/requires.txt
[5.165s] writing top-level names to ../../build/motionpackage/motionpackage.egg-info/top_level.txt
[5.172s] reading manifest file '../../build/motionpackage/motionpackage.egg-info/SOURCES.txt'
[5.177s] writing manifest file '../../build/motionpackage/motionpackage.egg-info/SOURCES.txt'
[5.180s] running build
[5.182s] running build_py
[5.183s] copying motionpackage/motion.py -> /home/iclab/Desktop/ros2/build/motionpackage/build/lib/motionpackage
[5.183s] running install
[5.184s] running install_lib
[5.184s] copying /home/iclab/Desktop/ros2/build/motionpackage/build/lib/motionpackage/motion.py -> /home/iclab/Desktop/ros2/install/motionpackage/lib/python3.10/site-packages/motionpackage
[5.184s] byte-compiling /home/iclab/Desktop/ros2/install/motionpackage/lib/python3.10/site-packages/motionpackage/motion.py to motion.cpython-310.pyc
[5.208s] running install_data
[5.210s] running install_egg_info
[5.215s] removing '/home/iclab/Desktop/ros2/install/motionpackage/lib/python3.10/site-packages/motionpackage-0.0.0-py3.10.egg-info' (and everything under it)
[5.216s] Copying ../../build/motionpackage/motionpackage.egg-info to /home/iclab/Desktop/ros2/install/motionpackage/lib/python3.10/site-packages/motionpackage-0.0.0-py3.10.egg-info
[5.222s] running install_scripts
[5.286s] Installing motion script to /home/iclab/Desktop/ros2/install/motionpackage/lib/motionpackage
[5.288s] writing list of installed files to '/home/iclab/Desktop/ros2/build/motionpackage/install.log'
[5.383s] Invoked command in '/home/iclab/Desktop/ros2/src/motionpackage' returned '0': PYTHONPATH=/home/iclab/Desktop/ros2/build/motionpackage/prefix_override:/home/iclab/Desktop/ros2/install/motionpackage/lib/python3.10/site-packages:${PYTHONPATH} /usr/bin/python3 setup.py egg_info --egg-base ../../build/motionpackage build --build-base /home/iclab/Desktop/ros2/build/motionpackage/build install --record /home/iclab/Desktop/ros2/build/motionpackage/install.log --single-version-externally-managed
