[2.995s] Invoking command in '/home/iclab/Desktop/ros2/src/motionpackage': PYTHONPATH=/home/iclab/Desktop/ros2/build/motionpackage/prefix_override:/home/iclab/Desktop/ros2/install/motionpackage/lib/python3.10/site-packages:${PYTHONPATH} /usr/bin/python3 setup.py egg_info --egg-base ../../build/motionpackage build --build-base /home/iclab/Desktop/ros2/build/motionpackage/build install --record /home/iclab/Desktop/ros2/build/motionpackage/install.log --single-version-externally-managed
[3.957s] running egg_info
[3.958s] writing ../../build/motionpackage/motionpackage.egg-info/PKG-INFO
[3.960s] writing dependency_links to ../../build/motionpackage/motionpackage.egg-info/dependency_links.txt
[3.960s] writing entry points to ../../build/motionpackage/motionpackage.egg-info/entry_points.txt
[3.961s] writing requirements to ../../build/motionpackage/motionpackage.egg-info/requires.txt
[3.961s] writing top-level names to ../../build/motionpackage/motionpackage.egg-info/top_level.txt
[3.967s] reading manifest file '../../build/motionpackage/motionpackage.egg-info/SOURCES.txt'
[3.970s] writing manifest file '../../build/motionpackage/motionpackage.egg-info/SOURCES.txt'
[3.970s] running build
[3.971s] running build_py
[3.971s] copying motionpackage/motion.py -> /home/iclab/Desktop/ros2/build/motionpackage/build/lib/motionpackage
[3.972s] running install
[3.973s] running install_lib
[3.976s] copying /home/iclab/Desktop/ros2/build/motionpackage/build/lib/motionpackage/motion.py -> /home/iclab/Desktop/ros2/install/motionpackage/lib/python3.10/site-packages/motionpackage
[3.978s] byte-compiling /home/iclab/Desktop/ros2/install/motionpackage/lib/python3.10/site-packages/motionpackage/motion.py to motion.cpython-310.pyc
[4.001s] running install_data
[4.002s] running install_egg_info
[4.007s] removing '/home/iclab/Desktop/ros2/install/motionpackage/lib/python3.10/site-packages/motionpackage-0.0.0-py3.10.egg-info' (and everything under it)
[4.008s] Copying ../../build/motionpackage/motionpackage.egg-info to /home/iclab/Desktop/ros2/install/motionpackage/lib/python3.10/site-packages/motionpackage-0.0.0-py3.10.egg-info
[4.010s] running install_scripts
[4.064s] Installing motion script to /home/iclab/Desktop/ros2/install/motionpackage/lib/motionpackage
[4.065s] writing list of installed files to '/home/iclab/Desktop/ros2/build/motionpackage/install.log'
[4.162s] Invoked command in '/home/iclab/Desktop/ros2/src/motionpackage' returned '0': PYTHONPATH=/home/iclab/Desktop/ros2/build/motionpackage/prefix_override:/home/iclab/Desktop/ros2/install/motionpackage/lib/python3.10/site-packages:${PYTHONPATH} /usr/bin/python3 setup.py egg_info --egg-base ../../build/motionpackage build --build-base /home/iclab/Desktop/ros2/build/motionpackage/build install --record /home/iclab/Desktop/ros2/build/motionpackage/install.log --single-version-externally-managed
