[0.694s] Invoking command in '/home/iclab/Desktop/ros2/src/motionpackage': PYTHONPATH=/home/iclab/Desktop/ros2/build/motionpackage/prefix_override:/home/iclab/Desktop/ros2/install/motionpackage/lib/python3.10/site-packages:${PYTHONPATH} /usr/bin/python3 setup.py egg_info --egg-base ../../build/motionpackage build --build-base /home/iclab/Desktop/ros2/build/motionpackage/build install --record /home/iclab/Desktop/ros2/build/motionpackage/install.log --single-version-externally-managed
[0.907s] running egg_info
[0.907s] writing ../../build/motionpackage/motionpackage.egg-info/PKG-INFO
[0.907s] writing dependency_links to ../../build/motionpackage/motionpackage.egg-info/dependency_links.txt
[0.907s] writing entry points to ../../build/motionpackage/motionpackage.egg-info/entry_points.txt
[0.907s] writing requirements to ../../build/motionpackage/motionpackage.egg-info/requires.txt
[0.907s] writing top-level names to ../../build/motionpackage/motionpackage.egg-info/top_level.txt
[0.909s] reading manifest file '../../build/motionpackage/motionpackage.egg-info/SOURCES.txt'
[0.909s] writing manifest file '../../build/motionpackage/motionpackage.egg-info/SOURCES.txt'
[0.909s] running build
[0.910s] running build_py
[0.910s] running install
[0.910s] running install_lib
[0.911s] running install_data
[0.911s] running install_egg_info
[0.912s] removing '/home/iclab/Desktop/ros2/install/motionpackage/lib/python3.10/site-packages/motionpackage-0.0.0-py3.10.egg-info' (and everything under it)
[0.913s] Copying ../../build/motionpackage/motionpackage.egg-info to /home/iclab/Desktop/ros2/install/motionpackage/lib/python3.10/site-packages/motionpackage-0.0.0-py3.10.egg-info
[0.913s] running install_scripts
[0.928s] Installing motion script to /home/iclab/Desktop/ros2/install/motionpackage/lib/motionpackage
[0.929s] writing list of installed files to '/home/iclab/Desktop/ros2/build/motionpackage/install.log'
[0.949s] Invoked command in '/home/iclab/Desktop/ros2/src/motionpackage' returned '0': PYTHONPATH=/home/iclab/Desktop/ros2/build/motionpackage/prefix_override:/home/iclab/Desktop/ros2/install/motionpackage/lib/python3.10/site-packages:${PYTHONPATH} /usr/bin/python3 setup.py egg_info --egg-base ../../build/motionpackage build --build-base /home/iclab/Desktop/ros2/build/motionpackage/build install --record /home/iclab/Desktop/ros2/build/motionpackage/install.log --single-version-externally-managed
