[1.214s] Invoking command in '/home/iclab/Desktop/ros2/src/imageprocess': BYOBU_DATE=%Y-%m-%d PYTHONPATH=/home/iclab/Desktop/ros2/build/imageprocess/prefix_override:/home/iclab/Desktop/ros2/install/imageprocess/lib/python3.10/site-packages:${PYTHONPATH} /usr/bin/python3 setup.py egg_info --egg-base ../../build/imageprocess build --build-base /home/iclab/Desktop/ros2/build/imageprocess/build install --record /home/iclab/Desktop/ros2/build/imageprocess/install.log --single-version-externally-managed
[1.544s] running egg_info
[1.544s] writing ../../build/imageprocess/imageprocess.egg-info/PKG-INFO
[1.544s] writing dependency_links to ../../build/imageprocess/imageprocess.egg-info/dependency_links.txt
[1.544s] writing entry points to ../../build/imageprocess/imageprocess.egg-info/entry_points.txt
[1.544s] writing requirements to ../../build/imageprocess/imageprocess.egg-info/requires.txt
[1.544s] writing top-level names to ../../build/imageprocess/imageprocess.egg-info/top_level.txt
[1.546s] reading manifest file '../../build/imageprocess/imageprocess.egg-info/SOURCES.txt'
[1.546s] adding license file 'LICENSE'
[1.546s] writing manifest file '../../build/imageprocess/imageprocess.egg-info/SOURCES.txt'
[1.546s] running build
[1.546s] running build_py
[1.546s] copying imageprocess/image.py -> /home/iclab/Desktop/ros2/build/imageprocess/build/lib/imageprocess
[1.547s] running install
[1.548s] running install_lib
[1.548s] copying /home/iclab/Desktop/ros2/build/imageprocess/build/lib/imageprocess/image.py -> /home/iclab/Desktop/ros2/install/imageprocess/lib/python3.10/site-packages/imageprocess
[1.548s] byte-compiling /home/iclab/Desktop/ros2/install/imageprocess/lib/python3.10/site-packages/imageprocess/image.py to image.cpython-310.pyc
[1.549s] running install_data
[1.550s] running install_egg_info
[1.556s] removing '/home/iclab/Desktop/ros2/install/imageprocess/lib/python3.10/site-packages/imageprocess-0.0.0-py3.10.egg-info' (and everything under it)
[1.556s] Copying ../../build/imageprocess/imageprocess.egg-info to /home/iclab/Desktop/ros2/install/imageprocess/lib/python3.10/site-packages/imageprocess-0.0.0-py3.10.egg-info
[1.567s] running install_scripts
[1.580s] Installing image script to /home/iclab/Desktop/ros2/install/imageprocess/lib/imageprocess
[1.580s] writing list of installed files to '/home/iclab/Desktop/ros2/build/imageprocess/install.log'
[1.622s] Invoked command in '/home/iclab/Desktop/ros2/src/imageprocess' returned '0': BYOBU_DATE=%Y-%m-%d PYTHONPATH=/home/iclab/Desktop/ros2/build/imageprocess/prefix_override:/home/iclab/Desktop/ros2/install/imageprocess/lib/python3.10/site-packages:${PYTHONPATH} /usr/bin/python3 setup.py egg_info --egg-base ../../build/imageprocess build --build-base /home/iclab/Desktop/ros2/build/imageprocess/build install --record /home/iclab/Desktop/ros2/build/imageprocess/install.log --single-version-externally-managed
