[1.264s] Invoking command in '/home/iclab/Desktop/ros2/src/imageprocess': PYTHONPATH=/home/iclab/Desktop/ros2/build/imageprocess/prefix_override:/home/iclab/Desktop/ros2/install/imageprocess/lib/python3.10/site-packages:${PYTHONPATH} /usr/bin/python3 setup.py egg_info --egg-base ../../build/imageprocess build --build-base /home/iclab/Desktop/ros2/build/imageprocess/build install --record /home/iclab/Desktop/ros2/build/imageprocess/install.log --single-version-externally-managed
[1.610s] running egg_info
[1.611s] writing ../../build/imageprocess/imageprocess.egg-info/PKG-INFO
[1.611s] writing dependency_links to ../../build/imageprocess/imageprocess.egg-info/dependency_links.txt
[1.611s] writing entry points to ../../build/imageprocess/imageprocess.egg-info/entry_points.txt
[1.611s] writing requirements to ../../build/imageprocess/imageprocess.egg-info/requires.txt
[1.611s] writing top-level names to ../../build/imageprocess/imageprocess.egg-info/top_level.txt
[1.614s] reading manifest file '../../build/imageprocess/imageprocess.egg-info/SOURCES.txt'
[1.614s] adding license file 'LICENSE'
[1.615s] writing manifest file '../../build/imageprocess/imageprocess.egg-info/SOURCES.txt'
[1.615s] running build
[1.615s] running build_py
[1.616s] running install
[1.616s] running install_lib
[1.618s] running install_data
[1.618s] running install_egg_info
[1.620s] removing '/home/iclab/Desktop/ros2/install/imageprocess/lib/python3.10/site-packages/imageprocess-0.0.0-py3.10.egg-info' (and everything under it)
[1.621s] Copying ../../build/imageprocess/imageprocess.egg-info to /home/iclab/Desktop/ros2/install/imageprocess/lib/python3.10/site-packages/imageprocess-0.0.0-py3.10.egg-info
[1.621s] running install_scripts
[1.650s] Installing image script to /home/iclab/Desktop/ros2/install/imageprocess/lib/imageprocess
[1.651s] writing list of installed files to '/home/iclab/Desktop/ros2/build/imageprocess/install.log'
[1.682s] Invoked command in '/home/iclab/Desktop/ros2/src/imageprocess' returned '0': PYTHONPATH=/home/iclab/Desktop/ros2/build/imageprocess/prefix_override:/home/iclab/Desktop/ros2/install/imageprocess/lib/python3.10/site-packages:${PYTHONPATH} /usr/bin/python3 setup.py egg_info --egg-base ../../build/imageprocess build --build-base /home/iclab/Desktop/ros2/build/imageprocess/build install --record /home/iclab/Desktop/ros2/build/imageprocess/install.log --single-version-externally-managed
