[0.271s] Invoking command in '/home/iclab/Desktop/ros2/build/usb_cam': CMAKE_PREFIX_PATH=/home/iclab/Desktop/ros2/install/tku_msgs:/home/iclab/ros2_humble/install/ament_index_cpp/:/home/iclab/Desktop/ros2/install/web_video_server:/home/iclab/Desktop/ros2/install/usb_cam:/home/iclab/Desktop/ros2/install/tku_libs:/home/iclab/Desktop/ros2/install/serial:/home/iclab/Desktop/ros2/install/motionpackage:/opt/ros/humble LD_LIBRARY_PATH=/home/iclab/Desktop/ros2/install/tku_msgs/lib:/home/iclab/Desktop/ros2/install/usb_cam/lib:/opt/ros/humble/opt/rviz_ogre_vendor/lib:/opt/ros/humble/lib/x86_64-linux-gnu:/opt/ros/humble/lib /usr/bin/cmake --build /home/iclab/Desktop/ros2/build/usb_cam -- -j8 -l8
[0.309s] [ 25%] Built target usb_cam
[0.310s] [ 37%] Built target gtest_main
[0.313s] [ 50%] Built target gtest
[0.315s] [ 62%] Built target usb_cam_node_exe
[0.319s] [35m[1mConsolidate compiler generated dependencies of target usb_cam_node[0m
[0.333s] [ 75%] Built target test_usb_cam_utils
[0.333s] [ 87%] Built target test_pixel_formats
[0.334s] [ 93%] [32mBuilding CXX object CMakeFiles/usb_cam_node.dir/src/usb_cam_node.cpp.o[0m
[2.288s] [01m[K/home/iclab/Desktop/ros2/src/usb_cam/src/usb_cam_node.cpp:[m[K In constructor ‘[01m[KTdataUnit::TdataUnit()[m[K’:
[2.288s] [01m[K/home/iclab/Desktop/ros2/src/usb_cam/src/usb_cam_node.cpp:135:27:[m[K [01;31m[Kerror: [m[K‘[01m[Kstruct CameraParameter[m[K’ has no member named ‘[01m[KParameterName[m[K’
[2.288s]   135 |     CameraParameterValue->[01;31m[KParameterName[m[K = "[Camera Set Parameter]";
[2.288s]       |                           [01;31m[K^~~~~~~~~~~~~[m[K
[2.288s] [01m[K/home/iclab/Desktop/ros2/src/usb_cam/src/usb_cam_node.cpp:[m[K In member function ‘[01m[Kvoid TdataUnit::SaveCameraSetFile(std::string)[m[K’:
[2.288s] [01m[K/home/iclab/Desktop/ros2/src/usb_cam/src/usb_cam_node.cpp:146:28:[m[K [01;31m[Kerror: [m[Kexpected primary-expression before ‘[01m[K->[m[K’ token
[2.288s]   146 |     std::string path = Tool[01;31m[K->[m[KgetPackagePath(location);
[2.288s]       |                            [01;31m[K^~[m[K
[2.288s] [01m[K/home/iclab/Desktop/ros2/src/usb_cam/src/usb_cam_node.cpp:151:42:[m[K [01;31m[Kerror: [m[K‘[01m[Kstruct CameraParameter[m[K’ has no member named ‘[01m[KParameterName[m[K’
[2.288s]   151 |         OutFile << CameraParameterValue->[01;31m[KParameterName[m[K << "\n";
[2.288s]       |                                          [01;31m[K^~~~~~~~~~~~~[m[K
[4.296s] [01m[K/home/iclab/Desktop/ros2/src/usb_cam/src/usb_cam_node.cpp:[m[K In member function ‘[01m[Kfloat Tool::readvalue(std::fstream&, std::string, int)[m[K’:
[4.296s] [01m[K/home/iclab/Desktop/ros2/src/usb_cam/src/usb_cam_node.cpp:120:1:[m[K [01;31m[Kerror: [m[Kcontrol reaches end of non-void function [[01;31m[K]8;;https://gcc.gnu.org/onlinedocs/gcc/Warning-Options.html#index-Wreturn-type-Werror=return-type]8;;[m[K]
[4.296s]   120 | [01;31m[K}[m[K
[4.296s]       | [01;31m[K^[m[K
[4.477s] cc1plus: all warnings being treated as errors
[4.513s] gmake[2]: *** [CMakeFiles/usb_cam_node.dir/build.make:76: CMakeFiles/usb_cam_node.dir/src/usb_cam_node.cpp.o] Error 1
[4.513s] gmake[1]: *** [CMakeFiles/Makefile2:189: CMakeFiles/usb_cam_node.dir/all] Error 2
[4.513s] gmake: *** [Makefile:146: all] Error 2
[4.516s] Invoked command in '/home/iclab/Desktop/ros2/build/usb_cam' returned '2': CMAKE_PREFIX_PATH=/home/iclab/Desktop/ros2/install/tku_msgs:/home/iclab/ros2_humble/install/ament_index_cpp/:/home/iclab/Desktop/ros2/install/web_video_server:/home/iclab/Desktop/ros2/install/usb_cam:/home/iclab/Desktop/ros2/install/tku_libs:/home/iclab/Desktop/ros2/install/serial:/home/iclab/Desktop/ros2/install/motionpackage:/opt/ros/humble LD_LIBRARY_PATH=/home/iclab/Desktop/ros2/install/tku_msgs/lib:/home/iclab/Desktop/ros2/install/usb_cam/lib:/opt/ros/humble/opt/rviz_ogre_vendor/lib:/opt/ros/humble/lib/x86_64-linux-gnu:/opt/ros/humble/lib /usr/bin/cmake --build /home/iclab/Desktop/ros2/build/usb_cam -- -j8 -l8
