[3.312s] Invoking command in '/home/iclab/Desktop/ros2/src/tku_libs': PYTHONPATH=/home/iclab/Desktop/ros2/build/tku_libs/prefix_override:/home/iclab/Desktop/ros2/install/tku_libs/lib/python3.10/site-packages:${PYTHONPATH} /usr/bin/python3 setup.py egg_info --egg-base ../../build/tku_libs build --build-base /home/iclab/Desktop/ros2/build/tku_libs/build install --record /home/iclab/Desktop/ros2/build/tku_libs/install.log --single-version-externally-managed
[4.843s] running egg_info
[4.845s] writing ../../build/tku_libs/tku_libs.egg-info/PKG-INFO
[4.846s] writing dependency_links to ../../build/tku_libs/tku_libs.egg-info/dependency_links.txt
[4.847s] writing entry points to ../../build/tku_libs/tku_libs.egg-info/entry_points.txt
[4.847s] writing requirements to ../../build/tku_libs/tku_libs.egg-info/requires.txt
[4.848s] writing top-level names to ../../build/tku_libs/tku_libs.egg-info/top_level.txt
[4.855s] reading manifest file '../../build/tku_libs/tku_libs.egg-info/SOURCES.txt'
[4.858s] writing manifest file '../../build/tku_libs/tku_libs.egg-info/SOURCES.txt'
[4.858s] running build
[4.858s] running build_py
[4.859s] running install
[4.860s] running install_lib
[4.865s] running install_data
[4.867s] running install_egg_info
[4.873s] removing '/home/iclab/Desktop/ros2/install/tku_libs/lib/python3.10/site-packages/tku_libs-0.0.0-py3.10.egg-info' (and everything under it)
[4.873s] Copying ../../build/tku_libs/tku_libs.egg-info to /home/iclab/Desktop/ros2/install/tku_libs/lib/python3.10/site-packages/tku_libs-0.0.0-py3.10.egg-info
[4.878s] running install_scripts
[4.945s] Installing aaa script to /home/iclab/Desktop/ros2/install/tku_libs/lib/tku_libs
[4.946s] Installing bbb script to /home/iclab/Desktop/ros2/install/tku_libs/lib/tku_libs
[4.948s] writing list of installed files to '/home/iclab/Desktop/ros2/build/tku_libs/install.log'
[5.089s] Invoked command in '/home/iclab/Desktop/ros2/src/tku_libs' returned '0': PYTHONPATH=/home/iclab/Desktop/ros2/build/tku_libs/prefix_override:/home/iclab/Desktop/ros2/install/tku_libs/lib/python3.10/site-packages:${PYTHONPATH} /usr/bin/python3 setup.py egg_info --egg-base ../../build/tku_libs build --build-base /home/iclab/Desktop/ros2/build/tku_libs/build install --record /home/iclab/Desktop/ros2/build/tku_libs/install.log --single-version-externally-managed
