[2.649s] Invoking command in '/home/iclab/Desktop/ros2/src/tku_libs': PYTHONPATH=/home/iclab/Desktop/ros2/build/tku_libs/prefix_override:/home/iclab/Desktop/ros2/install/tku_libs/lib/python3.10/site-packages:${PYTHONPATH} /usr/bin/python3 setup.py egg_info --egg-base ../../build/tku_libs build --build-base /home/iclab/Desktop/ros2/build/tku_libs/build install --record /home/iclab/Desktop/ros2/build/tku_libs/install.log --single-version-externally-managed
[3.498s] running egg_info
[3.500s] writing ../../build/tku_libs/tku_libs.egg-info/PKG-INFO
[3.500s] writing dependency_links to ../../build/tku_libs/tku_libs.egg-info/dependency_links.txt
[3.501s] writing entry points to ../../build/tku_libs/tku_libs.egg-info/entry_points.txt
[3.502s] writing requirements to ../../build/tku_libs/tku_libs.egg-info/requires.txt
[3.503s] writing top-level names to ../../build/tku_libs/tku_libs.egg-info/top_level.txt
[3.509s] reading manifest file '../../build/tku_libs/tku_libs.egg-info/SOURCES.txt'
[3.512s] writing manifest file '../../build/tku_libs/tku_libs.egg-info/SOURCES.txt'
[3.512s] running build
[3.513s] running build_py
[3.513s] running install
[3.514s] running install_lib
[3.518s] running install_data
[3.520s] running install_egg_info
[3.524s] removing '/home/iclab/Desktop/ros2/install/tku_libs/lib/python3.10/site-packages/tku_libs-0.0.0-py3.10.egg-info' (and everything under it)
[3.525s] Copying ../../build/tku_libs/tku_libs.egg-info to /home/iclab/Desktop/ros2/install/tku_libs/lib/python3.10/site-packages/tku_libs-0.0.0-py3.10.egg-info
[3.528s] running install_scripts
[3.580s] Installing aaa script to /home/iclab/Desktop/ros2/install/tku_libs/lib/tku_libs
[3.580s] Installing bbb script to /home/iclab/Desktop/ros2/install/tku_libs/lib/tku_libs
[3.582s] writing list of installed files to '/home/iclab/Desktop/ros2/build/tku_libs/install.log'
[3.666s] Invoked command in '/home/iclab/Desktop/ros2/src/tku_libs' returned '0': PYTHONPATH=/home/iclab/Desktop/ros2/build/tku_libs/prefix_override:/home/iclab/Desktop/ros2/install/tku_libs/lib/python3.10/site-packages:${PYTHONPATH} /usr/bin/python3 setup.py egg_info --egg-base ../../build/tku_libs build --build-base /home/iclab/Desktop/ros2/build/tku_libs/build install --record /home/iclab/Desktop/ros2/build/tku_libs/install.log --single-version-externally-managed
