[0.745s] Invoking command in '/home/iclab/Desktop/ros2/src/motionpackage': BYOBU_DATE=%Y-%m-%d PYTHONPATH=/home/iclab/Desktop/ros2/build/motionpackage/prefix_override:/home/iclab/Desktop/ros2/install/motionpackage/lib/python3.10/site-packages:${PYTHONPATH} /usr/bin/python3 setup.py egg_info --egg-base ../../build/motionpackage build --build-base /home/iclab/Desktop/ros2/build/motionpackage/build install --record /home/iclab/Desktop/ros2/build/motionpackage/install.log --single-version-externally-managed
[0.958s] running egg_info
[0.958s] writing ../../build/motionpackage/motionpackage.egg-info/PKG-INFO
[0.958s] writing dependency_links to ../../build/motionpackage/motionpackage.egg-info/dependency_links.txt
[0.958s] writing entry points to ../../build/motionpackage/motionpackage.egg-info/entry_points.txt
[0.959s] writing requirements to ../../build/motionpackage/motionpackage.egg-info/requires.txt
[0.959s] writing top-level names to ../../build/motionpackage/motionpackage.egg-info/top_level.txt
[0.960s] reading manifest file '../../build/motionpackage/motionpackage.egg-info/SOURCES.txt'
[0.961s] writing manifest file '../../build/motionpackage/motionpackage.egg-info/SOURCES.txt'
[0.961s] running build
[0.961s] running build_py
[0.961s] running install
[0.961s] running install_lib
[0.962s] running install_data
[0.962s] running install_egg_info
[0.964s] removing '/home/iclab/Desktop/ros2/install/motionpackage/lib/python3.10/site-packages/motionpackage-0.0.0-py3.10.egg-info' (and everything under it)
[0.964s] Copying ../../build/motionpackage/motionpackage.egg-info to /home/iclab/Desktop/ros2/install/motionpackage/lib/python3.10/site-packages/motionpackage-0.0.0-py3.10.egg-info
[0.964s] running install_scripts
[0.980s] Installing motion script to /home/iclab/Desktop/ros2/install/motionpackage/lib/motionpackage
[0.980s] writing list of installed files to '/home/iclab/Desktop/ros2/build/motionpackage/install.log'
[1.007s] Invoked command in '/home/iclab/Desktop/ros2/src/motionpackage' returned '0': BYOBU_DATE=%Y-%m-%d PYTHONPATH=/home/iclab/Desktop/ros2/build/motionpackage/prefix_override:/home/iclab/Desktop/ros2/install/motionpackage/lib/python3.10/site-packages:${PYTHONPATH} /usr/bin/python3 setup.py egg_info --egg-base ../../build/motionpackage build --build-base /home/iclab/Desktop/ros2/build/motionpackage/build install --record /home/iclab/Desktop/ros2/build/motionpackage/install.log --single-version-externally-managed
