-- The C compiler identification is GNU 11.4.0
-- The CXX compiler identification is GNU 11.4.0
-- Detecting C compiler ABI info
-- Detecting C compiler ABI info - done
-- Check for working C compiler: /usr/bin/cc - skipped
-- Detecting C compile features
-- Detecting C compile features - done
-- Detecting CXX compiler ABI info
-- Detecting CXX compiler ABI info - done
-- Check for working CXX compiler: /usr/bin/c++ - skipped
-- Detecting CXX compile features
-- Detecting CXX compile features - done
-- Found ament_cmake: 1.3.6 (/opt/ros/humble/share/ament_cmake/cmake)
-- Found Python3: /usr/bin/python3.10 (found version "3.10.12") found components: Interpreter 
-- Found ament_lint_auto: 0.12.9 (/opt/ros/humble/share/ament_lint_auto/cmake)
-- Added test 'cppcheck' to perform static code analysis on C / C++ code
-- Configured cppcheck include dirs: $<BUILD_INTERFACE:/home/iclab/Desktop/ros2/src/serial/include>
-- Configured cppcheck exclude dirs and/or files: 
-- Added test 'lint_cmake' to check CMake code style
-- Added test 'uncrustify' to check C / C++ code style
-- Configured uncrustify additional arguments: 
-- Added test 'xmllint' to check XML markup files
-- Configuring done
-- Generating done
-- Build files have been written to: /home/iclab/Desktop/ros2/build/serial
[ 50%] [32mBuilding CXX object CMakeFiles/serial.dir/src/serial.cpp.o[0m
[100%] [32m[1mLinking CXX executable serial[0m
[100%] Built target serial
-- Install configuration: ""
-- Installing: /home/iclab/Desktop/ros2/install/serial/lib/serial/serial
-- Installing: /home/iclab/Desktop/ros2/install/serial/share/ament_index/resource_index/package_run_dependencies/serial
-- Installing: /home/iclab/Desktop/ros2/install/serial/share/ament_index/resource_index/parent_prefix_path/serial
-- Installing: /home/iclab/Desktop/ros2/install/serial/share/serial/environment/ament_prefix_path.sh
-- Installing: /home/iclab/Desktop/ros2/install/serial/share/serial/environment/ament_prefix_path.dsv
-- Installing: /home/iclab/Desktop/ros2/install/serial/share/serial/environment/path.sh
-- Installing: /home/iclab/Desktop/ros2/install/serial/share/serial/environment/path.dsv
-- Installing: /home/iclab/Desktop/ros2/install/serial/share/serial/local_setup.bash
-- Installing: /home/iclab/Desktop/ros2/install/serial/share/serial/local_setup.sh
-- Installing: /home/iclab/Desktop/ros2/install/serial/share/serial/local_setup.zsh
-- Installing: /home/iclab/Desktop/ros2/install/serial/share/serial/local_setup.dsv
-- Installing: /home/iclab/Desktop/ros2/install/serial/share/serial/package.dsv
-- Installing: /home/iclab/Desktop/ros2/install/serial/share/ament_index/resource_index/packages/serial
-- Installing: /home/iclab/Desktop/ros2/install/serial/share/serial/cmake/serialConfig.cmake
-- Installing: /home/iclab/Desktop/ros2/install/serial/share/serial/cmake/serialConfig-version.cmake
-- Installing: /home/iclab/Desktop/ros2/install/serial/share/serial/package.xml
