[0.696s] DEBUG:colcon:Command line arguments: ['/usr/bin/colcon', 'build']
[0.696s] DEBUG:colcon:Parsed command line arguments: Namespace(log_base=None, log_level=None, verb_name='build', build_base='build', install_base='install', merge_install=False, symlink_install=False, test_result_base=None, continue_on_error=False, executor='parallel', parallel_workers=8, event_handlers=None, ignore_user_meta=False, metas=['./colcon.meta'], base_paths=['.'], packages_ignore=None, packages_ignore_regex=None, paths=None, packages_up_to=None, packages_up_to_regex=None, packages_above=None, packages_above_and_dependencies=None, packages_above_depth=None, packages_select_by_dep=None, packages_skip_by_dep=None, packages_skip_up_to=None, packages_select_build_failed=False, packages_skip_build_finished=False, packages_select_test_failures=False, packages_skip_test_passed=False, packages_select=None, packages_skip=None, packages_select_regex=None, packages_skip_regex=None, packages_start=None, packages_end=None, allow_overriding=[], cmake_args=None, cmake_target=None, cmake_target_skip_unavailable=False, cmake_clean_cache=False, cmake_clean_first=False, cmake_force_configure=False, ament_cmake_args=None, catkin_cmake_args=None, catkin_skip_building_tests=False, verb_parser=<colcon_defaults.argument_parser.defaults.DefaultArgumentsDecorator object at 0x7f679bb82e00>, verb_extension=<colcon_core.verb.build.BuildVerb object at 0x7f679be1fb80>, main=<bound method BuildVerb.main of <colcon_core.verb.build.BuildVerb object at 0x7f679be1fb80>>)
[0.725s] Level 1:colcon.colcon_core.package_discovery:discover_packages(colcon_meta) check parameters
[0.725s] Level 1:colcon.colcon_core.package_discovery:discover_packages(recursive) check parameters
[0.725s] Level 1:colcon.colcon_core.package_discovery:discover_packages(ignore) check parameters
[0.725s] Level 1:colcon.colcon_core.package_discovery:discover_packages(path) check parameters
[0.725s] Level 1:colcon.colcon_core.package_discovery:discover_packages(colcon_meta) discover
[0.725s] Level 1:colcon.colcon_core.package_discovery:discover_packages(recursive) discover
[0.725s] INFO:colcon.colcon_core.package_discovery:Crawling recursively for packages in '/home/iclab/Desktop/ros2/src'
[0.725s] Level 1:colcon.colcon_core.package_identification:_identify(.) by extensions ['ignore', 'ignore_ament_install']
[0.725s] Level 1:colcon.colcon_core.package_identification:_identify(.) by extension 'ignore'
[0.725s] Level 1:colcon.colcon_core.package_identification:_identify(.) by extension 'ignore_ament_install'
[0.725s] Level 1:colcon.colcon_core.package_identification:_identify(.) by extensions ['colcon_pkg']
[0.725s] Level 1:colcon.colcon_core.package_identification:_identify(.) by extension 'colcon_pkg'
[0.725s] Level 1:colcon.colcon_core.package_identification:_identify(.) by extensions ['colcon_meta']
[0.725s] Level 1:colcon.colcon_core.package_identification:_identify(.) by extension 'colcon_meta'
[0.725s] Level 1:colcon.colcon_core.package_identification:_identify(.) by extensions ['ros']
[0.725s] Level 1:colcon.colcon_core.package_identification:_identify(.) by extension 'ros'
[0.732s] Level 1:colcon.colcon_core.package_identification:_identify(.) by extensions ['cmake', 'python']
[0.732s] Level 1:colcon.colcon_core.package_identification:_identify(.) by extension 'cmake'
[0.732s] Level 1:colcon.colcon_core.package_identification:_identify(.) by extension 'python'
[0.732s] Level 1:colcon.colcon_core.package_identification:_identify(.) by extensions ['python_setup_py']
[0.732s] Level 1:colcon.colcon_core.package_identification:_identify(.) by extension 'python_setup_py'
[0.732s] Level 1:colcon.colcon_core.package_identification:_identify(build) by extensions ['ignore', 'ignore_ament_install']
[0.732s] Level 1:colcon.colcon_core.package_identification:_identify(build) by extension 'ignore'
[0.732s] Level 1:colcon.colcon_core.package_identification:_identify(build) ignored
[0.732s] Level 1:colcon.colcon_core.package_identification:_identify(install) by extensions ['ignore', 'ignore_ament_install']
[0.733s] Level 1:colcon.colcon_core.package_identification:_identify(install) by extension 'ignore'
[0.733s] Level 1:colcon.colcon_core.package_identification:_identify(install) ignored
[0.733s] Level 1:colcon.colcon_core.package_identification:_identify(log) by extensions ['ignore', 'ignore_ament_install']
[0.733s] Level 1:colcon.colcon_core.package_identification:_identify(log) by extension 'ignore'
[0.733s] Level 1:colcon.colcon_core.package_identification:_identify(log) ignored
[0.733s] Level 1:colcon.colcon_core.package_identification:_identify(motionpackage) by extensions ['ignore', 'ignore_ament_install']
[0.733s] Level 1:colcon.colcon_core.package_identification:_identify(motionpackage) by extension 'ignore'
[0.733s] Level 1:colcon.colcon_core.package_identification:_identify(motionpackage) by extension 'ignore_ament_install'
[0.733s] Level 1:colcon.colcon_core.package_identification:_identify(motionpackage) by extensions ['colcon_pkg']
[0.733s] Level 1:colcon.colcon_core.package_identification:_identify(motionpackage) by extension 'colcon_pkg'
[0.733s] Level 1:colcon.colcon_core.package_identification:_identify(motionpackage) by extensions ['colcon_meta']
[0.733s] Level 1:colcon.colcon_core.package_identification:_identify(motionpackage) by extension 'colcon_meta'
[0.733s] Level 1:colcon.colcon_core.package_identification:_identify(motionpackage) by extensions ['ros']
[0.733s] Level 1:colcon.colcon_core.package_identification:_identify(motionpackage) by extension 'ros'
[0.734s] DEBUG:colcon.colcon_core.package_identification:Package 'motionpackage' with type 'ros.ament_python' and name 'motionpackage'
[0.734s] Level 1:colcon.colcon_core.package_identification:_identify(tku_libs) by extensions ['ignore', 'ignore_ament_install']
[0.735s] Level 1:colcon.colcon_core.package_identification:_identify(tku_libs) by extension 'ignore'
[0.735s] Level 1:colcon.colcon_core.package_identification:_identify(tku_libs) by extension 'ignore_ament_install'
[0.735s] Level 1:colcon.colcon_core.package_identification:_identify(tku_libs) by extensions ['colcon_pkg']
[0.735s] Level 1:colcon.colcon_core.package_identification:_identify(tku_libs) by extension 'colcon_pkg'
[0.735s] Level 1:colcon.colcon_core.package_identification:_identify(tku_libs) by extensions ['colcon_meta']
[0.735s] Level 1:colcon.colcon_core.package_identification:_identify(tku_libs) by extension 'colcon_meta'
[0.735s] Level 1:colcon.colcon_core.package_identification:_identify(tku_libs) by extensions ['ros']
[0.735s] Level 1:colcon.colcon_core.package_identification:_identify(tku_libs) by extension 'ros'
[0.735s] DEBUG:colcon.colcon_core.package_identification:Package 'tku_libs' with type 'ros.ament_python' and name 'tku_libs'
[0.735s] Level 1:colcon.colcon_core.package_identification:_identify(tku_msgs) by extensions ['ignore', 'ignore_ament_install']
[0.735s] Level 1:colcon.colcon_core.package_identification:_identify(tku_msgs) by extension 'ignore'
[0.735s] Level 1:colcon.colcon_core.package_identification:_identify(tku_msgs) by extension 'ignore_ament_install'
[0.735s] Level 1:colcon.colcon_core.package_identification:_identify(tku_msgs) by extensions ['colcon_pkg']
[0.735s] Level 1:colcon.colcon_core.package_identification:_identify(tku_msgs) by extension 'colcon_pkg'
[0.735s] Level 1:colcon.colcon_core.package_identification:_identify(tku_msgs) by extensions ['colcon_meta']
[0.735s] Level 1:colcon.colcon_core.package_identification:_identify(tku_msgs) by extension 'colcon_meta'
[0.735s] Level 1:colcon.colcon_core.package_identification:_identify(tku_msgs) by extensions ['ros']
[0.735s] Level 1:colcon.colcon_core.package_identification:_identify(tku_msgs) by extension 'ros'
[0.736s] DEBUG:colcon.colcon_core.package_identification:Package 'tku_msgs' with type 'ros.ament_cmake' and name 'tku_msgs'
[0.736s] Level 1:colcon.colcon_core.package_identification:_identify(usb_cam) by extensions ['ignore', 'ignore_ament_install']
[0.736s] Level 1:colcon.colcon_core.package_identification:_identify(usb_cam) by extension 'ignore'
[0.736s] Level 1:colcon.colcon_core.package_identification:_identify(usb_cam) by extension 'ignore_ament_install'
[0.736s] Level 1:colcon.colcon_core.package_identification:_identify(usb_cam) by extensions ['colcon_pkg']
[0.736s] Level 1:colcon.colcon_core.package_identification:_identify(usb_cam) by extension 'colcon_pkg'
[0.736s] Level 1:colcon.colcon_core.package_identification:_identify(usb_cam) by extensions ['colcon_meta']
[0.736s] Level 1:colcon.colcon_core.package_identification:_identify(usb_cam) by extension 'colcon_meta'
[0.736s] Level 1:colcon.colcon_core.package_identification:_identify(usb_cam) by extensions ['ros']
[0.736s] Level 1:colcon.colcon_core.package_identification:_identify(usb_cam) by extension 'ros'
[0.737s] DEBUG:colcon.colcon_core.package_identification:Package 'usb_cam' with type 'ros.ament_cmake' and name 'usb_cam'
[0.737s] Level 1:colcon.colcon_core.package_identification:_identify(web_video_server) by extensions ['ignore', 'ignore_ament_install']
[0.737s] Level 1:colcon.colcon_core.package_identification:_identify(web_video_server) by extension 'ignore'
[0.737s] Level 1:colcon.colcon_core.package_identification:_identify(web_video_server) by extension 'ignore_ament_install'
[0.737s] Level 1:colcon.colcon_core.package_identification:_identify(web_video_server) by extensions ['colcon_pkg']
[0.737s] Level 1:colcon.colcon_core.package_identification:_identify(web_video_server) by extension 'colcon_pkg'
[0.737s] Level 1:colcon.colcon_core.package_identification:_identify(web_video_server) by extensions ['colcon_meta']
[0.737s] Level 1:colcon.colcon_core.package_identification:_identify(web_video_server) by extension 'colcon_meta'
[0.737s] Level 1:colcon.colcon_core.package_identification:_identify(web_video_server) by extensions ['ros']
[0.737s] Level 1:colcon.colcon_core.package_identification:_identify(web_video_server) by extension 'ros'
[0.737s] DEBUG:colcon.colcon_core.package_identification:Package 'web_video_server' with type 'ros.ament_cmake' and name 'web_video_server'
[0.737s] Level 1:colcon.colcon_core.package_discovery:discover_packages(recursive) using defaults
[0.737s] Level 1:colcon.colcon_core.package_discovery:discover_packages(ignore) discover
[0.737s] Level 1:colcon.colcon_core.package_discovery:discover_packages(ignore) using defaults
[0.738s] Level 1:colcon.colcon_core.package_discovery:discover_packages(path) discover
[0.738s] Level 1:colcon.colcon_core.package_discovery:discover_packages(path) using defaults
[0.806s] Level 1:colcon.colcon_core.package_discovery:discover_packages(prefix_path) check parameters
[0.806s] Level 1:colcon.colcon_core.package_discovery:discover_packages(prefix_path) discover
[0.826s] DEBUG:colcon.colcon_installed_package_information.package_discovery:Found 5 installed packages in /home/iclab/Desktop/ros2/src/install
[0.835s] DEBUG:colcon.colcon_installed_package_information.package_discovery:Found 6 installed packages in /home/iclab/Desktop/ros2/install
[0.846s] DEBUG:colcon.colcon_installed_package_information.package_discovery:Found 329 installed packages in /opt/ros/humble
[0.847s] Level 1:colcon.colcon_core.package_discovery:discover_packages(prefix_path) using defaults
[0.911s] Level 5:colcon.colcon_core.verb:set package 'motionpackage' build argument 'cmake_args' from command line to 'None'
[0.911s] Level 5:colcon.colcon_core.verb:set package 'motionpackage' build argument 'cmake_target' from command line to 'None'
[0.911s] Level 5:colcon.colcon_core.verb:set package 'motionpackage' build argument 'cmake_target_skip_unavailable' from command line to 'False'
[0.911s] Level 5:colcon.colcon_core.verb:set package 'motionpackage' build argument 'cmake_clean_cache' from command line to 'False'
[0.911s] Level 5:colcon.colcon_core.verb:set package 'motionpackage' build argument 'cmake_clean_first' from command line to 'False'
[0.911s] Level 5:colcon.colcon_core.verb:set package 'motionpackage' build argument 'cmake_force_configure' from command line to 'False'
[0.911s] Level 5:colcon.colcon_core.verb:set package 'motionpackage' build argument 'ament_cmake_args' from command line to 'None'
[0.911s] Level 5:colcon.colcon_core.verb:set package 'motionpackage' build argument 'catkin_cmake_args' from command line to 'None'
[0.911s] Level 5:colcon.colcon_core.verb:set package 'motionpackage' build argument 'catkin_skip_building_tests' from command line to 'False'
[0.911s] DEBUG:colcon.colcon_core.verb:Building package 'motionpackage' with the following arguments: {'ament_cmake_args': None, 'build_base': '/home/iclab/Desktop/ros2/src/build/motionpackage', 'catkin_cmake_args': None, 'catkin_skip_building_tests': False, 'cmake_args': None, 'cmake_clean_cache': False, 'cmake_clean_first': False, 'cmake_force_configure': False, 'cmake_target': None, 'cmake_target_skip_unavailable': False, 'install_base': '/home/iclab/Desktop/ros2/src/install/motionpackage', 'merge_install': False, 'path': '/home/iclab/Desktop/ros2/src/motionpackage', 'symlink_install': False, 'test_result_base': None}
[0.921s] Level 5:colcon.colcon_core.verb:set package 'tku_msgs' build argument 'cmake_args' from command line to 'None'
[0.921s] Level 5:colcon.colcon_core.verb:set package 'tku_msgs' build argument 'cmake_target' from command line to 'None'
[0.921s] Level 5:colcon.colcon_core.verb:set package 'tku_msgs' build argument 'cmake_target_skip_unavailable' from command line to 'False'
[0.921s] Level 5:colcon.colcon_core.verb:set package 'tku_msgs' build argument 'cmake_clean_cache' from command line to 'False'
[0.921s] Level 5:colcon.colcon_core.verb:set package 'tku_msgs' build argument 'cmake_clean_first' from command line to 'False'
[0.921s] Level 5:colcon.colcon_core.verb:set package 'tku_msgs' build argument 'cmake_force_configure' from command line to 'False'
[0.921s] Level 5:colcon.colcon_core.verb:set package 'tku_msgs' build argument 'ament_cmake_args' from command line to 'None'
[0.921s] Level 5:colcon.colcon_core.verb:set package 'tku_msgs' build argument 'catkin_cmake_args' from command line to 'None'
[0.921s] Level 5:colcon.colcon_core.verb:set package 'tku_msgs' build argument 'catkin_skip_building_tests' from command line to 'False'
[0.921s] DEBUG:colcon.colcon_core.verb:Building package 'tku_msgs' with the following arguments: {'ament_cmake_args': None, 'build_base': '/home/iclab/Desktop/ros2/src/build/tku_msgs', 'catkin_cmake_args': None, 'catkin_skip_building_tests': False, 'cmake_args': None, 'cmake_clean_cache': False, 'cmake_clean_first': False, 'cmake_force_configure': False, 'cmake_target': None, 'cmake_target_skip_unavailable': False, 'install_base': '/home/iclab/Desktop/ros2/src/install/tku_msgs', 'merge_install': False, 'path': '/home/iclab/Desktop/ros2/src/tku_msgs', 'symlink_install': False, 'test_result_base': None}
[0.931s] Level 5:colcon.colcon_core.verb:set package 'web_video_server' build argument 'cmake_args' from command line to 'None'
[0.931s] Level 5:colcon.colcon_core.verb:set package 'web_video_server' build argument 'cmake_target' from command line to 'None'
[0.931s] Level 5:colcon.colcon_core.verb:set package 'web_video_server' build argument 'cmake_target_skip_unavailable' from command line to 'False'
[0.931s] Level 5:colcon.colcon_core.verb:set package 'web_video_server' build argument 'cmake_clean_cache' from command line to 'False'
[0.931s] Level 5:colcon.colcon_core.verb:set package 'web_video_server' build argument 'cmake_clean_first' from command line to 'False'
[0.931s] Level 5:colcon.colcon_core.verb:set package 'web_video_server' build argument 'cmake_force_configure' from command line to 'False'
[0.931s] Level 5:colcon.colcon_core.verb:set package 'web_video_server' build argument 'ament_cmake_args' from command line to 'None'
[0.931s] Level 5:colcon.colcon_core.verb:set package 'web_video_server' build argument 'catkin_cmake_args' from command line to 'None'
[0.931s] Level 5:colcon.colcon_core.verb:set package 'web_video_server' build argument 'catkin_skip_building_tests' from command line to 'False'
[0.931s] DEBUG:colcon.colcon_core.verb:Building package 'web_video_server' with the following arguments: {'ament_cmake_args': None, 'build_base': '/home/iclab/Desktop/ros2/src/build/web_video_server', 'catkin_cmake_args': None, 'catkin_skip_building_tests': False, 'cmake_args': None, 'cmake_clean_cache': False, 'cmake_clean_first': False, 'cmake_force_configure': False, 'cmake_target': None, 'cmake_target_skip_unavailable': False, 'install_base': '/home/iclab/Desktop/ros2/src/install/web_video_server', 'merge_install': False, 'path': '/home/iclab/Desktop/ros2/src/web_video_server', 'symlink_install': False, 'test_result_base': None}
[0.941s] Level 5:colcon.colcon_core.verb:set package 'tku_libs' build argument 'cmake_args' from command line to 'None'
[0.941s] Level 5:colcon.colcon_core.verb:set package 'tku_libs' build argument 'cmake_target' from command line to 'None'
[0.941s] Level 5:colcon.colcon_core.verb:set package 'tku_libs' build argument 'cmake_target_skip_unavailable' from command line to 'False'
[0.941s] Level 5:colcon.colcon_core.verb:set package 'tku_libs' build argument 'cmake_clean_cache' from command line to 'False'
[0.941s] Level 5:colcon.colcon_core.verb:set package 'tku_libs' build argument 'cmake_clean_first' from command line to 'False'
[0.941s] Level 5:colcon.colcon_core.verb:set package 'tku_libs' build argument 'cmake_force_configure' from command line to 'False'
[0.941s] Level 5:colcon.colcon_core.verb:set package 'tku_libs' build argument 'ament_cmake_args' from command line to 'None'
[0.941s] Level 5:colcon.colcon_core.verb:set package 'tku_libs' build argument 'catkin_cmake_args' from command line to 'None'
[0.941s] Level 5:colcon.colcon_core.verb:set package 'tku_libs' build argument 'catkin_skip_building_tests' from command line to 'False'
[0.941s] DEBUG:colcon.colcon_core.verb:Building package 'tku_libs' with the following arguments: {'ament_cmake_args': None, 'build_base': '/home/iclab/Desktop/ros2/src/build/tku_libs', 'catkin_cmake_args': None, 'catkin_skip_building_tests': False, 'cmake_args': None, 'cmake_clean_cache': False, 'cmake_clean_first': False, 'cmake_force_configure': False, 'cmake_target': None, 'cmake_target_skip_unavailable': False, 'install_base': '/home/iclab/Desktop/ros2/src/install/tku_libs', 'merge_install': False, 'path': '/home/iclab/Desktop/ros2/src/tku_libs', 'symlink_install': False, 'test_result_base': None}
[0.951s] Level 5:colcon.colcon_core.verb:set package 'usb_cam' build argument 'cmake_args' from command line to 'None'
[0.951s] Level 5:colcon.colcon_core.verb:set package 'usb_cam' build argument 'cmake_target' from command line to 'None'
[0.951s] Level 5:colcon.colcon_core.verb:set package 'usb_cam' build argument 'cmake_target_skip_unavailable' from command line to 'False'
[0.951s] Level 5:colcon.colcon_core.verb:set package 'usb_cam' build argument 'cmake_clean_cache' from command line to 'False'
[0.951s] Level 5:colcon.colcon_core.verb:set package 'usb_cam' build argument 'cmake_clean_first' from command line to 'False'
[0.951s] Level 5:colcon.colcon_core.verb:set package 'usb_cam' build argument 'cmake_force_configure' from command line to 'False'
[0.951s] Level 5:colcon.colcon_core.verb:set package 'usb_cam' build argument 'ament_cmake_args' from command line to 'None'
[0.951s] Level 5:colcon.colcon_core.verb:set package 'usb_cam' build argument 'catkin_cmake_args' from command line to 'None'
[0.951s] Level 5:colcon.colcon_core.verb:set package 'usb_cam' build argument 'catkin_skip_building_tests' from command line to 'False'
[0.951s] DEBUG:colcon.colcon_core.verb:Building package 'usb_cam' with the following arguments: {'ament_cmake_args': None, 'build_base': '/home/iclab/Desktop/ros2/src/build/usb_cam', 'catkin_cmake_args': None, 'catkin_skip_building_tests': False, 'cmake_args': None, 'cmake_clean_cache': False, 'cmake_clean_first': False, 'cmake_force_configure': False, 'cmake_target': None, 'cmake_target_skip_unavailable': False, 'install_base': '/home/iclab/Desktop/ros2/src/install/usb_cam', 'merge_install': False, 'path': '/home/iclab/Desktop/ros2/src/usb_cam', 'symlink_install': False, 'test_result_base': None}
[0.960s] INFO:colcon.colcon_core.executor:Executing jobs using 'parallel' executor
[0.970s] DEBUG:colcon.colcon_parallel_executor.executor.parallel:run_until_complete
[0.970s] INFO:colcon.colcon_ros.task.ament_cmake.build:Building ROS package in '/home/iclab/Desktop/ros2/src/tku_msgs' with build type 'ament_cmake'
[0.971s] INFO:colcon.colcon_cmake.task.cmake.build:Building CMake package in '/home/iclab/Desktop/ros2/src/tku_msgs'
[0.982s] INFO:colcon.colcon_core.plugin_system:Skipping extension 'colcon_core.shell.bat': Not used on non-Windows systems
[0.982s] INFO:colcon.colcon_core.shell:Skip shell extension 'powershell' for command environment: Not usable outside of PowerShell
[0.982s] DEBUG:colcon.colcon_core.shell:Skip shell extension 'dsv' for command environment
[1.025s] INFO:colcon.colcon_ros.task.ament_python.build:Building ROS package in '/home/iclab/Desktop/ros2/src/motionpackage' with build type 'ament_python'
[1.025s] Level 1:colcon.colcon_core.shell:create_environment_hook('motionpackage', 'ament_prefix_path')
[1.035s] INFO:colcon.colcon_core.shell:Creating environment hook '/home/iclab/Desktop/ros2/src/install/motionpackage/share/motionpackage/hook/ament_prefix_path.ps1'
[1.035s] INFO:colcon.colcon_core.shell:Creating environment descriptor '/home/iclab/Desktop/ros2/src/install/motionpackage/share/motionpackage/hook/ament_prefix_path.dsv'
[1.036s] INFO:colcon.colcon_core.shell:Creating environment hook '/home/iclab/Desktop/ros2/src/install/motionpackage/share/motionpackage/hook/ament_prefix_path.sh'
[1.046s] INFO:colcon.colcon_core.shell:Skip shell extension 'powershell' for command environment: Not usable outside of PowerShell
[1.046s] DEBUG:colcon.colcon_core.shell:Skip shell extension 'dsv' for command environment
[1.086s] INFO:colcon.colcon_ros.task.ament_cmake.build:Building ROS package in '/home/iclab/Desktop/ros2/src/web_video_server' with build type 'ament_cmake'
[1.086s] INFO:colcon.colcon_cmake.task.cmake.build:Building CMake package in '/home/iclab/Desktop/ros2/src/web_video_server'
[1.097s] INFO:colcon.colcon_core.shell:Skip shell extension 'powershell' for command environment: Not usable outside of PowerShell
[1.097s] DEBUG:colcon.colcon_core.shell:Skip shell extension 'dsv' for command environment
[1.141s] DEBUG:colcon.colcon_core.event_handler.log_command:Invoking command in '/home/iclab/Desktop/ros2/src/build/tku_msgs': BYOBU_DATE=%Y-%m-%d CMAKE_PREFIX_PATH=${CMAKE_PREFIX_PATH}:/home/iclab/Desktop/ros2/src/install/tku_libs:/home/iclab/Desktop/ros2/src/install/motionpackage:/home/iclab/Desktop/ros2/install/tku_libs:/home/iclab/Desktop/ros2/install/motionpackage:/opt/ros/humble /usr/bin/cmake --build /home/iclab/Desktop/ros2/src/build/tku_msgs -- -j8 -l8
[1.373s] INFO:colcon.colcon_core.task.python.build:Building Python package in '/home/iclab/Desktop/ros2/src/motionpackage'
[1.383s] INFO:colcon.colcon_core.shell:Skip shell extension 'powershell' for command environment: Not usable outside of PowerShell
[1.383s] DEBUG:colcon.colcon_core.shell:Skip shell extension 'dsv' for command environment
[1.433s] DEBUG:colcon.colcon_core.event_handler.log_command:Invoking command in '/home/iclab/Desktop/ros2/src/build/web_video_server': BYOBU_DATE=%Y-%m-%d CMAKE_PREFIX_PATH=${CMAKE_PREFIX_PATH}:/home/iclab/Desktop/ros2/src/install/tku_libs:/home/iclab/Desktop/ros2/src/install/motionpackage:/home/iclab/Desktop/ros2/install/tku_libs:/home/iclab/Desktop/ros2/install/motionpackage:/opt/ros/humble /usr/bin/cmake --build /home/iclab/Desktop/ros2/src/build/web_video_server -- -j8 -l8
[1.439s] DEBUG:colcon.colcon_core.event_handler.log_command:Invoked command in '/home/iclab/Desktop/ros2/src/build/tku_msgs' returned '0': BYOBU_DATE=%Y-%m-%d CMAKE_PREFIX_PATH=${CMAKE_PREFIX_PATH}:/home/iclab/Desktop/ros2/src/install/tku_libs:/home/iclab/Desktop/ros2/src/install/motionpackage:/home/iclab/Desktop/ros2/install/tku_libs:/home/iclab/Desktop/ros2/install/motionpackage:/opt/ros/humble /usr/bin/cmake --build /home/iclab/Desktop/ros2/src/build/tku_msgs -- -j8 -l8
[1.518s] DEBUG:colcon.colcon_core.event_handler.log_command:Invoked command in '/home/iclab/Desktop/ros2/src/build/web_video_server' returned '0': BYOBU_DATE=%Y-%m-%d CMAKE_PREFIX_PATH=${CMAKE_PREFIX_PATH}:/home/iclab/Desktop/ros2/src/install/tku_libs:/home/iclab/Desktop/ros2/src/install/motionpackage:/home/iclab/Desktop/ros2/install/tku_libs:/home/iclab/Desktop/ros2/install/motionpackage:/opt/ros/humble /usr/bin/cmake --build /home/iclab/Desktop/ros2/src/build/web_video_server -- -j8 -l8
[1.557s] DEBUG:colcon.colcon_core.event_handler.log_command:Invoking command in '/home/iclab/Desktop/ros2/src/build/web_video_server': BYOBU_DATE=%Y-%m-%d CMAKE_PREFIX_PATH=${CMAKE_PREFIX_PATH}:/home/iclab/Desktop/ros2/src/install/tku_libs:/home/iclab/Desktop/ros2/src/install/motionpackage:/home/iclab/Desktop/ros2/install/tku_libs:/home/iclab/Desktop/ros2/install/motionpackage:/opt/ros/humble /usr/bin/cmake --install /home/iclab/Desktop/ros2/src/build/web_video_server
[1.564s] Level 1:colcon.colcon_core.environment:create_environment_scripts_only(web_video_server)
[1.565s] DEBUG:colcon.colcon_core.event_handler.log_command:Invoked command in '/home/iclab/Desktop/ros2/src/build/web_video_server' returned '0': BYOBU_DATE=%Y-%m-%d CMAKE_PREFIX_PATH=${CMAKE_PREFIX_PATH}:/home/iclab/Desktop/ros2/src/install/tku_libs:/home/iclab/Desktop/ros2/src/install/motionpackage:/home/iclab/Desktop/ros2/install/tku_libs:/home/iclab/Desktop/ros2/install/motionpackage:/opt/ros/humble /usr/bin/cmake --install /home/iclab/Desktop/ros2/src/build/web_video_server
[1.578s] Level 1:colcon.colcon_core.environment:checking '/home/iclab/Desktop/ros2/src/install/web_video_server' for CMake module files
[1.578s] Level 1:colcon.colcon_core.environment:checking '/home/iclab/Desktop/ros2/src/install/web_video_server' for CMake config files
[1.578s] Level 1:colcon.colcon_core.shell:create_environment_hook('web_video_server', 'cmake_prefix_path')
[1.591s] INFO:colcon.colcon_core.shell:Creating environment hook '/home/iclab/Desktop/ros2/src/install/web_video_server/share/web_video_server/hook/cmake_prefix_path.ps1'
[1.591s] INFO:colcon.colcon_core.shell:Creating environment descriptor '/home/iclab/Desktop/ros2/src/install/web_video_server/share/web_video_server/hook/cmake_prefix_path.dsv'
[1.591s] INFO:colcon.colcon_core.shell:Creating environment hook '/home/iclab/Desktop/ros2/src/install/web_video_server/share/web_video_server/hook/cmake_prefix_path.sh'
[1.592s] Level 1:colcon.colcon_core.environment:checking '/home/iclab/Desktop/ros2/src/install/web_video_server/lib'
[1.592s] Level 1:colcon.colcon_core.environment:checking '/home/iclab/Desktop/ros2/src/install/web_video_server/bin'
[1.592s] Level 1:colcon.colcon_core.environment:checking '/home/iclab/Desktop/ros2/src/install/web_video_server/lib/pkgconfig/web_video_server.pc'
[1.592s] Level 1:colcon.colcon_core.environment:checking '/home/iclab/Desktop/ros2/src/install/web_video_server/lib/python3.10/site-packages'
[1.592s] Level 1:colcon.colcon_core.environment:checking '/home/iclab/Desktop/ros2/src/install/web_video_server/bin'
[1.606s] INFO:colcon.colcon_core.shell:Creating package script '/home/iclab/Desktop/ros2/src/install/web_video_server/share/web_video_server/package.ps1'
[1.607s] INFO:colcon.colcon_core.shell:Creating package descriptor '/home/iclab/Desktop/ros2/src/install/web_video_server/share/web_video_server/package.dsv'
[1.607s] INFO:colcon.colcon_core.shell:Creating package script '/home/iclab/Desktop/ros2/src/install/web_video_server/share/web_video_server/package.sh'
[1.608s] INFO:colcon.colcon_core.shell:Creating package script '/home/iclab/Desktop/ros2/src/install/web_video_server/share/web_video_server/package.bash'
[1.608s] INFO:colcon.colcon_core.shell:Creating package script '/home/iclab/Desktop/ros2/src/install/web_video_server/share/web_video_server/package.zsh'
[1.608s] Level 1:colcon.colcon_core.environment:create_file_with_runtime_dependencies(/home/iclab/Desktop/ros2/src/install/web_video_server/share/colcon-core/packages/web_video_server)
[1.657s] Level 1:colcon.colcon_core.environment:create_environment_scripts_only(web_video_server)
[1.668s] Level 1:colcon.colcon_core.environment:checking '/home/iclab/Desktop/ros2/src/install/web_video_server' for CMake module files
[1.669s] Level 1:colcon.colcon_core.environment:checking '/home/iclab/Desktop/ros2/src/install/web_video_server' for CMake config files
[1.669s] Level 1:colcon.colcon_core.shell:create_environment_hook('web_video_server', 'cmake_prefix_path')
[1.680s] INFO:colcon.colcon_core.shell:Creating environment hook '/home/iclab/Desktop/ros2/src/install/web_video_server/share/web_video_server/hook/cmake_prefix_path.ps1'
[1.680s] INFO:colcon.colcon_core.shell:Creating environment descriptor '/home/iclab/Desktop/ros2/src/install/web_video_server/share/web_video_server/hook/cmake_prefix_path.dsv'
[1.680s] INFO:colcon.colcon_core.shell:Creating environment hook '/home/iclab/Desktop/ros2/src/install/web_video_server/share/web_video_server/hook/cmake_prefix_path.sh'
[1.680s] Level 1:colcon.colcon_core.environment:checking '/home/iclab/Desktop/ros2/src/install/web_video_server/lib'
[1.681s] Level 1:colcon.colcon_core.environment:checking '/home/iclab/Desktop/ros2/src/install/web_video_server/bin'
[1.681s] Level 1:colcon.colcon_core.environment:checking '/home/iclab/Desktop/ros2/src/install/web_video_server/lib/pkgconfig/web_video_server.pc'
[1.681s] Level 1:colcon.colcon_core.environment:checking '/home/iclab/Desktop/ros2/src/install/web_video_server/lib/python3.10/site-packages'
[1.681s] Level 1:colcon.colcon_core.environment:checking '/home/iclab/Desktop/ros2/src/install/web_video_server/bin'
[1.692s] INFO:colcon.colcon_core.shell:Creating package script '/home/iclab/Desktop/ros2/src/install/web_video_server/share/web_video_server/package.ps1'
[1.692s] INFO:colcon.colcon_core.shell:Creating package descriptor '/home/iclab/Desktop/ros2/src/install/web_video_server/share/web_video_server/package.dsv'
[1.692s] INFO:colcon.colcon_core.shell:Creating package script '/home/iclab/Desktop/ros2/src/install/web_video_server/share/web_video_server/package.sh'
[1.693s] INFO:colcon.colcon_core.shell:Creating package script '/home/iclab/Desktop/ros2/src/install/web_video_server/share/web_video_server/package.bash'
[1.693s] INFO:colcon.colcon_core.shell:Creating package script '/home/iclab/Desktop/ros2/src/install/web_video_server/share/web_video_server/package.zsh'
[1.693s] Level 1:colcon.colcon_core.environment:create_file_with_runtime_dependencies(/home/iclab/Desktop/ros2/src/install/web_video_server/share/colcon-core/packages/web_video_server)
[1.743s] DEBUG:colcon.colcon_core.event_handler.log_command:Invoking command in '/home/iclab/Desktop/ros2/src/motionpackage': BYOBU_DATE=%Y-%m-%d PYTHONPATH=/home/iclab/Desktop/ros2/src/build/motionpackage/prefix_override:/home/iclab/Desktop/ros2/src/install/motionpackage/lib/python3.10/site-packages:${PYTHONPATH} /usr/bin/python3 setup.py egg_info --egg-base ../build/motionpackage build --build-base /home/iclab/Desktop/ros2/src/build/motionpackage/build install --record /home/iclab/Desktop/ros2/src/build/motionpackage/install.log --single-version-externally-managed
[1.835s] DEBUG:colcon.colcon_core.event_handler.log_command:Invoking command in '/home/iclab/Desktop/ros2/src/build/tku_msgs': BYOBU_DATE=%Y-%m-%d CMAKE_PREFIX_PATH=${CMAKE_PREFIX_PATH}:/home/iclab/Desktop/ros2/src/install/tku_libs:/home/iclab/Desktop/ros2/src/install/motionpackage:/home/iclab/Desktop/ros2/install/tku_libs:/home/iclab/Desktop/ros2/install/motionpackage:/opt/ros/humble /usr/bin/cmake --install /home/iclab/Desktop/ros2/src/build/tku_msgs
[1.884s] Level 1:colcon.colcon_core.environment:create_environment_scripts_only(tku_msgs)
[1.885s] DEBUG:colcon.colcon_core.event_handler.log_command:Invoked command in '/home/iclab/Desktop/ros2/src/build/tku_msgs' returned '0': BYOBU_DATE=%Y-%m-%d CMAKE_PREFIX_PATH=${CMAKE_PREFIX_PATH}:/home/iclab/Desktop/ros2/src/install/tku_libs:/home/iclab/Desktop/ros2/src/install/motionpackage:/home/iclab/Desktop/ros2/install/tku_libs:/home/iclab/Desktop/ros2/install/motionpackage:/opt/ros/humble /usr/bin/cmake --install /home/iclab/Desktop/ros2/src/build/tku_msgs
[1.903s] Level 1:colcon.colcon_core.environment:checking '/home/iclab/Desktop/ros2/src/install/tku_msgs' for CMake module files
[1.904s] Level 1:colcon.colcon_core.environment:checking '/home/iclab/Desktop/ros2/src/install/tku_msgs' for CMake config files
[1.905s] Level 1:colcon.colcon_core.shell:create_environment_hook('tku_msgs', 'cmake_prefix_path')
[1.923s] INFO:colcon.colcon_core.shell:Creating environment hook '/home/iclab/Desktop/ros2/src/install/tku_msgs/share/tku_msgs/hook/cmake_prefix_path.ps1'
[1.924s] INFO:colcon.colcon_core.shell:Creating environment descriptor '/home/iclab/Desktop/ros2/src/install/tku_msgs/share/tku_msgs/hook/cmake_prefix_path.dsv'
[1.924s] INFO:colcon.colcon_core.shell:Creating environment hook '/home/iclab/Desktop/ros2/src/install/tku_msgs/share/tku_msgs/hook/cmake_prefix_path.sh'
[1.924s] Level 1:colcon.colcon_core.environment:checking '/home/iclab/Desktop/ros2/src/install/tku_msgs/lib'
[1.924s] Level 1:colcon.colcon_core.shell:create_environment_hook('tku_msgs', 'ld_library_path_lib')
[1.935s] INFO:colcon.colcon_core.shell:Creating environment hook '/home/iclab/Desktop/ros2/src/install/tku_msgs/share/tku_msgs/hook/ld_library_path_lib.ps1'
[1.936s] INFO:colcon.colcon_core.shell:Creating environment descriptor '/home/iclab/Desktop/ros2/src/install/tku_msgs/share/tku_msgs/hook/ld_library_path_lib.dsv'
[1.936s] INFO:colcon.colcon_core.shell:Creating environment hook '/home/iclab/Desktop/ros2/src/install/tku_msgs/share/tku_msgs/hook/ld_library_path_lib.sh'
[1.936s] Level 1:colcon.colcon_core.environment:checking '/home/iclab/Desktop/ros2/src/install/tku_msgs/bin'
[1.936s] Level 1:colcon.colcon_core.environment:checking '/home/iclab/Desktop/ros2/src/install/tku_msgs/lib/pkgconfig/tku_msgs.pc'
[1.936s] Level 1:colcon.colcon_core.environment:checking '/home/iclab/Desktop/ros2/src/install/tku_msgs/lib/python3.10/site-packages'
[1.936s] Level 1:colcon.colcon_core.environment:checking '/home/iclab/Desktop/ros2/src/install/tku_msgs/bin'
[1.947s] INFO:colcon.colcon_core.shell:Creating package script '/home/iclab/Desktop/ros2/src/install/tku_msgs/share/tku_msgs/package.ps1'
[1.947s] INFO:colcon.colcon_core.shell:Creating package descriptor '/home/iclab/Desktop/ros2/src/install/tku_msgs/share/tku_msgs/package.dsv'
[1.948s] INFO:colcon.colcon_core.shell:Creating package script '/home/iclab/Desktop/ros2/src/install/tku_msgs/share/tku_msgs/package.sh'
[1.948s] INFO:colcon.colcon_core.shell:Creating package script '/home/iclab/Desktop/ros2/src/install/tku_msgs/share/tku_msgs/package.bash'
[1.949s] INFO:colcon.colcon_core.shell:Creating package script '/home/iclab/Desktop/ros2/src/install/tku_msgs/share/tku_msgs/package.zsh'
[1.949s] Level 1:colcon.colcon_core.environment:create_file_with_runtime_dependencies(/home/iclab/Desktop/ros2/src/install/tku_msgs/share/colcon-core/packages/tku_msgs)
[1.987s] DEBUG:colcon.colcon_core.event_handler.log_command:Invoked command in '/home/iclab/Desktop/ros2/src/motionpackage' returned '0': BYOBU_DATE=%Y-%m-%d PYTHONPATH=/home/iclab/Desktop/ros2/src/build/motionpackage/prefix_override:/home/iclab/Desktop/ros2/src/install/motionpackage/lib/python3.10/site-packages:${PYTHONPATH} /usr/bin/python3 setup.py egg_info --egg-base ../build/motionpackage build --build-base /home/iclab/Desktop/ros2/src/build/motionpackage/build install --record /home/iclab/Desktop/ros2/src/build/motionpackage/install.log --single-version-externally-managed
[1.997s] Level 1:colcon.colcon_core.environment:checking '/home/iclab/Desktop/ros2/src/install/motionpackage' for CMake module files
[1.997s] Level 1:colcon.colcon_core.environment:checking '/home/iclab/Desktop/ros2/src/install/motionpackage' for CMake config files
[1.998s] Level 1:colcon.colcon_core.environment:checking '/home/iclab/Desktop/ros2/src/install/motionpackage/lib'
[1.998s] Level 1:colcon.colcon_core.environment:checking '/home/iclab/Desktop/ros2/src/install/motionpackage/bin'
[1.998s] Level 1:colcon.colcon_core.environment:checking '/home/iclab/Desktop/ros2/src/install/motionpackage/lib/pkgconfig/motionpackage.pc'
[1.998s] Level 1:colcon.colcon_core.environment:checking '/home/iclab/Desktop/ros2/src/install/motionpackage/lib/python3.10/site-packages'
[1.998s] Level 1:colcon.colcon_core.shell:create_environment_hook('motionpackage', 'pythonpath')
[2.009s] INFO:colcon.colcon_core.shell:Creating environment hook '/home/iclab/Desktop/ros2/src/install/motionpackage/share/motionpackage/hook/pythonpath.ps1'
[2.009s] INFO:colcon.colcon_core.shell:Creating environment descriptor '/home/iclab/Desktop/ros2/src/install/motionpackage/share/motionpackage/hook/pythonpath.dsv'
[2.009s] INFO:colcon.colcon_core.shell:Creating environment hook '/home/iclab/Desktop/ros2/src/install/motionpackage/share/motionpackage/hook/pythonpath.sh'
[2.010s] Level 1:colcon.colcon_core.environment:checking '/home/iclab/Desktop/ros2/src/install/motionpackage/bin'
[2.010s] Level 1:colcon.colcon_core.environment:create_environment_scripts_only(motionpackage)
[2.020s] INFO:colcon.colcon_core.shell:Creating package script '/home/iclab/Desktop/ros2/src/install/motionpackage/share/motionpackage/package.ps1'
[2.021s] INFO:colcon.colcon_core.shell:Creating package descriptor '/home/iclab/Desktop/ros2/src/install/motionpackage/share/motionpackage/package.dsv'
[2.021s] INFO:colcon.colcon_core.shell:Creating package script '/home/iclab/Desktop/ros2/src/install/motionpackage/share/motionpackage/package.sh'
[2.021s] INFO:colcon.colcon_core.shell:Creating package script '/home/iclab/Desktop/ros2/src/install/motionpackage/share/motionpackage/package.bash'
[2.021s] INFO:colcon.colcon_core.shell:Creating package script '/home/iclab/Desktop/ros2/src/install/motionpackage/share/motionpackage/package.zsh'
[2.022s] Level 1:colcon.colcon_core.environment:create_file_with_runtime_dependencies(/home/iclab/Desktop/ros2/src/install/motionpackage/share/colcon-core/packages/motionpackage)
[2.355s] Level 1:colcon.colcon_core.environment:create_environment_scripts_only(tku_msgs)
[2.365s] Level 1:colcon.colcon_core.environment:checking '/home/iclab/Desktop/ros2/src/install/tku_msgs' for CMake module files
[2.365s] Level 1:colcon.colcon_core.environment:checking '/home/iclab/Desktop/ros2/src/install/tku_msgs' for CMake config files
[2.365s] Level 1:colcon.colcon_core.shell:create_environment_hook('tku_msgs', 'cmake_prefix_path')
[2.384s] INFO:colcon.colcon_core.shell:Creating environment hook '/home/iclab/Desktop/ros2/src/install/tku_msgs/share/tku_msgs/hook/cmake_prefix_path.ps1'
[2.384s] INFO:colcon.colcon_core.shell:Creating environment descriptor '/home/iclab/Desktop/ros2/src/install/tku_msgs/share/tku_msgs/hook/cmake_prefix_path.dsv'
[2.384s] INFO:colcon.colcon_core.shell:Creating environment hook '/home/iclab/Desktop/ros2/src/install/tku_msgs/share/tku_msgs/hook/cmake_prefix_path.sh'
[2.384s] Level 1:colcon.colcon_core.environment:checking '/home/iclab/Desktop/ros2/src/install/tku_msgs/lib'
[2.384s] Level 1:colcon.colcon_core.shell:create_environment_hook('tku_msgs', 'ld_library_path_lib')
[2.394s] INFO:colcon.colcon_core.shell:Creating environment hook '/home/iclab/Desktop/ros2/src/install/tku_msgs/share/tku_msgs/hook/ld_library_path_lib.ps1'
[2.395s] INFO:colcon.colcon_core.shell:Creating environment descriptor '/home/iclab/Desktop/ros2/src/install/tku_msgs/share/tku_msgs/hook/ld_library_path_lib.dsv'
[2.395s] INFO:colcon.colcon_core.shell:Creating environment hook '/home/iclab/Desktop/ros2/src/install/tku_msgs/share/tku_msgs/hook/ld_library_path_lib.sh'
[2.395s] Level 1:colcon.colcon_core.environment:checking '/home/iclab/Desktop/ros2/src/install/tku_msgs/bin'
[2.395s] Level 1:colcon.colcon_core.environment:checking '/home/iclab/Desktop/ros2/src/install/tku_msgs/lib/pkgconfig/tku_msgs.pc'
[2.395s] Level 1:colcon.colcon_core.environment:checking '/home/iclab/Desktop/ros2/src/install/tku_msgs/lib/python3.10/site-packages'
[2.395s] Level 1:colcon.colcon_core.environment:checking '/home/iclab/Desktop/ros2/src/install/tku_msgs/bin'
[2.406s] INFO:colcon.colcon_core.shell:Creating package script '/home/iclab/Desktop/ros2/src/install/tku_msgs/share/tku_msgs/package.ps1'
[2.406s] INFO:colcon.colcon_core.shell:Creating package descriptor '/home/iclab/Desktop/ros2/src/install/tku_msgs/share/tku_msgs/package.dsv'
[2.406s] INFO:colcon.colcon_core.shell:Creating package script '/home/iclab/Desktop/ros2/src/install/tku_msgs/share/tku_msgs/package.sh'
[2.407s] INFO:colcon.colcon_core.shell:Creating package script '/home/iclab/Desktop/ros2/src/install/tku_msgs/share/tku_msgs/package.bash'
[2.407s] INFO:colcon.colcon_core.shell:Creating package script '/home/iclab/Desktop/ros2/src/install/tku_msgs/share/tku_msgs/package.zsh'
[2.407s] Level 1:colcon.colcon_core.environment:create_file_with_runtime_dependencies(/home/iclab/Desktop/ros2/src/install/tku_msgs/share/colcon-core/packages/tku_msgs)
[2.408s] INFO:colcon.colcon_ros.task.ament_python.build:Building ROS package in '/home/iclab/Desktop/ros2/src/tku_libs' with build type 'ament_python'
[2.408s] Level 1:colcon.colcon_core.shell:create_environment_hook('tku_libs', 'ament_prefix_path')
[2.419s] INFO:colcon.colcon_core.shell:Creating environment hook '/home/iclab/Desktop/ros2/src/install/tku_libs/share/tku_libs/hook/ament_prefix_path.ps1'
[2.419s] INFO:colcon.colcon_core.shell:Creating environment descriptor '/home/iclab/Desktop/ros2/src/install/tku_libs/share/tku_libs/hook/ament_prefix_path.dsv'
[2.419s] INFO:colcon.colcon_core.shell:Creating environment hook '/home/iclab/Desktop/ros2/src/install/tku_libs/share/tku_libs/hook/ament_prefix_path.sh'
[2.429s] INFO:colcon.colcon_core.shell:Skip shell extension 'powershell' for command environment: Not usable outside of PowerShell
[2.430s] DEBUG:colcon.colcon_core.shell:Skip shell extension 'dsv' for command environment
[2.470s] INFO:colcon.colcon_ros.task.ament_cmake.build:Building ROS package in '/home/iclab/Desktop/ros2/src/usb_cam' with build type 'ament_cmake'
[2.470s] INFO:colcon.colcon_cmake.task.cmake.build:Building CMake package in '/home/iclab/Desktop/ros2/src/usb_cam'
[2.480s] INFO:colcon.colcon_core.shell:Skip shell extension 'powershell' for command environment: Not usable outside of PowerShell
[2.480s] DEBUG:colcon.colcon_core.shell:Skip shell extension 'dsv' for command environment
[2.706s] INFO:colcon.colcon_core.task.python.build:Building Python package in '/home/iclab/Desktop/ros2/src/tku_libs'
[2.716s] INFO:colcon.colcon_core.shell:Skip shell extension 'powershell' for command environment: Not usable outside of PowerShell
[2.716s] DEBUG:colcon.colcon_core.shell:Skip shell extension 'dsv' for command environment
[2.759s] DEBUG:colcon.colcon_core.event_handler.log_command:Invoking command in '/home/iclab/Desktop/ros2/src/build/usb_cam': BYOBU_DATE=%Y-%m-%d CMAKE_PREFIX_PATH=/home/iclab/Desktop/ros2/src/install/tku_msgs:/home/iclab/Desktop/ros2/src/install/web_video_server:/home/iclab/Desktop/ros2/src/install/usb_cam:/home/iclab/Desktop/ros2/install/web_video_server:/home/iclab/Desktop/ros2/install/usb_cam:/home/iclab/Desktop/ros2/install/tku_msgs:/home/iclab/Desktop/ros2/install/serial:/home/iclab/Desktop/ros2/src/install/tku_libs:/home/iclab/Desktop/ros2/src/install/motionpackage:/home/iclab/Desktop/ros2/install/tku_libs:/home/iclab/Desktop/ros2/install/motionpackage:/opt/ros/humble LD_LIBRARY_PATH=/home/iclab/Desktop/ros2/src/install/tku_msgs/lib:/home/iclab/Desktop/ros2/src/install/usb_cam/lib:/home/iclab/Desktop/ros2/install/usb_cam/lib:/home/iclab/Desktop/ros2/install/tku_msgs/lib:/opt/ros/humble/opt/rviz_ogre_vendor/lib:/opt/ros/humble/lib/x86_64-linux-gnu:/opt/ros/humble/lib /usr/bin/cmake --build /home/iclab/Desktop/ros2/src/build/usb_cam -- -j8 -l8
[3.047s] DEBUG:colcon.colcon_core.event_handler.log_command:Invoking command in '/home/iclab/Desktop/ros2/src/tku_libs': BYOBU_DATE=%Y-%m-%d CMAKE_PREFIX_PATH=/home/iclab/Desktop/ros2/src/install/tku_msgs:/home/iclab/Desktop/ros2/src/install/web_video_server:/home/iclab/Desktop/ros2/src/install/usb_cam:/home/iclab/Desktop/ros2/install/web_video_server:/home/iclab/Desktop/ros2/install/usb_cam:/home/iclab/Desktop/ros2/install/tku_msgs:/home/iclab/Desktop/ros2/install/serial LD_LIBRARY_PATH=/home/iclab/Desktop/ros2/src/install/tku_msgs/lib:/home/iclab/Desktop/ros2/src/install/usb_cam/lib:/home/iclab/Desktop/ros2/install/usb_cam/lib:/home/iclab/Desktop/ros2/install/tku_msgs/lib:/opt/ros/humble/opt/rviz_ogre_vendor/lib:/opt/ros/humble/lib/x86_64-linux-gnu:/opt/ros/humble/lib PYTHONPATH=/home/iclab/Desktop/ros2/src/build/tku_libs/prefix_override:/home/iclab/Desktop/ros2/src/install/tku_libs/lib/python3.10/site-packages:${PYTHONPATH} /usr/bin/python3 setup.py egg_info --egg-base ../build/tku_libs build --build-base /home/iclab/Desktop/ros2/src/build/tku_libs/build install --record /home/iclab/Desktop/ros2/src/build/tku_libs/install.log --single-version-externally-managed
[3.272s] DEBUG:colcon.colcon_core.event_handler.log_command:Invoked command in '/home/iclab/Desktop/ros2/src/tku_libs' returned '0': BYOBU_DATE=%Y-%m-%d CMAKE_PREFIX_PATH=/home/iclab/Desktop/ros2/src/install/tku_msgs:/home/iclab/Desktop/ros2/src/install/web_video_server:/home/iclab/Desktop/ros2/src/install/usb_cam:/home/iclab/Desktop/ros2/install/web_video_server:/home/iclab/Desktop/ros2/install/usb_cam:/home/iclab/Desktop/ros2/install/tku_msgs:/home/iclab/Desktop/ros2/install/serial LD_LIBRARY_PATH=/home/iclab/Desktop/ros2/src/install/tku_msgs/lib:/home/iclab/Desktop/ros2/src/install/usb_cam/lib:/home/iclab/Desktop/ros2/install/usb_cam/lib:/home/iclab/Desktop/ros2/install/tku_msgs/lib:/opt/ros/humble/opt/rviz_ogre_vendor/lib:/opt/ros/humble/lib/x86_64-linux-gnu:/opt/ros/humble/lib PYTHONPATH=/home/iclab/Desktop/ros2/src/build/tku_libs/prefix_override:/home/iclab/Desktop/ros2/src/install/tku_libs/lib/python3.10/site-packages:${PYTHONPATH} /usr/bin/python3 setup.py egg_info --egg-base ../build/tku_libs build --build-base /home/iclab/Desktop/ros2/src/build/tku_libs/build install --record /home/iclab/Desktop/ros2/src/build/tku_libs/install.log --single-version-externally-managed
[3.282s] Level 1:colcon.colcon_core.environment:checking '/home/iclab/Desktop/ros2/src/install/tku_libs' for CMake module files
[3.283s] Level 1:colcon.colcon_core.environment:checking '/home/iclab/Desktop/ros2/src/install/tku_libs' for CMake config files
[3.283s] Level 1:colcon.colcon_core.environment:checking '/home/iclab/Desktop/ros2/src/install/tku_libs/lib'
[3.283s] Level 1:colcon.colcon_core.environment:checking '/home/iclab/Desktop/ros2/src/install/tku_libs/bin'
[3.283s] Level 1:colcon.colcon_core.environment:checking '/home/iclab/Desktop/ros2/src/install/tku_libs/lib/pkgconfig/tku_libs.pc'
[3.283s] Level 1:colcon.colcon_core.environment:checking '/home/iclab/Desktop/ros2/src/install/tku_libs/lib/python3.10/site-packages'
[3.283s] Level 1:colcon.colcon_core.shell:create_environment_hook('tku_libs', 'pythonpath')
[3.294s] INFO:colcon.colcon_core.shell:Creating environment hook '/home/iclab/Desktop/ros2/src/install/tku_libs/share/tku_libs/hook/pythonpath.ps1'
[3.294s] INFO:colcon.colcon_core.shell:Creating environment descriptor '/home/iclab/Desktop/ros2/src/install/tku_libs/share/tku_libs/hook/pythonpath.dsv'
[3.294s] INFO:colcon.colcon_core.shell:Creating environment hook '/home/iclab/Desktop/ros2/src/install/tku_libs/share/tku_libs/hook/pythonpath.sh'
[3.295s] Level 1:colcon.colcon_core.environment:checking '/home/iclab/Desktop/ros2/src/install/tku_libs/bin'
[3.295s] Level 1:colcon.colcon_core.environment:create_environment_scripts_only(tku_libs)
[3.305s] INFO:colcon.colcon_core.shell:Creating package script '/home/iclab/Desktop/ros2/src/install/tku_libs/share/tku_libs/package.ps1'
[3.305s] INFO:colcon.colcon_core.shell:Creating package descriptor '/home/iclab/Desktop/ros2/src/install/tku_libs/share/tku_libs/package.dsv'
[3.306s] INFO:colcon.colcon_core.shell:Creating package script '/home/iclab/Desktop/ros2/src/install/tku_libs/share/tku_libs/package.sh'
[3.306s] INFO:colcon.colcon_core.shell:Creating package script '/home/iclab/Desktop/ros2/src/install/tku_libs/share/tku_libs/package.bash'
[3.307s] INFO:colcon.colcon_core.shell:Creating package script '/home/iclab/Desktop/ros2/src/install/tku_libs/share/tku_libs/package.zsh'
[3.307s] Level 1:colcon.colcon_core.environment:create_file_with_runtime_dependencies(/home/iclab/Desktop/ros2/src/install/tku_libs/share/colcon-core/packages/tku_libs)
[6.748s] DEBUG:colcon.colcon_core.event_handler.log_command:Invoked command in '/home/iclab/Desktop/ros2/src/build/usb_cam' returned '2': BYOBU_DATE=%Y-%m-%d CMAKE_PREFIX_PATH=/home/iclab/Desktop/ros2/src/install/tku_msgs:/home/iclab/Desktop/ros2/src/install/web_video_server:/home/iclab/Desktop/ros2/src/install/usb_cam:/home/iclab/Desktop/ros2/install/web_video_server:/home/iclab/Desktop/ros2/install/usb_cam:/home/iclab/Desktop/ros2/install/tku_msgs:/home/iclab/Desktop/ros2/install/serial:/home/iclab/Desktop/ros2/src/install/tku_libs:/home/iclab/Desktop/ros2/src/install/motionpackage:/home/iclab/Desktop/ros2/install/tku_libs:/home/iclab/Desktop/ros2/install/motionpackage:/opt/ros/humble LD_LIBRARY_PATH=/home/iclab/Desktop/ros2/src/install/tku_msgs/lib:/home/iclab/Desktop/ros2/src/install/usb_cam/lib:/home/iclab/Desktop/ros2/install/usb_cam/lib:/home/iclab/Desktop/ros2/install/tku_msgs/lib:/opt/ros/humble/opt/rviz_ogre_vendor/lib:/opt/ros/humble/lib/x86_64-linux-gnu:/opt/ros/humble/lib /usr/bin/cmake --build /home/iclab/Desktop/ros2/src/build/usb_cam -- -j8 -l8
[6.788s] Level 1:colcon.colcon_core.environment:create_environment_scripts_only(usb_cam)
[6.800s] Level 1:colcon.colcon_core.environment:checking '/home/iclab/Desktop/ros2/src/install/usb_cam' for CMake module files
[6.800s] Level 1:colcon.colcon_core.environment:checking '/home/iclab/Desktop/ros2/src/install/usb_cam' for CMake config files
[6.800s] Level 1:colcon.colcon_core.shell:create_environment_hook('usb_cam', 'cmake_prefix_path')
[6.810s] INFO:colcon.colcon_core.shell:Creating environment hook '/home/iclab/Desktop/ros2/src/install/usb_cam/share/usb_cam/hook/cmake_prefix_path.ps1'
[6.811s] INFO:colcon.colcon_core.shell:Creating environment descriptor '/home/iclab/Desktop/ros2/src/install/usb_cam/share/usb_cam/hook/cmake_prefix_path.dsv'
[6.811s] INFO:colcon.colcon_core.shell:Creating environment hook '/home/iclab/Desktop/ros2/src/install/usb_cam/share/usb_cam/hook/cmake_prefix_path.sh'
[6.811s] Level 1:colcon.colcon_core.environment:checking '/home/iclab/Desktop/ros2/src/install/usb_cam/lib'
[6.811s] Level 1:colcon.colcon_core.shell:create_environment_hook('usb_cam', 'ld_library_path_lib')
[6.823s] INFO:colcon.colcon_core.shell:Creating environment hook '/home/iclab/Desktop/ros2/src/install/usb_cam/share/usb_cam/hook/ld_library_path_lib.ps1'
[6.823s] INFO:colcon.colcon_core.shell:Creating environment descriptor '/home/iclab/Desktop/ros2/src/install/usb_cam/share/usb_cam/hook/ld_library_path_lib.dsv'
[6.823s] INFO:colcon.colcon_core.shell:Creating environment hook '/home/iclab/Desktop/ros2/src/install/usb_cam/share/usb_cam/hook/ld_library_path_lib.sh'
[6.824s] Level 1:colcon.colcon_core.environment:checking '/home/iclab/Desktop/ros2/src/install/usb_cam/bin'
[6.824s] Level 1:colcon.colcon_core.environment:checking '/home/iclab/Desktop/ros2/src/install/usb_cam/lib/pkgconfig/usb_cam.pc'
[6.824s] Level 1:colcon.colcon_core.environment:checking '/home/iclab/Desktop/ros2/src/install/usb_cam/lib/python3.10/site-packages'
[6.824s] Level 1:colcon.colcon_core.environment:checking '/home/iclab/Desktop/ros2/src/install/usb_cam/bin'
[6.834s] INFO:colcon.colcon_core.shell:Creating package script '/home/iclab/Desktop/ros2/src/install/usb_cam/share/usb_cam/package.ps1'
[6.834s] INFO:colcon.colcon_core.shell:Creating package descriptor '/home/iclab/Desktop/ros2/src/install/usb_cam/share/usb_cam/package.dsv'
[6.835s] INFO:colcon.colcon_core.shell:Creating package script '/home/iclab/Desktop/ros2/src/install/usb_cam/share/usb_cam/package.sh'
[6.835s] INFO:colcon.colcon_core.shell:Creating package script '/home/iclab/Desktop/ros2/src/install/usb_cam/share/usb_cam/package.bash'
[6.835s] INFO:colcon.colcon_core.shell:Creating package script '/home/iclab/Desktop/ros2/src/install/usb_cam/share/usb_cam/package.zsh'
[6.835s] Level 1:colcon.colcon_core.environment:create_file_with_runtime_dependencies(/home/iclab/Desktop/ros2/src/install/usb_cam/share/colcon-core/packages/usb_cam)
[6.846s] DEBUG:colcon.colcon_parallel_executor.executor.parallel:closing loop
[6.846s] DEBUG:colcon.colcon_parallel_executor.executor.parallel:loop closed
[6.846s] DEBUG:colcon.colcon_parallel_executor.executor.parallel:run_until_complete finished with '2'
[6.846s] DEBUG:colcon.colcon_core.event_reactor:joining thread
[6.860s] INFO:colcon.colcon_core.plugin_system:Skipping extension 'colcon_notification.desktop_notification.terminal_notifier': Not used on non-Darwin systems
[6.860s] INFO:colcon.colcon_core.plugin_system:Skipping extension 'colcon_notification.desktop_notification.win32': Not used on non-Windows systems
[6.860s] INFO:colcon.colcon_notification.desktop_notification:Sending desktop notification using 'notify2'
[6.868s] DEBUG:colcon.colcon_core.event_reactor:joined thread
[6.882s] INFO:colcon.colcon_core.shell:Creating prefix script '/home/iclab/Desktop/ros2/src/install/local_setup.ps1'
[6.883s] INFO:colcon.colcon_core.shell:Creating prefix util module '/home/iclab/Desktop/ros2/src/install/_local_setup_util_ps1.py'
[6.883s] INFO:colcon.colcon_core.shell:Creating prefix chain script '/home/iclab/Desktop/ros2/src/install/setup.ps1'
[6.894s] INFO:colcon.colcon_core.shell:Creating prefix script '/home/iclab/Desktop/ros2/src/install/local_setup.sh'
[6.894s] INFO:colcon.colcon_core.shell:Creating prefix util module '/home/iclab/Desktop/ros2/src/install/_local_setup_util_sh.py'
[6.894s] INFO:colcon.colcon_core.shell:Creating prefix chain script '/home/iclab/Desktop/ros2/src/install/setup.sh'
[6.905s] INFO:colcon.colcon_core.shell:Creating prefix script '/home/iclab/Desktop/ros2/src/install/local_setup.bash'
[6.906s] INFO:colcon.colcon_core.shell:Creating prefix chain script '/home/iclab/Desktop/ros2/src/install/setup.bash'
[6.917s] INFO:colcon.colcon_core.shell:Creating prefix script '/home/iclab/Desktop/ros2/src/install/local_setup.zsh'
[6.917s] INFO:colcon.colcon_core.shell:Creating prefix chain script '/home/iclab/Desktop/ros2/src/install/setup.zsh'
