[1.337s] Invoking command in '/home/iclab/Desktop/ros2/src/tkulibs': PYTHONPATH=/home/iclab/Desktop/ros2/build/tkulibs/prefix_override:/home/iclab/Desktop/ros2/install/tkulibs/lib/python3.10/site-packages:${PYTHONPATH} /usr/bin/python3 -W ignore:setup.py install is deprecated setup.py egg_info --egg-base ../../build/tkulibs build --build-base /home/iclab/Desktop/ros2/build/tkulibs/build install --record /home/iclab/Desktop/ros2/build/tkulibs/install.log --single-version-externally-managed install_data
[1.696s] running egg_info
[1.697s] writing ../../build/tkulibs/tkulibs.egg-info/PKG-INFO
[1.697s] writing dependency_links to ../../build/tkulibs/tkulibs.egg-info/dependency_links.txt
[1.697s] writing entry points to ../../build/tkulibs/tkulibs.egg-info/entry_points.txt
[1.697s] writing requirements to ../../build/tkulibs/tkulibs.egg-info/requires.txt
[1.697s] writing top-level names to ../../build/tkulibs/tkulibs.egg-info/top_level.txt
[1.700s] reading manifest file '../../build/tkulibs/tkulibs.egg-info/SOURCES.txt'
[1.700s] adding license file 'LICENSE'
[1.701s] writing manifest file '../../build/tkulibs/tkulibs.egg-info/SOURCES.txt'
[1.701s] running build
[1.702s] running build_py
[1.704s] running install
[1.704s] running install_lib
[1.705s] running install_data
[1.705s] running install_egg_info
[1.706s] removing '/home/iclab/Desktop/ros2/install/tkulibs/lib/python3.10/site-packages/tkulibs-0.0.0-py3.10.egg-info' (and everything under it)
[1.707s] Copying ../../build/tkulibs/tkulibs.egg-info to /home/iclab/Desktop/ros2/install/tkulibs/lib/python3.10/site-packages/tkulibs-0.0.0-py3.10.egg-info
[1.708s] running install_scripts
[1.740s] Installing location script to /home/iclab/Desktop/ros2/install/tkulibs/lib/tkulibs
[1.741s] writing list of installed files to '/home/iclab/Desktop/ros2/build/tkulibs/install.log'
[1.775s] Invoked command in '/home/iclab/Desktop/ros2/src/tkulibs' returned '0': PYTHONPATH=/home/iclab/Desktop/ros2/build/tkulibs/prefix_override:/home/iclab/Desktop/ros2/install/tkulibs/lib/python3.10/site-packages:${PYTHONPATH} /usr/bin/python3 -W ignore:setup.py install is deprecated setup.py egg_info --egg-base ../../build/tkulibs build --build-base /home/iclab/Desktop/ros2/build/tkulibs/build install --record /home/iclab/Desktop/ros2/build/tkulibs/install.log --single-version-externally-managed install_data
