[0.663s] Invoking command in '/home/iclab/Desktop/ros2/build/web_video_server': CMAKE_PREFIX_PATH=${CMAKE_PREFIX_PATH}:/home/iclab/Desktop/ros2/install/tkulibs:/home/iclab/Desktop/ros2/install/tku_libs:/home/iclab/Desktop/ros2/install/motionpackage:/home/iclab/Desktop/ros2/install/imageprocess:/opt/ros/humble /usr/bin/cmake --build /home/iclab/Desktop/ros2/build/web_video_server -- -j8 -l8
[0.739s] [100%] Built target web_video_server
[0.748s] Invoked command in '/home/iclab/Desktop/ros2/build/web_video_server' returned '0': CMAKE_PREFIX_PATH=${CMAKE_PREFIX_PATH}:/home/iclab/Desktop/ros2/install/tkulibs:/home/iclab/Desktop/ros2/install/tku_libs:/home/iclab/Desktop/ros2/install/motionpackage:/home/iclab/Desktop/ros2/install/imageprocess:/opt/ros/humble /usr/bin/cmake --build /home/iclab/Desktop/ros2/build/web_video_server -- -j8 -l8
[0.788s] Invoking command in '/home/iclab/Desktop/ros2/build/web_video_server': CMAKE_PREFIX_PATH=${CMAKE_PREFIX_PATH}:/home/iclab/Desktop/ros2/install/tkulibs:/home/iclab/Desktop/ros2/install/tku_libs:/home/iclab/Desktop/ros2/install/motionpackage:/home/iclab/Desktop/ros2/install/imageprocess:/opt/ros/humble /usr/bin/cmake --install /home/iclab/Desktop/ros2/build/web_video_server
[0.794s] -- Install configuration: ""
[0.794s] -- Up-to-date: /home/iclab/Desktop/ros2/install/web_video_server/lib/web_video_server/web_video_server
[0.794s] -- Up-to-date: /home/iclab/Desktop/ros2/install/web_video_server/include/web_video_server
[0.794s] -- Up-to-date: /home/iclab/Desktop/ros2/install/web_video_server/include/web_video_server/h264_streamer.h
[0.794s] -- Up-to-date: /home/iclab/Desktop/ros2/install/web_video_server/include/web_video_server/vp8_streamer.h
[0.795s] -- Up-to-date: /home/iclab/Desktop/ros2/install/web_video_server/include/web_video_server/image_streamer.h
[0.795s] -- Up-to-date: /home/iclab/Desktop/ros2/install/web_video_server/include/web_video_server/web_video_server.h
[0.795s] -- Up-to-date: /home/iclab/Desktop/ros2/install/web_video_server/include/web_video_server/png_streamers.h
[0.795s] -- Up-to-date: /home/iclab/Desktop/ros2/install/web_video_server/include/web_video_server/libav_streamer.h
[0.796s] -- Up-to-date: /home/iclab/Desktop/ros2/install/web_video_server/include/web_video_server/vp9_streamer.h
[0.796s] -- Up-to-date: /home/iclab/Desktop/ros2/install/web_video_server/include/web_video_server/ros_compressed_streamer.h
[0.796s] -- Up-to-date: /home/iclab/Desktop/ros2/install/web_video_server/include/web_video_server/multipart_stream.h
[0.796s] -- Up-to-date: /home/iclab/Desktop/ros2/install/web_video_server/include/web_video_server/jpeg_streamers.h
[0.796s] -- Up-to-date: /home/iclab/Desktop/ros2/install/web_video_server/share/ament_index/resource_index/package_run_dependencies/web_video_server
[0.796s] -- Up-to-date: /home/iclab/Desktop/ros2/install/web_video_server/share/ament_index/resource_index/parent_prefix_path/web_video_server
[0.796s] -- Up-to-date: /home/iclab/Desktop/ros2/install/web_video_server/share/web_video_server/environment/ament_prefix_path.sh
[0.796s] -- Up-to-date: /home/iclab/Desktop/ros2/install/web_video_server/share/web_video_server/environment/ament_prefix_path.dsv
[0.796s] -- Up-to-date: /home/iclab/Desktop/ros2/install/web_video_server/share/web_video_server/environment/path.sh
[0.796s] -- Up-to-date: /home/iclab/Desktop/ros2/install/web_video_server/share/web_video_server/environment/path.dsv
[0.796s] -- Up-to-date: /home/iclab/Desktop/ros2/install/web_video_server/share/web_video_server/local_setup.bash
[0.796s] -- Up-to-date: /home/iclab/Desktop/ros2/install/web_video_server/share/web_video_server/local_setup.sh
[0.797s] -- Up-to-date: /home/iclab/Desktop/ros2/install/web_video_server/share/web_video_server/local_setup.zsh
[0.797s] -- Up-to-date: /home/iclab/Desktop/ros2/install/web_video_server/share/web_video_server/local_setup.dsv
[0.797s] -- Installing: /home/iclab/Desktop/ros2/install/web_video_server/share/web_video_server/package.dsv
[0.797s] -- Up-to-date: /home/iclab/Desktop/ros2/install/web_video_server/share/ament_index/resource_index/packages/web_video_server
[0.797s] -- Up-to-date: /home/iclab/Desktop/ros2/install/web_video_server/share/web_video_server/cmake/web_video_serverConfig.cmake
[0.797s] -- Up-to-date: /home/iclab/Desktop/ros2/install/web_video_server/share/web_video_server/cmake/web_video_serverConfig-version.cmake
[0.797s] -- Up-to-date: /home/iclab/Desktop/ros2/install/web_video_server/share/web_video_server/package.xml
[0.807s] Invoked command in '/home/iclab/Desktop/ros2/build/web_video_server' returned '0': CMAKE_PREFIX_PATH=${CMAKE_PREFIX_PATH}:/home/iclab/Desktop/ros2/install/tkulibs:/home/iclab/Desktop/ros2/install/tku_libs:/home/iclab/Desktop/ros2/install/motionpackage:/home/iclab/Desktop/ros2/install/imageprocess:/opt/ros/humble /usr/bin/cmake --install /home/iclab/Desktop/ros2/build/web_video_server
