[2.918s] Invoking command in '/home/iclab/Desktop/ros2/src/motionpackage': PYTHONPATH=/home/iclab/Desktop/ros2/build/motionpackage/prefix_override:/home/iclab/Desktop/ros2/install/motionpackage/lib/python3.10/site-packages:${PYTHONPATH} /usr/bin/python3 setup.py egg_info --egg-base ../../build/motionpackage build --build-base /home/iclab/Desktop/ros2/build/motionpackage/build install --record /home/iclab/Desktop/ros2/build/motionpackage/install.log --single-version-externally-managed
[3.814s] running egg_info
[3.816s] writing ../../build/motionpackage/motionpackage.egg-info/PKG-INFO
[3.816s] writing dependency_links to ../../build/motionpackage/motionpackage.egg-info/dependency_links.txt
[3.817s] writing entry points to ../../build/motionpackage/motionpackage.egg-info/entry_points.txt
[3.818s] writing requirements to ../../build/motionpackage/motionpackage.egg-info/requires.txt
[3.818s] writing top-level names to ../../build/motionpackage/motionpackage.egg-info/top_level.txt
[3.825s] reading manifest file '../../build/motionpackage/motionpackage.egg-info/SOURCES.txt'
[3.831s] writing manifest file '../../build/motionpackage/motionpackage.egg-info/SOURCES.txt'
[3.832s] running build
[3.832s] running build_py
[3.833s] copying motionpackage/motion.py -> /home/iclab/Desktop/ros2/build/motionpackage/build/lib/motionpackage
[3.833s] running install
[3.833s] running install_lib
[3.834s] copying /home/iclab/Desktop/ros2/build/motionpackage/build/lib/motionpackage/motion.py -> /home/iclab/Desktop/ros2/install/motionpackage/lib/python3.10/site-packages/motionpackage
[3.836s] byte-compiling /home/iclab/Desktop/ros2/install/motionpackage/lib/python3.10/site-packages/motionpackage/motion.py to motion.cpython-310.pyc
[3.860s] running install_data
[3.862s] running install_egg_info
[3.866s] removing '/home/iclab/Desktop/ros2/install/motionpackage/lib/python3.10/site-packages/motionpackage-0.0.0-py3.10.egg-info' (and everything under it)
[3.867s] Copying ../../build/motionpackage/motionpackage.egg-info to /home/iclab/Desktop/ros2/install/motionpackage/lib/python3.10/site-packages/motionpackage-0.0.0-py3.10.egg-info
[3.870s] running install_scripts
[3.921s] Installing motion script to /home/iclab/Desktop/ros2/install/motionpackage/lib/motionpackage
[3.923s] writing list of installed files to '/home/iclab/Desktop/ros2/build/motionpackage/install.log'
[4.013s] Invoked command in '/home/iclab/Desktop/ros2/src/motionpackage' returned '0': PYTHONPATH=/home/iclab/Desktop/ros2/build/motionpackage/prefix_override:/home/iclab/Desktop/ros2/install/motionpackage/lib/python3.10/site-packages:${PYTHONPATH} /usr/bin/python3 setup.py egg_info --egg-base ../../build/motionpackage build --build-base /home/iclab/Desktop/ros2/build/motionpackage/build install --record /home/iclab/Desktop/ros2/build/motionpackage/install.log --single-version-externally-managed
