[ 14%] Built target usb_cam_node_exe
[ 28%] Built target gtest_main
[ 42%] Built target usb_cam
[ 57%] Built target gtest
[35m[1mConsolidate compiler generated dependencies of target usb_cam_node[0m
[ 71%] Built target test_usb_cam_utils
[ 85%] Built target test_pixel_formats
[ 92%] [32mBuilding CXX object CMakeFiles/usb_cam_node.dir/src/usb_cam_node.cpp.o[0m
[01m[K/home/iclab/Desktop/ros2/src/usb_cam/src/usb_cam_node.cpp:[m[K In member function ‘[01m[Kvoid usb_cam::UsbCamNode::camera_param_callback(tku_msgs::msg::Camera_<std::allocator<void> >::SharedPtr)[m[K’:
[01m[K/home/iclab/Desktop/ros2/src/usb_cam/src/usb_cam_node.cpp:222:13:[m[K [01;31m[Kerror: [m[K‘[01m[Kconst SharedPtr[m[K’ {aka ‘[01m[Kconst class std::shared_ptr<tku_msgs::msg::Camera_<std::allocator<void> > >[m[K’} has no member named ‘[01m[Kbrightness[m[K’
  222 |     if (msg.[01;31m[Kbrightness[m[K >= 0) {
      |             [01;31m[K^~~~~~~~~~[m[K
In file included from [01m[K/opt/ros/humble/include/rclcpp/rclcpp/logging.hpp:24[m[K,
                 from [01m[K/opt/ros/humble/include/rclcpp/rclcpp/client.hpp:40[m[K,
                 from [01m[K/opt/ros/humble/include/rclcpp/rclcpp/callback_group.hpp:24[m[K,
                 from [01m[K/opt/ros/humble/include/rclcpp/rclcpp/node.hpp:40[m[K,
                 from [01m[K/opt/ros/humble/include/camera_info_manager/camera_info_manager/camera_info_manager.hpp:45[m[K,
                 from [01m[K/home/iclab/Desktop/ros2/src/usb_cam/include/usb_cam/usb_cam_node.hpp:38[m[K,
                 from [01m[K/home/iclab/Desktop/ros2/src/usb_cam/src/usb_cam_node.cpp:34[m[K:
[01m[K/home/iclab/Desktop/ros2/src/usb_cam/src/usb_cam_node.cpp:223:75:[m[K [01;31m[Kerror: [m[K‘[01m[Kconst SharedPtr[m[K’ {aka ‘[01m[Kconst class std::shared_ptr<tku_msgs::msg::Camera_<std::allocator<void> > >[m[K’} has no member named ‘[01m[Kbrightness[m[K’
  223 |         RCLCPP_INFO(this->get_logger(), "Setting 'brightness' to %d", msg.[01;31m[Kbrightness[m[K);
      |                                                                           [01;31m[K^~~~~~~~~~[m[K
[01m[K/home/iclab/Desktop/ros2/src/usb_cam/src/usb_cam_node.cpp:224:55:[m[K [01;31m[Kerror: [m[K‘[01m[Kconst SharedPtr[m[K’ {aka ‘[01m[Kconst class std::shared_ptr<tku_msgs::msg::Camera_<std::allocator<void> > >[m[K’} has no member named ‘[01m[Kbrightness[m[K’
  224 |         m_camera->set_v4l_parameter("brightness", msg.[01;31m[Kbrightness[m[K);
      |                                                       [01;31m[K^~~~~~~~~~[m[K
[01m[K/home/iclab/Desktop/ros2/src/usb_cam/src/usb_cam_node.cpp:227:13:[m[K [01;31m[Kerror: [m[K‘[01m[Kconst SharedPtr[m[K’ {aka ‘[01m[Kconst class std::shared_ptr<tku_msgs::msg::Camera_<std::allocator<void> > >[m[K’} has no member named ‘[01m[Kcontrast[m[K’
  227 |     if (msg.[01;31m[Kcontrast[m[K >= 0) {
      |             [01;31m[K^~~~~~~~[m[K
In file included from [01m[K/opt/ros/humble/include/rclcpp/rclcpp/logging.hpp:24[m[K,
                 from [01m[K/opt/ros/humble/include/rclcpp/rclcpp/client.hpp:40[m[K,
                 from [01m[K/opt/ros/humble/include/rclcpp/rclcpp/callback_group.hpp:24[m[K,
                 from [01m[K/opt/ros/humble/include/rclcpp/rclcpp/node.hpp:40[m[K,
                 from [01m[K/opt/ros/humble/include/camera_info_manager/camera_info_manager/camera_info_manager.hpp:45[m[K,
                 from [01m[K/home/iclab/Desktop/ros2/src/usb_cam/include/usb_cam/usb_cam_node.hpp:38[m[K,
                 from [01m[K/home/iclab/Desktop/ros2/src/usb_cam/src/usb_cam_node.cpp:34[m[K:
[01m[K/home/iclab/Desktop/ros2/src/usb_cam/src/usb_cam_node.cpp:228:73:[m[K [01;31m[Kerror: [m[K‘[01m[Kconst SharedPtr[m[K’ {aka ‘[01m[Kconst class std::shared_ptr<tku_msgs::msg::Camera_<std::allocator<void> > >[m[K’} has no member named ‘[01m[Kcontrast[m[K’
  228 |         RCLCPP_INFO(this->get_logger(), "Setting 'contrast' to %d", msg.[01;31m[Kcontrast[m[K);
      |                                                                         [01;31m[K^~~~~~~~[m[K
[01m[K/home/iclab/Desktop/ros2/src/usb_cam/src/usb_cam_node.cpp:229:53:[m[K [01;31m[Kerror: [m[K‘[01m[Kconst SharedPtr[m[K’ {aka ‘[01m[Kconst class std::shared_ptr<tku_msgs::msg::Camera_<std::allocator<void> > >[m[K’} has no member named ‘[01m[Kcontrast[m[K’
  229 |         m_camera->set_v4l_parameter("contrast", msg.[01;31m[Kcontrast[m[K);
      |                                                     [01;31m[K^~~~~~~~[m[K
[01m[K/home/iclab/Desktop/ros2/src/usb_cam/src/usb_cam_node.cpp:232:13:[m[K [01;31m[Kerror: [m[K‘[01m[Kconst SharedPtr[m[K’ {aka ‘[01m[Kconst class std::shared_ptr<tku_msgs::msg::Camera_<std::allocator<void> > >[m[K’} has no member named ‘[01m[Ksaturation[m[K’
  232 |     if (msg.[01;31m[Ksaturation[m[K >= 0) {
      |             [01;31m[K^~~~~~~~~~[m[K
In file included from [01m[K/opt/ros/humble/include/rclcpp/rclcpp/logging.hpp:24[m[K,
                 from [01m[K/opt/ros/humble/include/rclcpp/rclcpp/client.hpp:40[m[K,
                 from [01m[K/opt/ros/humble/include/rclcpp/rclcpp/callback_group.hpp:24[m[K,
                 from [01m[K/opt/ros/humble/include/rclcpp/rclcpp/node.hpp:40[m[K,
                 from [01m[K/opt/ros/humble/include/camera_info_manager/camera_info_manager/camera_info_manager.hpp:45[m[K,
                 from [01m[K/home/iclab/Desktop/ros2/src/usb_cam/include/usb_cam/usb_cam_node.hpp:38[m[K,
                 from [01m[K/home/iclab/Desktop/ros2/src/usb_cam/src/usb_cam_node.cpp:34[m[K:
[01m[K/home/iclab/Desktop/ros2/src/usb_cam/src/usb_cam_node.cpp:233:75:[m[K [01;31m[Kerror: [m[K‘[01m[Kconst SharedPtr[m[K’ {aka ‘[01m[Kconst class std::shared_ptr<tku_msgs::msg::Camera_<std::allocator<void> > >[m[K’} has no member named ‘[01m[Ksaturation[m[K’
  233 |         RCLCPP_INFO(this->get_logger(), "Setting 'saturation' to %d", msg.[01;31m[Ksaturation[m[K);
      |                                                                           [01;31m[K^~~~~~~~~~[m[K
[01m[K/home/iclab/Desktop/ros2/src/usb_cam/src/usb_cam_node.cpp:234:55:[m[K [01;31m[Kerror: [m[K‘[01m[Kconst SharedPtr[m[K’ {aka ‘[01m[Kconst class std::shared_ptr<tku_msgs::msg::Camera_<std::allocator<void> > >[m[K’} has no member named ‘[01m[Ksaturation[m[K’
  234 |         m_camera->set_v4l_parameter("saturation", msg.[01;31m[Ksaturation[m[K);
      |                                                       [01;31m[K^~~~~~~~~~[m[K
[01m[K/home/iclab/Desktop/ros2/src/usb_cam/src/usb_cam_node.cpp:239:13:[m[K [01;31m[Kerror: [m[K‘[01m[Kconst SharedPtr[m[K’ {aka ‘[01m[Kconst class std::shared_ptr<tku_msgs::msg::Camera_<std::allocator<void> > >[m[K’} has no member named ‘[01m[Kauto_exposure[m[K’
  239 |     if (msg.[01;31m[Kauto_exposure[m[K) {
      |             [01;31m[K^~~~~~~~~~~~~[m[K
In file included from [01m[K/opt/ros/humble/include/rclcpp/rclcpp/logging.hpp:24[m[K,
                 from [01m[K/opt/ros/humble/include/rclcpp/rclcpp/client.hpp:40[m[K,
                 from [01m[K/opt/ros/humble/include/rclcpp/rclcpp/callback_group.hpp:24[m[K,
                 from [01m[K/opt/ros/humble/include/rclcpp/rclcpp/node.hpp:40[m[K,
                 from [01m[K/opt/ros/humble/include/camera_info_manager/camera_info_manager/camera_info_manager.hpp:45[m[K,
                 from [01m[K/home/iclab/Desktop/ros2/src/usb_cam/include/usb_cam/usb_cam_node.hpp:38[m[K,
                 from [01m[K/home/iclab/Desktop/ros2/src/usb_cam/src/usb_cam_node.cpp:34[m[K:
[01m[K/home/iclab/Desktop/ros2/src/usb_cam/src/usb_cam_node.cpp:244:73:[m[K [01;31m[Kerror: [m[K‘[01m[Kconst SharedPtr[m[K’ {aka ‘[01m[Kconst class std::shared_ptr<tku_msgs::msg::Camera_<std::allocator<void> > >[m[K’} has no member named ‘[01m[Kexposure[m[K’
  244 |         RCLCPP_INFO(this->get_logger(), "Setting 'exposure' to %d", msg.[01;31m[Kexposure[m[K);
      |                                                                         [01;31m[K^~~~~~~~[m[K
[01m[K/home/iclab/Desktop/ros2/src/usb_cam/src/usb_cam_node.cpp:246:62:[m[K [01;31m[Kerror: [m[K‘[01m[Kconst SharedPtr[m[K’ {aka ‘[01m[Kconst class std::shared_ptr<tku_msgs::msg::Camera_<std::allocator<void> > >[m[K’} has no member named ‘[01m[Kexposure[m[K’
  246 |         m_camera->set_v4l_parameter("exposure_absolute", msg.[01;31m[Kexposure[m[K);
      |                                                              [01;31m[K^~~~~~~~[m[K
[01m[K/home/iclab/Desktop/ros2/src/usb_cam/src/usb_cam_node.cpp:249:13:[m[K [01;31m[Kerror: [m[K‘[01m[Kconst SharedPtr[m[K’ {aka ‘[01m[Kconst class std::shared_ptr<tku_msgs::msg::Camera_<std::allocator<void> > >[m[K’} has no member named ‘[01m[Kautofocus[m[K’
  249 |     if (msg.[01;31m[Kautofocus[m[K) {
      |             [01;31m[K^~~~~~~~~[m[K
[01m[K/home/iclab/Desktop/ros2/src/usb_cam/src/usb_cam_node.cpp:256:17:[m[K [01;31m[Kerror: [m[K‘[01m[Kconst SharedPtr[m[K’ {aka ‘[01m[Kconst class std::shared_ptr<tku_msgs::msg::Camera_<std::allocator<void> > >[m[K’} has no member named ‘[01m[Kfocus[m[K’
  256 |         if (msg.[01;31m[Kfocus[m[K >= 0) {
      |                 [01;31m[K^~~~~[m[K
In file included from [01m[K/opt/ros/humble/include/rclcpp/rclcpp/logging.hpp:24[m[K,
                 from [01m[K/opt/ros/humble/include/rclcpp/rclcpp/client.hpp:40[m[K,
                 from [01m[K/opt/ros/humble/include/rclcpp/rclcpp/callback_group.hpp:24[m[K,
                 from [01m[K/opt/ros/humble/include/rclcpp/rclcpp/node.hpp:40[m[K,
                 from [01m[K/opt/ros/humble/include/camera_info_manager/camera_info_manager/camera_info_manager.hpp:45[m[K,
                 from [01m[K/home/iclab/Desktop/ros2/src/usb_cam/include/usb_cam/usb_cam_node.hpp:38[m[K,
                 from [01m[K/home/iclab/Desktop/ros2/src/usb_cam/src/usb_cam_node.cpp:34[m[K:
[01m[K/home/iclab/Desktop/ros2/src/usb_cam/src/usb_cam_node.cpp:257:83:[m[K [01;31m[Kerror: [m[K‘[01m[Kconst SharedPtr[m[K’ {aka ‘[01m[Kconst class std::shared_ptr<tku_msgs::msg::Camera_<std::allocator<void> > >[m[K’} has no member named ‘[01m[Kfocus[m[K’
  257 |             RCLCPP_INFO(this->get_logger(), "Setting 'focus_absolute' to %d", msg.[01;31m[Kfocus[m[K);
      |                                                                                   [01;31m[K^~~~~[m[K
[01m[K/home/iclab/Desktop/ros2/src/usb_cam/src/usb_cam_node.cpp:258:63:[m[K [01;31m[Kerror: [m[K‘[01m[Kconst SharedPtr[m[K’ {aka ‘[01m[Kconst class std::shared_ptr<tku_msgs::msg::Camera_<std::allocator<void> > >[m[K’} has no member named ‘[01m[Kfocus[m[K’
  258 |             m_camera->set_v4l_parameter("focus_absolute", msg.[01;31m[Kfocus[m[K);
      |                                                               [01;31m[K^~~~~[m[K
gmake[2]: *** [CMakeFiles/usb_cam_node.dir/build.make:76: CMakeFiles/usb_cam_node.dir/src/usb_cam_node.cpp.o] Error 1
gmake[1]: *** [CMakeFiles/Makefile2:189: CMakeFiles/usb_cam_node.dir/all] Error 2
gmake: *** [Makefile:146: all] Error 2
