[1.193s] Invoking command in '/home/iclab/Desktop/ros2/src/motionpackage': PYTHONPATH=/home/iclab/Desktop/ros2/build/motionpackage/prefix_override:/home/iclab/Desktop/ros2/install/motionpackage/lib/python3.10/site-packages:${PYTHONPATH} /usr/bin/python3 setup.py egg_info --egg-base ../../build/motionpackage build --build-base /home/iclab/Desktop/ros2/build/motionpackage/build install --record /home/iclab/Desktop/ros2/build/motionpackage/install.log --single-version-externally-managed
[1.547s] running egg_info
[1.548s] writing ../../build/motionpackage/motionpackage.egg-info/PKG-INFO
[1.548s] writing dependency_links to ../../build/motionpackage/motionpackage.egg-info/dependency_links.txt
[1.548s] writing entry points to ../../build/motionpackage/motionpackage.egg-info/entry_points.txt
[1.549s] writing requirements to ../../build/motionpackage/motionpackage.egg-info/requires.txt
[1.549s] writing top-level names to ../../build/motionpackage/motionpackage.egg-info/top_level.txt
[1.551s] reading manifest file '../../build/motionpackage/motionpackage.egg-info/SOURCES.txt'
[1.552s] writing manifest file '../../build/motionpackage/motionpackage.egg-info/SOURCES.txt'
[1.552s] running build
[1.552s] running build_py
[1.552s] running install
[1.553s] running install_lib
[1.554s] running install_data
[1.555s] running install_egg_info
[1.557s] removing '/home/iclab/Desktop/ros2/install/motionpackage/lib/python3.10/site-packages/motionpackage-0.0.0-py3.10.egg-info' (and everything under it)
[1.557s] Copying ../../build/motionpackage/motionpackage.egg-info to /home/iclab/Desktop/ros2/install/motionpackage/lib/python3.10/site-packages/motionpackage-0.0.0-py3.10.egg-info
[1.558s] running install_scripts
[1.582s] Installing motion script to /home/iclab/Desktop/ros2/install/motionpackage/lib/motionpackage
[1.582s] writing list of installed files to '/home/iclab/Desktop/ros2/build/motionpackage/install.log'
[1.674s] Invoked command in '/home/iclab/Desktop/ros2/src/motionpackage' returned '0': PYTHONPATH=/home/iclab/Desktop/ros2/build/motionpackage/prefix_override:/home/iclab/Desktop/ros2/install/motionpackage/lib/python3.10/site-packages:${PYTHONPATH} /usr/bin/python3 setup.py egg_info --egg-base ../../build/motionpackage build --build-base /home/iclab/Desktop/ros2/build/motionpackage/build install --record /home/iclab/Desktop/ros2/build/motionpackage/install.log --single-version-externally-managed
