[1.581s] Invoking command in '/home/iclab/Desktop/ros2/src/tkulibs': PYTHONPATH=/home/iclab/Desktop/ros2/build/tkulibs/prefix_override:/home/iclab/Desktop/ros2/install/tkulibs/lib/python3.10/site-packages:${PYTHONPATH} /usr/bin/python3 -W ignore:setup.py install is deprecated setup.py egg_info --egg-base ../../build/tkulibs build --build-base /home/iclab/Desktop/ros2/build/tkulibs/build install --record /home/iclab/Desktop/ros2/build/tkulibs/install.log --single-version-externally-managed install_data
[2.005s] running egg_info
[2.006s] writing ../../build/tkulibs/tkulibs.egg-info/PKG-INFO
[2.006s] writing dependency_links to ../../build/tkulibs/tkulibs.egg-info/dependency_links.txt
[2.006s] writing entry points to ../../build/tkulibs/tkulibs.egg-info/entry_points.txt
[2.006s] writing requirements to ../../build/tkulibs/tkulibs.egg-info/requires.txt
[2.007s] writing top-level names to ../../build/tkulibs/tkulibs.egg-info/top_level.txt
[2.009s] reading manifest file '../../build/tkulibs/tkulibs.egg-info/SOURCES.txt'
[2.009s] adding license file 'LICENSE'
[2.010s] writing manifest file '../../build/tkulibs/tkulibs.egg-info/SOURCES.txt'
[2.010s] running build
[2.010s] running build_py
[2.011s] copying tkulibs/location.py -> /home/iclab/Desktop/ros2/build/tkulibs/build/lib/tkulibs
[2.011s] running install
[2.011s] running install_lib
[2.012s] copying /home/iclab/Desktop/ros2/build/tkulibs/build/lib/tkulibs/location.py -> /home/iclab/Desktop/ros2/install/tkulibs/lib/python3.10/site-packages/tkulibs
[2.013s] byte-compiling /home/iclab/Desktop/ros2/install/tkulibs/lib/python3.10/site-packages/tkulibs/location.py to location.cpython-310.pyc
[2.014s] running install_data
[2.014s] running install_egg_info
[2.016s] removing '/home/iclab/Desktop/ros2/install/tkulibs/lib/python3.10/site-packages/tkulibs-0.0.0-py3.10.egg-info' (and everything under it)
[2.017s] Copying ../../build/tkulibs/tkulibs.egg-info to /home/iclab/Desktop/ros2/install/tkulibs/lib/python3.10/site-packages/tkulibs-0.0.0-py3.10.egg-info
[2.017s] running install_scripts
[2.048s] Installing location script to /home/iclab/Desktop/ros2/install/tkulibs/lib/tkulibs
[2.048s] writing list of installed files to '/home/iclab/Desktop/ros2/build/tkulibs/install.log'
[2.083s] Invoked command in '/home/iclab/Desktop/ros2/src/tkulibs' returned '0': PYTHONPATH=/home/iclab/Desktop/ros2/build/tkulibs/prefix_override:/home/iclab/Desktop/ros2/install/tkulibs/lib/python3.10/site-packages:${PYTHONPATH} /usr/bin/python3 -W ignore:setup.py install is deprecated setup.py egg_info --egg-base ../../build/tkulibs build --build-base /home/iclab/Desktop/ros2/build/tkulibs/build install --record /home/iclab/Desktop/ros2/build/tkulibs/install.log --single-version-externally-managed install_data
