[1.363s] Invoking command in '/home/iclab/Desktop/ros2/src/imageprocess': BYOBU_DATE=%Y-%m-%d PYTHONPATH=/home/iclab/Desktop/ros2/src/build/imageprocess/prefix_override:/home/iclab/Desktop/ros2/src/install/imageprocess/lib/python3.10/site-packages:${PYTHONPATH} /usr/bin/python3 setup.py egg_info --egg-base ../build/imageprocess build --build-base /home/iclab/Desktop/ros2/src/build/imageprocess/build install --record /home/iclab/Desktop/ros2/src/build/imageprocess/install.log --single-version-externally-managed
[1.671s] running egg_info
[1.673s] writing ../build/imageprocess/imageprocess.egg-info/PKG-INFO
[1.673s] writing dependency_links to ../build/imageprocess/imageprocess.egg-info/dependency_links.txt
[1.673s] writing entry points to ../build/imageprocess/imageprocess.egg-info/entry_points.txt
[1.673s] writing requirements to ../build/imageprocess/imageprocess.egg-info/requires.txt
[1.673s] writing top-level names to ../build/imageprocess/imageprocess.egg-info/top_level.txt
[1.675s] reading manifest file '../build/imageprocess/imageprocess.egg-info/SOURCES.txt'
[1.675s] adding license file 'LICENSE'
[1.676s] writing manifest file '../build/imageprocess/imageprocess.egg-info/SOURCES.txt'
[1.676s] running build
[1.676s] running build_py
[1.676s] running install
[1.676s] running install_lib
[1.678s] running install_data
[1.678s] running install_egg_info
[1.680s] removing '/home/iclab/Desktop/ros2/src/install/imageprocess/lib/python3.10/site-packages/imageprocess-0.0.0-py3.10.egg-info' (and everything under it)
[1.680s] Copying ../build/imageprocess/imageprocess.egg-info to /home/iclab/Desktop/ros2/src/install/imageprocess/lib/python3.10/site-packages/imageprocess-0.0.0-py3.10.egg-info
[1.681s] running install_scripts
[1.702s] Installing image script to /home/iclab/Desktop/ros2/src/install/imageprocess/lib/imageprocess
[1.702s] writing list of installed files to '/home/iclab/Desktop/ros2/src/build/imageprocess/install.log'
[1.726s] Invoked command in '/home/iclab/Desktop/ros2/src/imageprocess' returned '0': BYOBU_DATE=%Y-%m-%d PYTHONPATH=/home/iclab/Desktop/ros2/src/build/imageprocess/prefix_override:/home/iclab/Desktop/ros2/src/install/imageprocess/lib/python3.10/site-packages:${PYTHONPATH} /usr/bin/python3 setup.py egg_info --egg-base ../build/imageprocess build --build-base /home/iclab/Desktop/ros2/src/build/imageprocess/build install --record /home/iclab/Desktop/ros2/src/build/imageprocess/install.log --single-version-externally-managed
