[3.413s] DEBUG:colcon:Command line arguments: ['/usr/bin/colcon', 'build']
[3.413s] DEBUG:colcon:Parsed command line arguments: Namespace(log_base=None, log_level=None, verb_name='build', build_base='build', install_base='install', merge_install=False, symlink_install=False, test_result_base=None, continue_on_error=False, executor='parallel', parallel_workers=4, event_handlers=None, ignore_user_meta=False, metas=['./colcon.meta'], base_paths=['.'], packages_ignore=None, packages_ignore_regex=None, paths=None, packages_up_to=None, packages_up_to_regex=None, packages_above=None, packages_above_and_dependencies=None, packages_above_depth=None, packages_select_by_dep=None, packages_skip_by_dep=None, packages_skip_up_to=None, packages_select_build_failed=False, packages_skip_build_finished=False, packages_select_test_failures=False, packages_skip_test_passed=False, packages_select=None, packages_skip=None, packages_select_regex=None, packages_skip_regex=None, packages_start=None, packages_end=None, allow_overriding=[], cmake_args=None, cmake_target=None, cmake_target_skip_unavailable=False, cmake_clean_cache=False, cmake_clean_first=False, cmake_force_configure=False, ament_cmake_args=None, catkin_cmake_args=None, catkin_skip_building_tests=False, verb_parser=<colcon_defaults.argument_parser.defaults.DefaultArgumentsDecorator object at 0x7f90598d90f0>, verb_extension=<colcon_core.verb.build.BuildVerb object at 0x7f9059a48910>, main=<bound method BuildVerb.main of <colcon_core.verb.build.BuildVerb object at 0x7f9059a48910>>)
[3.567s] Level 1:colcon.colcon_core.package_discovery:discover_packages(colcon_meta) check parameters
[3.568s] Level 1:colcon.colcon_core.package_discovery:discover_packages(recursive) check parameters
[3.568s] Level 1:colcon.colcon_core.package_discovery:discover_packages(ignore) check parameters
[3.568s] Level 1:colcon.colcon_core.package_discovery:discover_packages(path) check parameters
[3.568s] Level 1:colcon.colcon_core.package_discovery:discover_packages(colcon_meta) discover
[3.568s] Level 1:colcon.colcon_core.package_discovery:discover_packages(recursive) discover
[3.569s] INFO:colcon.colcon_core.package_discovery:Crawling recursively for packages in '/home/iclab/Desktop/ros2'
[3.569s] Level 1:colcon.colcon_core.package_identification:_identify(.) by extensions ['ignore', 'ignore_ament_install']
[3.569s] Level 1:colcon.colcon_core.package_identification:_identify(.) by extension 'ignore'
[3.569s] Level 1:colcon.colcon_core.package_identification:_identify(.) by extension 'ignore_ament_install'
[3.570s] Level 1:colcon.colcon_core.package_identification:_identify(.) by extensions ['colcon_pkg']
[3.570s] Level 1:colcon.colcon_core.package_identification:_identify(.) by extension 'colcon_pkg'
[3.570s] Level 1:colcon.colcon_core.package_identification:_identify(.) by extensions ['colcon_meta']
[3.570s] Level 1:colcon.colcon_core.package_identification:_identify(.) by extension 'colcon_meta'
[3.570s] Level 1:colcon.colcon_core.package_identification:_identify(.) by extensions ['ros']
[3.570s] Level 1:colcon.colcon_core.package_identification:_identify(.) by extension 'ros'
[3.602s] Level 1:colcon.colcon_core.package_identification:_identify(.) by extensions ['cmake', 'python']
[3.603s] Level 1:colcon.colcon_core.package_identification:_identify(.) by extension 'cmake'
[3.603s] Level 1:colcon.colcon_core.package_identification:_identify(.) by extension 'python'
[3.603s] Level 1:colcon.colcon_core.package_identification:_identify(.) by extensions ['python_setup_py']
[3.603s] Level 1:colcon.colcon_core.package_identification:_identify(.) by extension 'python_setup_py'
[3.603s] Level 1:colcon.colcon_core.package_identification:_identify(build) by extensions ['ignore', 'ignore_ament_install']
[3.604s] Level 1:colcon.colcon_core.package_identification:_identify(build) by extension 'ignore'
[3.604s] Level 1:colcon.colcon_core.package_identification:_identify(build) ignored
[3.604s] Level 1:colcon.colcon_core.package_identification:_identify(cssl) by extensions ['ignore', 'ignore_ament_install']
[3.605s] Level 1:colcon.colcon_core.package_identification:_identify(cssl) by extension 'ignore'
[3.605s] Level 1:colcon.colcon_core.package_identification:_identify(cssl) by extension 'ignore_ament_install'
[3.605s] Level 1:colcon.colcon_core.package_identification:_identify(cssl) by extensions ['colcon_pkg']
[3.605s] Level 1:colcon.colcon_core.package_identification:_identify(cssl) by extension 'colcon_pkg'
[3.605s] Level 1:colcon.colcon_core.package_identification:_identify(cssl) by extensions ['colcon_meta']
[3.605s] Level 1:colcon.colcon_core.package_identification:_identify(cssl) by extension 'colcon_meta'
[3.606s] Level 1:colcon.colcon_core.package_identification:_identify(cssl) by extensions ['ros']
[3.606s] Level 1:colcon.colcon_core.package_identification:_identify(cssl) by extension 'ros'
[3.606s] Level 1:colcon.colcon_core.package_identification:_identify(cssl) by extensions ['cmake', 'python']
[3.606s] Level 1:colcon.colcon_core.package_identification:_identify(cssl) by extension 'cmake'
[3.606s] Level 1:colcon.colcon_core.package_identification:_identify(cssl) by extension 'python'
[3.606s] Level 1:colcon.colcon_core.package_identification:_identify(cssl) by extensions ['python_setup_py']
[3.606s] Level 1:colcon.colcon_core.package_identification:_identify(cssl) by extension 'python_setup_py'
[3.607s] Level 1:colcon.colcon_core.package_identification:_identify(install) by extensions ['ignore', 'ignore_ament_install']
[3.607s] Level 1:colcon.colcon_core.package_identification:_identify(install) by extension 'ignore'
[3.607s] Level 1:colcon.colcon_core.package_identification:_identify(install) ignored
[3.607s] Level 1:colcon.colcon_core.package_identification:_identify(log) by extensions ['ignore', 'ignore_ament_install']
[3.608s] Level 1:colcon.colcon_core.package_identification:_identify(log) by extension 'ignore'
[3.608s] Level 1:colcon.colcon_core.package_identification:_identify(log) ignored
[3.608s] Level 1:colcon.colcon_core.package_identification:_identify(src) by extensions ['ignore', 'ignore_ament_install']
[3.608s] Level 1:colcon.colcon_core.package_identification:_identify(src) by extension 'ignore'
[3.609s] Level 1:colcon.colcon_core.package_identification:_identify(src) by extension 'ignore_ament_install'
[3.609s] Level 1:colcon.colcon_core.package_identification:_identify(src) by extensions ['colcon_pkg']
[3.609s] Level 1:colcon.colcon_core.package_identification:_identify(src) by extension 'colcon_pkg'
[3.609s] Level 1:colcon.colcon_core.package_identification:_identify(src) by extensions ['colcon_meta']
[3.609s] Level 1:colcon.colcon_core.package_identification:_identify(src) by extension 'colcon_meta'
[3.609s] Level 1:colcon.colcon_core.package_identification:_identify(src) by extensions ['ros']
[3.609s] Level 1:colcon.colcon_core.package_identification:_identify(src) by extension 'ros'
[3.610s] Level 1:colcon.colcon_core.package_identification:_identify(src) by extensions ['cmake', 'python']
[3.610s] Level 1:colcon.colcon_core.package_identification:_identify(src) by extension 'cmake'
[3.610s] Level 1:colcon.colcon_core.package_identification:_identify(src) by extension 'python'
[3.610s] Level 1:colcon.colcon_core.package_identification:_identify(src) by extensions ['python_setup_py']
[3.610s] Level 1:colcon.colcon_core.package_identification:_identify(src) by extension 'python_setup_py'
[3.610s] Level 1:colcon.colcon_core.package_identification:_identify(src/serial) by extensions ['ignore', 'ignore_ament_install']
[3.611s] Level 1:colcon.colcon_core.package_identification:_identify(src/serial) by extension 'ignore'
[3.611s] Level 1:colcon.colcon_core.package_identification:_identify(src/serial) by extension 'ignore_ament_install'
[3.611s] Level 1:colcon.colcon_core.package_identification:_identify(src/serial) by extensions ['colcon_pkg']
[3.611s] Level 1:colcon.colcon_core.package_identification:_identify(src/serial) by extension 'colcon_pkg'
[3.611s] Level 1:colcon.colcon_core.package_identification:_identify(src/serial) by extensions ['colcon_meta']
[3.611s] Level 1:colcon.colcon_core.package_identification:_identify(src/serial) by extension 'colcon_meta'
[3.612s] Level 1:colcon.colcon_core.package_identification:_identify(src/serial) by extensions ['ros']
[3.612s] Level 1:colcon.colcon_core.package_identification:_identify(src/serial) by extension 'ros'
[3.618s] DEBUG:colcon.colcon_core.package_identification:Package 'src/serial' with type 'ros.ament_cmake' and name 'serial'
[3.618s] Level 1:colcon.colcon_core.package_discovery:discover_packages(recursive) using defaults
[3.618s] Level 1:colcon.colcon_core.package_discovery:discover_packages(ignore) discover
[3.619s] Level 1:colcon.colcon_core.package_discovery:discover_packages(ignore) using defaults
[3.619s] Level 1:colcon.colcon_core.package_discovery:discover_packages(path) discover
[3.619s] Level 1:colcon.colcon_core.package_discovery:discover_packages(path) using defaults
[3.914s] Level 1:colcon.colcon_core.package_discovery:discover_packages(prefix_path) check parameters
[3.914s] Level 1:colcon.colcon_core.package_discovery:discover_packages(prefix_path) discover
[4.019s] DEBUG:colcon.colcon_installed_package_information.package_discovery:Found 1 installed packages in /home/iclab/Desktop/ros2/install
[4.109s] DEBUG:colcon.colcon_installed_package_information.package_discovery:Found 286 installed packages in /opt/ros/humble
[4.114s] Level 1:colcon.colcon_core.package_discovery:discover_packages(prefix_path) using defaults
[4.408s] Level 5:colcon.colcon_core.verb:set package 'serial' build argument 'cmake_args' from command line to 'None'
[4.408s] Level 5:colcon.colcon_core.verb:set package 'serial' build argument 'cmake_target' from command line to 'None'
[4.408s] Level 5:colcon.colcon_core.verb:set package 'serial' build argument 'cmake_target_skip_unavailable' from command line to 'False'
[4.408s] Level 5:colcon.colcon_core.verb:set package 'serial' build argument 'cmake_clean_cache' from command line to 'False'
[4.408s] Level 5:colcon.colcon_core.verb:set package 'serial' build argument 'cmake_clean_first' from command line to 'False'
[4.408s] Level 5:colcon.colcon_core.verb:set package 'serial' build argument 'cmake_force_configure' from command line to 'False'
[4.409s] Level 5:colcon.colcon_core.verb:set package 'serial' build argument 'ament_cmake_args' from command line to 'None'
[4.409s] Level 5:colcon.colcon_core.verb:set package 'serial' build argument 'catkin_cmake_args' from command line to 'None'
[4.409s] Level 5:colcon.colcon_core.verb:set package 'serial' build argument 'catkin_skip_building_tests' from command line to 'False'
[4.409s] DEBUG:colcon.colcon_core.verb:Building package 'serial' with the following arguments: {'ament_cmake_args': None, 'build_base': '/home/iclab/Desktop/ros2/build/serial', 'catkin_cmake_args': None, 'catkin_skip_building_tests': False, 'cmake_args': None, 'cmake_clean_cache': False, 'cmake_clean_first': False, 'cmake_force_configure': False, 'cmake_target': None, 'cmake_target_skip_unavailable': False, 'install_base': '/home/iclab/Desktop/ros2/install/serial', 'merge_install': False, 'path': '/home/iclab/Desktop/ros2/src/serial', 'symlink_install': False, 'test_result_base': None}
[4.457s] INFO:colcon.colcon_core.executor:Executing jobs using 'parallel' executor
[4.509s] DEBUG:colcon.colcon_parallel_executor.executor.parallel:run_until_complete
[4.509s] INFO:colcon.colcon_ros.task.ament_cmake.build:Building ROS package in '/home/iclab/Desktop/ros2/src/serial' with build type 'ament_cmake'
[4.510s] INFO:colcon.colcon_cmake.task.cmake.build:Building CMake package in '/home/iclab/Desktop/ros2/src/serial'
[4.573s] INFO:colcon.colcon_core.plugin_system:Skipping extension 'colcon_core.shell.bat': Not used on non-Windows systems
[4.574s] INFO:colcon.colcon_core.shell:Skip shell extension 'powershell' for command environment: Not usable outside of PowerShell
[4.574s] DEBUG:colcon.colcon_core.shell:Skip shell extension 'dsv' for command environment
[4.762s] DEBUG:colcon.colcon_core.event_handler.log_command:Invoking command in '/home/iclab/Desktop/ros2/build/serial': CMAKE_PREFIX_PATH=${CMAKE_PREFIX_PATH}:/opt/ros/humble /usr/bin/cmake --build /home/iclab/Desktop/ros2/build/serial -- -j4 -l4
[6.449s] DEBUG:colcon.colcon_core.event_handler.log_command:Invoked command in '/home/iclab/Desktop/ros2/build/serial' returned '2': CMAKE_PREFIX_PATH=${CMAKE_PREFIX_PATH}:/opt/ros/humble /usr/bin/cmake --build /home/iclab/Desktop/ros2/build/serial -- -j4 -l4
[6.554s] Level 1:colcon.colcon_core.environment:create_environment_scripts_only(serial)
[6.611s] Level 1:colcon.colcon_core.environment:checking '/home/iclab/Desktop/ros2/install/serial' for CMake module files
[6.612s] Level 1:colcon.colcon_core.environment:checking '/home/iclab/Desktop/ros2/install/serial' for CMake config files
[6.613s] Level 1:colcon.colcon_core.shell:create_environment_hook('serial', 'cmake_prefix_path')
[6.668s] INFO:colcon.colcon_core.shell:Creating environment hook '/home/iclab/Desktop/ros2/install/serial/share/serial/hook/cmake_prefix_path.ps1'
[6.670s] INFO:colcon.colcon_core.shell:Creating environment descriptor '/home/iclab/Desktop/ros2/install/serial/share/serial/hook/cmake_prefix_path.dsv'
[6.671s] INFO:colcon.colcon_core.shell:Creating environment hook '/home/iclab/Desktop/ros2/install/serial/share/serial/hook/cmake_prefix_path.sh'
[6.674s] Level 1:colcon.colcon_core.environment:checking '/home/iclab/Desktop/ros2/install/serial/lib'
[6.674s] Level 1:colcon.colcon_core.environment:checking '/home/iclab/Desktop/ros2/install/serial/bin'
[6.675s] Level 1:colcon.colcon_core.environment:checking '/home/iclab/Desktop/ros2/install/serial/lib/pkgconfig/serial.pc'
[6.675s] Level 1:colcon.colcon_core.environment:checking '/home/iclab/Desktop/ros2/install/serial/lib/python3.10/site-packages'
[6.676s] Level 1:colcon.colcon_core.environment:checking '/home/iclab/Desktop/ros2/install/serial/bin'
[6.726s] INFO:colcon.colcon_core.shell:Creating package script '/home/iclab/Desktop/ros2/install/serial/share/serial/package.ps1'
[6.729s] INFO:colcon.colcon_core.shell:Creating package descriptor '/home/iclab/Desktop/ros2/install/serial/share/serial/package.dsv'
[6.731s] INFO:colcon.colcon_core.shell:Creating package script '/home/iclab/Desktop/ros2/install/serial/share/serial/package.sh'
[6.733s] INFO:colcon.colcon_core.shell:Creating package script '/home/iclab/Desktop/ros2/install/serial/share/serial/package.bash'
[6.736s] INFO:colcon.colcon_core.shell:Creating package script '/home/iclab/Desktop/ros2/install/serial/share/serial/package.zsh'
[6.738s] Level 1:colcon.colcon_core.environment:create_file_with_runtime_dependencies(/home/iclab/Desktop/ros2/install/serial/share/colcon-core/packages/serial)
[6.750s] DEBUG:colcon.colcon_parallel_executor.executor.parallel:closing loop
[6.750s] DEBUG:colcon.colcon_parallel_executor.executor.parallel:loop closed
[6.750s] DEBUG:colcon.colcon_parallel_executor.executor.parallel:run_until_complete finished with '2'
[6.750s] DEBUG:colcon.colcon_core.event_reactor:joining thread
[6.817s] INFO:colcon.colcon_core.plugin_system:Skipping extension 'colcon_notification.desktop_notification.terminal_notifier': Not used on non-Darwin systems
[6.818s] INFO:colcon.colcon_core.plugin_system:Skipping extension 'colcon_notification.desktop_notification.win32': Not used on non-Windows systems
[6.818s] INFO:colcon.colcon_notification.desktop_notification:Sending desktop notification using 'notify2'
[6.854s] DEBUG:colcon.colcon_core.event_reactor:joined thread
[6.920s] INFO:colcon.colcon_core.shell:Creating prefix script '/home/iclab/Desktop/ros2/install/local_setup.ps1'
[6.923s] INFO:colcon.colcon_core.shell:Creating prefix util module '/home/iclab/Desktop/ros2/install/_local_setup_util_ps1.py'
[6.927s] INFO:colcon.colcon_core.shell:Creating prefix chain script '/home/iclab/Desktop/ros2/install/setup.ps1'
[6.991s] INFO:colcon.colcon_core.shell:Creating prefix script '/home/iclab/Desktop/ros2/install/local_setup.sh'
[6.993s] INFO:colcon.colcon_core.shell:Creating prefix util module '/home/iclab/Desktop/ros2/install/_local_setup_util_sh.py'
[6.994s] INFO:colcon.colcon_core.shell:Creating prefix chain script '/home/iclab/Desktop/ros2/install/setup.sh'
[7.056s] INFO:colcon.colcon_core.shell:Creating prefix script '/home/iclab/Desktop/ros2/install/local_setup.bash'
[7.058s] INFO:colcon.colcon_core.shell:Creating prefix chain script '/home/iclab/Desktop/ros2/install/setup.bash'
[7.112s] INFO:colcon.colcon_core.shell:Creating prefix script '/home/iclab/Desktop/ros2/install/local_setup.zsh'
[7.114s] INFO:colcon.colcon_core.shell:Creating prefix chain script '/home/iclab/Desktop/ros2/install/setup.zsh'
