[0.316s] Invoking command in '/home/iclab/Desktop/ros2/src/build/usb_cam': BYOBU_DATE=%Y-%m-%d CMAKE_PREFIX_PATH=/home/iclab/Desktop/ros2/src/install/tku_msgs:/home/iclab/Desktop/ros2/src/install/web_video_server:/home/iclab/Desktop/ros2/src/install/usb_cam:/home/iclab/Desktop/ros2/install/web_video_server:/home/iclab/Desktop/ros2/install/usb_cam:/home/iclab/Desktop/ros2/install/tku_msgs:/home/iclab/Desktop/ros2/install/serial:/home/iclab/Desktop/ros2/src/install/imageprocess:/home/iclab/Desktop/ros2/src/install/tku_libs:/home/iclab/Desktop/ros2/src/install/motionpackage:/home/iclab/Desktop/ros2/install/tku_libs:/home/iclab/Desktop/ros2/install/motionpackage:/opt/ros/humble LD_LIBRARY_PATH=/home/iclab/Desktop/ros2/src/install/tku_msgs/lib:/home/iclab/Desktop/ros2/src/install/usb_cam/lib:/home/iclab/Desktop/ros2/install/usb_cam/lib:/home/iclab/Desktop/ros2/install/tku_msgs/lib:/opt/ros/humble/opt/rviz_ogre_vendor/lib:/opt/ros/humble/lib/x86_64-linux-gnu:/opt/ros/humble/lib /usr/bin/cmake --build /home/iclab/Desktop/ros2/src/build/usb_cam -- -j8 -l8
[0.371s] [ 25%] Built target usb_cam_node_exe
[0.371s] [ 25%] Built target gtest
[0.391s] [ 50%] Built target usb_cam
[0.394s] [ 62%] Built target gtest_main
[0.410s] [35m[1mConsolidate compiler generated dependencies of target usb_cam_node[0m
[0.430s] [ 75%] Built target test_usb_cam_utils
[0.439s] [ 93%] [32mBuilding CXX object CMakeFiles/usb_cam_node.dir/src/usb_cam_node.cpp.o[0m
[0.440s] [ 93%] Built target test_pixel_formats
[2.644s] [01m[K/home/iclab/Desktop/ros2/src/usb_cam/src/usb_cam_node.cpp:[m[K In member function ‘[01m[Kvoid TdataUnit::LoadCameraSetFile(std::string)[m[K’:
[2.644s] [01m[K/home/iclab/Desktop/ros2/src/usb_cam/src/usb_cam_node.cpp:203:59:[m[K [01;31m[Kerror: [m[Kno matching function for call to ‘[01m[KToolInstance::readvalue(std::fstream&, const char [11])[m[K’
[2.644s]   203 |         CameraParameterValue->brightness = [01;31m[Ktool->readvalue(fin, "brightness")[m[K;
[2.644s]       |                                            [01;31m[K~~~~~~~~~~~~~~~^~~~~~~~~~~~~~~~~~~[m[K
[2.644s] [01m[K/home/iclab/Desktop/ros2/src/usb_cam/src/usb_cam_node.cpp:87:7:[m[K [01;36m[Knote: [m[Kcandidate: ‘[01m[Kfloat Tool::readvalue(std::fstream&, std::string, int)[m[K’
[2.644s]    87 | float [01;36m[KTool[m[K::readvalue(std::fstream &fin, std::string title, int mode)
[2.645s]       |       [01;36m[K^~~~[m[K
[2.649s] [01m[K/home/iclab/Desktop/ros2/src/usb_cam/src/usb_cam_node.cpp:87:7:[m[K [01;36m[Knote: [m[K  candidate expects 3 arguments, 2 provided
[2.649s] [01m[K/home/iclab/Desktop/ros2/src/usb_cam/src/usb_cam_node.cpp:204:57:[m[K [01;31m[Kerror: [m[Kno matching function for call to ‘[01m[KToolInstance::readvalue(std::fstream&, const char [9])[m[K’
[2.649s]   204 |         CameraParameterValue->contrast = [01;31m[Ktool->readvalue(fin, "contrast")[m[K;
[2.650s]       |                                          [01;31m[K~~~~~~~~~~~~~~~^~~~~~~~~~~~~~~~~[m[K
[2.650s] [01m[K/home/iclab/Desktop/ros2/src/usb_cam/src/usb_cam_node.cpp:87:7:[m[K [01;36m[Knote: [m[Kcandidate: ‘[01m[Kfloat Tool::readvalue(std::fstream&, std::string, int)[m[K’
[2.650s]    87 | float [01;36m[KTool[m[K::readvalue(std::fstream &fin, std::string title, int mode)
[2.650s]       |       [01;36m[K^~~~[m[K
[2.650s] [01m[K/home/iclab/Desktop/ros2/src/usb_cam/src/usb_cam_node.cpp:87:7:[m[K [01;36m[Knote: [m[K  candidate expects 3 arguments, 2 provided
[2.650s] [01m[K/home/iclab/Desktop/ros2/src/usb_cam/src/usb_cam_node.cpp:205:59:[m[K [01;31m[Kerror: [m[Kno matching function for call to ‘[01m[KToolInstance::readvalue(std::fstream&, const char [11])[m[K’
[2.650s]   205 |         CameraParameterValue->saturation = [01;31m[Ktool->readvalue(fin, "saturation")[m[K;
[2.650s]       |                                            [01;31m[K~~~~~~~~~~~~~~~^~~~~~~~~~~~~~~~~~~[m[K
[2.650s] [01m[K/home/iclab/Desktop/ros2/src/usb_cam/src/usb_cam_node.cpp:87:7:[m[K [01;36m[Knote: [m[Kcandidate: ‘[01m[Kfloat Tool::readvalue(std::fstream&, std::string, int)[m[K’
[2.650s]    87 | float [01;36m[KTool[m[K::readvalue(std::fstream &fin, std::string title, int mode)
[2.650s]       |       [01;36m[K^~~~[m[K
[2.650s] [01m[K/home/iclab/Desktop/ros2/src/usb_cam/src/usb_cam_node.cpp:87:7:[m[K [01;36m[Knote: [m[K  candidate expects 3 arguments, 2 provided
[2.650s] [01m[K/home/iclab/Desktop/ros2/src/usb_cam/src/usb_cam_node.cpp:206:62:[m[K [01;31m[Kerror: [m[Kno matching function for call to ‘[01m[KToolInstance::readvalue(std::fstream&, const char [14])[m[K’
[2.650s]   206 |         CameraParameterValue->white_balance = [01;31m[Ktool->readvalue(fin, "white_balance")[m[K;
[2.650s]       |                                               [01;31m[K~~~~~~~~~~~~~~~^~~~~~~~~~~~~~~~~~~~~~[m[K
[2.650s] [01m[K/home/iclab/Desktop/ros2/src/usb_cam/src/usb_cam_node.cpp:87:7:[m[K [01;36m[Knote: [m[Kcandidate: ‘[01m[Kfloat Tool::readvalue(std::fstream&, std::string, int)[m[K’
[2.651s]    87 | float [01;36m[KTool[m[K::readvalue(std::fstream &fin, std::string title, int mode)
[2.651s]       |       [01;36m[K^~~~[m[K
[2.651s] [01m[K/home/iclab/Desktop/ros2/src/usb_cam/src/usb_cam_node.cpp:87:7:[m[K [01;36m[Knote: [m[K  candidate expects 3 arguments, 2 provided
[2.651s] [01m[K/home/iclab/Desktop/ros2/src/usb_cam/src/usb_cam_node.cpp:207:67:[m[K [01;31m[Kerror: [m[Kno matching function for call to ‘[01m[KToolInstance::readvalue(std::fstream&, const char [19])[m[K’
[2.651s]   207 |         CameraParameterValue->auto_white_balance = [01;31m[Ktool->readvalue(fin, "auto_white_balance")[m[K;
[2.651s]       |                                                    [01;31m[K~~~~~~~~~~~~~~~^~~~~~~~~~~~~~~~~~~~~~~~~~~[m[K
[2.651s] [01m[K/home/iclab/Desktop/ros2/src/usb_cam/src/usb_cam_node.cpp:87:7:[m[K [01;36m[Knote: [m[Kcandidate: ‘[01m[Kfloat Tool::readvalue(std::fstream&, std::string, int)[m[K’
[2.651s]    87 | float [01;36m[KTool[m[K::readvalue(std::fstream &fin, std::string title, int mode)
[2.651s]       |       [01;36m[K^~~~[m[K
[2.651s] [01m[K/home/iclab/Desktop/ros2/src/usb_cam/src/usb_cam_node.cpp:87:7:[m[K [01;36m[Knote: [m[K  candidate expects 3 arguments, 2 provided
[2.651s] [01m[K/home/iclab/Desktop/ros2/src/usb_cam/src/usb_cam_node.cpp:208:62:[m[K [01;31m[Kerror: [m[Kno matching function for call to ‘[01m[KToolInstance::readvalue(std::fstream&, const char [14])[m[K’
[2.651s]   208 |         CameraParameterValue->auto_exposure = [01;31m[Ktool->readvalue(fin, "auto_exposure")[m[K;
[2.651s]       |                                               [01;31m[K~~~~~~~~~~~~~~~^~~~~~~~~~~~~~~~~~~~~~[m[K
[2.651s] [01m[K/home/iclab/Desktop/ros2/src/usb_cam/src/usb_cam_node.cpp:87:7:[m[K [01;36m[Knote: [m[Kcandidate: ‘[01m[Kfloat Tool::readvalue(std::fstream&, std::string, int)[m[K’
[2.651s]    87 | float [01;36m[KTool[m[K::readvalue(std::fstream &fin, std::string title, int mode)
[2.651s]       |       [01;36m[K^~~~[m[K
[2.652s] [01m[K/home/iclab/Desktop/ros2/src/usb_cam/src/usb_cam_node.cpp:87:7:[m[K [01;36m[Knote: [m[K  candidate expects 3 arguments, 2 provided
[2.652s] [01m[K/home/iclab/Desktop/ros2/src/usb_cam/src/usb_cam_node.cpp:209:76:[m[K [01;31m[Kerror: [m[Kno matching function for call to ‘[01m[KToolInstance::readvalue(std::fstream&, const char [28])[m[K’
[2.652s]   209 |         CameraParameterValue->auto_Backlight_Compensation = [01;31m[Ktool->readvalue(fin, "auto_Backlight_Compensation")[m[K;
[2.652s]       |                                                             [01;31m[K~~~~~~~~~~~~~~~^~~~~~~~~~~~~~~~~~~~~~~~~~~~~~~~~~~~[m[K
[2.652s] [01m[K/home/iclab/Desktop/ros2/src/usb_cam/src/usb_cam_node.cpp:87:7:[m[K [01;36m[Knote: [m[Kcandidate: ‘[01m[Kfloat Tool::readvalue(std::fstream&, std::string, int)[m[K’
[2.652s]    87 | float [01;36m[KTool[m[K::readvalue(std::fstream &fin, std::string title, int mode)
[2.652s]       |       [01;36m[K^~~~[m[K
[2.652s] [01m[K/home/iclab/Desktop/ros2/src/usb_cam/src/usb_cam_node.cpp:87:7:[m[K [01;36m[Knote: [m[K  candidate expects 3 arguments, 2 provided
[4.798s] gmake[2]: *** [CMakeFiles/usb_cam_node.dir/build.make:76: CMakeFiles/usb_cam_node.dir/src/usb_cam_node.cpp.o] Error 1
[4.799s] gmake[1]: *** [CMakeFiles/Makefile2:189: CMakeFiles/usb_cam_node.dir/all] Error 2
[4.799s] gmake: *** [Makefile:146: all] Error 2
[4.800s] Invoked command in '/home/iclab/Desktop/ros2/src/build/usb_cam' returned '2': BYOBU_DATE=%Y-%m-%d CMAKE_PREFIX_PATH=/home/iclab/Desktop/ros2/src/install/tku_msgs:/home/iclab/Desktop/ros2/src/install/web_video_server:/home/iclab/Desktop/ros2/src/install/usb_cam:/home/iclab/Desktop/ros2/install/web_video_server:/home/iclab/Desktop/ros2/install/usb_cam:/home/iclab/Desktop/ros2/install/tku_msgs:/home/iclab/Desktop/ros2/install/serial:/home/iclab/Desktop/ros2/src/install/imageprocess:/home/iclab/Desktop/ros2/src/install/tku_libs:/home/iclab/Desktop/ros2/src/install/motionpackage:/home/iclab/Desktop/ros2/install/tku_libs:/home/iclab/Desktop/ros2/install/motionpackage:/opt/ros/humble LD_LIBRARY_PATH=/home/iclab/Desktop/ros2/src/install/tku_msgs/lib:/home/iclab/Desktop/ros2/src/install/usb_cam/lib:/home/iclab/Desktop/ros2/install/usb_cam/lib:/home/iclab/Desktop/ros2/install/tku_msgs/lib:/opt/ros/humble/opt/rviz_ogre_vendor/lib:/opt/ros/humble/lib/x86_64-linux-gnu:/opt/ros/humble/lib /usr/bin/cmake --build /home/iclab/Desktop/ros2/src/build/usb_cam -- -j8 -l8
