[0.722s] Invoking command in '/home/iclab/Desktop/ros2/src/tku_libs': AMENT_PREFIX_PATH=/home/iclab/Desktop/ros2/install/tku_msgs:${AMENT_PREFIX_PATH} CMAKE_PREFIX_PATH=/home/iclab/Desktop/ros2/install/tku_msgs LD_LIBRARY_PATH=/home/iclab/Desktop/ros2/install/tku_msgs/lib:${LD_LIBRARY_PATH} PYTHONPATH=/home/iclab/Desktop/ros2/build/tku_libs/prefix_override:/home/iclab/Desktop/ros2/install/tku_libs/lib/python3.10/site-packages:/home/iclab/Desktop/ros2/install/tku_msgs/local/lib/python3.10/dist-packages:${PYTHONPATH} /usr/bin/python3 setup.py egg_info --egg-base ../../build/tku_libs build --build-base /home/iclab/Desktop/ros2/build/tku_libs/build install --record /home/iclab/Desktop/ros2/build/tku_libs/install.log --single-version-externally-managed
[1.024s] running egg_info
[1.025s] writing ../../build/tku_libs/tku_libs.egg-info/PKG-INFO
[1.025s] writing dependency_links to ../../build/tku_libs/tku_libs.egg-info/dependency_links.txt
[1.025s] writing entry points to ../../build/tku_libs/tku_libs.egg-info/entry_points.txt
[1.025s] writing requirements to ../../build/tku_libs/tku_libs.egg-info/requires.txt
[1.025s] writing top-level names to ../../build/tku_libs/tku_libs.egg-info/top_level.txt
[1.028s] reading manifest file '../../build/tku_libs/tku_libs.egg-info/SOURCES.txt'
[1.029s] writing manifest file '../../build/tku_libs/tku_libs.egg-info/SOURCES.txt'
[1.029s] running build
[1.029s] running build_py
[1.029s] running install
[1.029s] running install_lib
[1.031s] running install_data
[1.031s] running install_egg_info
[1.033s] removing '/home/iclab/Desktop/ros2/install/tku_libs/lib/python3.10/site-packages/tku_libs-0.0.0-py3.10.egg-info' (and everything under it)
[1.033s] Copying ../../build/tku_libs/tku_libs.egg-info to /home/iclab/Desktop/ros2/install/tku_libs/lib/python3.10/site-packages/tku_libs-0.0.0-py3.10.egg-info
[1.034s] running install_scripts
[1.059s] Installing aaa script to /home/iclab/Desktop/ros2/install/tku_libs/lib/tku_libs
[1.059s] Installing bbb script to /home/iclab/Desktop/ros2/install/tku_libs/lib/tku_libs
[1.059s] writing list of installed files to '/home/iclab/Desktop/ros2/build/tku_libs/install.log'
[1.092s] Invoked command in '/home/iclab/Desktop/ros2/src/tku_libs' returned '0': AMENT_PREFIX_PATH=/home/iclab/Desktop/ros2/install/tku_msgs:${AMENT_PREFIX_PATH} CMAKE_PREFIX_PATH=/home/iclab/Desktop/ros2/install/tku_msgs LD_LIBRARY_PATH=/home/iclab/Desktop/ros2/install/tku_msgs/lib:${LD_LIBRARY_PATH} PYTHONPATH=/home/iclab/Desktop/ros2/build/tku_libs/prefix_override:/home/iclab/Desktop/ros2/install/tku_libs/lib/python3.10/site-packages:/home/iclab/Desktop/ros2/install/tku_msgs/local/lib/python3.10/dist-packages:${PYTHONPATH} /usr/bin/python3 setup.py egg_info --egg-base ../../build/tku_libs build --build-base /home/iclab/Desktop/ros2/build/tku_libs/build install --record /home/iclab/Desktop/ros2/build/tku_libs/install.log --single-version-externally-managed
