[0.694s] DEBUG:colcon:Command line arguments: ['/usr/bin/colcon', 'build']
[0.694s] DEBUG:colcon:Parsed command line arguments: Namespace(log_base=None, log_level=None, verb_name='build', build_base='build', install_base='install', merge_install=False, symlink_install=False, test_result_base=None, continue_on_error=False, executor='parallel', parallel_workers=8, event_handlers=None, ignore_user_meta=False, metas=['./colcon.meta'], base_paths=['.'], packages_ignore=None, packages_ignore_regex=None, paths=None, packages_up_to=None, packages_up_to_regex=None, packages_above=None, packages_above_and_dependencies=None, packages_above_depth=None, packages_select_by_dep=None, packages_skip_by_dep=None, packages_skip_up_to=None, packages_select_build_failed=False, packages_skip_build_finished=False, packages_select_test_failures=False, packages_skip_test_passed=False, packages_select=None, packages_skip=None, packages_select_regex=None, packages_skip_regex=None, packages_start=None, packages_end=None, allow_overriding=[], cmake_args=None, cmake_target=None, cmake_target_skip_unavailable=False, cmake_clean_cache=False, cmake_clean_first=False, cmake_force_configure=False, ament_cmake_args=None, catkin_cmake_args=None, catkin_skip_building_tests=False, verb_parser=<colcon_defaults.argument_parser.defaults.DefaultArgumentsDecorator object at 0x7f796d4aa170>, verb_extension=<colcon_core.verb.build.BuildVerb object at 0x7f796d717d90>, main=<bound method BuildVerb.main of <colcon_core.verb.build.BuildVerb object at 0x7f796d717d90>>)
[0.724s] Level 1:colcon.colcon_core.package_discovery:discover_packages(colcon_meta) check parameters
[0.725s] Level 1:colcon.colcon_core.package_discovery:discover_packages(recursive) check parameters
[0.725s] Level 1:colcon.colcon_core.package_discovery:discover_packages(ignore) check parameters
[0.725s] Level 1:colcon.colcon_core.package_discovery:discover_packages(path) check parameters
[0.725s] Level 1:colcon.colcon_core.package_discovery:discover_packages(colcon_meta) discover
[0.725s] Level 1:colcon.colcon_core.package_discovery:discover_packages(recursive) discover
[0.725s] INFO:colcon.colcon_core.package_discovery:Crawling recursively for packages in '/home/iclab/Desktop/ros2/src'
[0.725s] Level 1:colcon.colcon_core.package_identification:_identify(.) by extensions ['ignore', 'ignore_ament_install']
[0.725s] Level 1:colcon.colcon_core.package_identification:_identify(.) by extension 'ignore'
[0.725s] Level 1:colcon.colcon_core.package_identification:_identify(.) by extension 'ignore_ament_install'
[0.725s] Level 1:colcon.colcon_core.package_identification:_identify(.) by extensions ['colcon_pkg']
[0.725s] Level 1:colcon.colcon_core.package_identification:_identify(.) by extension 'colcon_pkg'
[0.725s] Level 1:colcon.colcon_core.package_identification:_identify(.) by extensions ['colcon_meta']
[0.725s] Level 1:colcon.colcon_core.package_identification:_identify(.) by extension 'colcon_meta'
[0.725s] Level 1:colcon.colcon_core.package_identification:_identify(.) by extensions ['ros']
[0.725s] Level 1:colcon.colcon_core.package_identification:_identify(.) by extension 'ros'
[0.732s] Level 1:colcon.colcon_core.package_identification:_identify(.) by extensions ['cmake', 'python']
[0.732s] Level 1:colcon.colcon_core.package_identification:_identify(.) by extension 'cmake'
[0.733s] Level 1:colcon.colcon_core.package_identification:_identify(.) by extension 'python'
[0.733s] Level 1:colcon.colcon_core.package_identification:_identify(.) by extensions ['python_setup_py']
[0.733s] Level 1:colcon.colcon_core.package_identification:_identify(.) by extension 'python_setup_py'
[0.733s] Level 1:colcon.colcon_core.package_identification:_identify(build) by extensions ['ignore', 'ignore_ament_install']
[0.733s] Level 1:colcon.colcon_core.package_identification:_identify(build) by extension 'ignore'
[0.733s] Level 1:colcon.colcon_core.package_identification:_identify(build) ignored
[0.733s] Level 1:colcon.colcon_core.package_identification:_identify(imageprocess) by extensions ['ignore', 'ignore_ament_install']
[0.733s] Level 1:colcon.colcon_core.package_identification:_identify(imageprocess) by extension 'ignore'
[0.733s] Level 1:colcon.colcon_core.package_identification:_identify(imageprocess) by extension 'ignore_ament_install'
[0.733s] Level 1:colcon.colcon_core.package_identification:_identify(imageprocess) by extensions ['colcon_pkg']
[0.733s] Level 1:colcon.colcon_core.package_identification:_identify(imageprocess) by extension 'colcon_pkg'
[0.733s] Level 1:colcon.colcon_core.package_identification:_identify(imageprocess) by extensions ['colcon_meta']
[0.733s] Level 1:colcon.colcon_core.package_identification:_identify(imageprocess) by extension 'colcon_meta'
[0.733s] Level 1:colcon.colcon_core.package_identification:_identify(imageprocess) by extensions ['ros']
[0.733s] Level 1:colcon.colcon_core.package_identification:_identify(imageprocess) by extension 'ros'
[0.735s] DEBUG:colcon.colcon_core.package_identification:Package 'imageprocess' with type 'ros.ament_python' and name 'imageprocess'
[0.735s] Level 1:colcon.colcon_core.package_identification:_identify(install) by extensions ['ignore', 'ignore_ament_install']
[0.735s] Level 1:colcon.colcon_core.package_identification:_identify(install) by extension 'ignore'
[0.735s] Level 1:colcon.colcon_core.package_identification:_identify(install) ignored
[0.735s] Level 1:colcon.colcon_core.package_identification:_identify(log) by extensions ['ignore', 'ignore_ament_install']
[0.735s] Level 1:colcon.colcon_core.package_identification:_identify(log) by extension 'ignore'
[0.735s] Level 1:colcon.colcon_core.package_identification:_identify(log) ignored
[0.735s] Level 1:colcon.colcon_core.package_identification:_identify(motionpackage) by extensions ['ignore', 'ignore_ament_install']
[0.735s] Level 1:colcon.colcon_core.package_identification:_identify(motionpackage) by extension 'ignore'
[0.736s] Level 1:colcon.colcon_core.package_identification:_identify(motionpackage) by extension 'ignore_ament_install'
[0.736s] Level 1:colcon.colcon_core.package_identification:_identify(motionpackage) by extensions ['colcon_pkg']
[0.736s] Level 1:colcon.colcon_core.package_identification:_identify(motionpackage) by extension 'colcon_pkg'
[0.736s] Level 1:colcon.colcon_core.package_identification:_identify(motionpackage) by extensions ['colcon_meta']
[0.736s] Level 1:colcon.colcon_core.package_identification:_identify(motionpackage) by extension 'colcon_meta'
[0.736s] Level 1:colcon.colcon_core.package_identification:_identify(motionpackage) by extensions ['ros']
[0.736s] Level 1:colcon.colcon_core.package_identification:_identify(motionpackage) by extension 'ros'
[0.736s] DEBUG:colcon.colcon_core.package_identification:Package 'motionpackage' with type 'ros.ament_python' and name 'motionpackage'
[0.736s] Level 1:colcon.colcon_core.package_identification:_identify(tku_libs) by extensions ['ignore', 'ignore_ament_install']
[0.736s] Level 1:colcon.colcon_core.package_identification:_identify(tku_libs) by extension 'ignore'
[0.736s] Level 1:colcon.colcon_core.package_identification:_identify(tku_libs) by extension 'ignore_ament_install'
[0.736s] Level 1:colcon.colcon_core.package_identification:_identify(tku_libs) by extensions ['colcon_pkg']
[0.736s] Level 1:colcon.colcon_core.package_identification:_identify(tku_libs) by extension 'colcon_pkg'
[0.736s] Level 1:colcon.colcon_core.package_identification:_identify(tku_libs) by extensions ['colcon_meta']
[0.736s] Level 1:colcon.colcon_core.package_identification:_identify(tku_libs) by extension 'colcon_meta'
[0.736s] Level 1:colcon.colcon_core.package_identification:_identify(tku_libs) by extensions ['ros']
[0.736s] Level 1:colcon.colcon_core.package_identification:_identify(tku_libs) by extension 'ros'
[0.736s] DEBUG:colcon.colcon_core.package_identification:Package 'tku_libs' with type 'ros.ament_python' and name 'tku_libs'
[0.737s] Level 1:colcon.colcon_core.package_identification:_identify(tku_msgs) by extensions ['ignore', 'ignore_ament_install']
[0.737s] Level 1:colcon.colcon_core.package_identification:_identify(tku_msgs) by extension 'ignore'
[0.737s] Level 1:colcon.colcon_core.package_identification:_identify(tku_msgs) by extension 'ignore_ament_install'
[0.737s] Level 1:colcon.colcon_core.package_identification:_identify(tku_msgs) by extensions ['colcon_pkg']
[0.737s] Level 1:colcon.colcon_core.package_identification:_identify(tku_msgs) by extension 'colcon_pkg'
[0.737s] Level 1:colcon.colcon_core.package_identification:_identify(tku_msgs) by extensions ['colcon_meta']
[0.737s] Level 1:colcon.colcon_core.package_identification:_identify(tku_msgs) by extension 'colcon_meta'
[0.737s] Level 1:colcon.colcon_core.package_identification:_identify(tku_msgs) by extensions ['ros']
[0.737s] Level 1:colcon.colcon_core.package_identification:_identify(tku_msgs) by extension 'ros'
[0.737s] DEBUG:colcon.colcon_core.package_identification:Package 'tku_msgs' with type 'ros.ament_cmake' and name 'tku_msgs'
[0.737s] Level 1:colcon.colcon_core.package_identification:_identify(usb_cam) by extensions ['ignore', 'ignore_ament_install']
[0.737s] Level 1:colcon.colcon_core.package_identification:_identify(usb_cam) by extension 'ignore'
[0.737s] Level 1:colcon.colcon_core.package_identification:_identify(usb_cam) by extension 'ignore_ament_install'
[0.737s] Level 1:colcon.colcon_core.package_identification:_identify(usb_cam) by extensions ['colcon_pkg']
[0.737s] Level 1:colcon.colcon_core.package_identification:_identify(usb_cam) by extension 'colcon_pkg'
[0.737s] Level 1:colcon.colcon_core.package_identification:_identify(usb_cam) by extensions ['colcon_meta']
[0.737s] Level 1:colcon.colcon_core.package_identification:_identify(usb_cam) by extension 'colcon_meta'
[0.737s] Level 1:colcon.colcon_core.package_identification:_identify(usb_cam) by extensions ['ros']
[0.737s] Level 1:colcon.colcon_core.package_identification:_identify(usb_cam) by extension 'ros'
[0.738s] DEBUG:colcon.colcon_core.package_identification:Package 'usb_cam' with type 'ros.ament_cmake' and name 'usb_cam'
[0.738s] Level 1:colcon.colcon_core.package_identification:_identify(web_video_server) by extensions ['ignore', 'ignore_ament_install']
[0.739s] Level 1:colcon.colcon_core.package_identification:_identify(web_video_server) by extension 'ignore'
[0.739s] Level 1:colcon.colcon_core.package_identification:_identify(web_video_server) by extension 'ignore_ament_install'
[0.739s] Level 1:colcon.colcon_core.package_identification:_identify(web_video_server) by extensions ['colcon_pkg']
[0.739s] Level 1:colcon.colcon_core.package_identification:_identify(web_video_server) by extension 'colcon_pkg'
[0.739s] Level 1:colcon.colcon_core.package_identification:_identify(web_video_server) by extensions ['colcon_meta']
[0.739s] Level 1:colcon.colcon_core.package_identification:_identify(web_video_server) by extension 'colcon_meta'
[0.739s] Level 1:colcon.colcon_core.package_identification:_identify(web_video_server) by extensions ['ros']
[0.739s] Level 1:colcon.colcon_core.package_identification:_identify(web_video_server) by extension 'ros'
[0.739s] DEBUG:colcon.colcon_core.package_identification:Package 'web_video_server' with type 'ros.ament_cmake' and name 'web_video_server'
[0.739s] Level 1:colcon.colcon_core.package_discovery:discover_packages(recursive) using defaults
[0.739s] Level 1:colcon.colcon_core.package_discovery:discover_packages(ignore) discover
[0.739s] Level 1:colcon.colcon_core.package_discovery:discover_packages(ignore) using defaults
[0.739s] Level 1:colcon.colcon_core.package_discovery:discover_packages(path) discover
[0.739s] Level 1:colcon.colcon_core.package_discovery:discover_packages(path) using defaults
[0.811s] Level 1:colcon.colcon_core.package_discovery:discover_packages(prefix_path) check parameters
[0.811s] Level 1:colcon.colcon_core.package_discovery:discover_packages(prefix_path) discover
[0.830s] DEBUG:colcon.colcon_installed_package_information.package_discovery:Found 6 installed packages in /home/iclab/Desktop/ros2/src/install
[0.840s] DEBUG:colcon.colcon_installed_package_information.package_discovery:Found 6 installed packages in /home/iclab/Desktop/ros2/install
[0.850s] DEBUG:colcon.colcon_installed_package_information.package_discovery:Found 329 installed packages in /opt/ros/humble
[0.851s] Level 1:colcon.colcon_core.package_discovery:discover_packages(prefix_path) using defaults
[0.914s] Level 5:colcon.colcon_core.verb:set package 'imageprocess' build argument 'cmake_args' from command line to 'None'
[0.914s] Level 5:colcon.colcon_core.verb:set package 'imageprocess' build argument 'cmake_target' from command line to 'None'
[0.914s] Level 5:colcon.colcon_core.verb:set package 'imageprocess' build argument 'cmake_target_skip_unavailable' from command line to 'False'
[0.914s] Level 5:colcon.colcon_core.verb:set package 'imageprocess' build argument 'cmake_clean_cache' from command line to 'False'
[0.914s] Level 5:colcon.colcon_core.verb:set package 'imageprocess' build argument 'cmake_clean_first' from command line to 'False'
[0.914s] Level 5:colcon.colcon_core.verb:set package 'imageprocess' build argument 'cmake_force_configure' from command line to 'False'
[0.914s] Level 5:colcon.colcon_core.verb:set package 'imageprocess' build argument 'ament_cmake_args' from command line to 'None'
[0.914s] Level 5:colcon.colcon_core.verb:set package 'imageprocess' build argument 'catkin_cmake_args' from command line to 'None'
[0.914s] Level 5:colcon.colcon_core.verb:set package 'imageprocess' build argument 'catkin_skip_building_tests' from command line to 'False'
[0.914s] DEBUG:colcon.colcon_core.verb:Building package 'imageprocess' with the following arguments: {'ament_cmake_args': None, 'build_base': '/home/iclab/Desktop/ros2/src/build/imageprocess', 'catkin_cmake_args': None, 'catkin_skip_building_tests': False, 'cmake_args': None, 'cmake_clean_cache': False, 'cmake_clean_first': False, 'cmake_force_configure': False, 'cmake_target': None, 'cmake_target_skip_unavailable': False, 'install_base': '/home/iclab/Desktop/ros2/src/install/imageprocess', 'merge_install': False, 'path': '/home/iclab/Desktop/ros2/src/imageprocess', 'symlink_install': False, 'test_result_base': None}
[0.924s] Level 5:colcon.colcon_core.verb:set package 'motionpackage' build argument 'cmake_args' from command line to 'None'
[0.924s] Level 5:colcon.colcon_core.verb:set package 'motionpackage' build argument 'cmake_target' from command line to 'None'
[0.924s] Level 5:colcon.colcon_core.verb:set package 'motionpackage' build argument 'cmake_target_skip_unavailable' from command line to 'False'
[0.924s] Level 5:colcon.colcon_core.verb:set package 'motionpackage' build argument 'cmake_clean_cache' from command line to 'False'
[0.924s] Level 5:colcon.colcon_core.verb:set package 'motionpackage' build argument 'cmake_clean_first' from command line to 'False'
[0.924s] Level 5:colcon.colcon_core.verb:set package 'motionpackage' build argument 'cmake_force_configure' from command line to 'False'
[0.924s] Level 5:colcon.colcon_core.verb:set package 'motionpackage' build argument 'ament_cmake_args' from command line to 'None'
[0.924s] Level 5:colcon.colcon_core.verb:set package 'motionpackage' build argument 'catkin_cmake_args' from command line to 'None'
[0.924s] Level 5:colcon.colcon_core.verb:set package 'motionpackage' build argument 'catkin_skip_building_tests' from command line to 'False'
[0.924s] DEBUG:colcon.colcon_core.verb:Building package 'motionpackage' with the following arguments: {'ament_cmake_args': None, 'build_base': '/home/iclab/Desktop/ros2/src/build/motionpackage', 'catkin_cmake_args': None, 'catkin_skip_building_tests': False, 'cmake_args': None, 'cmake_clean_cache': False, 'cmake_clean_first': False, 'cmake_force_configure': False, 'cmake_target': None, 'cmake_target_skip_unavailable': False, 'install_base': '/home/iclab/Desktop/ros2/src/install/motionpackage', 'merge_install': False, 'path': '/home/iclab/Desktop/ros2/src/motionpackage', 'symlink_install': False, 'test_result_base': None}
[0.933s] Level 5:colcon.colcon_core.verb:set package 'tku_msgs' build argument 'cmake_args' from command line to 'None'
[0.934s] Level 5:colcon.colcon_core.verb:set package 'tku_msgs' build argument 'cmake_target' from command line to 'None'
[0.934s] Level 5:colcon.colcon_core.verb:set package 'tku_msgs' build argument 'cmake_target_skip_unavailable' from command line to 'False'
[0.934s] Level 5:colcon.colcon_core.verb:set package 'tku_msgs' build argument 'cmake_clean_cache' from command line to 'False'
[0.934s] Level 5:colcon.colcon_core.verb:set package 'tku_msgs' build argument 'cmake_clean_first' from command line to 'False'
[0.934s] Level 5:colcon.colcon_core.verb:set package 'tku_msgs' build argument 'cmake_force_configure' from command line to 'False'
[0.934s] Level 5:colcon.colcon_core.verb:set package 'tku_msgs' build argument 'ament_cmake_args' from command line to 'None'
[0.934s] Level 5:colcon.colcon_core.verb:set package 'tku_msgs' build argument 'catkin_cmake_args' from command line to 'None'
[0.934s] Level 5:colcon.colcon_core.verb:set package 'tku_msgs' build argument 'catkin_skip_building_tests' from command line to 'False'
[0.934s] DEBUG:colcon.colcon_core.verb:Building package 'tku_msgs' with the following arguments: {'ament_cmake_args': None, 'build_base': '/home/iclab/Desktop/ros2/src/build/tku_msgs', 'catkin_cmake_args': None, 'catkin_skip_building_tests': False, 'cmake_args': None, 'cmake_clean_cache': False, 'cmake_clean_first': False, 'cmake_force_configure': False, 'cmake_target': None, 'cmake_target_skip_unavailable': False, 'install_base': '/home/iclab/Desktop/ros2/src/install/tku_msgs', 'merge_install': False, 'path': '/home/iclab/Desktop/ros2/src/tku_msgs', 'symlink_install': False, 'test_result_base': None}
[0.943s] Level 5:colcon.colcon_core.verb:set package 'web_video_server' build argument 'cmake_args' from command line to 'None'
[0.943s] Level 5:colcon.colcon_core.verb:set package 'web_video_server' build argument 'cmake_target' from command line to 'None'
[0.943s] Level 5:colcon.colcon_core.verb:set package 'web_video_server' build argument 'cmake_target_skip_unavailable' from command line to 'False'
[0.943s] Level 5:colcon.colcon_core.verb:set package 'web_video_server' build argument 'cmake_clean_cache' from command line to 'False'
[0.943s] Level 5:colcon.colcon_core.verb:set package 'web_video_server' build argument 'cmake_clean_first' from command line to 'False'
[0.943s] Level 5:colcon.colcon_core.verb:set package 'web_video_server' build argument 'cmake_force_configure' from command line to 'False'
[0.943s] Level 5:colcon.colcon_core.verb:set package 'web_video_server' build argument 'ament_cmake_args' from command line to 'None'
[0.943s] Level 5:colcon.colcon_core.verb:set package 'web_video_server' build argument 'catkin_cmake_args' from command line to 'None'
[0.943s] Level 5:colcon.colcon_core.verb:set package 'web_video_server' build argument 'catkin_skip_building_tests' from command line to 'False'
[0.943s] DEBUG:colcon.colcon_core.verb:Building package 'web_video_server' with the following arguments: {'ament_cmake_args': None, 'build_base': '/home/iclab/Desktop/ros2/src/build/web_video_server', 'catkin_cmake_args': None, 'catkin_skip_building_tests': False, 'cmake_args': None, 'cmake_clean_cache': False, 'cmake_clean_first': False, 'cmake_force_configure': False, 'cmake_target': None, 'cmake_target_skip_unavailable': False, 'install_base': '/home/iclab/Desktop/ros2/src/install/web_video_server', 'merge_install': False, 'path': '/home/iclab/Desktop/ros2/src/web_video_server', 'symlink_install': False, 'test_result_base': None}
[0.953s] Level 5:colcon.colcon_core.verb:set package 'tku_libs' build argument 'cmake_args' from command line to 'None'
[0.953s] Level 5:colcon.colcon_core.verb:set package 'tku_libs' build argument 'cmake_target' from command line to 'None'
[0.953s] Level 5:colcon.colcon_core.verb:set package 'tku_libs' build argument 'cmake_target_skip_unavailable' from command line to 'False'
[0.953s] Level 5:colcon.colcon_core.verb:set package 'tku_libs' build argument 'cmake_clean_cache' from command line to 'False'
[0.953s] Level 5:colcon.colcon_core.verb:set package 'tku_libs' build argument 'cmake_clean_first' from command line to 'False'
[0.953s] Level 5:colcon.colcon_core.verb:set package 'tku_libs' build argument 'cmake_force_configure' from command line to 'False'
[0.953s] Level 5:colcon.colcon_core.verb:set package 'tku_libs' build argument 'ament_cmake_args' from command line to 'None'
[0.953s] Level 5:colcon.colcon_core.verb:set package 'tku_libs' build argument 'catkin_cmake_args' from command line to 'None'
[0.953s] Level 5:colcon.colcon_core.verb:set package 'tku_libs' build argument 'catkin_skip_building_tests' from command line to 'False'
[0.953s] DEBUG:colcon.colcon_core.verb:Building package 'tku_libs' with the following arguments: {'ament_cmake_args': None, 'build_base': '/home/iclab/Desktop/ros2/src/build/tku_libs', 'catkin_cmake_args': None, 'catkin_skip_building_tests': False, 'cmake_args': None, 'cmake_clean_cache': False, 'cmake_clean_first': False, 'cmake_force_configure': False, 'cmake_target': None, 'cmake_target_skip_unavailable': False, 'install_base': '/home/iclab/Desktop/ros2/src/install/tku_libs', 'merge_install': False, 'path': '/home/iclab/Desktop/ros2/src/tku_libs', 'symlink_install': False, 'test_result_base': None}
[0.963s] Level 5:colcon.colcon_core.verb:set package 'usb_cam' build argument 'cmake_args' from command line to 'None'
[0.963s] Level 5:colcon.colcon_core.verb:set package 'usb_cam' build argument 'cmake_target' from command line to 'None'
[0.963s] Level 5:colcon.colcon_core.verb:set package 'usb_cam' build argument 'cmake_target_skip_unavailable' from command line to 'False'
[0.963s] Level 5:colcon.colcon_core.verb:set package 'usb_cam' build argument 'cmake_clean_cache' from command line to 'False'
[0.963s] Level 5:colcon.colcon_core.verb:set package 'usb_cam' build argument 'cmake_clean_first' from command line to 'False'
[0.963s] Level 5:colcon.colcon_core.verb:set package 'usb_cam' build argument 'cmake_force_configure' from command line to 'False'
[0.963s] Level 5:colcon.colcon_core.verb:set package 'usb_cam' build argument 'ament_cmake_args' from command line to 'None'
[0.963s] Level 5:colcon.colcon_core.verb:set package 'usb_cam' build argument 'catkin_cmake_args' from command line to 'None'
[0.963s] Level 5:colcon.colcon_core.verb:set package 'usb_cam' build argument 'catkin_skip_building_tests' from command line to 'False'
[0.963s] DEBUG:colcon.colcon_core.verb:Building package 'usb_cam' with the following arguments: {'ament_cmake_args': None, 'build_base': '/home/iclab/Desktop/ros2/src/build/usb_cam', 'catkin_cmake_args': None, 'catkin_skip_building_tests': False, 'cmake_args': None, 'cmake_clean_cache': False, 'cmake_clean_first': False, 'cmake_force_configure': False, 'cmake_target': None, 'cmake_target_skip_unavailable': False, 'install_base': '/home/iclab/Desktop/ros2/src/install/usb_cam', 'merge_install': False, 'path': '/home/iclab/Desktop/ros2/src/usb_cam', 'symlink_install': False, 'test_result_base': None}
[0.972s] INFO:colcon.colcon_core.executor:Executing jobs using 'parallel' executor
[0.983s] DEBUG:colcon.colcon_parallel_executor.executor.parallel:run_until_complete
[0.983s] INFO:colcon.colcon_ros.task.ament_cmake.build:Building ROS package in '/home/iclab/Desktop/ros2/src/tku_msgs' with build type 'ament_cmake'
[0.983s] INFO:colcon.colcon_cmake.task.cmake.build:Building CMake package in '/home/iclab/Desktop/ros2/src/tku_msgs'
[0.998s] INFO:colcon.colcon_core.plugin_system:Skipping extension 'colcon_core.shell.bat': Not used on non-Windows systems
[0.998s] INFO:colcon.colcon_core.shell:Skip shell extension 'powershell' for command environment: Not usable outside of PowerShell
[0.999s] DEBUG:colcon.colcon_core.shell:Skip shell extension 'dsv' for command environment
[1.040s] INFO:colcon.colcon_ros.task.ament_python.build:Building ROS package in '/home/iclab/Desktop/ros2/src/imageprocess' with build type 'ament_python'
[1.040s] Level 1:colcon.colcon_core.shell:create_environment_hook('imageprocess', 'ament_prefix_path')
[1.051s] INFO:colcon.colcon_core.shell:Creating environment hook '/home/iclab/Desktop/ros2/src/install/imageprocess/share/imageprocess/hook/ament_prefix_path.ps1'
[1.051s] INFO:colcon.colcon_core.shell:Creating environment descriptor '/home/iclab/Desktop/ros2/src/install/imageprocess/share/imageprocess/hook/ament_prefix_path.dsv'
[1.051s] INFO:colcon.colcon_core.shell:Creating environment hook '/home/iclab/Desktop/ros2/src/install/imageprocess/share/imageprocess/hook/ament_prefix_path.sh'
[1.061s] INFO:colcon.colcon_core.shell:Skip shell extension 'powershell' for command environment: Not usable outside of PowerShell
[1.061s] DEBUG:colcon.colcon_core.shell:Skip shell extension 'dsv' for command environment
[1.104s] INFO:colcon.colcon_ros.task.ament_python.build:Building ROS package in '/home/iclab/Desktop/ros2/src/motionpackage' with build type 'ament_python'
[1.104s] Level 1:colcon.colcon_core.shell:create_environment_hook('motionpackage', 'ament_prefix_path')
[1.115s] INFO:colcon.colcon_core.shell:Creating environment hook '/home/iclab/Desktop/ros2/src/install/motionpackage/share/motionpackage/hook/ament_prefix_path.ps1'
[1.115s] INFO:colcon.colcon_core.shell:Creating environment descriptor '/home/iclab/Desktop/ros2/src/install/motionpackage/share/motionpackage/hook/ament_prefix_path.dsv'
[1.115s] INFO:colcon.colcon_core.shell:Creating environment hook '/home/iclab/Desktop/ros2/src/install/motionpackage/share/motionpackage/hook/ament_prefix_path.sh'
[1.125s] INFO:colcon.colcon_core.shell:Skip shell extension 'powershell' for command environment: Not usable outside of PowerShell
[1.125s] DEBUG:colcon.colcon_core.shell:Skip shell extension 'dsv' for command environment
[1.166s] INFO:colcon.colcon_ros.task.ament_cmake.build:Building ROS package in '/home/iclab/Desktop/ros2/src/web_video_server' with build type 'ament_cmake'
[1.166s] INFO:colcon.colcon_cmake.task.cmake.build:Building CMake package in '/home/iclab/Desktop/ros2/src/web_video_server'
[1.176s] INFO:colcon.colcon_core.shell:Skip shell extension 'powershell' for command environment: Not usable outside of PowerShell
[1.176s] DEBUG:colcon.colcon_core.shell:Skip shell extension 'dsv' for command environment
[1.221s] DEBUG:colcon.colcon_core.event_handler.log_command:Invoking command in '/home/iclab/Desktop/ros2/src/build/tku_msgs': BYOBU_DATE=%Y-%m-%d CMAKE_PREFIX_PATH=${CMAKE_PREFIX_PATH}:/home/iclab/Desktop/ros2/src/install/tku_libs:/home/iclab/Desktop/ros2/src/install/motionpackage:/home/iclab/Desktop/ros2/src/install/imageprocess:/home/iclab/Desktop/ros2/install/tku_libs:/home/iclab/Desktop/ros2/install/motionpackage:/opt/ros/humble /usr/bin/cmake --build /home/iclab/Desktop/ros2/src/build/tku_msgs -- -j8 -l8
[1.466s] INFO:colcon.colcon_core.task.python.build:Building Python package in '/home/iclab/Desktop/ros2/src/imageprocess'
[1.476s] INFO:colcon.colcon_core.shell:Skip shell extension 'powershell' for command environment: Not usable outside of PowerShell
[1.476s] DEBUG:colcon.colcon_core.shell:Skip shell extension 'dsv' for command environment
[1.709s] INFO:colcon.colcon_core.task.python.build:Building Python package in '/home/iclab/Desktop/ros2/src/motionpackage'
[1.719s] INFO:colcon.colcon_core.shell:Skip shell extension 'powershell' for command environment: Not usable outside of PowerShell
[1.719s] DEBUG:colcon.colcon_core.shell:Skip shell extension 'dsv' for command environment
[1.766s] DEBUG:colcon.colcon_core.event_handler.log_command:Invoking command in '/home/iclab/Desktop/ros2/src/build/web_video_server': BYOBU_DATE=%Y-%m-%d CMAKE_PREFIX_PATH=${CMAKE_PREFIX_PATH}:/home/iclab/Desktop/ros2/src/install/tku_libs:/home/iclab/Desktop/ros2/src/install/motionpackage:/home/iclab/Desktop/ros2/src/install/imageprocess:/home/iclab/Desktop/ros2/install/tku_libs:/home/iclab/Desktop/ros2/install/motionpackage:/opt/ros/humble /usr/bin/cmake --build /home/iclab/Desktop/ros2/src/build/web_video_server -- -j8 -l8
[1.766s] DEBUG:colcon.colcon_core.event_handler.log_command:Invoked command in '/home/iclab/Desktop/ros2/src/build/tku_msgs' returned '0': BYOBU_DATE=%Y-%m-%d CMAKE_PREFIX_PATH=${CMAKE_PREFIX_PATH}:/home/iclab/Desktop/ros2/src/install/tku_libs:/home/iclab/Desktop/ros2/src/install/motionpackage:/home/iclab/Desktop/ros2/src/install/imageprocess:/home/iclab/Desktop/ros2/install/tku_libs:/home/iclab/Desktop/ros2/install/motionpackage:/opt/ros/humble /usr/bin/cmake --build /home/iclab/Desktop/ros2/src/build/tku_msgs -- -j8 -l8
[1.841s] DEBUG:colcon.colcon_core.event_handler.log_command:Invoked command in '/home/iclab/Desktop/ros2/src/build/web_video_server' returned '0': BYOBU_DATE=%Y-%m-%d CMAKE_PREFIX_PATH=${CMAKE_PREFIX_PATH}:/home/iclab/Desktop/ros2/src/install/tku_libs:/home/iclab/Desktop/ros2/src/install/motionpackage:/home/iclab/Desktop/ros2/src/install/imageprocess:/home/iclab/Desktop/ros2/install/tku_libs:/home/iclab/Desktop/ros2/install/motionpackage:/opt/ros/humble /usr/bin/cmake --build /home/iclab/Desktop/ros2/src/build/web_video_server -- -j8 -l8
[1.884s] DEBUG:colcon.colcon_core.event_handler.log_command:Invoking command in '/home/iclab/Desktop/ros2/src/build/web_video_server': BYOBU_DATE=%Y-%m-%d CMAKE_PREFIX_PATH=${CMAKE_PREFIX_PATH}:/home/iclab/Desktop/ros2/src/install/tku_libs:/home/iclab/Desktop/ros2/src/install/motionpackage:/home/iclab/Desktop/ros2/src/install/imageprocess:/home/iclab/Desktop/ros2/install/tku_libs:/home/iclab/Desktop/ros2/install/motionpackage:/opt/ros/humble /usr/bin/cmake --install /home/iclab/Desktop/ros2/src/build/web_video_server
[1.891s] Level 1:colcon.colcon_core.environment:create_environment_scripts_only(web_video_server)
[1.893s] DEBUG:colcon.colcon_core.event_handler.log_command:Invoked command in '/home/iclab/Desktop/ros2/src/build/web_video_server' returned '0': BYOBU_DATE=%Y-%m-%d CMAKE_PREFIX_PATH=${CMAKE_PREFIX_PATH}:/home/iclab/Desktop/ros2/src/install/tku_libs:/home/iclab/Desktop/ros2/src/install/motionpackage:/home/iclab/Desktop/ros2/src/install/imageprocess:/home/iclab/Desktop/ros2/install/tku_libs:/home/iclab/Desktop/ros2/install/motionpackage:/opt/ros/humble /usr/bin/cmake --install /home/iclab/Desktop/ros2/src/build/web_video_server
[1.908s] Level 1:colcon.colcon_core.environment:checking '/home/iclab/Desktop/ros2/src/install/web_video_server' for CMake module files
[1.908s] Level 1:colcon.colcon_core.environment:checking '/home/iclab/Desktop/ros2/src/install/web_video_server' for CMake config files
[1.908s] Level 1:colcon.colcon_core.shell:create_environment_hook('web_video_server', 'cmake_prefix_path')
[1.926s] INFO:colcon.colcon_core.shell:Creating environment hook '/home/iclab/Desktop/ros2/src/install/web_video_server/share/web_video_server/hook/cmake_prefix_path.ps1'
[1.926s] INFO:colcon.colcon_core.shell:Creating environment descriptor '/home/iclab/Desktop/ros2/src/install/web_video_server/share/web_video_server/hook/cmake_prefix_path.dsv'
[1.926s] INFO:colcon.colcon_core.shell:Creating environment hook '/home/iclab/Desktop/ros2/src/install/web_video_server/share/web_video_server/hook/cmake_prefix_path.sh'
[1.927s] Level 1:colcon.colcon_core.environment:checking '/home/iclab/Desktop/ros2/src/install/web_video_server/lib'
[1.927s] Level 1:colcon.colcon_core.environment:checking '/home/iclab/Desktop/ros2/src/install/web_video_server/bin'
[1.927s] Level 1:colcon.colcon_core.environment:checking '/home/iclab/Desktop/ros2/src/install/web_video_server/lib/pkgconfig/web_video_server.pc'
[1.928s] Level 1:colcon.colcon_core.environment:checking '/home/iclab/Desktop/ros2/src/install/web_video_server/lib/python3.10/site-packages'
[1.928s] Level 1:colcon.colcon_core.environment:checking '/home/iclab/Desktop/ros2/src/install/web_video_server/bin'
[1.940s] INFO:colcon.colcon_core.shell:Creating package script '/home/iclab/Desktop/ros2/src/install/web_video_server/share/web_video_server/package.ps1'
[1.941s] INFO:colcon.colcon_core.shell:Creating package descriptor '/home/iclab/Desktop/ros2/src/install/web_video_server/share/web_video_server/package.dsv'
[1.941s] INFO:colcon.colcon_core.shell:Creating package script '/home/iclab/Desktop/ros2/src/install/web_video_server/share/web_video_server/package.sh'
[1.942s] INFO:colcon.colcon_core.shell:Creating package script '/home/iclab/Desktop/ros2/src/install/web_video_server/share/web_video_server/package.bash'
[1.942s] INFO:colcon.colcon_core.shell:Creating package script '/home/iclab/Desktop/ros2/src/install/web_video_server/share/web_video_server/package.zsh'
[1.943s] Level 1:colcon.colcon_core.environment:create_file_with_runtime_dependencies(/home/iclab/Desktop/ros2/src/install/web_video_server/share/colcon-core/packages/web_video_server)
[2.034s] Level 1:colcon.colcon_core.environment:create_environment_scripts_only(web_video_server)
[2.054s] Level 1:colcon.colcon_core.environment:checking '/home/iclab/Desktop/ros2/src/install/web_video_server' for CMake module files
[2.055s] Level 1:colcon.colcon_core.environment:checking '/home/iclab/Desktop/ros2/src/install/web_video_server' for CMake config files
[2.055s] Level 1:colcon.colcon_core.shell:create_environment_hook('web_video_server', 'cmake_prefix_path')
[2.076s] INFO:colcon.colcon_core.shell:Creating environment hook '/home/iclab/Desktop/ros2/src/install/web_video_server/share/web_video_server/hook/cmake_prefix_path.ps1'
[2.077s] INFO:colcon.colcon_core.shell:Creating environment descriptor '/home/iclab/Desktop/ros2/src/install/web_video_server/share/web_video_server/hook/cmake_prefix_path.dsv'
[2.077s] INFO:colcon.colcon_core.shell:Creating environment hook '/home/iclab/Desktop/ros2/src/install/web_video_server/share/web_video_server/hook/cmake_prefix_path.sh'
[2.077s] Level 1:colcon.colcon_core.environment:checking '/home/iclab/Desktop/ros2/src/install/web_video_server/lib'
[2.078s] Level 1:colcon.colcon_core.environment:checking '/home/iclab/Desktop/ros2/src/install/web_video_server/bin'
[2.078s] Level 1:colcon.colcon_core.environment:checking '/home/iclab/Desktop/ros2/src/install/web_video_server/lib/pkgconfig/web_video_server.pc'
[2.078s] Level 1:colcon.colcon_core.environment:checking '/home/iclab/Desktop/ros2/src/install/web_video_server/lib/python3.10/site-packages'
[2.078s] Level 1:colcon.colcon_core.environment:checking '/home/iclab/Desktop/ros2/src/install/web_video_server/bin'
[2.100s] INFO:colcon.colcon_core.shell:Creating package script '/home/iclab/Desktop/ros2/src/install/web_video_server/share/web_video_server/package.ps1'
[2.101s] INFO:colcon.colcon_core.shell:Creating package descriptor '/home/iclab/Desktop/ros2/src/install/web_video_server/share/web_video_server/package.dsv'
[2.101s] INFO:colcon.colcon_core.shell:Creating package script '/home/iclab/Desktop/ros2/src/install/web_video_server/share/web_video_server/package.sh'
[2.102s] INFO:colcon.colcon_core.shell:Creating package script '/home/iclab/Desktop/ros2/src/install/web_video_server/share/web_video_server/package.bash'
[2.102s] INFO:colcon.colcon_core.shell:Creating package script '/home/iclab/Desktop/ros2/src/install/web_video_server/share/web_video_server/package.zsh'
[2.102s] Level 1:colcon.colcon_core.environment:create_file_with_runtime_dependencies(/home/iclab/Desktop/ros2/src/install/web_video_server/share/colcon-core/packages/web_video_server)
[2.179s] DEBUG:colcon.colcon_core.event_handler.log_command:Invoking command in '/home/iclab/Desktop/ros2/src/motionpackage': BYOBU_DATE=%Y-%m-%d PYTHONPATH=/home/iclab/Desktop/ros2/src/build/motionpackage/prefix_override:/home/iclab/Desktop/ros2/src/install/motionpackage/lib/python3.10/site-packages:${PYTHONPATH} /usr/bin/python3 setup.py egg_info --egg-base ../build/motionpackage build --build-base /home/iclab/Desktop/ros2/src/build/motionpackage/build install --record /home/iclab/Desktop/ros2/src/build/motionpackage/install.log --single-version-externally-managed
[2.182s] DEBUG:colcon.colcon_core.event_handler.log_command:Invoking command in '/home/iclab/Desktop/ros2/src/imageprocess': BYOBU_DATE=%Y-%m-%d PYTHONPATH=/home/iclab/Desktop/ros2/src/build/imageprocess/prefix_override:/home/iclab/Desktop/ros2/src/install/imageprocess/lib/python3.10/site-packages:${PYTHONPATH} /usr/bin/python3 setup.py egg_info --egg-base ../build/imageprocess build --build-base /home/iclab/Desktop/ros2/src/build/imageprocess/build install --record /home/iclab/Desktop/ros2/src/build/imageprocess/install.log --single-version-externally-managed
[2.270s] DEBUG:colcon.colcon_core.event_handler.log_command:Invoking command in '/home/iclab/Desktop/ros2/src/build/tku_msgs': BYOBU_DATE=%Y-%m-%d CMAKE_PREFIX_PATH=${CMAKE_PREFIX_PATH}:/home/iclab/Desktop/ros2/src/install/tku_libs:/home/iclab/Desktop/ros2/src/install/motionpackage:/home/iclab/Desktop/ros2/src/install/imageprocess:/home/iclab/Desktop/ros2/install/tku_libs:/home/iclab/Desktop/ros2/install/motionpackage:/opt/ros/humble /usr/bin/cmake --install /home/iclab/Desktop/ros2/src/build/tku_msgs
[2.334s] Level 1:colcon.colcon_core.environment:create_environment_scripts_only(tku_msgs)
[2.335s] DEBUG:colcon.colcon_core.event_handler.log_command:Invoked command in '/home/iclab/Desktop/ros2/src/build/tku_msgs' returned '0': BYOBU_DATE=%Y-%m-%d CMAKE_PREFIX_PATH=${CMAKE_PREFIX_PATH}:/home/iclab/Desktop/ros2/src/install/tku_libs:/home/iclab/Desktop/ros2/src/install/motionpackage:/home/iclab/Desktop/ros2/src/install/imageprocess:/home/iclab/Desktop/ros2/install/tku_libs:/home/iclab/Desktop/ros2/install/motionpackage:/opt/ros/humble /usr/bin/cmake --install /home/iclab/Desktop/ros2/src/build/tku_msgs
[2.355s] Level 1:colcon.colcon_core.environment:checking '/home/iclab/Desktop/ros2/src/install/tku_msgs' for CMake module files
[2.355s] Level 1:colcon.colcon_core.environment:checking '/home/iclab/Desktop/ros2/src/install/tku_msgs' for CMake config files
[2.356s] Level 1:colcon.colcon_core.shell:create_environment_hook('tku_msgs', 'cmake_prefix_path')
[2.373s] INFO:colcon.colcon_core.shell:Creating environment hook '/home/iclab/Desktop/ros2/src/install/tku_msgs/share/tku_msgs/hook/cmake_prefix_path.ps1'
[2.374s] INFO:colcon.colcon_core.shell:Creating environment descriptor '/home/iclab/Desktop/ros2/src/install/tku_msgs/share/tku_msgs/hook/cmake_prefix_path.dsv'
[2.374s] INFO:colcon.colcon_core.shell:Creating environment hook '/home/iclab/Desktop/ros2/src/install/tku_msgs/share/tku_msgs/hook/cmake_prefix_path.sh'
[2.374s] Level 1:colcon.colcon_core.environment:checking '/home/iclab/Desktop/ros2/src/install/tku_msgs/lib'
[2.374s] Level 1:colcon.colcon_core.shell:create_environment_hook('tku_msgs', 'ld_library_path_lib')
[2.387s] INFO:colcon.colcon_core.shell:Creating environment hook '/home/iclab/Desktop/ros2/src/install/tku_msgs/share/tku_msgs/hook/ld_library_path_lib.ps1'
[2.388s] INFO:colcon.colcon_core.shell:Creating environment descriptor '/home/iclab/Desktop/ros2/src/install/tku_msgs/share/tku_msgs/hook/ld_library_path_lib.dsv'
[2.388s] INFO:colcon.colcon_core.shell:Creating environment hook '/home/iclab/Desktop/ros2/src/install/tku_msgs/share/tku_msgs/hook/ld_library_path_lib.sh'
[2.388s] Level 1:colcon.colcon_core.environment:checking '/home/iclab/Desktop/ros2/src/install/tku_msgs/bin'
[2.388s] Level 1:colcon.colcon_core.environment:checking '/home/iclab/Desktop/ros2/src/install/tku_msgs/lib/pkgconfig/tku_msgs.pc'
[2.389s] Level 1:colcon.colcon_core.environment:checking '/home/iclab/Desktop/ros2/src/install/tku_msgs/lib/python3.10/site-packages'
[2.389s] Level 1:colcon.colcon_core.environment:checking '/home/iclab/Desktop/ros2/src/install/tku_msgs/bin'
[2.403s] INFO:colcon.colcon_core.shell:Creating package script '/home/iclab/Desktop/ros2/src/install/tku_msgs/share/tku_msgs/package.ps1'
[2.404s] INFO:colcon.colcon_core.shell:Creating package descriptor '/home/iclab/Desktop/ros2/src/install/tku_msgs/share/tku_msgs/package.dsv'
[2.404s] INFO:colcon.colcon_core.shell:Creating package script '/home/iclab/Desktop/ros2/src/install/tku_msgs/share/tku_msgs/package.sh'
[2.404s] INFO:colcon.colcon_core.shell:Creating package script '/home/iclab/Desktop/ros2/src/install/tku_msgs/share/tku_msgs/package.bash'
[2.405s] INFO:colcon.colcon_core.shell:Creating package script '/home/iclab/Desktop/ros2/src/install/tku_msgs/share/tku_msgs/package.zsh'
[2.405s] Level 1:colcon.colcon_core.environment:create_file_with_runtime_dependencies(/home/iclab/Desktop/ros2/src/install/tku_msgs/share/colcon-core/packages/tku_msgs)
[2.473s] DEBUG:colcon.colcon_core.event_handler.log_command:Invoked command in '/home/iclab/Desktop/ros2/src/motionpackage' returned '0': BYOBU_DATE=%Y-%m-%d PYTHONPATH=/home/iclab/Desktop/ros2/src/build/motionpackage/prefix_override:/home/iclab/Desktop/ros2/src/install/motionpackage/lib/python3.10/site-packages:${PYTHONPATH} /usr/bin/python3 setup.py egg_info --egg-base ../build/motionpackage build --build-base /home/iclab/Desktop/ros2/src/build/motionpackage/build install --record /home/iclab/Desktop/ros2/src/build/motionpackage/install.log --single-version-externally-managed
[2.484s] Level 1:colcon.colcon_core.environment:checking '/home/iclab/Desktop/ros2/src/install/motionpackage' for CMake module files
[2.484s] Level 1:colcon.colcon_core.environment:checking '/home/iclab/Desktop/ros2/src/install/motionpackage' for CMake config files
[2.485s] Level 1:colcon.colcon_core.environment:checking '/home/iclab/Desktop/ros2/src/install/motionpackage/lib'
[2.485s] Level 1:colcon.colcon_core.environment:checking '/home/iclab/Desktop/ros2/src/install/motionpackage/bin'
[2.485s] Level 1:colcon.colcon_core.environment:checking '/home/iclab/Desktop/ros2/src/install/motionpackage/lib/pkgconfig/motionpackage.pc'
[2.485s] Level 1:colcon.colcon_core.environment:checking '/home/iclab/Desktop/ros2/src/install/motionpackage/lib/python3.10/site-packages'
[2.485s] Level 1:colcon.colcon_core.shell:create_environment_hook('motionpackage', 'pythonpath')
[2.496s] INFO:colcon.colcon_core.shell:Creating environment hook '/home/iclab/Desktop/ros2/src/install/motionpackage/share/motionpackage/hook/pythonpath.ps1'
[2.496s] INFO:colcon.colcon_core.shell:Creating environment descriptor '/home/iclab/Desktop/ros2/src/install/motionpackage/share/motionpackage/hook/pythonpath.dsv'
[2.496s] INFO:colcon.colcon_core.shell:Creating environment hook '/home/iclab/Desktop/ros2/src/install/motionpackage/share/motionpackage/hook/pythonpath.sh'
[2.497s] Level 1:colcon.colcon_core.environment:checking '/home/iclab/Desktop/ros2/src/install/motionpackage/bin'
[2.497s] Level 1:colcon.colcon_core.environment:create_environment_scripts_only(motionpackage)
[2.507s] INFO:colcon.colcon_core.shell:Creating package script '/home/iclab/Desktop/ros2/src/install/motionpackage/share/motionpackage/package.ps1'
[2.508s] INFO:colcon.colcon_core.shell:Creating package descriptor '/home/iclab/Desktop/ros2/src/install/motionpackage/share/motionpackage/package.dsv'
[2.508s] INFO:colcon.colcon_core.shell:Creating package script '/home/iclab/Desktop/ros2/src/install/motionpackage/share/motionpackage/package.sh'
[2.508s] INFO:colcon.colcon_core.shell:Creating package script '/home/iclab/Desktop/ros2/src/install/motionpackage/share/motionpackage/package.bash'
[2.508s] INFO:colcon.colcon_core.shell:Creating package script '/home/iclab/Desktop/ros2/src/install/motionpackage/share/motionpackage/package.zsh'
[2.508s] Level 1:colcon.colcon_core.environment:create_file_with_runtime_dependencies(/home/iclab/Desktop/ros2/src/install/motionpackage/share/colcon-core/packages/motionpackage)
[2.510s] DEBUG:colcon.colcon_core.event_handler.log_command:Invoked command in '/home/iclab/Desktop/ros2/src/imageprocess' returned '0': BYOBU_DATE=%Y-%m-%d PYTHONPATH=/home/iclab/Desktop/ros2/src/build/imageprocess/prefix_override:/home/iclab/Desktop/ros2/src/install/imageprocess/lib/python3.10/site-packages:${PYTHONPATH} /usr/bin/python3 setup.py egg_info --egg-base ../build/imageprocess build --build-base /home/iclab/Desktop/ros2/src/build/imageprocess/build install --record /home/iclab/Desktop/ros2/src/build/imageprocess/install.log --single-version-externally-managed
[2.521s] Level 1:colcon.colcon_core.environment:checking '/home/iclab/Desktop/ros2/src/install/imageprocess' for CMake module files
[2.521s] Level 1:colcon.colcon_core.environment:checking '/home/iclab/Desktop/ros2/src/install/imageprocess' for CMake config files
[2.521s] Level 1:colcon.colcon_core.environment:checking '/home/iclab/Desktop/ros2/src/install/imageprocess/lib'
[2.521s] Level 1:colcon.colcon_core.environment:checking '/home/iclab/Desktop/ros2/src/install/imageprocess/bin'
[2.522s] Level 1:colcon.colcon_core.environment:checking '/home/iclab/Desktop/ros2/src/install/imageprocess/lib/pkgconfig/imageprocess.pc'
[2.522s] Level 1:colcon.colcon_core.environment:checking '/home/iclab/Desktop/ros2/src/install/imageprocess/lib/python3.10/site-packages'
[2.522s] Level 1:colcon.colcon_core.shell:create_environment_hook('imageprocess', 'pythonpath')
[2.533s] INFO:colcon.colcon_core.shell:Creating environment hook '/home/iclab/Desktop/ros2/src/install/imageprocess/share/imageprocess/hook/pythonpath.ps1'
[2.533s] INFO:colcon.colcon_core.shell:Creating environment descriptor '/home/iclab/Desktop/ros2/src/install/imageprocess/share/imageprocess/hook/pythonpath.dsv'
[2.533s] INFO:colcon.colcon_core.shell:Creating environment hook '/home/iclab/Desktop/ros2/src/install/imageprocess/share/imageprocess/hook/pythonpath.sh'
[2.534s] Level 1:colcon.colcon_core.environment:checking '/home/iclab/Desktop/ros2/src/install/imageprocess/bin'
[2.534s] Level 1:colcon.colcon_core.environment:create_environment_scripts_only(imageprocess)
[2.545s] INFO:colcon.colcon_core.shell:Creating package script '/home/iclab/Desktop/ros2/src/install/imageprocess/share/imageprocess/package.ps1'
[2.545s] INFO:colcon.colcon_core.shell:Creating package descriptor '/home/iclab/Desktop/ros2/src/install/imageprocess/share/imageprocess/package.dsv'
[2.545s] INFO:colcon.colcon_core.shell:Creating package script '/home/iclab/Desktop/ros2/src/install/imageprocess/share/imageprocess/package.sh'
[2.545s] INFO:colcon.colcon_core.shell:Creating package script '/home/iclab/Desktop/ros2/src/install/imageprocess/share/imageprocess/package.bash'
[2.546s] INFO:colcon.colcon_core.shell:Creating package script '/home/iclab/Desktop/ros2/src/install/imageprocess/share/imageprocess/package.zsh'
[2.546s] Level 1:colcon.colcon_core.environment:create_file_with_runtime_dependencies(/home/iclab/Desktop/ros2/src/install/imageprocess/share/colcon-core/packages/imageprocess)
[2.816s] Level 1:colcon.colcon_core.environment:create_environment_scripts_only(tku_msgs)
[2.827s] Level 1:colcon.colcon_core.environment:checking '/home/iclab/Desktop/ros2/src/install/tku_msgs' for CMake module files
[2.828s] Level 1:colcon.colcon_core.environment:checking '/home/iclab/Desktop/ros2/src/install/tku_msgs' for CMake config files
[2.828s] Level 1:colcon.colcon_core.shell:create_environment_hook('tku_msgs', 'cmake_prefix_path')
[2.838s] INFO:colcon.colcon_core.shell:Creating environment hook '/home/iclab/Desktop/ros2/src/install/tku_msgs/share/tku_msgs/hook/cmake_prefix_path.ps1'
[2.838s] INFO:colcon.colcon_core.shell:Creating environment descriptor '/home/iclab/Desktop/ros2/src/install/tku_msgs/share/tku_msgs/hook/cmake_prefix_path.dsv'
[2.838s] INFO:colcon.colcon_core.shell:Creating environment hook '/home/iclab/Desktop/ros2/src/install/tku_msgs/share/tku_msgs/hook/cmake_prefix_path.sh'
[2.839s] Level 1:colcon.colcon_core.environment:checking '/home/iclab/Desktop/ros2/src/install/tku_msgs/lib'
[2.839s] Level 1:colcon.colcon_core.shell:create_environment_hook('tku_msgs', 'ld_library_path_lib')
[2.848s] INFO:colcon.colcon_core.shell:Creating environment hook '/home/iclab/Desktop/ros2/src/install/tku_msgs/share/tku_msgs/hook/ld_library_path_lib.ps1'
[2.848s] INFO:colcon.colcon_core.shell:Creating environment descriptor '/home/iclab/Desktop/ros2/src/install/tku_msgs/share/tku_msgs/hook/ld_library_path_lib.dsv'
[2.849s] INFO:colcon.colcon_core.shell:Creating environment hook '/home/iclab/Desktop/ros2/src/install/tku_msgs/share/tku_msgs/hook/ld_library_path_lib.sh'
[2.849s] Level 1:colcon.colcon_core.environment:checking '/home/iclab/Desktop/ros2/src/install/tku_msgs/bin'
[2.849s] Level 1:colcon.colcon_core.environment:checking '/home/iclab/Desktop/ros2/src/install/tku_msgs/lib/pkgconfig/tku_msgs.pc'
[2.849s] Level 1:colcon.colcon_core.environment:checking '/home/iclab/Desktop/ros2/src/install/tku_msgs/lib/python3.10/site-packages'
[2.849s] Level 1:colcon.colcon_core.environment:checking '/home/iclab/Desktop/ros2/src/install/tku_msgs/bin'
[2.859s] INFO:colcon.colcon_core.shell:Creating package script '/home/iclab/Desktop/ros2/src/install/tku_msgs/share/tku_msgs/package.ps1'
[2.859s] INFO:colcon.colcon_core.shell:Creating package descriptor '/home/iclab/Desktop/ros2/src/install/tku_msgs/share/tku_msgs/package.dsv'
[2.859s] INFO:colcon.colcon_core.shell:Creating package script '/home/iclab/Desktop/ros2/src/install/tku_msgs/share/tku_msgs/package.sh'
[2.859s] INFO:colcon.colcon_core.shell:Creating package script '/home/iclab/Desktop/ros2/src/install/tku_msgs/share/tku_msgs/package.bash'
[2.860s] INFO:colcon.colcon_core.shell:Creating package script '/home/iclab/Desktop/ros2/src/install/tku_msgs/share/tku_msgs/package.zsh'
[2.860s] Level 1:colcon.colcon_core.environment:create_file_with_runtime_dependencies(/home/iclab/Desktop/ros2/src/install/tku_msgs/share/colcon-core/packages/tku_msgs)
[2.860s] INFO:colcon.colcon_ros.task.ament_python.build:Building ROS package in '/home/iclab/Desktop/ros2/src/tku_libs' with build type 'ament_python'
[2.860s] Level 1:colcon.colcon_core.shell:create_environment_hook('tku_libs', 'ament_prefix_path')
[2.871s] INFO:colcon.colcon_core.shell:Creating environment hook '/home/iclab/Desktop/ros2/src/install/tku_libs/share/tku_libs/hook/ament_prefix_path.ps1'
[2.871s] INFO:colcon.colcon_core.shell:Creating environment descriptor '/home/iclab/Desktop/ros2/src/install/tku_libs/share/tku_libs/hook/ament_prefix_path.dsv'
[2.871s] INFO:colcon.colcon_core.shell:Creating environment hook '/home/iclab/Desktop/ros2/src/install/tku_libs/share/tku_libs/hook/ament_prefix_path.sh'
[2.881s] INFO:colcon.colcon_core.shell:Skip shell extension 'powershell' for command environment: Not usable outside of PowerShell
[2.881s] DEBUG:colcon.colcon_core.shell:Skip shell extension 'dsv' for command environment
[2.923s] INFO:colcon.colcon_ros.task.ament_cmake.build:Building ROS package in '/home/iclab/Desktop/ros2/src/usb_cam' with build type 'ament_cmake'
[2.924s] INFO:colcon.colcon_cmake.task.cmake.build:Building CMake package in '/home/iclab/Desktop/ros2/src/usb_cam'
[2.934s] INFO:colcon.colcon_core.shell:Skip shell extension 'powershell' for command environment: Not usable outside of PowerShell
[2.934s] DEBUG:colcon.colcon_core.shell:Skip shell extension 'dsv' for command environment
[3.170s] INFO:colcon.colcon_core.task.python.build:Building Python package in '/home/iclab/Desktop/ros2/src/tku_libs'
[3.184s] INFO:colcon.colcon_core.shell:Skip shell extension 'powershell' for command environment: Not usable outside of PowerShell
[3.184s] DEBUG:colcon.colcon_core.shell:Skip shell extension 'dsv' for command environment
[3.239s] DEBUG:colcon.colcon_core.event_handler.log_command:Invoking command in '/home/iclab/Desktop/ros2/src/build/usb_cam': BYOBU_DATE=%Y-%m-%d CMAKE_PREFIX_PATH=/home/iclab/Desktop/ros2/src/install/tku_msgs:/home/iclab/Desktop/ros2/src/install/web_video_server:/home/iclab/Desktop/ros2/src/install/usb_cam:/home/iclab/Desktop/ros2/install/web_video_server:/home/iclab/Desktop/ros2/install/usb_cam:/home/iclab/Desktop/ros2/install/tku_msgs:/home/iclab/Desktop/ros2/install/serial:/home/iclab/Desktop/ros2/src/install/tku_libs:/home/iclab/Desktop/ros2/src/install/motionpackage:/home/iclab/Desktop/ros2/src/install/imageprocess:/home/iclab/Desktop/ros2/install/tku_libs:/home/iclab/Desktop/ros2/install/motionpackage:/opt/ros/humble LD_LIBRARY_PATH=/home/iclab/Desktop/ros2/src/install/tku_msgs/lib:/home/iclab/Desktop/ros2/src/install/usb_cam/lib:/home/iclab/Desktop/ros2/install/usb_cam/lib:/home/iclab/Desktop/ros2/install/tku_msgs/lib:/opt/ros/humble/opt/rviz_ogre_vendor/lib:/opt/ros/humble/lib/x86_64-linux-gnu:/opt/ros/humble/lib /usr/bin/cmake --build /home/iclab/Desktop/ros2/src/build/usb_cam -- -j8 -l8
[3.346s] DEBUG:colcon.colcon_core.event_handler.log_command:Invoked command in '/home/iclab/Desktop/ros2/src/build/usb_cam' returned '0': BYOBU_DATE=%Y-%m-%d CMAKE_PREFIX_PATH=/home/iclab/Desktop/ros2/src/install/tku_msgs:/home/iclab/Desktop/ros2/src/install/web_video_server:/home/iclab/Desktop/ros2/src/install/usb_cam:/home/iclab/Desktop/ros2/install/web_video_server:/home/iclab/Desktop/ros2/install/usb_cam:/home/iclab/Desktop/ros2/install/tku_msgs:/home/iclab/Desktop/ros2/install/serial:/home/iclab/Desktop/ros2/src/install/tku_libs:/home/iclab/Desktop/ros2/src/install/motionpackage:/home/iclab/Desktop/ros2/src/install/imageprocess:/home/iclab/Desktop/ros2/install/tku_libs:/home/iclab/Desktop/ros2/install/motionpackage:/opt/ros/humble LD_LIBRARY_PATH=/home/iclab/Desktop/ros2/src/install/tku_msgs/lib:/home/iclab/Desktop/ros2/src/install/usb_cam/lib:/home/iclab/Desktop/ros2/install/usb_cam/lib:/home/iclab/Desktop/ros2/install/tku_msgs/lib:/opt/ros/humble/opt/rviz_ogre_vendor/lib:/opt/ros/humble/lib/x86_64-linux-gnu:/opt/ros/humble/lib /usr/bin/cmake --build /home/iclab/Desktop/ros2/src/build/usb_cam -- -j8 -l8
[3.393s] DEBUG:colcon.colcon_core.event_handler.log_command:Invoking command in '/home/iclab/Desktop/ros2/src/build/usb_cam': BYOBU_DATE=%Y-%m-%d CMAKE_PREFIX_PATH=/home/iclab/Desktop/ros2/src/install/tku_msgs:/home/iclab/Desktop/ros2/src/install/web_video_server:/home/iclab/Desktop/ros2/src/install/usb_cam:/home/iclab/Desktop/ros2/install/web_video_server:/home/iclab/Desktop/ros2/install/usb_cam:/home/iclab/Desktop/ros2/install/tku_msgs:/home/iclab/Desktop/ros2/install/serial:/home/iclab/Desktop/ros2/src/install/tku_libs:/home/iclab/Desktop/ros2/src/install/motionpackage:/home/iclab/Desktop/ros2/src/install/imageprocess:/home/iclab/Desktop/ros2/install/tku_libs:/home/iclab/Desktop/ros2/install/motionpackage:/opt/ros/humble LD_LIBRARY_PATH=/home/iclab/Desktop/ros2/src/install/tku_msgs/lib:/home/iclab/Desktop/ros2/src/install/usb_cam/lib:/home/iclab/Desktop/ros2/install/usb_cam/lib:/home/iclab/Desktop/ros2/install/tku_msgs/lib:/opt/ros/humble/opt/rviz_ogre_vendor/lib:/opt/ros/humble/lib/x86_64-linux-gnu:/opt/ros/humble/lib /usr/bin/cmake --install /home/iclab/Desktop/ros2/src/build/usb_cam
[3.408s] Level 1:colcon.colcon_core.environment:create_environment_scripts_only(usb_cam)
[3.419s] DEBUG:colcon.colcon_core.event_handler.log_command:Invoked command in '/home/iclab/Desktop/ros2/src/build/usb_cam' returned '0': BYOBU_DATE=%Y-%m-%d CMAKE_PREFIX_PATH=/home/iclab/Desktop/ros2/src/install/tku_msgs:/home/iclab/Desktop/ros2/src/install/web_video_server:/home/iclab/Desktop/ros2/src/install/usb_cam:/home/iclab/Desktop/ros2/install/web_video_server:/home/iclab/Desktop/ros2/install/usb_cam:/home/iclab/Desktop/ros2/install/tku_msgs:/home/iclab/Desktop/ros2/install/serial:/home/iclab/Desktop/ros2/src/install/tku_libs:/home/iclab/Desktop/ros2/src/install/motionpackage:/home/iclab/Desktop/ros2/src/install/imageprocess:/home/iclab/Desktop/ros2/install/tku_libs:/home/iclab/Desktop/ros2/install/motionpackage:/opt/ros/humble LD_LIBRARY_PATH=/home/iclab/Desktop/ros2/src/install/tku_msgs/lib:/home/iclab/Desktop/ros2/src/install/usb_cam/lib:/home/iclab/Desktop/ros2/install/usb_cam/lib:/home/iclab/Desktop/ros2/install/tku_msgs/lib:/opt/ros/humble/opt/rviz_ogre_vendor/lib:/opt/ros/humble/lib/x86_64-linux-gnu:/opt/ros/humble/lib /usr/bin/cmake --install /home/iclab/Desktop/ros2/src/build/usb_cam
[3.424s] Level 1:colcon.colcon_core.environment:checking '/home/iclab/Desktop/ros2/src/install/usb_cam' for CMake module files
[3.425s] Level 1:colcon.colcon_core.environment:checking '/home/iclab/Desktop/ros2/src/install/usb_cam' for CMake config files
[3.425s] Level 1:colcon.colcon_core.shell:create_environment_hook('usb_cam', 'cmake_prefix_path')
[3.436s] INFO:colcon.colcon_core.shell:Creating environment hook '/home/iclab/Desktop/ros2/src/install/usb_cam/share/usb_cam/hook/cmake_prefix_path.ps1'
[3.436s] INFO:colcon.colcon_core.shell:Creating environment descriptor '/home/iclab/Desktop/ros2/src/install/usb_cam/share/usb_cam/hook/cmake_prefix_path.dsv'
[3.437s] INFO:colcon.colcon_core.shell:Creating environment hook '/home/iclab/Desktop/ros2/src/install/usb_cam/share/usb_cam/hook/cmake_prefix_path.sh'
[3.437s] Level 1:colcon.colcon_core.environment:checking '/home/iclab/Desktop/ros2/src/install/usb_cam/lib'
[3.437s] Level 1:colcon.colcon_core.shell:create_environment_hook('usb_cam', 'ld_library_path_lib')
[3.449s] INFO:colcon.colcon_core.shell:Creating environment hook '/home/iclab/Desktop/ros2/src/install/usb_cam/share/usb_cam/hook/ld_library_path_lib.ps1'
[3.450s] INFO:colcon.colcon_core.shell:Creating environment descriptor '/home/iclab/Desktop/ros2/src/install/usb_cam/share/usb_cam/hook/ld_library_path_lib.dsv'
[3.450s] INFO:colcon.colcon_core.shell:Creating environment hook '/home/iclab/Desktop/ros2/src/install/usb_cam/share/usb_cam/hook/ld_library_path_lib.sh'
[3.450s] Level 1:colcon.colcon_core.environment:checking '/home/iclab/Desktop/ros2/src/install/usb_cam/bin'
[3.450s] Level 1:colcon.colcon_core.environment:checking '/home/iclab/Desktop/ros2/src/install/usb_cam/lib/pkgconfig/usb_cam.pc'
[3.451s] Level 1:colcon.colcon_core.environment:checking '/home/iclab/Desktop/ros2/src/install/usb_cam/lib/python3.10/site-packages'
[3.451s] Level 1:colcon.colcon_core.environment:checking '/home/iclab/Desktop/ros2/src/install/usb_cam/bin'
[3.463s] INFO:colcon.colcon_core.shell:Creating package script '/home/iclab/Desktop/ros2/src/install/usb_cam/share/usb_cam/package.ps1'
[3.463s] INFO:colcon.colcon_core.shell:Creating package descriptor '/home/iclab/Desktop/ros2/src/install/usb_cam/share/usb_cam/package.dsv'
[3.464s] INFO:colcon.colcon_core.shell:Creating package script '/home/iclab/Desktop/ros2/src/install/usb_cam/share/usb_cam/package.sh'
[3.464s] INFO:colcon.colcon_core.shell:Creating package script '/home/iclab/Desktop/ros2/src/install/usb_cam/share/usb_cam/package.bash'
[3.464s] INFO:colcon.colcon_core.shell:Creating package script '/home/iclab/Desktop/ros2/src/install/usb_cam/share/usb_cam/package.zsh'
[3.465s] Level 1:colcon.colcon_core.environment:create_file_with_runtime_dependencies(/home/iclab/Desktop/ros2/src/install/usb_cam/share/colcon-core/packages/usb_cam)
[3.514s] Level 1:colcon.colcon_core.environment:create_environment_scripts_only(usb_cam)
[3.531s] Level 1:colcon.colcon_core.environment:checking '/home/iclab/Desktop/ros2/src/install/usb_cam' for CMake module files
[3.531s] Level 1:colcon.colcon_core.environment:checking '/home/iclab/Desktop/ros2/src/install/usb_cam' for CMake config files
[3.531s] Level 1:colcon.colcon_core.shell:create_environment_hook('usb_cam', 'cmake_prefix_path')
[3.543s] INFO:colcon.colcon_core.shell:Creating environment hook '/home/iclab/Desktop/ros2/src/install/usb_cam/share/usb_cam/hook/cmake_prefix_path.ps1'
[3.544s] INFO:colcon.colcon_core.shell:Creating environment descriptor '/home/iclab/Desktop/ros2/src/install/usb_cam/share/usb_cam/hook/cmake_prefix_path.dsv'
[3.544s] INFO:colcon.colcon_core.shell:Creating environment hook '/home/iclab/Desktop/ros2/src/install/usb_cam/share/usb_cam/hook/cmake_prefix_path.sh'
[3.544s] Level 1:colcon.colcon_core.environment:checking '/home/iclab/Desktop/ros2/src/install/usb_cam/lib'
[3.544s] Level 1:colcon.colcon_core.shell:create_environment_hook('usb_cam', 'ld_library_path_lib')
[3.555s] INFO:colcon.colcon_core.shell:Creating environment hook '/home/iclab/Desktop/ros2/src/install/usb_cam/share/usb_cam/hook/ld_library_path_lib.ps1'
[3.556s] INFO:colcon.colcon_core.shell:Creating environment descriptor '/home/iclab/Desktop/ros2/src/install/usb_cam/share/usb_cam/hook/ld_library_path_lib.dsv'
[3.556s] INFO:colcon.colcon_core.shell:Creating environment hook '/home/iclab/Desktop/ros2/src/install/usb_cam/share/usb_cam/hook/ld_library_path_lib.sh'
[3.556s] Level 1:colcon.colcon_core.environment:checking '/home/iclab/Desktop/ros2/src/install/usb_cam/bin'
[3.556s] Level 1:colcon.colcon_core.environment:checking '/home/iclab/Desktop/ros2/src/install/usb_cam/lib/pkgconfig/usb_cam.pc'
[3.556s] Level 1:colcon.colcon_core.environment:checking '/home/iclab/Desktop/ros2/src/install/usb_cam/lib/python3.10/site-packages'
[3.556s] Level 1:colcon.colcon_core.environment:checking '/home/iclab/Desktop/ros2/src/install/usb_cam/bin'
[3.568s] INFO:colcon.colcon_core.shell:Creating package script '/home/iclab/Desktop/ros2/src/install/usb_cam/share/usb_cam/package.ps1'
[3.568s] INFO:colcon.colcon_core.shell:Creating package descriptor '/home/iclab/Desktop/ros2/src/install/usb_cam/share/usb_cam/package.dsv'
[3.569s] INFO:colcon.colcon_core.shell:Creating package script '/home/iclab/Desktop/ros2/src/install/usb_cam/share/usb_cam/package.sh'
[3.569s] INFO:colcon.colcon_core.shell:Creating package script '/home/iclab/Desktop/ros2/src/install/usb_cam/share/usb_cam/package.bash'
[3.569s] INFO:colcon.colcon_core.shell:Creating package script '/home/iclab/Desktop/ros2/src/install/usb_cam/share/usb_cam/package.zsh'
[3.569s] Level 1:colcon.colcon_core.environment:create_file_with_runtime_dependencies(/home/iclab/Desktop/ros2/src/install/usb_cam/share/colcon-core/packages/usb_cam)
[3.691s] DEBUG:colcon.colcon_core.event_handler.log_command:Invoking command in '/home/iclab/Desktop/ros2/src/tku_libs': BYOBU_DATE=%Y-%m-%d CMAKE_PREFIX_PATH=/home/iclab/Desktop/ros2/src/install/tku_msgs:/home/iclab/Desktop/ros2/src/install/web_video_server:/home/iclab/Desktop/ros2/src/install/usb_cam:/home/iclab/Desktop/ros2/install/web_video_server:/home/iclab/Desktop/ros2/install/usb_cam:/home/iclab/Desktop/ros2/install/tku_msgs:/home/iclab/Desktop/ros2/install/serial LD_LIBRARY_PATH=/home/iclab/Desktop/ros2/src/install/tku_msgs/lib:/home/iclab/Desktop/ros2/src/install/usb_cam/lib:/home/iclab/Desktop/ros2/install/usb_cam/lib:/home/iclab/Desktop/ros2/install/tku_msgs/lib:/opt/ros/humble/opt/rviz_ogre_vendor/lib:/opt/ros/humble/lib/x86_64-linux-gnu:/opt/ros/humble/lib PYTHONPATH=/home/iclab/Desktop/ros2/src/build/tku_libs/prefix_override:/home/iclab/Desktop/ros2/src/install/tku_libs/lib/python3.10/site-packages:${PYTHONPATH} /usr/bin/python3 setup.py egg_info --egg-base ../build/tku_libs build --build-base /home/iclab/Desktop/ros2/src/build/tku_libs/build install --record /home/iclab/Desktop/ros2/src/build/tku_libs/install.log --single-version-externally-managed
[3.943s] DEBUG:colcon.colcon_core.event_handler.log_command:Invoked command in '/home/iclab/Desktop/ros2/src/tku_libs' returned '0': BYOBU_DATE=%Y-%m-%d CMAKE_PREFIX_PATH=/home/iclab/Desktop/ros2/src/install/tku_msgs:/home/iclab/Desktop/ros2/src/install/web_video_server:/home/iclab/Desktop/ros2/src/install/usb_cam:/home/iclab/Desktop/ros2/install/web_video_server:/home/iclab/Desktop/ros2/install/usb_cam:/home/iclab/Desktop/ros2/install/tku_msgs:/home/iclab/Desktop/ros2/install/serial LD_LIBRARY_PATH=/home/iclab/Desktop/ros2/src/install/tku_msgs/lib:/home/iclab/Desktop/ros2/src/install/usb_cam/lib:/home/iclab/Desktop/ros2/install/usb_cam/lib:/home/iclab/Desktop/ros2/install/tku_msgs/lib:/opt/ros/humble/opt/rviz_ogre_vendor/lib:/opt/ros/humble/lib/x86_64-linux-gnu:/opt/ros/humble/lib PYTHONPATH=/home/iclab/Desktop/ros2/src/build/tku_libs/prefix_override:/home/iclab/Desktop/ros2/src/install/tku_libs/lib/python3.10/site-packages:${PYTHONPATH} /usr/bin/python3 setup.py egg_info --egg-base ../build/tku_libs build --build-base /home/iclab/Desktop/ros2/src/build/tku_libs/build install --record /home/iclab/Desktop/ros2/src/build/tku_libs/install.log --single-version-externally-managed
[3.954s] Level 1:colcon.colcon_core.environment:checking '/home/iclab/Desktop/ros2/src/install/tku_libs' for CMake module files
[3.955s] Level 1:colcon.colcon_core.environment:checking '/home/iclab/Desktop/ros2/src/install/tku_libs' for CMake config files
[3.955s] Level 1:colcon.colcon_core.environment:checking '/home/iclab/Desktop/ros2/src/install/tku_libs/lib'
[3.955s] Level 1:colcon.colcon_core.environment:checking '/home/iclab/Desktop/ros2/src/install/tku_libs/bin'
[3.955s] Level 1:colcon.colcon_core.environment:checking '/home/iclab/Desktop/ros2/src/install/tku_libs/lib/pkgconfig/tku_libs.pc'
[3.955s] Level 1:colcon.colcon_core.environment:checking '/home/iclab/Desktop/ros2/src/install/tku_libs/lib/python3.10/site-packages'
[3.955s] Level 1:colcon.colcon_core.shell:create_environment_hook('tku_libs', 'pythonpath')
[3.966s] INFO:colcon.colcon_core.shell:Creating environment hook '/home/iclab/Desktop/ros2/src/install/tku_libs/share/tku_libs/hook/pythonpath.ps1'
[3.967s] INFO:colcon.colcon_core.shell:Creating environment descriptor '/home/iclab/Desktop/ros2/src/install/tku_libs/share/tku_libs/hook/pythonpath.dsv'
[3.967s] INFO:colcon.colcon_core.shell:Creating environment hook '/home/iclab/Desktop/ros2/src/install/tku_libs/share/tku_libs/hook/pythonpath.sh'
[3.967s] Level 1:colcon.colcon_core.environment:checking '/home/iclab/Desktop/ros2/src/install/tku_libs/bin'
[3.967s] Level 1:colcon.colcon_core.environment:create_environment_scripts_only(tku_libs)
[3.979s] INFO:colcon.colcon_core.shell:Creating package script '/home/iclab/Desktop/ros2/src/install/tku_libs/share/tku_libs/package.ps1'
[3.980s] INFO:colcon.colcon_core.shell:Creating package descriptor '/home/iclab/Desktop/ros2/src/install/tku_libs/share/tku_libs/package.dsv'
[3.980s] INFO:colcon.colcon_core.shell:Creating package script '/home/iclab/Desktop/ros2/src/install/tku_libs/share/tku_libs/package.sh'
[3.980s] INFO:colcon.colcon_core.shell:Creating package script '/home/iclab/Desktop/ros2/src/install/tku_libs/share/tku_libs/package.bash'
[3.980s] INFO:colcon.colcon_core.shell:Creating package script '/home/iclab/Desktop/ros2/src/install/tku_libs/share/tku_libs/package.zsh'
[3.981s] Level 1:colcon.colcon_core.environment:create_file_with_runtime_dependencies(/home/iclab/Desktop/ros2/src/install/tku_libs/share/colcon-core/packages/tku_libs)
[3.981s] DEBUG:colcon.colcon_parallel_executor.executor.parallel:closing loop
[3.981s] DEBUG:colcon.colcon_parallel_executor.executor.parallel:loop closed
[3.981s] DEBUG:colcon.colcon_parallel_executor.executor.parallel:run_until_complete finished with '0'
[3.981s] DEBUG:colcon.colcon_core.event_reactor:joining thread
[3.997s] INFO:colcon.colcon_core.plugin_system:Skipping extension 'colcon_notification.desktop_notification.terminal_notifier': Not used on non-Darwin systems
[3.997s] INFO:colcon.colcon_core.plugin_system:Skipping extension 'colcon_notification.desktop_notification.win32': Not used on non-Windows systems
[3.997s] INFO:colcon.colcon_notification.desktop_notification:Sending desktop notification using 'notify2'
[4.005s] DEBUG:colcon.colcon_core.event_reactor:joined thread
[4.022s] INFO:colcon.colcon_core.shell:Creating prefix script '/home/iclab/Desktop/ros2/src/install/local_setup.ps1'
[4.023s] INFO:colcon.colcon_core.shell:Creating prefix util module '/home/iclab/Desktop/ros2/src/install/_local_setup_util_ps1.py'
[4.024s] INFO:colcon.colcon_core.shell:Creating prefix chain script '/home/iclab/Desktop/ros2/src/install/setup.ps1'
[4.035s] INFO:colcon.colcon_core.shell:Creating prefix script '/home/iclab/Desktop/ros2/src/install/local_setup.sh'
[4.036s] INFO:colcon.colcon_core.shell:Creating prefix util module '/home/iclab/Desktop/ros2/src/install/_local_setup_util_sh.py'
[4.036s] INFO:colcon.colcon_core.shell:Creating prefix chain script '/home/iclab/Desktop/ros2/src/install/setup.sh'
[4.048s] INFO:colcon.colcon_core.shell:Creating prefix script '/home/iclab/Desktop/ros2/src/install/local_setup.bash'
[4.048s] INFO:colcon.colcon_core.shell:Creating prefix chain script '/home/iclab/Desktop/ros2/src/install/setup.bash'
[4.060s] INFO:colcon.colcon_core.shell:Creating prefix script '/home/iclab/Desktop/ros2/src/install/local_setup.zsh'
[4.060s] INFO:colcon.colcon_core.shell:Creating prefix chain script '/home/iclab/Desktop/ros2/src/install/setup.zsh'
