[1.343s] Invoking command in '/home/iclab/Desktop/ros2/src/motionpackage': PYTHONPATH=/home/iclab/Desktop/ros2/build/motionpackage/prefix_override:/home/iclab/Desktop/ros2/install/motionpackage/lib/python3.10/site-packages:${PYTHONPATH} /usr/bin/python3 -W ignore:setup.py install is deprecated setup.py egg_info --egg-base ../../build/motionpackage build --build-base /home/iclab/Desktop/ros2/build/motionpackage/build install --record /home/iclab/Desktop/ros2/build/motionpackage/install.log --single-version-externally-managed install_data
[2.004s] running egg_info
[2.006s] writing ../../build/motionpackage/motionpackage.egg-info/PKG-INFO
[2.007s] writing dependency_links to ../../build/motionpackage/motionpackage.egg-info/dependency_links.txt
[2.008s] writing entry points to ../../build/motionpackage/motionpackage.egg-info/entry_points.txt
[2.009s] writing requirements to ../../build/motionpackage/motionpackage.egg-info/requires.txt
[2.010s] writing top-level names to ../../build/motionpackage/motionpackage.egg-info/top_level.txt
[2.013s] reading manifest file '../../build/motionpackage/motionpackage.egg-info/SOURCES.txt'
[2.015s] writing manifest file '../../build/motionpackage/motionpackage.egg-info/SOURCES.txt'
[2.016s] running build
[2.017s] running build_py
[2.017s] running install
[2.018s] running install_lib
[2.019s] running install_data
[2.019s] running install_egg_info
[2.022s] removing '/home/iclab/Desktop/ros2/install/motionpackage/lib/python3.10/site-packages/motionpackage-0.0.0-py3.10.egg-info' (and everything under it)
[2.026s] Copying ../../build/motionpackage/motionpackage.egg-info to /home/iclab/Desktop/ros2/install/motionpackage/lib/python3.10/site-packages/motionpackage-0.0.0-py3.10.egg-info
[2.031s] running install_scripts
[2.059s] Installing motion script to /home/iclab/Desktop/ros2/install/motionpackage/lib/motionpackage
[2.059s] writing list of installed files to '/home/iclab/Desktop/ros2/build/motionpackage/install.log'
[2.091s] Invoked command in '/home/iclab/Desktop/ros2/src/motionpackage' returned '0': PYTHONPATH=/home/iclab/Desktop/ros2/build/motionpackage/prefix_override:/home/iclab/Desktop/ros2/install/motionpackage/lib/python3.10/site-packages:${PYTHONPATH} /usr/bin/python3 -W ignore:setup.py install is deprecated setup.py egg_info --egg-base ../../build/motionpackage build --build-base /home/iclab/Desktop/ros2/build/motionpackage/build install --record /home/iclab/Desktop/ros2/build/motionpackage/install.log --single-version-externally-managed install_data
