[01m[K/home/iclab/Desktop/ros2/src/usb_cam/src/usb_cam_node.cpp:87:7:[m[K [01;31m[Kerror: [m[Kno declaration matches ‘[01m[Kfloat Tool::readvalue(std::fstream&, std::string, std::string, int)[m[K’
   87 | float [01;31m[KTool[m[K::readvalue(std::fstream &fin, std::string section, std::string title, int mode)
      |       [01;31m[K^~~~[m[K
In file included from [01m[K/home/iclab/Desktop/ros2/src/usb_cam/src/usb_cam_node.cpp:33[m[K:
[01m[K/home/iclab/Desktop/ros2/src/usb_cam/include/usb_cam/usb_cam_node.hpp:77:15:[m[K [01;36m[Knote: [m[Kcandidate is: ‘[01m[Kfloat Tool::readvalue(std::fstream&, std::string, int)[m[K’
   77 |         float [01;36m[Kreadvalue[m[K(std::fstream &fin, std::string title, int mode);
      |               [01;36m[K^~~~~~~~~[m[K
[01m[K/home/iclab/Desktop/ros2/src/usb_cam/include/usb_cam/usb_cam_node.hpp:71:7:[m[K [01;36m[Knote: [m[K‘[01m[Kclass Tool[m[K’ defined here
   71 | class [01;36m[KTool[m[K
      |       [01;36m[K^~~~[m[K
[01m[K/home/iclab/Desktop/ros2/src/usb_cam/src/usb_cam_node.cpp:[m[K In member function ‘[01m[Kvoid TdataUnit::LoadCameraSetFile(std::string)[m[K’:
[01m[K/home/iclab/Desktop/ros2/src/usb_cam/src/usb_cam_node.cpp:209:59:[m[K [01;31m[Kerror: [m[Kno matching function for call to ‘[01m[KToolInstance::readvalue(std::fstream&, const char [23], const char [11], int)[m[K’
  209 |         CameraParameterValue->brightness = [01;31m[Ktool->readvalue(fin, "[Camera Set Parameter]", "brightness", 0)[m[K;
      |                                            [01;31m[K~~~~~~~~~~~~~~~^~~~~~~~~~~~~~~~~~~~~~~~~~~~~~~~~~~~~~~~~~~~~~~~[m[K
In file included from [01m[K/home/iclab/Desktop/ros2/src/usb_cam/src/usb_cam_node.cpp:33[m[K:
[01m[K/home/iclab/Desktop/ros2/src/usb_cam/include/usb_cam/usb_cam_node.hpp:77:15:[m[K [01;36m[Knote: [m[Kcandidate: ‘[01m[Kfloat Tool::readvalue(std::fstream&, std::string, int)[m[K’
   77 |         float [01;36m[Kreadvalue[m[K(std::fstream &fin, std::string title, int mode);
      |               [01;36m[K^~~~~~~~~[m[K
[01m[K/home/iclab/Desktop/ros2/src/usb_cam/include/usb_cam/usb_cam_node.hpp:77:15:[m[K [01;36m[Knote: [m[K  candidate expects 3 arguments, 4 provided
[01m[K/home/iclab/Desktop/ros2/src/usb_cam/src/usb_cam_node.cpp:210:57:[m[K [01;31m[Kerror: [m[Kno matching function for call to ‘[01m[KToolInstance::readvalue(std::fstream&, const char [23], const char [9], int)[m[K’
  210 |         CameraParameterValue->contrast = [01;31m[Ktool->readvalue(fin, "[Camera Set Parameter]", "contrast", 0)[m[K;
      |                                          [01;31m[K~~~~~~~~~~~~~~~^~~~~~~~~~~~~~~~~~~~~~~~~~~~~~~~~~~~~~~~~~~~~~[m[K
In file included from [01m[K/home/iclab/Desktop/ros2/src/usb_cam/src/usb_cam_node.cpp:33[m[K:
[01m[K/home/iclab/Desktop/ros2/src/usb_cam/include/usb_cam/usb_cam_node.hpp:77:15:[m[K [01;36m[Knote: [m[Kcandidate: ‘[01m[Kfloat Tool::readvalue(std::fstream&, std::string, int)[m[K’
   77 |         float [01;36m[Kreadvalue[m[K(std::fstream &fin, std::string title, int mode);
      |               [01;36m[K^~~~~~~~~[m[K
[01m[K/home/iclab/Desktop/ros2/src/usb_cam/include/usb_cam/usb_cam_node.hpp:77:15:[m[K [01;36m[Knote: [m[K  candidate expects 3 arguments, 4 provided
[01m[K/home/iclab/Desktop/ros2/src/usb_cam/src/usb_cam_node.cpp:211:59:[m[K [01;31m[Kerror: [m[Kno matching function for call to ‘[01m[KToolInstance::readvalue(std::fstream&, const char [23], const char [11], int)[m[K’
  211 |         CameraParameterValue->saturation = [01;31m[Ktool->readvalue(fin, "[Camera Set Parameter]", "saturation", 0)[m[K;
      |                                            [01;31m[K~~~~~~~~~~~~~~~^~~~~~~~~~~~~~~~~~~~~~~~~~~~~~~~~~~~~~~~~~~~~~~~[m[K
In file included from [01m[K/home/iclab/Desktop/ros2/src/usb_cam/src/usb_cam_node.cpp:33[m[K:
[01m[K/home/iclab/Desktop/ros2/src/usb_cam/include/usb_cam/usb_cam_node.hpp:77:15:[m[K [01;36m[Knote: [m[Kcandidate: ‘[01m[Kfloat Tool::readvalue(std::fstream&, std::string, int)[m[K’
   77 |         float [01;36m[Kreadvalue[m[K(std::fstream &fin, std::string title, int mode);
      |               [01;36m[K^~~~~~~~~[m[K
[01m[K/home/iclab/Desktop/ros2/src/usb_cam/include/usb_cam/usb_cam_node.hpp:77:15:[m[K [01;36m[Knote: [m[K  candidate expects 3 arguments, 4 provided
[01m[K/home/iclab/Desktop/ros2/src/usb_cam/src/usb_cam_node.cpp:212:62:[m[K [01;31m[Kerror: [m[Kno matching function for call to ‘[01m[KToolInstance::readvalue(std::fstream&, const char [23], const char [14], int)[m[K’
  212 |         CameraParameterValue->white_balance = [01;31m[Ktool->readvalue(fin, "[Camera Set Parameter]", "white_balance", 0)[m[K;
      |                                               [01;31m[K~~~~~~~~~~~~~~~^~~~~~~~~~~~~~~~~~~~~~~~~~~~~~~~~~~~~~~~~~~~~~~~~~~[m[K
In file included from [01m[K/home/iclab/Desktop/ros2/src/usb_cam/src/usb_cam_node.cpp:33[m[K:
[01m[K/home/iclab/Desktop/ros2/src/usb_cam/include/usb_cam/usb_cam_node.hpp:77:15:[m[K [01;36m[Knote: [m[Kcandidate: ‘[01m[Kfloat Tool::readvalue(std::fstream&, std::string, int)[m[K’
   77 |         float [01;36m[Kreadvalue[m[K(std::fstream &fin, std::string title, int mode);
      |               [01;36m[K^~~~~~~~~[m[K
[01m[K/home/iclab/Desktop/ros2/src/usb_cam/include/usb_cam/usb_cam_node.hpp:77:15:[m[K [01;36m[Knote: [m[K  candidate expects 3 arguments, 4 provided
[01m[K/home/iclab/Desktop/ros2/src/usb_cam/src/usb_cam_node.cpp:213:67:[m[K [01;31m[Kerror: [m[Kno matching function for call to ‘[01m[KToolInstance::readvalue(std::fstream&, const char [23], const char [19], int)[m[K’
  213 |         CameraParameterValue->auto_white_balance = [01;31m[Ktool->readvalue(fin, "[Camera Set Parameter]", "auto_white_balance", 0)[m[K;
      |                                                    [01;31m[K~~~~~~~~~~~~~~~^~~~~~~~~~~~~~~~~~~~~~~~~~~~~~~~~~~~~~~~~~~~~~~~~~~~~~~~[m[K
In file included from [01m[K/home/iclab/Desktop/ros2/src/usb_cam/src/usb_cam_node.cpp:33[m[K:
[01m[K/home/iclab/Desktop/ros2/src/usb_cam/include/usb_cam/usb_cam_node.hpp:77:15:[m[K [01;36m[Knote: [m[Kcandidate: ‘[01m[Kfloat Tool::readvalue(std::fstream&, std::string, int)[m[K’
   77 |         float [01;36m[Kreadvalue[m[K(std::fstream &fin, std::string title, int mode);
      |               [01;36m[K^~~~~~~~~[m[K
[01m[K/home/iclab/Desktop/ros2/src/usb_cam/include/usb_cam/usb_cam_node.hpp:77:15:[m[K [01;36m[Knote: [m[K  candidate expects 3 arguments, 4 provided
[01m[K/home/iclab/Desktop/ros2/src/usb_cam/src/usb_cam_node.cpp:214:62:[m[K [01;31m[Kerror: [m[Kno matching function for call to ‘[01m[KToolInstance::readvalue(std::fstream&, const char [23], const char [14], int)[m[K’
  214 |         CameraParameterValue->auto_exposure = [01;31m[Ktool->readvalue(fin, "[Camera Set Parameter]", "auto_exposure", 0)[m[K;
      |                                               [01;31m[K~~~~~~~~~~~~~~~^~~~~~~~~~~~~~~~~~~~~~~~~~~~~~~~~~~~~~~~~~~~~~~~~~~[m[K
In file included from [01m[K/home/iclab/Desktop/ros2/src/usb_cam/src/usb_cam_node.cpp:33[m[K:
[01m[K/home/iclab/Desktop/ros2/src/usb_cam/include/usb_cam/usb_cam_node.hpp:77:15:[m[K [01;36m[Knote: [m[Kcandidate: ‘[01m[Kfloat Tool::readvalue(std::fstream&, std::string, int)[m[K’
   77 |         float [01;36m[Kreadvalue[m[K(std::fstream &fin, std::string title, int mode);
      |               [01;36m[K^~~~~~~~~[m[K
[01m[K/home/iclab/Desktop/ros2/src/usb_cam/include/usb_cam/usb_cam_node.hpp:77:15:[m[K [01;36m[Knote: [m[K  candidate expects 3 arguments, 4 provided
gmake[2]: *** [CMakeFiles/usb_cam_node.dir/build.make:76: CMakeFiles/usb_cam_node.dir/src/usb_cam_node.cpp.o] Error 1
gmake[1]: *** [CMakeFiles/Makefile2:189: CMakeFiles/usb_cam_node.dir/all] Error 2
gmake: *** [Makefile:146: all] Error 2
