[0.424s] Invoking command in '/home/iclab/Desktop/ros2/src/build/usb_cam': BYOBU_DATE=%Y-%m-%d CMAKE_PREFIX_PATH=/home/iclab/Desktop/ros2/src/install/tku_msgs:/home/iclab/Desktop/ros2/src/install/web_video_server:/home/iclab/Desktop/ros2/src/install/usb_cam:/home/iclab/Desktop/ros2/install/web_video_server:/home/iclab/Desktop/ros2/install/usb_cam:/home/iclab/Desktop/ros2/install/tku_msgs:/home/iclab/Desktop/ros2/install/serial:/home/iclab/Desktop/ros2/src/install/imageprocess:/home/iclab/Desktop/ros2/src/install/tku_libs:/home/iclab/Desktop/ros2/src/install/motionpackage:/home/iclab/Desktop/ros2/install/tku_libs:/home/iclab/Desktop/ros2/install/motionpackage:/opt/ros/humble LD_LIBRARY_PATH=/home/iclab/Desktop/ros2/src/install/tku_msgs/lib:/home/iclab/Desktop/ros2/src/install/usb_cam/lib:/home/iclab/Desktop/ros2/install/usb_cam/lib:/home/iclab/Desktop/ros2/install/tku_msgs/lib:/opt/ros/humble/opt/rviz_ogre_vendor/lib:/opt/ros/humble/lib/x86_64-linux-gnu:/opt/ros/humble/lib /usr/bin/cmake --build /home/iclab/Desktop/ros2/src/build/usb_cam -- -j8 -l8
[0.473s] [ 25%] Built target usb_cam
[0.475s] [ 37%] Built target usb_cam_node_exe
[0.475s] [ 50%] Built target gtest
[0.476s] [ 62%] Built target gtest_main
[0.489s] [35m[1mConsolidate compiler generated dependencies of target usb_cam_node[0m
[0.500s] [ 75%] Built target test_pixel_formats
[0.501s] [ 87%] Built target test_usb_cam_utils
[0.510s] [ 93%] [32mBuilding CXX object CMakeFiles/usb_cam_node.dir/src/usb_cam_node.cpp.o[0m
[2.684s] [01m[K/home/iclab/Desktop/ros2/src/usb_cam/src/usb_cam_node.cpp:87:7:[m[K [01;31m[Kerror: [m[Kno declaration matches ‘[01m[Kfloat Tool::readvalue(std::fstream&, std::string, std::string, int)[m[K’
[2.684s]    87 | float [01;31m[KTool[m[K::readvalue(std::fstream &fin, std::string section, std::string title, int mode)
[2.684s]       |       [01;31m[K^~~~[m[K
[2.684s] In file included from [01m[K/home/iclab/Desktop/ros2/src/usb_cam/src/usb_cam_node.cpp:33[m[K:
[2.684s] [01m[K/home/iclab/Desktop/ros2/src/usb_cam/include/usb_cam/usb_cam_node.hpp:77:15:[m[K [01;36m[Knote: [m[Kcandidate is: ‘[01m[Kfloat Tool::readvalue(std::fstream&, std::string, int)[m[K’
[2.684s]    77 |         float [01;36m[Kreadvalue[m[K(std::fstream &fin, std::string title, int mode);
[2.685s]       |               [01;36m[K^~~~~~~~~[m[K
[2.685s] [01m[K/home/iclab/Desktop/ros2/src/usb_cam/include/usb_cam/usb_cam_node.hpp:71:7:[m[K [01;36m[Knote: [m[K‘[01m[Kclass Tool[m[K’ defined here
[2.685s]    71 | class [01;36m[KTool[m[K
[2.685s]       |       [01;36m[K^~~~[m[K
[2.686s] [01m[K/home/iclab/Desktop/ros2/src/usb_cam/src/usb_cam_node.cpp:[m[K In member function ‘[01m[Kvoid TdataUnit::LoadCameraSetFile(std::string)[m[K’:
[2.686s] [01m[K/home/iclab/Desktop/ros2/src/usb_cam/src/usb_cam_node.cpp:209:59:[m[K [01;31m[Kerror: [m[Kno matching function for call to ‘[01m[KToolInstance::readvalue(std::fstream&, const char [23], const char [11], int)[m[K’
[2.686s]   209 |         CameraParameterValue->brightness = [01;31m[Ktool->readvalue(fin, "[Camera Set Parameter]", "brightness", 0)[m[K;
[2.687s]       |                                            [01;31m[K~~~~~~~~~~~~~~~^~~~~~~~~~~~~~~~~~~~~~~~~~~~~~~~~~~~~~~~~~~~~~~~[m[K
[2.687s] In file included from [01m[K/home/iclab/Desktop/ros2/src/usb_cam/src/usb_cam_node.cpp:33[m[K:
[2.687s] [01m[K/home/iclab/Desktop/ros2/src/usb_cam/include/usb_cam/usb_cam_node.hpp:77:15:[m[K [01;36m[Knote: [m[Kcandidate: ‘[01m[Kfloat Tool::readvalue(std::fstream&, std::string, int)[m[K’
[2.687s]    77 |         float [01;36m[Kreadvalue[m[K(std::fstream &fin, std::string title, int mode);
[2.687s]       |               [01;36m[K^~~~~~~~~[m[K
[2.687s] [01m[K/home/iclab/Desktop/ros2/src/usb_cam/include/usb_cam/usb_cam_node.hpp:77:15:[m[K [01;36m[Knote: [m[K  candidate expects 3 arguments, 4 provided
[2.687s] [01m[K/home/iclab/Desktop/ros2/src/usb_cam/src/usb_cam_node.cpp:210:57:[m[K [01;31m[Kerror: [m[Kno matching function for call to ‘[01m[KToolInstance::readvalue(std::fstream&, const char [23], const char [9], int)[m[K’
[2.687s]   210 |         CameraParameterValue->contrast = [01;31m[Ktool->readvalue(fin, "[Camera Set Parameter]", "contrast", 0)[m[K;
[2.687s]       |                                          [01;31m[K~~~~~~~~~~~~~~~^~~~~~~~~~~~~~~~~~~~~~~~~~~~~~~~~~~~~~~~~~~~~~[m[K
[2.687s] In file included from [01m[K/home/iclab/Desktop/ros2/src/usb_cam/src/usb_cam_node.cpp:33[m[K:
[2.687s] [01m[K/home/iclab/Desktop/ros2/src/usb_cam/include/usb_cam/usb_cam_node.hpp:77:15:[m[K [01;36m[Knote: [m[Kcandidate: ‘[01m[Kfloat Tool::readvalue(std::fstream&, std::string, int)[m[K’
[2.687s]    77 |         float [01;36m[Kreadvalue[m[K(std::fstream &fin, std::string title, int mode);
[2.687s]       |               [01;36m[K^~~~~~~~~[m[K
[2.687s] [01m[K/home/iclab/Desktop/ros2/src/usb_cam/include/usb_cam/usb_cam_node.hpp:77:15:[m[K [01;36m[Knote: [m[K  candidate expects 3 arguments, 4 provided
[2.687s] [01m[K/home/iclab/Desktop/ros2/src/usb_cam/src/usb_cam_node.cpp:211:59:[m[K [01;31m[Kerror: [m[Kno matching function for call to ‘[01m[KToolInstance::readvalue(std::fstream&, const char [23], const char [11], int)[m[K’
[2.687s]   211 |         CameraParameterValue->saturation = [01;31m[Ktool->readvalue(fin, "[Camera Set Parameter]", "saturation", 0)[m[K;
[2.687s]       |                                            [01;31m[K~~~~~~~~~~~~~~~^~~~~~~~~~~~~~~~~~~~~~~~~~~~~~~~~~~~~~~~~~~~~~~~[m[K
[2.687s] In file included from [01m[K/home/iclab/Desktop/ros2/src/usb_cam/src/usb_cam_node.cpp:33[m[K:
[2.687s] [01m[K/home/iclab/Desktop/ros2/src/usb_cam/include/usb_cam/usb_cam_node.hpp:77:15:[m[K [01;36m[Knote: [m[Kcandidate: ‘[01m[Kfloat Tool::readvalue(std::fstream&, std::string, int)[m[K’
[2.687s]    77 |         float [01;36m[Kreadvalue[m[K(std::fstream &fin, std::string title, int mode);
[2.687s]       |               [01;36m[K^~~~~~~~~[m[K
[2.687s] [01m[K/home/iclab/Desktop/ros2/src/usb_cam/include/usb_cam/usb_cam_node.hpp:77:15:[m[K [01;36m[Knote: [m[K  candidate expects 3 arguments, 4 provided
[2.687s] [01m[K/home/iclab/Desktop/ros2/src/usb_cam/src/usb_cam_node.cpp:212:62:[m[K [01;31m[Kerror: [m[Kno matching function for call to ‘[01m[KToolInstance::readvalue(std::fstream&, const char [23], const char [14], int)[m[K’
[2.687s]   212 |         CameraParameterValue->white_balance = [01;31m[Ktool->readvalue(fin, "[Camera Set Parameter]", "white_balance", 0)[m[K;
[2.687s]       |                                               [01;31m[K~~~~~~~~~~~~~~~^~~~~~~~~~~~~~~~~~~~~~~~~~~~~~~~~~~~~~~~~~~~~~~~~~~[m[K
[2.687s] In file included from [01m[K/home/iclab/Desktop/ros2/src/usb_cam/src/usb_cam_node.cpp:33[m[K:
[2.687s] [01m[K/home/iclab/Desktop/ros2/src/usb_cam/include/usb_cam/usb_cam_node.hpp:77:15:[m[K [01;36m[Knote: [m[Kcandidate: ‘[01m[Kfloat Tool::readvalue(std::fstream&, std::string, int)[m[K’
[2.687s]    77 |         float [01;36m[Kreadvalue[m[K(std::fstream &fin, std::string title, int mode);
[2.688s]       |               [01;36m[K^~~~~~~~~[m[K
[2.688s] [01m[K/home/iclab/Desktop/ros2/src/usb_cam/include/usb_cam/usb_cam_node.hpp:77:15:[m[K [01;36m[Knote: [m[K  candidate expects 3 arguments, 4 provided
[2.688s] [01m[K/home/iclab/Desktop/ros2/src/usb_cam/src/usb_cam_node.cpp:213:67:[m[K [01;31m[Kerror: [m[Kno matching function for call to ‘[01m[KToolInstance::readvalue(std::fstream&, const char [23], const char [19], int)[m[K’
[2.688s]   213 |         CameraParameterValue->auto_white_balance = [01;31m[Ktool->readvalue(fin, "[Camera Set Parameter]", "auto_white_balance", 0)[m[K;
[2.688s]       |                                                    [01;31m[K~~~~~~~~~~~~~~~^~~~~~~~~~~~~~~~~~~~~~~~~~~~~~~~~~~~~~~~~~~~~~~~~~~~~~~~[m[K
[2.688s] In file included from [01m[K/home/iclab/Desktop/ros2/src/usb_cam/src/usb_cam_node.cpp:33[m[K:
[2.688s] [01m[K/home/iclab/Desktop/ros2/src/usb_cam/include/usb_cam/usb_cam_node.hpp:77:15:[m[K [01;36m[Knote: [m[Kcandidate: ‘[01m[Kfloat Tool::readvalue(std::fstream&, std::string, int)[m[K’
[2.688s]    77 |         float [01;36m[Kreadvalue[m[K(std::fstream &fin, std::string title, int mode);
[2.688s]       |               [01;36m[K^~~~~~~~~[m[K
[2.688s] [01m[K/home/iclab/Desktop/ros2/src/usb_cam/include/usb_cam/usb_cam_node.hpp:77:15:[m[K [01;36m[Knote: [m[K  candidate expects 3 arguments, 4 provided
[2.688s] [01m[K/home/iclab/Desktop/ros2/src/usb_cam/src/usb_cam_node.cpp:214:62:[m[K [01;31m[Kerror: [m[Kno matching function for call to ‘[01m[KToolInstance::readvalue(std::fstream&, const char [23], const char [14], int)[m[K’
[2.688s]   214 |         CameraParameterValue->auto_exposure = [01;31m[Ktool->readvalue(fin, "[Camera Set Parameter]", "auto_exposure", 0)[m[K;
[2.688s]       |                                               [01;31m[K~~~~~~~~~~~~~~~^~~~~~~~~~~~~~~~~~~~~~~~~~~~~~~~~~~~~~~~~~~~~~~~~~~[m[K
[2.688s] In file included from [01m[K/home/iclab/Desktop/ros2/src/usb_cam/src/usb_cam_node.cpp:33[m[K:
[2.688s] [01m[K/home/iclab/Desktop/ros2/src/usb_cam/include/usb_cam/usb_cam_node.hpp:77:15:[m[K [01;36m[Knote: [m[Kcandidate: ‘[01m[Kfloat Tool::readvalue(std::fstream&, std::string, int)[m[K’
[2.688s]    77 |         float [01;36m[Kreadvalue[m[K(std::fstream &fin, std::string title, int mode);
[2.688s]       |               [01;36m[K^~~~~~~~~[m[K
[2.688s] [01m[K/home/iclab/Desktop/ros2/src/usb_cam/include/usb_cam/usb_cam_node.hpp:77:15:[m[K [01;36m[Knote: [m[K  candidate expects 3 arguments, 4 provided
[4.802s] gmake[2]: *** [CMakeFiles/usb_cam_node.dir/build.make:76: CMakeFiles/usb_cam_node.dir/src/usb_cam_node.cpp.o] Error 1
[4.803s] gmake[1]: *** [CMakeFiles/Makefile2:189: CMakeFiles/usb_cam_node.dir/all] Error 2
[4.803s] gmake: *** [Makefile:146: all] Error 2
[4.804s] Invoked command in '/home/iclab/Desktop/ros2/src/build/usb_cam' returned '2': BYOBU_DATE=%Y-%m-%d CMAKE_PREFIX_PATH=/home/iclab/Desktop/ros2/src/install/tku_msgs:/home/iclab/Desktop/ros2/src/install/web_video_server:/home/iclab/Desktop/ros2/src/install/usb_cam:/home/iclab/Desktop/ros2/install/web_video_server:/home/iclab/Desktop/ros2/install/usb_cam:/home/iclab/Desktop/ros2/install/tku_msgs:/home/iclab/Desktop/ros2/install/serial:/home/iclab/Desktop/ros2/src/install/imageprocess:/home/iclab/Desktop/ros2/src/install/tku_libs:/home/iclab/Desktop/ros2/src/install/motionpackage:/home/iclab/Desktop/ros2/install/tku_libs:/home/iclab/Desktop/ros2/install/motionpackage:/opt/ros/humble LD_LIBRARY_PATH=/home/iclab/Desktop/ros2/src/install/tku_msgs/lib:/home/iclab/Desktop/ros2/src/install/usb_cam/lib:/home/iclab/Desktop/ros2/install/usb_cam/lib:/home/iclab/Desktop/ros2/install/tku_msgs/lib:/opt/ros/humble/opt/rviz_ogre_vendor/lib:/opt/ros/humble/lib/x86_64-linux-gnu:/opt/ros/humble/lib /usr/bin/cmake --build /home/iclab/Desktop/ros2/src/build/usb_cam -- -j8 -l8
