[0.308s] Invoking command in '/home/iclab/Desktop/ros2/build/usb_cam': CMAKE_PREFIX_PATH=/home/iclab/Desktop/ros2/install/tku_msgs:/home/iclab/Desktop/ros2/install/web_video_server:/home/iclab/Desktop/ros2/install/usb_cam:/home/iclab/Desktop/ros2/install/serial:/home/iclab/Desktop/ros2/install/tku_libs:/home/iclab/Desktop/ros2/install/motionpackage:/home/iclab/Desktop/ros2/install/imageprocess:/opt/ros/humble LD_LIBRARY_PATH=/home/iclab/Desktop/ros2/install/tku_msgs/lib:/home/iclab/Desktop/ros2/install/usb_cam/lib:/opt/ros/humble/opt/rviz_ogre_vendor/lib:/opt/ros/humble/lib/x86_64-linux-gnu:/opt/ros/humble/lib /usr/bin/cmake --build /home/iclab/Desktop/ros2/build/usb_cam -- -j8 -l8
[0.327s] -- Found ament_cmake_auto: 1.3.6 (/opt/ros/humble/share/ament_cmake_auto/cmake)
[0.518s] -- Found rosidl_generator_c: 3.1.5 (/opt/ros/humble/share/rosidl_generator_c/cmake)
[0.520s] -- Found rosidl_adapter: 3.1.5 (/opt/ros/humble/share/rosidl_adapter/cmake)
[0.526s] -- Found rosidl_generator_cpp: 3.1.5 (/opt/ros/humble/share/rosidl_generator_cpp/cmake)
[0.537s] -- Using all available rosidl_typesupport_c: rosidl_typesupport_fastrtps_c;rosidl_typesupport_introspection_c
[0.550s] -- Using all available rosidl_typesupport_cpp: rosidl_typesupport_fastrtps_cpp;rosidl_typesupport_introspection_cpp
[0.769s] -- Found rmw_implementation_cmake: 6.1.1 (/opt/ros/humble/share/rmw_implementation_cmake/cmake)
[0.771s] -- Found rmw_fastrtps_cpp: 6.2.5 (/opt/ros/humble/share/rmw_fastrtps_cpp/cmake)
[0.931s] -- Using RMW implementation 'rmw_fastrtps_cpp' as default
[1.259s] -- Found ament_lint_auto: 0.12.9 (/opt/ros/humble/share/ament_lint_auto/cmake)
[1.268s] -- Found gtest sources under '/opt/ros/humble/src/gtest_vendor': C++ tests using 'Google Test' will be built
[1.276s] -- Added test 'copyright' to check source files copyright and LICENSE
[1.281s] -- Added test 'cppcheck' to perform static code analysis on C / C++ code
[1.282s] -- Configured cppcheck include dirs: /home/iclab/Desktop/ros2/src/usb_cam/include
[1.282s] -- Configured cppcheck exclude dirs and/or files: 
[1.285s] -- Added test 'cpplint' to check C / C++ code against the Google style
[1.285s] -- Configured cpplint exclude dirs and/or files: 
[1.286s] -- Added test 'flake8' to check Python code syntax and style conventions
[1.287s] -- Added test 'lint_cmake' to check CMake code style
[1.288s] -- Added test 'pep257' to check Python code against some of the docstring style conventions in PEP 257
[1.291s] -- Added test 'uncrustify' to check C / C++ code style
[1.291s] -- Configured uncrustify additional arguments: 
[1.292s] -- Added test 'xmllint' to check XML markup files
[1.294s] -- Configuring done
[1.316s] -- Generating done
[1.318s] -- Build files have been written to: /home/iclab/Desktop/ros2/build/usb_cam
[1.339s] [35m[1mConsolidate compiler generated dependencies of target gtest[0m
[1.339s] [35m[1mConsolidate compiler generated dependencies of target usb_cam[0m
[1.341s] [35m[1mConsolidate compiler generated dependencies of target gtest_main[0m
[1.341s] [35m[1mConsolidate compiler generated dependencies of target usb_cam_node_exe[0m
[1.351s] [ 13%] Built target gtest
[1.354s] [ 20%] [32m[1mLinking CXX shared library libusb_cam.so[0m
[1.355s] [ 33%] Built target gtest_main
[1.360s] [ 46%] Built target usb_cam_node_exe
[1.557s] [ 60%] Built target usb_cam
[1.569s] [35m[1mConsolidate compiler generated dependencies of target usb_cam_node[0m
[1.570s] [35m[1mConsolidate compiler generated dependencies of target test_pixel_formats[0m
[1.577s] [35m[1mConsolidate compiler generated dependencies of target test_usb_cam_utils[0m
[1.585s] [ 66%] [32m[1mLinking CXX executable test_pixel_formats[0m
[1.592s] [ 73%] [32m[1mLinking CXX shared library libusb_cam_node.so[0m
[1.594s] [ 80%] [32m[1mLinking CXX executable test_usb_cam_utils[0m
[1.793s] [ 86%] Built target test_pixel_formats
[1.823s] [ 93%] Built target test_usb_cam_utils
[2.200s] [100%] Built target usb_cam_node
[2.207s] Invoked command in '/home/iclab/Desktop/ros2/build/usb_cam' returned '0': CMAKE_PREFIX_PATH=/home/iclab/Desktop/ros2/install/tku_msgs:/home/iclab/Desktop/ros2/install/web_video_server:/home/iclab/Desktop/ros2/install/usb_cam:/home/iclab/Desktop/ros2/install/serial:/home/iclab/Desktop/ros2/install/tku_libs:/home/iclab/Desktop/ros2/install/motionpackage:/home/iclab/Desktop/ros2/install/imageprocess:/opt/ros/humble LD_LIBRARY_PATH=/home/iclab/Desktop/ros2/install/tku_msgs/lib:/home/iclab/Desktop/ros2/install/usb_cam/lib:/opt/ros/humble/opt/rviz_ogre_vendor/lib:/opt/ros/humble/lib/x86_64-linux-gnu:/opt/ros/humble/lib /usr/bin/cmake --build /home/iclab/Desktop/ros2/build/usb_cam -- -j8 -l8
[2.236s] Invoking command in '/home/iclab/Desktop/ros2/build/usb_cam': CMAKE_PREFIX_PATH=/home/iclab/Desktop/ros2/install/tku_msgs:/home/iclab/Desktop/ros2/install/web_video_server:/home/iclab/Desktop/ros2/install/usb_cam:/home/iclab/Desktop/ros2/install/serial:/home/iclab/Desktop/ros2/install/tku_libs:/home/iclab/Desktop/ros2/install/motionpackage:/home/iclab/Desktop/ros2/install/imageprocess:/opt/ros/humble LD_LIBRARY_PATH=/home/iclab/Desktop/ros2/install/tku_msgs/lib:/home/iclab/Desktop/ros2/install/usb_cam/lib:/opt/ros/humble/opt/rviz_ogre_vendor/lib:/opt/ros/humble/lib/x86_64-linux-gnu:/opt/ros/humble/lib /usr/bin/cmake --install /home/iclab/Desktop/ros2/build/usb_cam
[2.243s] -- Install configuration: ""
[2.243s] -- Up-to-date: /home/iclab/Desktop/ros2/install/usb_cam/share/usb_cam/environment/library_path.sh
[2.243s] -- Installing: /home/iclab/Desktop/ros2/install/usb_cam/share/usb_cam/environment/library_path.dsv
[2.244s] -- Up-to-date: /home/iclab/Desktop/ros2/install/usb_cam/lib/usb_cam/usb_cam_node_exe
[2.244s] -- Up-to-date: /home/iclab/Desktop/ros2/install/usb_cam/lib/usb_cam/show_image.py
[2.244s] -- Installing: /home/iclab/Desktop/ros2/install/usb_cam/lib/libusb_cam.so
[2.244s] -- Installing: /home/iclab/Desktop/ros2/install/usb_cam/lib/libusb_cam_node.so
[2.252s] -- Set runtime path of "/home/iclab/Desktop/ros2/install/usb_cam/lib/libusb_cam_node.so" to ""
[2.252s] -- Up-to-date: /home/iclab/Desktop/ros2/install/usb_cam/include
[2.252s] -- Up-to-date: /home/iclab/Desktop/ros2/install/usb_cam/include/usb_cam
[2.252s] -- Up-to-date: /home/iclab/Desktop/ros2/install/usb_cam/include/usb_cam/tool.hpp
[2.252s] -- Up-to-date: /home/iclab/Desktop/ros2/install/usb_cam/include/usb_cam/tdataunit.hpp
[2.252s] -- Up-to-date: /home/iclab/Desktop/ros2/install/usb_cam/include/usb_cam/conversions.hpp
[2.252s] -- Up-to-date: /home/iclab/Desktop/ros2/install/usb_cam/include/usb_cam/usb_cam.hpp
[2.252s] -- Up-to-date: /home/iclab/Desktop/ros2/install/usb_cam/include/usb_cam/formats
[2.252s] -- Up-to-date: /home/iclab/Desktop/ros2/install/usb_cam/include/usb_cam/formats/mjpeg.hpp
[2.252s] -- Up-to-date: /home/iclab/Desktop/ros2/install/usb_cam/include/usb_cam/formats/pixel_format_base.hpp
[2.252s] -- Up-to-date: /home/iclab/Desktop/ros2/install/usb_cam/include/usb_cam/formats/uyvy.hpp
[2.252s] -- Up-to-date: /home/iclab/Desktop/ros2/install/usb_cam/include/usb_cam/formats/yuyv.hpp
[2.252s] -- Up-to-date: /home/iclab/Desktop/ros2/install/usb_cam/include/usb_cam/formats/mono.hpp
[2.252s] -- Up-to-date: /home/iclab/Desktop/ros2/install/usb_cam/include/usb_cam/formats/rgb.hpp
[2.252s] -- Up-to-date: /home/iclab/Desktop/ros2/install/usb_cam/include/usb_cam/formats/m420.hpp
[2.252s] -- Up-to-date: /home/iclab/Desktop/ros2/install/usb_cam/include/usb_cam/formats/utils.hpp
[2.252s] -- Up-to-date: /home/iclab/Desktop/ros2/install/usb_cam/include/usb_cam/usb_cam_node.hpp
[2.252s] -- Up-to-date: /home/iclab/Desktop/ros2/install/usb_cam/include/usb_cam/utils.hpp
[2.252s] -- Up-to-date: /home/iclab/Desktop/ros2/install/usb_cam/include/usb_cam/constants.hpp
[2.252s] -- Up-to-date: /home/iclab/Desktop/ros2/install/usb_cam/lib/libusb_cam_node.so
[2.252s] -- Up-to-date: /home/iclab/Desktop/ros2/install/usb_cam/share/usb_cam/launch
[2.253s] -- Up-to-date: /home/iclab/Desktop/ros2/install/usb_cam/share/usb_cam/launch/camera_config.py
[2.253s] -- Up-to-date: /home/iclab/Desktop/ros2/install/usb_cam/share/usb_cam/launch/camera.launch.py
[2.253s] -- Up-to-date: /home/iclab/Desktop/ros2/install/usb_cam/share/usb_cam/launch/__init__.py
[2.253s] -- Up-to-date: /home/iclab/Desktop/ros2/install/usb_cam/share/usb_cam/config
[2.253s] -- Up-to-date: /home/iclab/Desktop/ros2/install/usb_cam/share/usb_cam/config/camera_info.yaml
[2.253s] -- Up-to-date: /home/iclab/Desktop/ros2/install/usb_cam/share/usb_cam/config/params_2.yaml
[2.253s] -- Up-to-date: /home/iclab/Desktop/ros2/install/usb_cam/share/usb_cam/config/params_1.yaml
[2.253s] -- Up-to-date: /home/iclab/Desktop/ros2/install/usb_cam/share/ament_index/resource_index/package_run_dependencies/usb_cam
[2.253s] -- Installing: /home/iclab/Desktop/ros2/install/usb_cam/share/ament_index/resource_index/parent_prefix_path/usb_cam
[2.253s] -- Up-to-date: /home/iclab/Desktop/ros2/install/usb_cam/share/usb_cam/environment/ament_prefix_path.sh
[2.253s] -- Installing: /home/iclab/Desktop/ros2/install/usb_cam/share/usb_cam/environment/ament_prefix_path.dsv
[2.253s] -- Up-to-date: /home/iclab/Desktop/ros2/install/usb_cam/share/usb_cam/environment/path.sh
[2.253s] -- Installing: /home/iclab/Desktop/ros2/install/usb_cam/share/usb_cam/environment/path.dsv
[2.253s] -- Up-to-date: /home/iclab/Desktop/ros2/install/usb_cam/share/usb_cam/local_setup.bash
[2.253s] -- Up-to-date: /home/iclab/Desktop/ros2/install/usb_cam/share/usb_cam/local_setup.sh
[2.254s] -- Up-to-date: /home/iclab/Desktop/ros2/install/usb_cam/share/usb_cam/local_setup.zsh
[2.254s] -- Installing: /home/iclab/Desktop/ros2/install/usb_cam/share/usb_cam/local_setup.dsv
[2.254s] -- Installing: /home/iclab/Desktop/ros2/install/usb_cam/share/usb_cam/package.dsv
[2.254s] -- Up-to-date: /home/iclab/Desktop/ros2/install/usb_cam/share/ament_index/resource_index/packages/usb_cam
[2.254s] -- Up-to-date: /home/iclab/Desktop/ros2/install/usb_cam/share/ament_index/resource_index/rclcpp_components/usb_cam
[2.254s] -- Up-to-date: /home/iclab/Desktop/ros2/install/usb_cam/share/usb_cam/cmake/ament_cmake_export_libraries-extras.cmake
[2.254s] -- Up-to-date: /home/iclab/Desktop/ros2/install/usb_cam/share/usb_cam/cmake/ament_cmake_export_dependencies-extras.cmake
[2.254s] -- Up-to-date: /home/iclab/Desktop/ros2/install/usb_cam/share/usb_cam/cmake/ament_cmake_export_include_directories-extras.cmake
[2.254s] -- Up-to-date: /home/iclab/Desktop/ros2/install/usb_cam/share/usb_cam/cmake/usb_camConfig.cmake
[2.254s] -- Up-to-date: /home/iclab/Desktop/ros2/install/usb_cam/share/usb_cam/cmake/usb_camConfig-version.cmake
[2.254s] -- Up-to-date: /home/iclab/Desktop/ros2/install/usb_cam/share/usb_cam/package.xml
[2.255s] Invoked command in '/home/iclab/Desktop/ros2/build/usb_cam' returned '0': CMAKE_PREFIX_PATH=/home/iclab/Desktop/ros2/install/tku_msgs:/home/iclab/Desktop/ros2/install/web_video_server:/home/iclab/Desktop/ros2/install/usb_cam:/home/iclab/Desktop/ros2/install/serial:/home/iclab/Desktop/ros2/install/tku_libs:/home/iclab/Desktop/ros2/install/motionpackage:/home/iclab/Desktop/ros2/install/imageprocess:/opt/ros/humble LD_LIBRARY_PATH=/home/iclab/Desktop/ros2/install/tku_msgs/lib:/home/iclab/Desktop/ros2/install/usb_cam/lib:/opt/ros/humble/opt/rviz_ogre_vendor/lib:/opt/ros/humble/lib/x86_64-linux-gnu:/opt/ros/humble/lib /usr/bin/cmake --install /home/iclab/Desktop/ros2/build/usb_cam
