[2.546s] Invoking command in '/home/iclab/Desktop/ros2/src/tku_libs': PYTHONPATH=/home/iclab/Desktop/ros2/build/tku_libs/prefix_override:/home/iclab/Desktop/ros2/install/tku_libs/lib/python3.10/site-packages:${PYTHONPATH} /usr/bin/python3 setup.py egg_info --egg-base ../../build/tku_libs build --build-base /home/iclab/Desktop/ros2/build/tku_libs/build install --record /home/iclab/Desktop/ros2/build/tku_libs/install.log --single-version-externally-managed
[3.350s] running egg_info
[3.352s] writing ../../build/tku_libs/tku_libs.egg-info/PKG-INFO
[3.352s] writing dependency_links to ../../build/tku_libs/tku_libs.egg-info/dependency_links.txt
[3.353s] writing entry points to ../../build/tku_libs/tku_libs.egg-info/entry_points.txt
[3.354s] writing requirements to ../../build/tku_libs/tku_libs.egg-info/requires.txt
[3.354s] writing top-level names to ../../build/tku_libs/tku_libs.egg-info/top_level.txt
[3.360s] reading manifest file '../../build/tku_libs/tku_libs.egg-info/SOURCES.txt'
[3.362s] writing manifest file '../../build/tku_libs/tku_libs.egg-info/SOURCES.txt'
[3.363s] running build
[3.363s] running build_py
[3.364s] running install
[3.365s] running install_lib
[3.368s] running install_data
[3.370s] running install_egg_info
[3.374s] removing '/home/iclab/Desktop/ros2/install/tku_libs/lib/python3.10/site-packages/tku_libs-0.0.0-py3.10.egg-info' (and everything under it)
[3.375s] Copying ../../build/tku_libs/tku_libs.egg-info to /home/iclab/Desktop/ros2/install/tku_libs/lib/python3.10/site-packages/tku_libs-0.0.0-py3.10.egg-info
[3.377s] running install_scripts
[3.430s] Installing aaa script to /home/iclab/Desktop/ros2/install/tku_libs/lib/tku_libs
[3.432s] Installing bbb script to /home/iclab/Desktop/ros2/install/tku_libs/lib/tku_libs
[3.432s] writing list of installed files to '/home/iclab/Desktop/ros2/build/tku_libs/install.log'
[3.513s] Invoked command in '/home/iclab/Desktop/ros2/src/tku_libs' returned '0': PYTHONPATH=/home/iclab/Desktop/ros2/build/tku_libs/prefix_override:/home/iclab/Desktop/ros2/install/tku_libs/lib/python3.10/site-packages:${PYTHONPATH} /usr/bin/python3 setup.py egg_info --egg-base ../../build/tku_libs build --build-base /home/iclab/Desktop/ros2/build/tku_libs/build install --record /home/iclab/Desktop/ros2/build/tku_libs/install.log --single-version-externally-managed
