[1.126s] Invoking command in '/home/iclab/Desktop/ros2/src/motionpackage': PYTHONPATH=/home/iclab/Desktop/ros2/build/motionpackage/prefix_override:/home/iclab/Desktop/ros2/install/motionpackage/lib/python3.10/site-packages:${PYTHONPATH} /usr/bin/python3 -W ignore:setup.py install is deprecated setup.py egg_info --egg-base ../../build/motionpackage build --build-base /home/iclab/Desktop/ros2/build/motionpackage/build install --record /home/iclab/Desktop/ros2/build/motionpackage/install.log --single-version-externally-managed install_data
[1.428s] running egg_info
[1.430s] writing ../../build/motionpackage/motionpackage.egg-info/PKG-INFO
[1.430s] writing dependency_links to ../../build/motionpackage/motionpackage.egg-info/dependency_links.txt
[1.430s] writing entry points to ../../build/motionpackage/motionpackage.egg-info/entry_points.txt
[1.431s] writing requirements to ../../build/motionpackage/motionpackage.egg-info/requires.txt
[1.431s] writing top-level names to ../../build/motionpackage/motionpackage.egg-info/top_level.txt
[1.432s] reading manifest file '../../build/motionpackage/motionpackage.egg-info/SOURCES.txt'
[1.433s] writing manifest file '../../build/motionpackage/motionpackage.egg-info/SOURCES.txt'
[1.433s] running build
[1.433s] running build_py
[1.433s] running install
[1.434s] running install_lib
[1.435s] running install_data
[1.435s] running install_egg_info
[1.437s] removing '/home/iclab/Desktop/ros2/install/motionpackage/lib/python3.10/site-packages/motionpackage-0.0.0-py3.10.egg-info' (and everything under it)
[1.437s] Copying ../../build/motionpackage/motionpackage.egg-info to /home/iclab/Desktop/ros2/install/motionpackage/lib/python3.10/site-packages/motionpackage-0.0.0-py3.10.egg-info
[1.438s] running install_scripts
[1.456s] Installing motion script to /home/iclab/Desktop/ros2/install/motionpackage/lib/motionpackage
[1.457s] writing list of installed files to '/home/iclab/Desktop/ros2/build/motionpackage/install.log'
[1.482s] Invoked command in '/home/iclab/Desktop/ros2/src/motionpackage' returned '0': PYTHONPATH=/home/iclab/Desktop/ros2/build/motionpackage/prefix_override:/home/iclab/Desktop/ros2/install/motionpackage/lib/python3.10/site-packages:${PYTHONPATH} /usr/bin/python3 -W ignore:setup.py install is deprecated setup.py egg_info --egg-base ../../build/motionpackage build --build-base /home/iclab/Desktop/ros2/build/motionpackage/build install --record /home/iclab/Desktop/ros2/build/motionpackage/install.log --single-version-externally-managed install_data
