[0.656s] Invoking command in '/home/iclab/Desktop/ros2/src/tku_libs': AMENT_PREFIX_PATH=/home/iclab/Desktop/ros2/src/install/tku_msgs:${AMENT_PREFIX_PATH} BYOBU_DATE=%Y-%m-%d CMAKE_PREFIX_PATH=/home/iclab/Desktop/ros2/src/install/tku_msgs:${CMAKE_PREFIX_PATH} LD_LIBRARY_PATH=/home/iclab/Desktop/ros2/src/install/tku_msgs/lib:${LD_LIBRARY_PATH} PYTHONPATH=/home/iclab/Desktop/ros2/src/build/tku_libs/prefix_override:/home/iclab/Desktop/ros2/src/install/tku_libs/lib/python3.10/site-packages:/home/iclab/Desktop/ros2/src/install/tku_msgs/local/lib/python3.10/dist-packages:${PYTHONPATH} /usr/bin/python3 setup.py egg_info --egg-base ../build/tku_libs build --build-base /home/iclab/Desktop/ros2/src/build/tku_libs/build install --record /home/iclab/Desktop/ros2/src/build/tku_libs/install.log --single-version-externally-managed
[0.852s] running egg_info
[0.852s] creating ../build/tku_libs/tku_libs.egg-info
[0.852s] writing ../build/tku_libs/tku_libs.egg-info/PKG-INFO
[0.853s] writing dependency_links to ../build/tku_libs/tku_libs.egg-info/dependency_links.txt
[0.853s] writing entry points to ../build/tku_libs/tku_libs.egg-info/entry_points.txt
[0.853s] writing requirements to ../build/tku_libs/tku_libs.egg-info/requires.txt
[0.853s] writing top-level names to ../build/tku_libs/tku_libs.egg-info/top_level.txt
[0.853s] writing manifest file '../build/tku_libs/tku_libs.egg-info/SOURCES.txt'
[0.854s] reading manifest file '../build/tku_libs/tku_libs.egg-info/SOURCES.txt'
[0.854s] writing manifest file '../build/tku_libs/tku_libs.egg-info/SOURCES.txt'
[0.855s] running build
[0.855s] running build_py
[0.855s] creating /home/iclab/Desktop/ros2/src/build/tku_libs/build
[0.855s] creating /home/iclab/Desktop/ros2/src/build/tku_libs/build/lib
[0.855s] creating /home/iclab/Desktop/ros2/src/build/tku_libs/build/lib/tku_libs
[0.855s] copying tku_libs/TKU_tool.py -> /home/iclab/Desktop/ros2/src/build/tku_libs/build/lib/tku_libs
[0.855s] copying tku_libs/test_b.py -> /home/iclab/Desktop/ros2/src/build/tku_libs/build/lib/tku_libs
[0.855s] copying tku_libs/__init__.py -> /home/iclab/Desktop/ros2/src/build/tku_libs/build/lib/tku_libs
[0.855s] copying tku_libs/test_a.py -> /home/iclab/Desktop/ros2/src/build/tku_libs/build/lib/tku_libs
[0.855s] running install
[0.855s] running install_lib
[0.856s] creating /home/iclab/Desktop/ros2/src/install/tku_libs/lib/python3.10/site-packages/tku_libs
[0.856s] copying /home/iclab/Desktop/ros2/src/build/tku_libs/build/lib/tku_libs/TKU_tool.py -> /home/iclab/Desktop/ros2/src/install/tku_libs/lib/python3.10/site-packages/tku_libs
[0.856s] copying /home/iclab/Desktop/ros2/src/build/tku_libs/build/lib/tku_libs/test_b.py -> /home/iclab/Desktop/ros2/src/install/tku_libs/lib/python3.10/site-packages/tku_libs
[0.856s] copying /home/iclab/Desktop/ros2/src/build/tku_libs/build/lib/tku_libs/__init__.py -> /home/iclab/Desktop/ros2/src/install/tku_libs/lib/python3.10/site-packages/tku_libs
[0.856s] copying /home/iclab/Desktop/ros2/src/build/tku_libs/build/lib/tku_libs/test_a.py -> /home/iclab/Desktop/ros2/src/install/tku_libs/lib/python3.10/site-packages/tku_libs
[0.856s] byte-compiling /home/iclab/Desktop/ros2/src/install/tku_libs/lib/python3.10/site-packages/tku_libs/TKU_tool.py to TKU_tool.cpython-310.pyc
[0.857s] byte-compiling /home/iclab/Desktop/ros2/src/install/tku_libs/lib/python3.10/site-packages/tku_libs/test_b.py to test_b.cpython-310.pyc
[0.858s] byte-compiling /home/iclab/Desktop/ros2/src/install/tku_libs/lib/python3.10/site-packages/tku_libs/__init__.py to __init__.cpython-310.pyc
[0.858s] byte-compiling /home/iclab/Desktop/ros2/src/install/tku_libs/lib/python3.10/site-packages/tku_libs/test_a.py to test_a.cpython-310.pyc
[0.858s] running install_data
[0.858s] creating /home/iclab/Desktop/ros2/src/install/tku_libs/share/ament_index
[0.859s] creating /home/iclab/Desktop/ros2/src/install/tku_libs/share/ament_index/resource_index
[0.859s] creating /home/iclab/Desktop/ros2/src/install/tku_libs/share/ament_index/resource_index/packages
[0.859s] copying resource/tku_libs -> /home/iclab/Desktop/ros2/src/install/tku_libs/share/ament_index/resource_index/packages
[0.859s] copying package.xml -> /home/iclab/Desktop/ros2/src/install/tku_libs/share/tku_libs
[0.859s] running install_egg_info
[0.860s] Copying ../build/tku_libs/tku_libs.egg-info to /home/iclab/Desktop/ros2/src/install/tku_libs/lib/python3.10/site-packages/tku_libs-0.0.0-py3.10.egg-info
[0.860s] running install_scripts
[0.876s] Installing aaa script to /home/iclab/Desktop/ros2/src/install/tku_libs/lib/tku_libs
[0.876s] Installing bbb script to /home/iclab/Desktop/ros2/src/install/tku_libs/lib/tku_libs
[0.876s] writing list of installed files to '/home/iclab/Desktop/ros2/src/build/tku_libs/install.log'
[0.895s] Invoked command in '/home/iclab/Desktop/ros2/src/tku_libs' returned '0': AMENT_PREFIX_PATH=/home/iclab/Desktop/ros2/src/install/tku_msgs:${AMENT_PREFIX_PATH} BYOBU_DATE=%Y-%m-%d CMAKE_PREFIX_PATH=/home/iclab/Desktop/ros2/src/install/tku_msgs:${CMAKE_PREFIX_PATH} LD_LIBRARY_PATH=/home/iclab/Desktop/ros2/src/install/tku_msgs/lib:${LD_LIBRARY_PATH} PYTHONPATH=/home/iclab/Desktop/ros2/src/build/tku_libs/prefix_override:/home/iclab/Desktop/ros2/src/install/tku_libs/lib/python3.10/site-packages:/home/iclab/Desktop/ros2/src/install/tku_msgs/local/lib/python3.10/dist-packages:${PYTHONPATH} /usr/bin/python3 setup.py egg_info --egg-base ../build/tku_libs build --build-base /home/iclab/Desktop/ros2/src/build/tku_libs/build install --record /home/iclab/Desktop/ros2/src/build/tku_libs/install.log --single-version-externally-managed
