[0.957s] Invoking command in '/home/iclab/Desktop/ros2/src/imageprocess': BYOBU_DATE=%Y-%m-%d PYTHONPATH=/home/iclab/Desktop/ros2/src/build/imageprocess/prefix_override:/home/iclab/Desktop/ros2/src/install/imageprocess/lib/python3.10/site-packages:${PYTHONPATH} /usr/bin/python3 setup.py egg_info --egg-base ../build/imageprocess build --build-base /home/iclab/Desktop/ros2/src/build/imageprocess/build install --record /home/iclab/Desktop/ros2/src/build/imageprocess/install.log --single-version-externally-managed
[1.187s] running egg_info
[1.188s] creating ../build/imageprocess/imageprocess.egg-info
[1.188s] writing ../build/imageprocess/imageprocess.egg-info/PKG-INFO
[1.188s] writing dependency_links to ../build/imageprocess/imageprocess.egg-info/dependency_links.txt
[1.188s] writing entry points to ../build/imageprocess/imageprocess.egg-info/entry_points.txt
[1.188s] writing requirements to ../build/imageprocess/imageprocess.egg-info/requires.txt
[1.188s] writing top-level names to ../build/imageprocess/imageprocess.egg-info/top_level.txt
[1.188s] writing manifest file '../build/imageprocess/imageprocess.egg-info/SOURCES.txt'
[1.190s] reading manifest file '../build/imageprocess/imageprocess.egg-info/SOURCES.txt'
[1.190s] adding license file 'LICENSE'
[1.190s] writing manifest file '../build/imageprocess/imageprocess.egg-info/SOURCES.txt'
[1.190s] running build
[1.190s] running build_py
[1.190s] creating /home/iclab/Desktop/ros2/src/build/imageprocess/build
[1.190s] creating /home/iclab/Desktop/ros2/src/build/imageprocess/build/lib
[1.190s] creating /home/iclab/Desktop/ros2/src/build/imageprocess/build/lib/imageprocess
[1.191s] copying imageprocess/image.py -> /home/iclab/Desktop/ros2/src/build/imageprocess/build/lib/imageprocess
[1.191s] copying imageprocess/__init__.py -> /home/iclab/Desktop/ros2/src/build/imageprocess/build/lib/imageprocess
[1.191s] running install
[1.191s] running install_lib
[1.191s] creating /home/iclab/Desktop/ros2/src/install/imageprocess/lib/python3.10/site-packages/imageprocess
[1.191s] copying /home/iclab/Desktop/ros2/src/build/imageprocess/build/lib/imageprocess/image.py -> /home/iclab/Desktop/ros2/src/install/imageprocess/lib/python3.10/site-packages/imageprocess
[1.191s] copying /home/iclab/Desktop/ros2/src/build/imageprocess/build/lib/imageprocess/__init__.py -> /home/iclab/Desktop/ros2/src/install/imageprocess/lib/python3.10/site-packages/imageprocess
[1.192s] byte-compiling /home/iclab/Desktop/ros2/src/install/imageprocess/lib/python3.10/site-packages/imageprocess/image.py to image.cpython-310.pyc
[1.192s] byte-compiling /home/iclab/Desktop/ros2/src/install/imageprocess/lib/python3.10/site-packages/imageprocess/__init__.py to __init__.cpython-310.pyc
[1.192s] running install_data
[1.193s] creating /home/iclab/Desktop/ros2/src/install/imageprocess/share/ament_index
[1.193s] creating /home/iclab/Desktop/ros2/src/install/imageprocess/share/ament_index/resource_index
[1.193s] creating /home/iclab/Desktop/ros2/src/install/imageprocess/share/ament_index/resource_index/packages
[1.193s] copying resource/imageprocess -> /home/iclab/Desktop/ros2/src/install/imageprocess/share/ament_index/resource_index/packages
[1.193s] copying package.xml -> /home/iclab/Desktop/ros2/src/install/imageprocess/share/imageprocess
[1.193s] running install_egg_info
[1.194s] Copying ../build/imageprocess/imageprocess.egg-info to /home/iclab/Desktop/ros2/src/install/imageprocess/lib/python3.10/site-packages/imageprocess-0.0.0-py3.10.egg-info
[1.195s] running install_scripts
[1.211s] Installing image script to /home/iclab/Desktop/ros2/src/install/imageprocess/lib/imageprocess
[1.211s] writing list of installed files to '/home/iclab/Desktop/ros2/src/build/imageprocess/install.log'
[1.234s] Invoked command in '/home/iclab/Desktop/ros2/src/imageprocess' returned '0': BYOBU_DATE=%Y-%m-%d PYTHONPATH=/home/iclab/Desktop/ros2/src/build/imageprocess/prefix_override:/home/iclab/Desktop/ros2/src/install/imageprocess/lib/python3.10/site-packages:${PYTHONPATH} /usr/bin/python3 setup.py egg_info --egg-base ../build/imageprocess build --build-base /home/iclab/Desktop/ros2/src/build/imageprocess/build install --record /home/iclab/Desktop/ros2/src/build/imageprocess/install.log --single-version-externally-managed
