[0.359s] Invoking command in '/home/iclab/Desktop/ros2/build/usb_cam': CMAKE_PREFIX_PATH=/home/iclab/Desktop/ros2/install/tku_msgs:/home/iclab/Desktop/ros2/install/web_video_server:/home/iclab/Desktop/ros2/install/usb_cam:/home/iclab/Desktop/ros2/install/serial:/home/iclab/Desktop/ros2/install/tku_libs:/home/iclab/Desktop/ros2/install/motionpackage:/opt/ros/humble LD_LIBRARY_PATH=/home/iclab/Desktop/ros2/install/tku_msgs/lib:/home/iclab/Desktop/ros2/install/usb_cam/lib:/opt/ros/humble/opt/rviz_ogre_vendor/lib:/opt/ros/humble/lib/x86_64-linux-gnu:/opt/ros/humble/lib /usr/bin/cmake --build /home/iclab/Desktop/ros2/build/usb_cam -- -j8 -l8
[0.411s] [ 14%] Built target usb_cam
[0.412s] [ 28%] Built target gtest_main
[0.415s] [ 42%] Built target gtest
[0.416s] [ 57%] Built target usb_cam_node_exe
[0.427s] [35m[1mConsolidate compiler generated dependencies of target usb_cam_node[0m
[0.438s] [ 71%] Built target test_pixel_formats
[0.440s] [ 85%] Built target test_usb_cam_utils
[0.450s] [ 92%] [32mBuilding CXX object CMakeFiles/usb_cam_node.dir/src/usb_cam_node.cpp.o[0m
[8.597s] [100%] [32m[1mLinking CXX shared library libusb_cam_node.so[0m
[9.098s] [100%] Built target usb_cam_node
[9.108s] Invoked command in '/home/iclab/Desktop/ros2/build/usb_cam' returned '0': CMAKE_PREFIX_PATH=/home/iclab/Desktop/ros2/install/tku_msgs:/home/iclab/Desktop/ros2/install/web_video_server:/home/iclab/Desktop/ros2/install/usb_cam:/home/iclab/Desktop/ros2/install/serial:/home/iclab/Desktop/ros2/install/tku_libs:/home/iclab/Desktop/ros2/install/motionpackage:/opt/ros/humble LD_LIBRARY_PATH=/home/iclab/Desktop/ros2/install/tku_msgs/lib:/home/iclab/Desktop/ros2/install/usb_cam/lib:/opt/ros/humble/opt/rviz_ogre_vendor/lib:/opt/ros/humble/lib/x86_64-linux-gnu:/opt/ros/humble/lib /usr/bin/cmake --build /home/iclab/Desktop/ros2/build/usb_cam -- -j8 -l8
[9.136s] Invoking command in '/home/iclab/Desktop/ros2/build/usb_cam': CMAKE_PREFIX_PATH=/home/iclab/Desktop/ros2/install/tku_msgs:/home/iclab/Desktop/ros2/install/web_video_server:/home/iclab/Desktop/ros2/install/usb_cam:/home/iclab/Desktop/ros2/install/serial:/home/iclab/Desktop/ros2/install/tku_libs:/home/iclab/Desktop/ros2/install/motionpackage:/opt/ros/humble LD_LIBRARY_PATH=/home/iclab/Desktop/ros2/install/tku_msgs/lib:/home/iclab/Desktop/ros2/install/usb_cam/lib:/opt/ros/humble/opt/rviz_ogre_vendor/lib:/opt/ros/humble/lib/x86_64-linux-gnu:/opt/ros/humble/lib /usr/bin/cmake --install /home/iclab/Desktop/ros2/build/usb_cam
[9.141s] -- Install configuration: ""
[9.141s] -- Up-to-date: /home/iclab/Desktop/ros2/install/usb_cam/share/usb_cam/environment/library_path.sh
[9.141s] -- Up-to-date: /home/iclab/Desktop/ros2/install/usb_cam/share/usb_cam/environment/library_path.dsv
[9.141s] -- Up-to-date: /home/iclab/Desktop/ros2/install/usb_cam/lib/usb_cam/usb_cam_node_exe
[9.142s] -- Up-to-date: /home/iclab/Desktop/ros2/install/usb_cam/lib/usb_cam/show_image.py
[9.142s] -- Up-to-date: /home/iclab/Desktop/ros2/install/usb_cam/lib/libusb_cam.so
[9.142s] -- Installing: /home/iclab/Desktop/ros2/install/usb_cam/lib/libusb_cam_node.so
[9.148s] -- Set runtime path of "/home/iclab/Desktop/ros2/install/usb_cam/lib/libusb_cam_node.so" to ""
[9.148s] -- Up-to-date: /home/iclab/Desktop/ros2/install/usb_cam/include
[9.148s] -- Up-to-date: /home/iclab/Desktop/ros2/install/usb_cam/include/usb_cam
[9.148s] -- Up-to-date: /home/iclab/Desktop/ros2/install/usb_cam/include/usb_cam/tool.hpp
[9.148s] -- Up-to-date: /home/iclab/Desktop/ros2/install/usb_cam/include/usb_cam/tdataunit.hpp
[9.148s] -- Up-to-date: /home/iclab/Desktop/ros2/install/usb_cam/include/usb_cam/conversions.hpp
[9.148s] -- Up-to-date: /home/iclab/Desktop/ros2/install/usb_cam/include/usb_cam/usb_cam.hpp
[9.149s] -- Up-to-date: /home/iclab/Desktop/ros2/install/usb_cam/include/usb_cam/formats
[9.149s] -- Up-to-date: /home/iclab/Desktop/ros2/install/usb_cam/include/usb_cam/formats/mjpeg.hpp
[9.149s] -- Up-to-date: /home/iclab/Desktop/ros2/install/usb_cam/include/usb_cam/formats/pixel_format_base.hpp
[9.149s] -- Up-to-date: /home/iclab/Desktop/ros2/install/usb_cam/include/usb_cam/formats/uyvy.hpp
[9.149s] -- Up-to-date: /home/iclab/Desktop/ros2/install/usb_cam/include/usb_cam/formats/yuyv.hpp
[9.149s] -- Up-to-date: /home/iclab/Desktop/ros2/install/usb_cam/include/usb_cam/formats/mono.hpp
[9.149s] -- Up-to-date: /home/iclab/Desktop/ros2/install/usb_cam/include/usb_cam/formats/rgb.hpp
[9.149s] -- Up-to-date: /home/iclab/Desktop/ros2/install/usb_cam/include/usb_cam/formats/m420.hpp
[9.149s] -- Up-to-date: /home/iclab/Desktop/ros2/install/usb_cam/include/usb_cam/formats/utils.hpp
[9.149s] -- Installing: /home/iclab/Desktop/ros2/install/usb_cam/include/usb_cam/usb_cam_node.hpp
[9.149s] -- Up-to-date: /home/iclab/Desktop/ros2/install/usb_cam/include/usb_cam/utils.hpp
[9.149s] -- Up-to-date: /home/iclab/Desktop/ros2/install/usb_cam/include/usb_cam/constants.hpp
[9.149s] -- Up-to-date: /home/iclab/Desktop/ros2/install/usb_cam/lib/libusb_cam_node.so
[9.149s] -- Up-to-date: /home/iclab/Desktop/ros2/install/usb_cam/share/usb_cam/launch
[9.149s] -- Up-to-date: /home/iclab/Desktop/ros2/install/usb_cam/share/usb_cam/launch/camera_config.py
[9.150s] -- Up-to-date: /home/iclab/Desktop/ros2/install/usb_cam/share/usb_cam/launch/camera.launch.py
[9.150s] -- Up-to-date: /home/iclab/Desktop/ros2/install/usb_cam/share/usb_cam/launch/__init__.py
[9.150s] -- Up-to-date: /home/iclab/Desktop/ros2/install/usb_cam/share/usb_cam/config
[9.150s] -- Up-to-date: /home/iclab/Desktop/ros2/install/usb_cam/share/usb_cam/config/camera_info.yaml
[9.150s] -- Up-to-date: /home/iclab/Desktop/ros2/install/usb_cam/share/usb_cam/config/params_2.yaml
[9.150s] -- Up-to-date: /home/iclab/Desktop/ros2/install/usb_cam/share/usb_cam/config/params_1.yaml
[9.150s] -- Up-to-date: /home/iclab/Desktop/ros2/install/usb_cam/share/ament_index/resource_index/package_run_dependencies/usb_cam
[9.150s] -- Up-to-date: /home/iclab/Desktop/ros2/install/usb_cam/share/ament_index/resource_index/parent_prefix_path/usb_cam
[9.150s] -- Up-to-date: /home/iclab/Desktop/ros2/install/usb_cam/share/usb_cam/environment/ament_prefix_path.sh
[9.150s] -- Up-to-date: /home/iclab/Desktop/ros2/install/usb_cam/share/usb_cam/environment/ament_prefix_path.dsv
[9.150s] -- Up-to-date: /home/iclab/Desktop/ros2/install/usb_cam/share/usb_cam/environment/path.sh
[9.150s] -- Up-to-date: /home/iclab/Desktop/ros2/install/usb_cam/share/usb_cam/environment/path.dsv
[9.150s] -- Up-to-date: /home/iclab/Desktop/ros2/install/usb_cam/share/usb_cam/local_setup.bash
[9.150s] -- Up-to-date: /home/iclab/Desktop/ros2/install/usb_cam/share/usb_cam/local_setup.sh
[9.150s] -- Up-to-date: /home/iclab/Desktop/ros2/install/usb_cam/share/usb_cam/local_setup.zsh
[9.150s] -- Up-to-date: /home/iclab/Desktop/ros2/install/usb_cam/share/usb_cam/local_setup.dsv
[9.150s] -- Installing: /home/iclab/Desktop/ros2/install/usb_cam/share/usb_cam/package.dsv
[9.150s] -- Up-to-date: /home/iclab/Desktop/ros2/install/usb_cam/share/ament_index/resource_index/packages/usb_cam
[9.151s] -- Up-to-date: /home/iclab/Desktop/ros2/install/usb_cam/share/ament_index/resource_index/rclcpp_components/usb_cam
[9.151s] -- Up-to-date: /home/iclab/Desktop/ros2/install/usb_cam/share/usb_cam/cmake/ament_cmake_export_libraries-extras.cmake
[9.151s] -- Up-to-date: /home/iclab/Desktop/ros2/install/usb_cam/share/usb_cam/cmake/ament_cmake_export_dependencies-extras.cmake
[9.151s] -- Up-to-date: /home/iclab/Desktop/ros2/install/usb_cam/share/usb_cam/cmake/ament_cmake_export_include_directories-extras.cmake
[9.151s] -- Up-to-date: /home/iclab/Desktop/ros2/install/usb_cam/share/usb_cam/cmake/usb_camConfig.cmake
[9.151s] -- Up-to-date: /home/iclab/Desktop/ros2/install/usb_cam/share/usb_cam/cmake/usb_camConfig-version.cmake
[9.151s] -- Up-to-date: /home/iclab/Desktop/ros2/install/usb_cam/share/usb_cam/package.xml
[9.152s] Invoked command in '/home/iclab/Desktop/ros2/build/usb_cam' returned '0': CMAKE_PREFIX_PATH=/home/iclab/Desktop/ros2/install/tku_msgs:/home/iclab/Desktop/ros2/install/web_video_server:/home/iclab/Desktop/ros2/install/usb_cam:/home/iclab/Desktop/ros2/install/serial:/home/iclab/Desktop/ros2/install/tku_libs:/home/iclab/Desktop/ros2/install/motionpackage:/opt/ros/humble LD_LIBRARY_PATH=/home/iclab/Desktop/ros2/install/tku_msgs/lib:/home/iclab/Desktop/ros2/install/usb_cam/lib:/opt/ros/humble/opt/rviz_ogre_vendor/lib:/opt/ros/humble/lib/x86_64-linux-gnu:/opt/ros/humble/lib /usr/bin/cmake --install /home/iclab/Desktop/ros2/build/usb_cam
