[01m[K/home/iclab/Desktop/ros2/src/usb_cam/src/usb_cam_node.cpp:72:7:[m[K [01;31m[Kerror: [m[K‘[01m[Kfloat Tool::readvalue[m[K’ is not a static data member of ‘[01m[Kclass Tool[m[K’
   72 | float [01;31m[KTool[m[K::readvalue(fstream &fin, string title, int mode)
      |       [01;31m[K^~~~[m[K
[01m[K/home/iclab/Desktop/ros2/src/usb_cam/src/usb_cam_node.cpp:72:23:[m[K [01;31m[Kerror: [m[K‘[01m[Kfstream[m[K’ was not declared in this scope; did you mean ‘[01m[Kstd::fstream[m[K’?
   72 | float Tool::readvalue([01;31m[Kfstream[m[K &fin, string title, int mode)
      |                       [01;31m[K^~~~~~~[m[K
      |                       [32m[Kstd::fstream[m[K
In file included from [01m[K/usr/include/c++/11/iterator:64[m[K,
                 from [01m[K/usr/include/fmt/core.h:14[m[K,
                 from [01m[K/home/iclab/Desktop/ros2/src/usb_cam/src/usb_cam_node.cpp:28[m[K:
[01m[K/usr/include/c++/11/iosfwd:168:41:[m[K [01;36m[Knote: [m[K‘[01m[Kstd::fstream[m[K’ declared here
  168 |   typedef basic_fstream<char>           [01;36m[Kfstream[m[K;
      |                                         [01;36m[K^~~~~~~[m[K
[01m[K/home/iclab/Desktop/ros2/src/usb_cam/src/usb_cam_node.cpp:72:32:[m[K [01;31m[Kerror: [m[K‘[01m[Kfin[m[K’ was not declared in this scope; did you mean ‘[01m[Ksin[m[K’?
   72 | float Tool::readvalue(fstream &[01;31m[Kfin[m[K, string title, int mode)
      |                                [01;31m[K^~~[m[K
      |                                [32m[Ksin[m[K
[01m[K/home/iclab/Desktop/ros2/src/usb_cam/src/usb_cam_node.cpp:72:37:[m[K [01;31m[Kerror: [m[K‘[01m[Kstring[m[K’ was not declared in this scope
   72 | float Tool::readvalue(fstream &fin, [01;31m[Kstring[m[K title, int mode)
      |                                     [01;31m[K^~~~~~[m[K
[01m[K/home/iclab/Desktop/ros2/src/usb_cam/src/usb_cam_node.cpp:72:37:[m[K [01;36m[Knote: [m[Ksuggested alternatives:
In file included from [01m[K/usr/include/c++/11/iosfwd:39[m[K,
                 from [01m[K/usr/include/c++/11/iterator:64[m[K,
                 from [01m[K/usr/include/fmt/core.h:14[m[K,
                 from [01m[K/home/iclab/Desktop/ros2/src/usb_cam/src/usb_cam_node.cpp:28[m[K:
[01m[K/usr/include/c++/11/bits/stringfwd.h:79:33:[m[K [01;36m[Knote: [m[K  ‘[01m[Kstd::string[m[K’
   79 |   typedef basic_string<char>    [01;36m[Kstring[m[K;
      |                                 [01;36m[K^~~~~~[m[K
In file included from [01m[K/usr/include/c++/11/bits/locale_classes.h:40[m[K,
                 from [01m[K/usr/include/c++/11/bits/ios_base.h:41[m[K,
                 from [01m[K/usr/include/c++/11/streambuf:41[m[K,
                 from [01m[K/usr/include/c++/11/bits/streambuf_iterator.h:35[m[K,
                 from [01m[K/usr/include/c++/11/iterator:66[m[K,
                 from [01m[K/usr/include/fmt/core.h:14[m[K,
                 from [01m[K/home/iclab/Desktop/ros2/src/usb_cam/src/usb_cam_node.cpp:28[m[K:
[01m[K/usr/include/c++/11/string:67:11:[m[K [01;36m[Knote: [m[K  ‘[01m[Kstd::pmr::string[m[K’
   67 |     using [01;36m[Kstring[m[K    = basic_string<char>;
      |           [01;36m[K^~~~~~[m[K
[01m[K/home/iclab/Desktop/ros2/src/usb_cam/src/usb_cam_node.cpp:72:51:[m[K [01;31m[Kerror: [m[Kexpected primary-expression before ‘[01m[Kint[m[K’
   72 | float Tool::readvalue(fstream &fin, string title, [01;31m[Kint[m[K mode)
      |                                                   [01;31m[K^~~[m[K
[01m[K/home/iclab/Desktop/ros2/src/usb_cam/src/usb_cam_node.cpp:72:59:[m[K [01;31m[Kerror: [m[Kexpression list treated as compound expression in initializer [[01;31m[K]8;;https://gcc.gnu.org/onlinedocs/gcc/Warning-Options.html#index-fpermissive-fpermissive]8;;[m[K]
   72 | float Tool::readvalue(fstream &fin, string title, int mode[01;31m[K)[m[K
      |                                                           [01;31m[K^[m[K
[01m[K/home/iclab/Desktop/ros2/src/usb_cam/src/usb_cam_node.cpp:125:1:[m[K [01;31m[Kerror: [m[Kredefinition of ‘[01m[KTdataUnit::TdataUnit()[m[K’
  125 | [01;31m[KTdataUnit[m[K::TdataUnit()
      | [01;31m[K^~~~~~~~~[m[K
In file included from [01m[K/home/iclab/Desktop/ros2/src/usb_cam/src/usb_cam_node.cpp:33[m[K:
[01m[K/home/iclab/Desktop/ros2/src/usb_cam/include/usb_cam/usb_cam_node.hpp:113:5:[m[K [01;36m[Knote: [m[K‘[01m[KTdataUnit::TdataUnit()[m[K’ previously defined here
  113 |     [01;36m[KTdataUnit[m[K() { CameraParameterValue = new CameraParameter(); }
      |     [01;36m[K^~~~~~~~~[m[K
[01m[K/home/iclab/Desktop/ros2/src/usb_cam/src/usb_cam_node.cpp:139:1:[m[K [01;31m[Kerror: [m[Kredefinition of ‘[01m[KTdataUnit::~TdataUnit()[m[K’
  139 | [01;31m[KTdataUnit[m[K::~TdataUnit()
      | [01;31m[K^~~~~~~~~[m[K
In file included from [01m[K/home/iclab/Desktop/ros2/src/usb_cam/src/usb_cam_node.cpp:33[m[K:
[01m[K/home/iclab/Desktop/ros2/src/usb_cam/include/usb_cam/usb_cam_node.hpp:114:5:[m[K [01;36m[Knote: [m[K‘[01m[KTdataUnit::~TdataUnit()[m[K’ previously defined here
  114 |     [01;36m[K~[m[KTdataUnit() { delete CameraParameterValue; }
      |     [01;36m[K^[m[K
[01m[K/home/iclab/Desktop/ros2/src/usb_cam/src/usb_cam_node.cpp:[m[K In member function ‘[01m[Kvoid TdataUnit::SaveCameraSetFile(std::string)[m[K’:
[01m[K/home/iclab/Desktop/ros2/src/usb_cam/src/usb_cam_node.cpp:146:28:[m[K [01;31m[Kerror: [m[Kexpected primary-expression before ‘[01m[K->[m[K’ token
  146 |     std::string path = Tool[01;31m[K->[m[KgetPackagePath(location);
      |                            [01;31m[K^~[m[K
[01m[K/home/iclab/Desktop/ros2/src/usb_cam/src/usb_cam_node.cpp:151:42:[m[K [01;31m[Kerror: [m[K‘[01m[Kstruct CameraParameter[m[K’ has no member named ‘[01m[KParameterName[m[K’
  151 |         OutFile << CameraParameterValue->[01;31m[KParameterName[m[K << "\n";
      |                                          [01;31m[K^~~~~~~~~~~~~[m[K
[01m[K/home/iclab/Desktop/ros2/src/usb_cam/src/usb_cam_node.cpp:[m[K In member function ‘[01m[Kvoid TdataUnit::LoadCameraSetFile(std::string)[m[K’:
[01m[K/home/iclab/Desktop/ros2/src/usb_cam/src/usb_cam_node.cpp:170:28:[m[K [01;31m[Kerror: [m[Kexpected primary-expression before ‘[01m[K->[m[K’ token
  170 |     std::string path = Tool[01;31m[K->[m[KgetPackagePath(location);
      |                            [01;31m[K^~[m[K
[01m[K/home/iclab/Desktop/ros2/src/usb_cam/src/usb_cam_node.cpp:183:48:[m[K [01;31m[Kerror: [m[Kexpected primary-expression before ‘[01m[K->[m[K’ token
  183 |         CameraParameterValue->brightness = Tool[01;31m[K->[m[Kreadvalue(fin, "brightness", 0);
      |                                                [01;31m[K^~[m[K
[01m[K/home/iclab/Desktop/ros2/src/usb_cam/src/usb_cam_node.cpp:184:46:[m[K [01;31m[Kerror: [m[Kexpected primary-expression before ‘[01m[K->[m[K’ token
  184 |         CameraParameterValue->contrast = Tool[01;31m[K->[m[Kreadvalue(fin, "contrast", 0);
      |                                              [01;31m[K^~[m[K
[01m[K/home/iclab/Desktop/ros2/src/usb_cam/src/usb_cam_node.cpp:185:48:[m[K [01;31m[Kerror: [m[Kexpected primary-expression before ‘[01m[K->[m[K’ token
  185 |         CameraParameterValue->saturation = Tool[01;31m[K->[m[Kreadvalue(fin, "saturation", 0);
      |                                                [01;31m[K^~[m[K
[01m[K/home/iclab/Desktop/ros2/src/usb_cam/src/usb_cam_node.cpp:186:51:[m[K [01;31m[Kerror: [m[Kexpected primary-expression before ‘[01m[K->[m[K’ token
  186 |         CameraParameterValue->white_balance = Tool[01;31m[K->[m[Kreadvalue(fin, "white_balance", 0);
      |                                                   [01;31m[K^~[m[K
[01m[K/home/iclab/Desktop/ros2/src/usb_cam/src/usb_cam_node.cpp:187:56:[m[K [01;31m[Kerror: [m[Kexpected primary-expression before ‘[01m[K->[m[K’ token
  187 |         CameraParameterValue->auto_white_balance = Tool[01;31m[K->[m[Kreadvalue(fin, "auto_white_balance", 0);
      |                                                        [01;31m[K^~[m[K
[01m[K/home/iclab/Desktop/ros2/src/usb_cam/src/usb_cam_node.cpp:188:51:[m[K [01;31m[Kerror: [m[Kexpected primary-expression before ‘[01m[K->[m[K’ token
  188 |         CameraParameterValue->auto_exposure = Tool[01;31m[K->[m[Kreadvalue(fin, "auto_exposure", 0);
      |                                                   [01;31m[K^~[m[K
[01m[K/home/iclab/Desktop/ros2/src/usb_cam/src/usb_cam_node.cpp:189:65:[m[K [01;31m[Kerror: [m[Kexpected primary-expression before ‘[01m[K->[m[K’ token
  189 |         CameraParameterValue->auto_Backlight_Compensation = Tool[01;31m[K->[m[Kreadvalue(fin, "auto_Backlight_Compensation", 0);
      |                                                                 [01;31m[K^~[m[K
gmake[2]: *** [CMakeFiles/usb_cam_node.dir/build.make:76: CMakeFiles/usb_cam_node.dir/src/usb_cam_node.cpp.o] Error 1
gmake[1]: *** [CMakeFiles/Makefile2:189: CMakeFiles/usb_cam_node.dir/all] Error 2
gmake: *** [Makefile:146: all] Error 2
