[0.532s] Invoking command in '/home/iclab/Desktop/ros2/src/imageprocess': BYOBU_DATE=%Y-%m-%d PYTHONPATH=/home/iclab/Desktop/ros2/src/build/imageprocess/prefix_override:/home/iclab/Desktop/ros2/src/install/imageprocess/lib/python3.10/site-packages:${PYTHONPATH} /usr/bin/python3 setup.py egg_info --egg-base ../build/imageprocess build --build-base /home/iclab/Desktop/ros2/src/build/imageprocess/build install --record /home/iclab/Desktop/ros2/src/build/imageprocess/install.log --single-version-externally-managed
[0.700s] running egg_info
[0.700s] writing ../build/imageprocess/imageprocess.egg-info/PKG-INFO
[0.700s] writing dependency_links to ../build/imageprocess/imageprocess.egg-info/dependency_links.txt
[0.700s] writing entry points to ../build/imageprocess/imageprocess.egg-info/entry_points.txt
[0.700s] writing requirements to ../build/imageprocess/imageprocess.egg-info/requires.txt
[0.700s] writing top-level names to ../build/imageprocess/imageprocess.egg-info/top_level.txt
[0.701s] reading manifest file '../build/imageprocess/imageprocess.egg-info/SOURCES.txt'
[0.701s] adding license file 'LICENSE'
[0.702s] writing manifest file '../build/imageprocess/imageprocess.egg-info/SOURCES.txt'
[0.702s] running build
[0.702s] running build_py
[0.702s] running install
[0.702s] running install_lib
[0.703s] running install_data
[0.703s] running install_egg_info
[0.704s] removing '/home/iclab/Desktop/ros2/src/install/imageprocess/lib/python3.10/site-packages/imageprocess-0.0.0-py3.10.egg-info' (and everything under it)
[0.704s] Copying ../build/imageprocess/imageprocess.egg-info to /home/iclab/Desktop/ros2/src/install/imageprocess/lib/python3.10/site-packages/imageprocess-0.0.0-py3.10.egg-info
[0.705s] running install_scripts
[0.717s] Installing image script to /home/iclab/Desktop/ros2/src/install/imageprocess/lib/imageprocess
[0.717s] writing list of installed files to '/home/iclab/Desktop/ros2/src/build/imageprocess/install.log'
[0.734s] Invoked command in '/home/iclab/Desktop/ros2/src/imageprocess' returned '0': BYOBU_DATE=%Y-%m-%d PYTHONPATH=/home/iclab/Desktop/ros2/src/build/imageprocess/prefix_override:/home/iclab/Desktop/ros2/src/install/imageprocess/lib/python3.10/site-packages:${PYTHONPATH} /usr/bin/python3 setup.py egg_info --egg-base ../build/imageprocess build --build-base /home/iclab/Desktop/ros2/src/build/imageprocess/build install --record /home/iclab/Desktop/ros2/src/build/imageprocess/install.log --single-version-externally-managed
