[2.495s] Invoking command in '/home/iclab/Desktop/ros2/src/tku_libs': PYTHONPATH=/home/iclab/Desktop/ros2/build/tku_libs/prefix_override:/home/iclab/Desktop/ros2/install/tku_libs/lib/python3.10/site-packages:${PYTHONPATH} /usr/bin/python3 setup.py egg_info --egg-base ../../build/tku_libs build --build-base /home/iclab/Desktop/ros2/build/tku_libs/build install --record /home/iclab/Desktop/ros2/build/tku_libs/install.log --single-version-externally-managed
[3.304s] running egg_info
[3.306s] writing ../../build/tku_libs/tku_libs.egg-info/PKG-INFO
[3.307s] writing dependency_links to ../../build/tku_libs/tku_libs.egg-info/dependency_links.txt
[3.308s] writing entry points to ../../build/tku_libs/tku_libs.egg-info/entry_points.txt
[3.308s] writing requirements to ../../build/tku_libs/tku_libs.egg-info/requires.txt
[3.308s] writing top-level names to ../../build/tku_libs/tku_libs.egg-info/top_level.txt
[3.315s] reading manifest file '../../build/tku_libs/tku_libs.egg-info/SOURCES.txt'
[3.318s] writing manifest file '../../build/tku_libs/tku_libs.egg-info/SOURCES.txt'
[3.318s] running build
[3.319s] running build_py
[3.320s] running install
[3.320s] running install_lib
[3.324s] running install_data
[3.325s] running install_egg_info
[3.330s] removing '/home/iclab/Desktop/ros2/install/tku_libs/lib/python3.10/site-packages/tku_libs-0.0.0-py3.10.egg-info' (and everything under it)
[3.330s] Copying ../../build/tku_libs/tku_libs.egg-info to /home/iclab/Desktop/ros2/install/tku_libs/lib/python3.10/site-packages/tku_libs-0.0.0-py3.10.egg-info
[3.333s] running install_scripts
[3.386s] Installing aaa script to /home/iclab/Desktop/ros2/install/tku_libs/lib/tku_libs
[3.387s] Installing bbb script to /home/iclab/Desktop/ros2/install/tku_libs/lib/tku_libs
[3.388s] writing list of installed files to '/home/iclab/Desktop/ros2/build/tku_libs/install.log'
[3.470s] Invoked command in '/home/iclab/Desktop/ros2/src/tku_libs' returned '0': PYTHONPATH=/home/iclab/Desktop/ros2/build/tku_libs/prefix_override:/home/iclab/Desktop/ros2/install/tku_libs/lib/python3.10/site-packages:${PYTHONPATH} /usr/bin/python3 setup.py egg_info --egg-base ../../build/tku_libs build --build-base /home/iclab/Desktop/ros2/build/tku_libs/build install --record /home/iclab/Desktop/ros2/build/tku_libs/install.log --single-version-externally-managed
