[1.163s] Invoking command in '/home/iclab/Desktop/ros2/src/motionpackage': BYOBU_DATE=%Y-%m-%d PYTHONPATH=/home/iclab/Desktop/ros2/build/motionpackage/prefix_override:/home/iclab/Desktop/ros2/install/motionpackage/lib/python3.10/site-packages:${PYTHONPATH} /usr/bin/python3 setup.py egg_info --egg-base ../../build/motionpackage build --build-base /home/iclab/Desktop/ros2/build/motionpackage/build install --record /home/iclab/Desktop/ros2/build/motionpackage/install.log --single-version-externally-managed
[1.507s] running egg_info
[1.508s] writing ../../build/motionpackage/motionpackage.egg-info/PKG-INFO
[1.508s] writing dependency_links to ../../build/motionpackage/motionpackage.egg-info/dependency_links.txt
[1.508s] writing entry points to ../../build/motionpackage/motionpackage.egg-info/entry_points.txt
[1.509s] writing requirements to ../../build/motionpackage/motionpackage.egg-info/requires.txt
[1.509s] writing top-level names to ../../build/motionpackage/motionpackage.egg-info/top_level.txt
[1.511s] reading manifest file '../../build/motionpackage/motionpackage.egg-info/SOURCES.txt'
[1.512s] writing manifest file '../../build/motionpackage/motionpackage.egg-info/SOURCES.txt'
[1.512s] running build
[1.512s] running build_py
[1.512s] running install
[1.512s] running install_lib
[1.514s] running install_data
[1.514s] running install_egg_info
[1.516s] removing '/home/iclab/Desktop/ros2/install/motionpackage/lib/python3.10/site-packages/motionpackage-0.0.0-py3.10.egg-info' (and everything under it)
[1.516s] Copying ../../build/motionpackage/motionpackage.egg-info to /home/iclab/Desktop/ros2/install/motionpackage/lib/python3.10/site-packages/motionpackage-0.0.0-py3.10.egg-info
[1.517s] running install_scripts
[1.542s] Installing motion script to /home/iclab/Desktop/ros2/install/motionpackage/lib/motionpackage
[1.542s] writing list of installed files to '/home/iclab/Desktop/ros2/build/motionpackage/install.log'
[1.576s] Invoked command in '/home/iclab/Desktop/ros2/src/motionpackage' returned '0': BYOBU_DATE=%Y-%m-%d PYTHONPATH=/home/iclab/Desktop/ros2/build/motionpackage/prefix_override:/home/iclab/Desktop/ros2/install/motionpackage/lib/python3.10/site-packages:${PYTHONPATH} /usr/bin/python3 setup.py egg_info --egg-base ../../build/motionpackage build --build-base /home/iclab/Desktop/ros2/build/motionpackage/build install --record /home/iclab/Desktop/ros2/build/motionpackage/install.log --single-version-externally-managed
