[2.986s] Invoking command in '/home/iclab/Desktop/ros2/src/motionpackage': PYTHONPATH=/home/iclab/Desktop/ros2/build/motionpackage/prefix_override:/home/iclab/Desktop/ros2/install/motionpackage/lib/python3.10/site-packages:${PYTHONPATH} /usr/bin/python3 setup.py egg_info --egg-base ../../build/motionpackage build --build-base /home/iclab/Desktop/ros2/build/motionpackage/build install --record /home/iclab/Desktop/ros2/build/motionpackage/install.log --single-version-externally-managed
[3.937s] running egg_info
[3.938s] writing ../../build/motionpackage/motionpackage.egg-info/PKG-INFO
[3.939s] writing dependency_links to ../../build/motionpackage/motionpackage.egg-info/dependency_links.txt
[3.939s] writing entry points to ../../build/motionpackage/motionpackage.egg-info/entry_points.txt
[3.940s] writing requirements to ../../build/motionpackage/motionpackage.egg-info/requires.txt
[3.941s] writing top-level names to ../../build/motionpackage/motionpackage.egg-info/top_level.txt
[3.948s] reading manifest file '../../build/motionpackage/motionpackage.egg-info/SOURCES.txt'
[3.950s] writing manifest file '../../build/motionpackage/motionpackage.egg-info/SOURCES.txt'
[3.951s] running build
[3.951s] running build_py
[3.952s] copying motionpackage/motion.py -> /home/iclab/Desktop/ros2/build/motionpackage/build/lib/motionpackage
[3.952s] running install
[3.954s] running install_lib
[3.956s] copying /home/iclab/Desktop/ros2/build/motionpackage/build/lib/motionpackage/motion.py -> /home/iclab/Desktop/ros2/install/motionpackage/lib/python3.10/site-packages/motionpackage
[3.959s] byte-compiling /home/iclab/Desktop/ros2/install/motionpackage/lib/python3.10/site-packages/motionpackage/motion.py to motion.cpython-310.pyc
[3.982s] running install_data
[3.984s] running install_egg_info
[3.989s] removing '/home/iclab/Desktop/ros2/install/motionpackage/lib/python3.10/site-packages/motionpackage-0.0.0-py3.10.egg-info' (and everything under it)
[3.990s] Copying ../../build/motionpackage/motionpackage.egg-info to /home/iclab/Desktop/ros2/install/motionpackage/lib/python3.10/site-packages/motionpackage-0.0.0-py3.10.egg-info
[3.996s] running install_scripts
[4.047s] Installing motion script to /home/iclab/Desktop/ros2/install/motionpackage/lib/motionpackage
[4.048s] writing list of installed files to '/home/iclab/Desktop/ros2/build/motionpackage/install.log'
[4.143s] Invoked command in '/home/iclab/Desktop/ros2/src/motionpackage' returned '0': PYTHONPATH=/home/iclab/Desktop/ros2/build/motionpackage/prefix_override:/home/iclab/Desktop/ros2/install/motionpackage/lib/python3.10/site-packages:${PYTHONPATH} /usr/bin/python3 setup.py egg_info --egg-base ../../build/motionpackage build --build-base /home/iclab/Desktop/ros2/build/motionpackage/build install --record /home/iclab/Desktop/ros2/build/motionpackage/install.log --single-version-externally-managed
