running egg_info
creating ../../build/tkulibs/tkulibs.egg-info
writing ../../build/tkulibs/tkulibs.egg-info/PKG-INFO
writing dependency_links to ../../build/tkulibs/tkulibs.egg-info/dependency_links.txt
writing entry points to ../../build/tkulibs/tkulibs.egg-info/entry_points.txt
writing requirements to ../../build/tkulibs/tkulibs.egg-info/requires.txt
writing top-level names to ../../build/tkulibs/tkulibs.egg-info/top_level.txt
writing manifest file '../../build/tkulibs/tkulibs.egg-info/SOURCES.txt'
reading manifest file '../../build/tkulibs/tkulibs.egg-info/SOURCES.txt'
adding license file 'LICENSE'
writing manifest file '../../build/tkulibs/tkulibs.egg-info/SOURCES.txt'
running build
running build_py
creating /home/iclab/Desktop/ros2/build/tkulibs/build
creating /home/iclab/Desktop/ros2/build/tkulibs/build/lib
creating /home/iclab/Desktop/ros2/build/tkulibs/build/lib/tkulibs
copying tkulibs/location.py -> /home/iclab/Desktop/ros2/build/tkulibs/build/lib/tkulibs
copying tkulibs/__init__.py -> /home/iclab/Desktop/ros2/build/tkulibs/build/lib/tkulibs
running install
running install_lib
creating /home/iclab/Desktop/ros2/install/tkulibs/lib/python3.10/site-packages/tkulibs
copying /home/iclab/Desktop/ros2/build/tkulibs/build/lib/tkulibs/location.py -> /home/iclab/Desktop/ros2/install/tkulibs/lib/python3.10/site-packages/tkulibs
copying /home/iclab/Desktop/ros2/build/tkulibs/build/lib/tkulibs/__init__.py -> /home/iclab/Desktop/ros2/install/tkulibs/lib/python3.10/site-packages/tkulibs
byte-compiling /home/iclab/Desktop/ros2/install/tkulibs/lib/python3.10/site-packages/tkulibs/location.py to location.cpython-310.pyc
byte-compiling /home/iclab/Desktop/ros2/install/tkulibs/lib/python3.10/site-packages/tkulibs/__init__.py to __init__.cpython-310.pyc
running install_data
creating /home/iclab/Desktop/ros2/install/tkulibs/share/ament_index
creating /home/iclab/Desktop/ros2/install/tkulibs/share/ament_index/resource_index
creating /home/iclab/Desktop/ros2/install/tkulibs/share/ament_index/resource_index/packages
copying resource/tkulibs -> /home/iclab/Desktop/ros2/install/tkulibs/share/ament_index/resource_index/packages
copying package.xml -> /home/iclab/Desktop/ros2/install/tkulibs/share/tkulibs
running install_egg_info
Copying ../../build/tkulibs/tkulibs.egg-info to /home/iclab/Desktop/ros2/install/tkulibs/lib/python3.10/site-packages/tkulibs-0.0.0-py3.10.egg-info
running install_scripts
Installing location script to /home/iclab/Desktop/ros2/install/tkulibs/lib/tkulibs
writing list of installed files to '/home/iclab/Desktop/ros2/build/tkulibs/install.log'
