[0.318s] Invoking command in '/home/iclab/Desktop/ros2/src/build/strategy': BYOBU_DATE=%Y-%m-%d /usr/bin/cmake /home/iclab/Desktop/ros2/src/strategy -DCATKIN_INSTALL_INTO_PREFIX_ROOT=0 -DCMAKE_INSTALL_PREFIX=/home/iclab/Desktop/ros2/src/install/strategy
[0.323s] [0mCMake Deprecation Warning at CMakeLists.txt:1 (cmake_minimum_required):
[0.323s]   Compatibility with CMake < 2.8.12 will be removed from a future version of
[0.323s]   CMake.
[0.323s] 
[0.323s]   Update the VERSION argument <min> value or use a ...<max> suffix to tell
[0.323s]   CMake that the project does not need compatibility with older versions.
[0.323s] 
[0.323s] [0m
[0.363s] -- The C compiler identification is GNU 11.4.0
[0.410s] -- The CXX compiler identification is GNU 11.4.0
[0.419s] -- Detecting C compiler ABI info
[0.482s] -- Detecting C compiler ABI info - done
[0.487s] -- Check for working C compiler: /usr/bin/cc - skipped
[0.487s] -- Detecting C compile features
[0.488s] -- Detecting C compile features - done
[0.490s] -- Detecting CXX compiler ABI info
[0.541s] -- Detecting CXX compiler ABI info - done
[0.547s] -- Check for working CXX compiler: /usr/bin/c++ - skipped
[0.547s] -- Detecting CXX compile features
[0.548s] -- Detecting CXX compile features - done
[0.558s] [31mCMake Error at CMakeLists.txt:10 (find_package):
[0.558s]   By not providing "Findcatkin.cmake" in CMAKE_MODULE_PATH this project has
[0.558s]   asked CMake to find a package configuration file provided by "catkin", but
[0.559s]   CMake did not find one.
[0.559s] 
[0.559s]   Could not find a package configuration file provided by "catkin" with any
[0.559s]   of the following names:
[0.559s] 
[0.559s]     catkinConfig.cmake
[0.559s]     catkin-config.cmake
[0.559s] 
[0.559s]   Add the installation prefix of "catkin" to CMAKE_PREFIX_PATH or set
[0.559s]   "catkin_DIR" to a directory containing one of the above files.  If "catkin"
[0.559s]   provides a separate development package or SDK, be sure it has been
[0.559s]   installed.
[0.559s] 
[0.559s] [0m
[0.559s] -- Configuring incomplete, errors occurred!
[0.559s] See also "/home/iclab/Desktop/ros2/src/build/strategy/CMakeFiles/CMakeOutput.log".
