[3.093s] Invoking command in '/home/iclab/Desktop/ros2/src/motionpackage': PYTHONPATH=/home/iclab/Desktop/ros2/build/motionpackage/prefix_override:/home/iclab/Desktop/ros2/install/motionpackage/lib/python3.10/site-packages:${PYTHONPATH} /usr/bin/python3 setup.py egg_info --egg-base ../../build/motionpackage build --build-base /home/iclab/Desktop/ros2/build/motionpackage/build install --record /home/iclab/Desktop/ros2/build/motionpackage/install.log --single-version-externally-managed
[4.034s] running egg_info
[4.035s] writing ../../build/motionpackage/motionpackage.egg-info/PKG-INFO
[4.036s] writing dependency_links to ../../build/motionpackage/motionpackage.egg-info/dependency_links.txt
[4.036s] writing entry points to ../../build/motionpackage/motionpackage.egg-info/entry_points.txt
[4.037s] writing requirements to ../../build/motionpackage/motionpackage.egg-info/requires.txt
[4.037s] writing top-level names to ../../build/motionpackage/motionpackage.egg-info/top_level.txt
[4.042s] reading manifest file '../../build/motionpackage/motionpackage.egg-info/SOURCES.txt'
[4.045s] writing manifest file '../../build/motionpackage/motionpackage.egg-info/SOURCES.txt'
[4.047s] running build
[4.047s] running build_py
[4.048s] copying motionpackage/motion.py -> /home/iclab/Desktop/ros2/build/motionpackage/build/lib/motionpackage
[4.048s] running install
[4.048s] running install_lib
[4.050s] copying /home/iclab/Desktop/ros2/build/motionpackage/build/lib/motionpackage/motion.py -> /home/iclab/Desktop/ros2/install/motionpackage/lib/python3.10/site-packages/motionpackage
[4.052s] byte-compiling /home/iclab/Desktop/ros2/install/motionpackage/lib/python3.10/site-packages/motionpackage/motion.py to motion.cpython-310.pyc
[4.074s] running install_data
[4.076s] running install_egg_info
[4.080s] removing '/home/iclab/Desktop/ros2/install/motionpackage/lib/python3.10/site-packages/motionpackage-0.0.0-py3.10.egg-info' (and everything under it)
[4.082s] Copying ../../build/motionpackage/motionpackage.egg-info to /home/iclab/Desktop/ros2/install/motionpackage/lib/python3.10/site-packages/motionpackage-0.0.0-py3.10.egg-info
[4.084s] running install_scripts
[4.138s] Installing motion script to /home/iclab/Desktop/ros2/install/motionpackage/lib/motionpackage
[4.139s] writing list of installed files to '/home/iclab/Desktop/ros2/build/motionpackage/install.log'
[4.230s] Invoked command in '/home/iclab/Desktop/ros2/src/motionpackage' returned '0': PYTHONPATH=/home/iclab/Desktop/ros2/build/motionpackage/prefix_override:/home/iclab/Desktop/ros2/install/motionpackage/lib/python3.10/site-packages:${PYTHONPATH} /usr/bin/python3 setup.py egg_info --egg-base ../../build/motionpackage build --build-base /home/iclab/Desktop/ros2/build/motionpackage/build install --record /home/iclab/Desktop/ros2/build/motionpackage/install.log --single-version-externally-managed
