[1.131s] Invoking command in '/home/iclab/Desktop/ros2/src/imageprocess': PYTHONPATH=/home/iclab/Desktop/ros2/build/imageprocess/prefix_override:/home/iclab/Desktop/ros2/install/imageprocess/lib/python3.10/site-packages:${PYTHONPATH} /usr/bin/python3 setup.py egg_info --egg-base ../../build/imageprocess build --build-base /home/iclab/Desktop/ros2/build/imageprocess/build install --record /home/iclab/Desktop/ros2/build/imageprocess/install.log --single-version-externally-managed
[1.349s] running egg_info
[1.349s] writing ../../build/imageprocess/imageprocess.egg-info/PKG-INFO
[1.349s] writing dependency_links to ../../build/imageprocess/imageprocess.egg-info/dependency_links.txt
[1.350s] writing entry points to ../../build/imageprocess/imageprocess.egg-info/entry_points.txt
[1.350s] writing requirements to ../../build/imageprocess/imageprocess.egg-info/requires.txt
[1.350s] writing top-level names to ../../build/imageprocess/imageprocess.egg-info/top_level.txt
[1.351s] reading manifest file '../../build/imageprocess/imageprocess.egg-info/SOURCES.txt'
[1.351s] adding license file 'LICENSE'
[1.352s] writing manifest file '../../build/imageprocess/imageprocess.egg-info/SOURCES.txt'
[1.352s] running build
[1.352s] running build_py
[1.352s] running install
[1.352s] running install_lib
[1.353s] running install_data
[1.353s] running install_egg_info
[1.355s] removing '/home/iclab/Desktop/ros2/install/imageprocess/lib/python3.10/site-packages/imageprocess-0.0.0-py3.10.egg-info' (and everything under it)
[1.355s] Copying ../../build/imageprocess/imageprocess.egg-info to /home/iclab/Desktop/ros2/install/imageprocess/lib/python3.10/site-packages/imageprocess-0.0.0-py3.10.egg-info
[1.355s] running install_scripts
[1.371s] Installing image script to /home/iclab/Desktop/ros2/install/imageprocess/lib/imageprocess
[1.371s] writing list of installed files to '/home/iclab/Desktop/ros2/build/imageprocess/install.log'
[1.393s] Invoked command in '/home/iclab/Desktop/ros2/src/imageprocess' returned '0': PYTHONPATH=/home/iclab/Desktop/ros2/build/imageprocess/prefix_override:/home/iclab/Desktop/ros2/install/imageprocess/lib/python3.10/site-packages:${PYTHONPATH} /usr/bin/python3 setup.py egg_info --egg-base ../../build/imageprocess build --build-base /home/iclab/Desktop/ros2/build/imageprocess/build install --record /home/iclab/Desktop/ros2/build/imageprocess/install.log --single-version-externally-managed
