[0.189s] Invoking command in '/home/iclab/Desktop/ros2/src/build/tku_msgs': BYOBU_DATE=%Y-%m-%d CMAKE_PREFIX_PATH=${CMAKE_PREFIX_PATH}:/home/iclab/Desktop/ros2/install/tku_libs:/home/iclab/Desktop/ros2/install/motionpackage:/opt/ros/humble /usr/bin/cmake /home/iclab/Desktop/ros2/src/tku_msgs -DCMAKE_INSTALL_PREFIX=/home/iclab/Desktop/ros2/src/install/tku_msgs
[0.417s] -- The C compiler identification is GNU 11.4.0
[0.418s] -- The CXX compiler identification is GNU 11.4.0
[0.418s] -- Detecting C compiler ABI info
[0.418s] -- Detecting C compiler ABI info - done
[0.418s] -- Check for working C compiler: /usr/bin/cc - skipped
[0.418s] -- Detecting C compile features
[0.418s] -- Detecting C compile features - done
[0.418s] -- Detecting CXX compiler ABI info
[0.418s] -- Detecting CXX compiler ABI info - done
[0.419s] -- Check for working CXX compiler: /usr/bin/c++ - skipped
[0.419s] -- Detecting CXX compile features
[0.420s] -- Detecting CXX compile features - done
[0.420s] -- Found ament_cmake: 1.3.6 (/opt/ros/humble/share/ament_cmake/cmake)
[0.512s] -- Found Python3: /usr/bin/python3.10 (found version "3.10.12") found components: Interpreter 
[0.601s] -- Found rosidl_default_generators: 1.2.0 (/opt/ros/humble/share/rosidl_default_generators/cmake)
[0.605s] -- Using all available rosidl_typesupport_c: rosidl_typesupport_fastrtps_c;rosidl_typesupport_introspection_c
[0.611s] -- Found rosidl_adapter: 3.1.5 (/opt/ros/humble/share/rosidl_adapter/cmake)
[0.654s] -- Using all available rosidl_typesupport_cpp: rosidl_typesupport_fastrtps_cpp;rosidl_typesupport_introspection_cpp
[0.697s] -- Found std_msgs: 4.2.3 (/opt/ros/humble/share/std_msgs/cmake)
[1.035s] -- Found ament_cmake_ros: 0.10.0 (/opt/ros/humble/share/ament_cmake_ros/cmake)
[1.186s] -- Using all available rosidl_typesupport_c: rosidl_typesupport_fastrtps_c;rosidl_typesupport_introspection_c
[1.375s] -- Using all available rosidl_typesupport_cpp: rosidl_typesupport_fastrtps_cpp;rosidl_typesupport_introspection_cpp
[1.392s] -- Found PythonInterp: /usr/bin/python3 (found suitable version "3.10.12", minimum required is "3.6") 
[1.393s] -- Found python_cmake_module: 0.10.0 (/opt/ros/humble/share/python_cmake_module/cmake)
[1.410s] -- Found PythonLibs: /usr/lib/x86_64-linux-gnu/libpython3.10.so (found suitable version "3.10.12", minimum required is "3.5") 
[1.410s] -- Using PYTHON_EXECUTABLE: /usr/bin/python3
[1.410s] -- Using PYTHON_INCLUDE_DIRS: /usr/include/python3.10
[1.410s] -- Using PYTHON_LIBRARIES: /usr/lib/x86_64-linux-gnu/libpython3.10.so
[1.423s] -- Found PythonExtra: .so  
[1.461s] -- Found ament_lint_auto: 0.12.9 (/opt/ros/humble/share/ament_lint_auto/cmake)
[1.484s] -- Added test 'lint_cmake' to check CMake code style
[1.485s] -- Added test 'xmllint' to check XML markup files
[1.487s] -- Configuring done
[1.530s] -- Generating done
[1.532s] -- Build files have been written to: /home/iclab/Desktop/ros2/src/build/tku_msgs
