[2.656s] Invoking command in '/home/iclab/Desktop/ros2/src/tku_libs': PYTHONPATH=/home/iclab/Desktop/ros2/build/tku_libs/prefix_override:/home/iclab/Desktop/ros2/install/tku_libs/lib/python3.10/site-packages:${PYTHONPATH} /usr/bin/python3 setup.py egg_info --egg-base ../../build/tku_libs build --build-base /home/iclab/Desktop/ros2/build/tku_libs/build install --record /home/iclab/Desktop/ros2/build/tku_libs/install.log --single-version-externally-managed
[3.493s] running egg_info
[3.495s] writing ../../build/tku_libs/tku_libs.egg-info/PKG-INFO
[3.496s] writing dependency_links to ../../build/tku_libs/tku_libs.egg-info/dependency_links.txt
[3.497s] writing entry points to ../../build/tku_libs/tku_libs.egg-info/entry_points.txt
[3.498s] writing requirements to ../../build/tku_libs/tku_libs.egg-info/requires.txt
[3.498s] writing top-level names to ../../build/tku_libs/tku_libs.egg-info/top_level.txt
[3.503s] reading manifest file '../../build/tku_libs/tku_libs.egg-info/SOURCES.txt'
[3.506s] writing manifest file '../../build/tku_libs/tku_libs.egg-info/SOURCES.txt'
[3.506s] running build
[3.507s] running build_py
[3.508s] running install
[3.509s] running install_lib
[3.512s] running install_data
[3.514s] running install_egg_info
[3.518s] removing '/home/iclab/Desktop/ros2/install/tku_libs/lib/python3.10/site-packages/tku_libs-0.0.0-py3.10.egg-info' (and everything under it)
[3.519s] Copying ../../build/tku_libs/tku_libs.egg-info to /home/iclab/Desktop/ros2/install/tku_libs/lib/python3.10/site-packages/tku_libs-0.0.0-py3.10.egg-info
[3.523s] running install_scripts
[3.577s] Installing aaa script to /home/iclab/Desktop/ros2/install/tku_libs/lib/tku_libs
[3.578s] Installing bbb script to /home/iclab/Desktop/ros2/install/tku_libs/lib/tku_libs
[3.579s] writing list of installed files to '/home/iclab/Desktop/ros2/build/tku_libs/install.log'
[3.662s] Invoked command in '/home/iclab/Desktop/ros2/src/tku_libs' returned '0': PYTHONPATH=/home/iclab/Desktop/ros2/build/tku_libs/prefix_override:/home/iclab/Desktop/ros2/install/tku_libs/lib/python3.10/site-packages:${PYTHONPATH} /usr/bin/python3 setup.py egg_info --egg-base ../../build/tku_libs build --build-base /home/iclab/Desktop/ros2/build/tku_libs/build install --record /home/iclab/Desktop/ros2/build/tku_libs/install.log --single-version-externally-managed
