[3.233s] Invoking command in '/home/iclab/Desktop/ros2/src/motionpackage': PYTHONPATH=/home/iclab/Desktop/ros2/build/motionpackage/prefix_override:/home/iclab/Desktop/ros2/install/motionpackage/lib/python3.10/site-packages:${PYTHONPATH} /usr/bin/python3 setup.py egg_info --egg-base ../../build/motionpackage build --build-base /home/iclab/Desktop/ros2/build/motionpackage/build install --record /home/iclab/Desktop/ros2/build/motionpackage/install.log --single-version-externally-managed
[4.168s] running egg_info
[4.170s] writing ../../build/motionpackage/motionpackage.egg-info/PKG-INFO
[4.171s] writing dependency_links to ../../build/motionpackage/motionpackage.egg-info/dependency_links.txt
[4.172s] writing entry points to ../../build/motionpackage/motionpackage.egg-info/entry_points.txt
[4.172s] writing requirements to ../../build/motionpackage/motionpackage.egg-info/requires.txt
[4.173s] writing top-level names to ../../build/motionpackage/motionpackage.egg-info/top_level.txt
[4.178s] reading manifest file '../../build/motionpackage/motionpackage.egg-info/SOURCES.txt'
[4.181s] writing manifest file '../../build/motionpackage/motionpackage.egg-info/SOURCES.txt'
[4.181s] running build
[4.182s] running build_py
[4.182s] copying motionpackage/motion.py -> /home/iclab/Desktop/ros2/build/motionpackage/build/lib/motionpackage
[4.183s] running install
[4.184s] running install_lib
[4.186s] copying /home/iclab/Desktop/ros2/build/motionpackage/build/lib/motionpackage/motion.py -> /home/iclab/Desktop/ros2/install/motionpackage/lib/python3.10/site-packages/motionpackage
[4.189s] byte-compiling /home/iclab/Desktop/ros2/install/motionpackage/lib/python3.10/site-packages/motionpackage/motion.py to motion.cpython-310.pyc
[4.212s] running install_data
[4.213s] running install_egg_info
[4.217s] removing '/home/iclab/Desktop/ros2/install/motionpackage/lib/python3.10/site-packages/motionpackage-0.0.0-py3.10.egg-info' (and everything under it)
[4.218s] Copying ../../build/motionpackage/motionpackage.egg-info to /home/iclab/Desktop/ros2/install/motionpackage/lib/python3.10/site-packages/motionpackage-0.0.0-py3.10.egg-info
[4.221s] running install_scripts
[4.455s] Installing motion script to /home/iclab/Desktop/ros2/install/motionpackage/lib/motionpackage
[4.481s] writing list of installed files to '/home/iclab/Desktop/ros2/build/motionpackage/install.log'
[4.707s] Invoked command in '/home/iclab/Desktop/ros2/src/motionpackage' returned '0': PYTHONPATH=/home/iclab/Desktop/ros2/build/motionpackage/prefix_override:/home/iclab/Desktop/ros2/install/motionpackage/lib/python3.10/site-packages:${PYTHONPATH} /usr/bin/python3 setup.py egg_info --egg-base ../../build/motionpackage build --build-base /home/iclab/Desktop/ros2/build/motionpackage/build install --record /home/iclab/Desktop/ros2/build/motionpackage/install.log --single-version-externally-managed
