[3.052s] Invoking command in '/home/iclab/Desktop/ros2/src/motionpackage': PYTHONPATH=/home/iclab/Desktop/ros2/build/motionpackage/prefix_override:/home/iclab/Desktop/ros2/install/motionpackage/lib/python3.10/site-packages:${PYTHONPATH} /usr/bin/python3 setup.py egg_info --egg-base ../../build/motionpackage build --build-base /home/iclab/Desktop/ros2/build/motionpackage/build install --record /home/iclab/Desktop/ros2/build/motionpackage/install.log --single-version-externally-managed
[4.166s] running egg_info
[4.168s] writing ../../build/motionpackage/motionpackage.egg-info/PKG-INFO
[4.169s] writing dependency_links to ../../build/motionpackage/motionpackage.egg-info/dependency_links.txt
[4.170s] writing entry points to ../../build/motionpackage/motionpackage.egg-info/entry_points.txt
[4.171s] writing requirements to ../../build/motionpackage/motionpackage.egg-info/requires.txt
[4.171s] writing top-level names to ../../build/motionpackage/motionpackage.egg-info/top_level.txt
[4.179s] reading manifest file '../../build/motionpackage/motionpackage.egg-info/SOURCES.txt'
[4.183s] writing manifest file '../../build/motionpackage/motionpackage.egg-info/SOURCES.txt'
[4.184s] running build
[4.184s] running build_py
[4.185s] copying motionpackage/motion.py -> /home/iclab/Desktop/ros2/build/motionpackage/build/lib/motionpackage
[4.186s] running install
[4.187s] running install_lib
[4.190s] copying /home/iclab/Desktop/ros2/build/motionpackage/build/lib/motionpackage/motion.py -> /home/iclab/Desktop/ros2/install/motionpackage/lib/python3.10/site-packages/motionpackage
[4.194s] byte-compiling /home/iclab/Desktop/ros2/install/motionpackage/lib/python3.10/site-packages/motionpackage/motion.py to motion.cpython-310.pyc
[4.227s] running install_data
[4.229s] running install_egg_info
[4.235s] removing '/home/iclab/Desktop/ros2/install/motionpackage/lib/python3.10/site-packages/motionpackage-0.0.0-py3.10.egg-info' (and everything under it)
[4.236s] Copying ../../build/motionpackage/motionpackage.egg-info to /home/iclab/Desktop/ros2/install/motionpackage/lib/python3.10/site-packages/motionpackage-0.0.0-py3.10.egg-info
[4.243s] running install_scripts
[4.323s] Installing motion script to /home/iclab/Desktop/ros2/install/motionpackage/lib/motionpackage
[4.335s] writing list of installed files to '/home/iclab/Desktop/ros2/build/motionpackage/install.log'
[4.437s] Invoked command in '/home/iclab/Desktop/ros2/src/motionpackage' returned '0': PYTHONPATH=/home/iclab/Desktop/ros2/build/motionpackage/prefix_override:/home/iclab/Desktop/ros2/install/motionpackage/lib/python3.10/site-packages:${PYTHONPATH} /usr/bin/python3 setup.py egg_info --egg-base ../../build/motionpackage build --build-base /home/iclab/Desktop/ros2/build/motionpackage/build install --record /home/iclab/Desktop/ros2/build/motionpackage/install.log --single-version-externally-managed
