[3.385s] DEBUG:colcon:Command line arguments: ['/usr/bin/colcon', 'build']
[3.386s] DEBUG:colcon:Parsed command line arguments: Namespace(log_base=None, log_level=None, verb_name='build', build_base='build', install_base='install', merge_install=False, symlink_install=False, test_result_base=None, continue_on_error=False, executor='parallel', parallel_workers=4, event_handlers=None, ignore_user_meta=False, metas=['./colcon.meta'], base_paths=['.'], packages_ignore=None, packages_ignore_regex=None, paths=None, packages_up_to=None, packages_up_to_regex=None, packages_above=None, packages_above_and_dependencies=None, packages_above_depth=None, packages_select_by_dep=None, packages_skip_by_dep=None, packages_skip_up_to=None, packages_select_build_failed=False, packages_skip_build_finished=False, packages_select_test_failures=False, packages_skip_test_passed=False, packages_select=None, packages_skip=None, packages_select_regex=None, packages_skip_regex=None, packages_start=None, packages_end=None, allow_overriding=[], cmake_args=None, cmake_target=None, cmake_target_skip_unavailable=False, cmake_clean_cache=False, cmake_clean_first=False, cmake_force_configure=False, ament_cmake_args=None, catkin_cmake_args=None, catkin_skip_building_tests=False, verb_parser=<colcon_defaults.argument_parser.defaults.DefaultArgumentsDecorator object at 0x7f3b31bfd150>, verb_extension=<colcon_core.verb.build.BuildVerb object at 0x7f3b31b70910>, main=<bound method BuildVerb.main of <colcon_core.verb.build.BuildVerb object at 0x7f3b31b70910>>)
[3.540s] Level 1:colcon.colcon_core.package_discovery:discover_packages(colcon_meta) check parameters
[3.540s] Level 1:colcon.colcon_core.package_discovery:discover_packages(recursive) check parameters
[3.540s] Level 1:colcon.colcon_core.package_discovery:discover_packages(ignore) check parameters
[3.540s] Level 1:colcon.colcon_core.package_discovery:discover_packages(path) check parameters
[3.540s] Level 1:colcon.colcon_core.package_discovery:discover_packages(colcon_meta) discover
[3.541s] Level 1:colcon.colcon_core.package_discovery:discover_packages(recursive) discover
[3.541s] INFO:colcon.colcon_core.package_discovery:Crawling recursively for packages in '/home/iclab/Desktop/ros2'
[3.541s] Level 1:colcon.colcon_core.package_identification:_identify(.) by extensions ['ignore', 'ignore_ament_install']
[3.541s] Level 1:colcon.colcon_core.package_identification:_identify(.) by extension 'ignore'
[3.541s] Level 1:colcon.colcon_core.package_identification:_identify(.) by extension 'ignore_ament_install'
[3.542s] Level 1:colcon.colcon_core.package_identification:_identify(.) by extensions ['colcon_pkg']
[3.542s] Level 1:colcon.colcon_core.package_identification:_identify(.) by extension 'colcon_pkg'
[3.542s] Level 1:colcon.colcon_core.package_identification:_identify(.) by extensions ['colcon_meta']
[3.542s] Level 1:colcon.colcon_core.package_identification:_identify(.) by extension 'colcon_meta'
[3.542s] Level 1:colcon.colcon_core.package_identification:_identify(.) by extensions ['ros']
[3.542s] Level 1:colcon.colcon_core.package_identification:_identify(.) by extension 'ros'
[3.574s] Level 1:colcon.colcon_core.package_identification:_identify(.) by extensions ['cmake', 'python']
[3.575s] Level 1:colcon.colcon_core.package_identification:_identify(.) by extension 'cmake'
[3.575s] Level 1:colcon.colcon_core.package_identification:_identify(.) by extension 'python'
[3.575s] Level 1:colcon.colcon_core.package_identification:_identify(.) by extensions ['python_setup_py']
[3.575s] Level 1:colcon.colcon_core.package_identification:_identify(.) by extension 'python_setup_py'
[3.575s] Level 1:colcon.colcon_core.package_identification:_identify(build) by extensions ['ignore', 'ignore_ament_install']
[3.576s] Level 1:colcon.colcon_core.package_identification:_identify(build) by extension 'ignore'
[3.576s] Level 1:colcon.colcon_core.package_identification:_identify(build) ignored
[3.576s] Level 1:colcon.colcon_core.package_identification:_identify(cssl) by extensions ['ignore', 'ignore_ament_install']
[3.577s] Level 1:colcon.colcon_core.package_identification:_identify(cssl) by extension 'ignore'
[3.577s] Level 1:colcon.colcon_core.package_identification:_identify(cssl) by extension 'ignore_ament_install'
[3.577s] Level 1:colcon.colcon_core.package_identification:_identify(cssl) by extensions ['colcon_pkg']
[3.577s] Level 1:colcon.colcon_core.package_identification:_identify(cssl) by extension 'colcon_pkg'
[3.577s] Level 1:colcon.colcon_core.package_identification:_identify(cssl) by extensions ['colcon_meta']
[3.577s] Level 1:colcon.colcon_core.package_identification:_identify(cssl) by extension 'colcon_meta'
[3.578s] Level 1:colcon.colcon_core.package_identification:_identify(cssl) by extensions ['ros']
[3.578s] Level 1:colcon.colcon_core.package_identification:_identify(cssl) by extension 'ros'
[3.578s] Level 1:colcon.colcon_core.package_identification:_identify(cssl) by extensions ['cmake', 'python']
[3.578s] Level 1:colcon.colcon_core.package_identification:_identify(cssl) by extension 'cmake'
[3.578s] Level 1:colcon.colcon_core.package_identification:_identify(cssl) by extension 'python'
[3.578s] Level 1:colcon.colcon_core.package_identification:_identify(cssl) by extensions ['python_setup_py']
[3.578s] Level 1:colcon.colcon_core.package_identification:_identify(cssl) by extension 'python_setup_py'
[3.579s] Level 1:colcon.colcon_core.package_identification:_identify(install) by extensions ['ignore', 'ignore_ament_install']
[3.579s] Level 1:colcon.colcon_core.package_identification:_identify(install) by extension 'ignore'
[3.579s] Level 1:colcon.colcon_core.package_identification:_identify(install) ignored
[3.580s] Level 1:colcon.colcon_core.package_identification:_identify(log) by extensions ['ignore', 'ignore_ament_install']
[3.580s] Level 1:colcon.colcon_core.package_identification:_identify(log) by extension 'ignore'
[3.580s] Level 1:colcon.colcon_core.package_identification:_identify(log) ignored
[3.580s] Level 1:colcon.colcon_core.package_identification:_identify(src) by extensions ['ignore', 'ignore_ament_install']
[3.581s] Level 1:colcon.colcon_core.package_identification:_identify(src) by extension 'ignore'
[3.581s] Level 1:colcon.colcon_core.package_identification:_identify(src) by extension 'ignore_ament_install'
[3.581s] Level 1:colcon.colcon_core.package_identification:_identify(src) by extensions ['colcon_pkg']
[3.581s] Level 1:colcon.colcon_core.package_identification:_identify(src) by extension 'colcon_pkg'
[3.581s] Level 1:colcon.colcon_core.package_identification:_identify(src) by extensions ['colcon_meta']
[3.581s] Level 1:colcon.colcon_core.package_identification:_identify(src) by extension 'colcon_meta'
[3.581s] Level 1:colcon.colcon_core.package_identification:_identify(src) by extensions ['ros']
[3.581s] Level 1:colcon.colcon_core.package_identification:_identify(src) by extension 'ros'
[3.582s] Level 1:colcon.colcon_core.package_identification:_identify(src) by extensions ['cmake', 'python']
[3.582s] Level 1:colcon.colcon_core.package_identification:_identify(src) by extension 'cmake'
[3.582s] Level 1:colcon.colcon_core.package_identification:_identify(src) by extension 'python'
[3.582s] Level 1:colcon.colcon_core.package_identification:_identify(src) by extensions ['python_setup_py']
[3.582s] Level 1:colcon.colcon_core.package_identification:_identify(src) by extension 'python_setup_py'
[3.583s] Level 1:colcon.colcon_core.package_identification:_identify(src/serial) by extensions ['ignore', 'ignore_ament_install']
[3.583s] Level 1:colcon.colcon_core.package_identification:_identify(src/serial) by extension 'ignore'
[3.583s] Level 1:colcon.colcon_core.package_identification:_identify(src/serial) by extension 'ignore_ament_install'
[3.583s] Level 1:colcon.colcon_core.package_identification:_identify(src/serial) by extensions ['colcon_pkg']
[3.583s] Level 1:colcon.colcon_core.package_identification:_identify(src/serial) by extension 'colcon_pkg'
[3.583s] Level 1:colcon.colcon_core.package_identification:_identify(src/serial) by extensions ['colcon_meta']
[3.584s] Level 1:colcon.colcon_core.package_identification:_identify(src/serial) by extension 'colcon_meta'
[3.584s] Level 1:colcon.colcon_core.package_identification:_identify(src/serial) by extensions ['ros']
[3.584s] Level 1:colcon.colcon_core.package_identification:_identify(src/serial) by extension 'ros'
[3.590s] DEBUG:colcon.colcon_core.package_identification:Package 'src/serial' with type 'ros.ament_cmake' and name 'serial'
[3.590s] Level 1:colcon.colcon_core.package_discovery:discover_packages(recursive) using defaults
[3.590s] Level 1:colcon.colcon_core.package_discovery:discover_packages(ignore) discover
[3.591s] Level 1:colcon.colcon_core.package_discovery:discover_packages(ignore) using defaults
[3.591s] Level 1:colcon.colcon_core.package_discovery:discover_packages(path) discover
[3.591s] Level 1:colcon.colcon_core.package_discovery:discover_packages(path) using defaults
[3.888s] Level 1:colcon.colcon_core.package_discovery:discover_packages(prefix_path) check parameters
[3.888s] Level 1:colcon.colcon_core.package_discovery:discover_packages(prefix_path) discover
[4.004s] DEBUG:colcon.colcon_installed_package_information.package_discovery:Found 1 installed packages in /home/iclab/Desktop/ros2/install
[4.125s] DEBUG:colcon.colcon_installed_package_information.package_discovery:Found 286 installed packages in /opt/ros/humble
[4.132s] Level 1:colcon.colcon_core.package_discovery:discover_packages(prefix_path) using defaults
[4.430s] Level 5:colcon.colcon_core.verb:set package 'serial' build argument 'cmake_args' from command line to 'None'
[4.430s] Level 5:colcon.colcon_core.verb:set package 'serial' build argument 'cmake_target' from command line to 'None'
[4.432s] Level 5:colcon.colcon_core.verb:set package 'serial' build argument 'cmake_target_skip_unavailable' from command line to 'False'
[4.432s] Level 5:colcon.colcon_core.verb:set package 'serial' build argument 'cmake_clean_cache' from command line to 'False'
[4.432s] Level 5:colcon.colcon_core.verb:set package 'serial' build argument 'cmake_clean_first' from command line to 'False'
[4.433s] Level 5:colcon.colcon_core.verb:set package 'serial' build argument 'cmake_force_configure' from command line to 'False'
[4.433s] Level 5:colcon.colcon_core.verb:set package 'serial' build argument 'ament_cmake_args' from command line to 'None'
[4.433s] Level 5:colcon.colcon_core.verb:set package 'serial' build argument 'catkin_cmake_args' from command line to 'None'
[4.433s] Level 5:colcon.colcon_core.verb:set package 'serial' build argument 'catkin_skip_building_tests' from command line to 'False'
[4.433s] DEBUG:colcon.colcon_core.verb:Building package 'serial' with the following arguments: {'ament_cmake_args': None, 'build_base': '/home/iclab/Desktop/ros2/build/serial', 'catkin_cmake_args': None, 'catkin_skip_building_tests': False, 'cmake_args': None, 'cmake_clean_cache': False, 'cmake_clean_first': False, 'cmake_force_configure': False, 'cmake_target': None, 'cmake_target_skip_unavailable': False, 'install_base': '/home/iclab/Desktop/ros2/install/serial', 'merge_install': False, 'path': '/home/iclab/Desktop/ros2/src/serial', 'symlink_install': False, 'test_result_base': None}
[4.482s] INFO:colcon.colcon_core.executor:Executing jobs using 'parallel' executor
[4.535s] DEBUG:colcon.colcon_parallel_executor.executor.parallel:run_until_complete
[4.535s] INFO:colcon.colcon_ros.task.ament_cmake.build:Building ROS package in '/home/iclab/Desktop/ros2/src/serial' with build type 'ament_cmake'
[4.536s] INFO:colcon.colcon_cmake.task.cmake.build:Building CMake package in '/home/iclab/Desktop/ros2/src/serial'
[4.594s] INFO:colcon.colcon_core.plugin_system:Skipping extension 'colcon_core.shell.bat': Not used on non-Windows systems
[4.595s] INFO:colcon.colcon_core.shell:Skip shell extension 'powershell' for command environment: Not usable outside of PowerShell
[4.595s] DEBUG:colcon.colcon_core.shell:Skip shell extension 'dsv' for command environment
[4.798s] DEBUG:colcon.colcon_core.event_handler.log_command:Invoking command in '/home/iclab/Desktop/ros2/build/serial': CMAKE_PREFIX_PATH=${CMAKE_PREFIX_PATH}:/opt/ros/humble /usr/bin/cmake --build /home/iclab/Desktop/ros2/build/serial -- -j4 -l4
[6.567s] DEBUG:colcon.colcon_core.event_handler.log_command:Invoked command in '/home/iclab/Desktop/ros2/build/serial' returned '0': CMAKE_PREFIX_PATH=${CMAKE_PREFIX_PATH}:/opt/ros/humble /usr/bin/cmake --build /home/iclab/Desktop/ros2/build/serial -- -j4 -l4
[6.645s] DEBUG:colcon.colcon_core.event_handler.log_command:Invoking command in '/home/iclab/Desktop/ros2/build/serial': CMAKE_PREFIX_PATH=${CMAKE_PREFIX_PATH}:/opt/ros/humble /usr/bin/cmake --install /home/iclab/Desktop/ros2/build/serial
[6.666s] Level 1:colcon.colcon_core.environment:create_environment_scripts_only(serial)
[6.670s] DEBUG:colcon.colcon_core.event_handler.log_command:Invoked command in '/home/iclab/Desktop/ros2/build/serial' returned '0': CMAKE_PREFIX_PATH=${CMAKE_PREFIX_PATH}:/opt/ros/humble /usr/bin/cmake --install /home/iclab/Desktop/ros2/build/serial
[6.740s] Level 1:colcon.colcon_core.environment:checking '/home/iclab/Desktop/ros2/install/serial' for CMake module files
[6.743s] Level 1:colcon.colcon_core.environment:checking '/home/iclab/Desktop/ros2/install/serial' for CMake config files
[6.744s] Level 1:colcon.colcon_core.shell:create_environment_hook('serial', 'cmake_prefix_path')
[6.806s] INFO:colcon.colcon_core.shell:Creating environment hook '/home/iclab/Desktop/ros2/install/serial/share/serial/hook/cmake_prefix_path.ps1'
[6.808s] INFO:colcon.colcon_core.shell:Creating environment descriptor '/home/iclab/Desktop/ros2/install/serial/share/serial/hook/cmake_prefix_path.dsv'
[6.809s] INFO:colcon.colcon_core.shell:Creating environment hook '/home/iclab/Desktop/ros2/install/serial/share/serial/hook/cmake_prefix_path.sh'
[6.812s] Level 1:colcon.colcon_core.environment:checking '/home/iclab/Desktop/ros2/install/serial/lib'
[6.813s] Level 1:colcon.colcon_core.environment:checking '/home/iclab/Desktop/ros2/install/serial/bin'
[6.813s] Level 1:colcon.colcon_core.environment:checking '/home/iclab/Desktop/ros2/install/serial/lib/pkgconfig/serial.pc'
[6.813s] Level 1:colcon.colcon_core.environment:checking '/home/iclab/Desktop/ros2/install/serial/lib/python3.10/site-packages'
[6.814s] Level 1:colcon.colcon_core.environment:checking '/home/iclab/Desktop/ros2/install/serial/bin'
[6.872s] INFO:colcon.colcon_core.shell:Creating package script '/home/iclab/Desktop/ros2/install/serial/share/serial/package.ps1'
[6.875s] INFO:colcon.colcon_core.shell:Creating package descriptor '/home/iclab/Desktop/ros2/install/serial/share/serial/package.dsv'
[6.877s] INFO:colcon.colcon_core.shell:Creating package script '/home/iclab/Desktop/ros2/install/serial/share/serial/package.sh'
[6.880s] INFO:colcon.colcon_core.shell:Creating package script '/home/iclab/Desktop/ros2/install/serial/share/serial/package.bash'
[6.882s] INFO:colcon.colcon_core.shell:Creating package script '/home/iclab/Desktop/ros2/install/serial/share/serial/package.zsh'
[6.884s] Level 1:colcon.colcon_core.environment:create_file_with_runtime_dependencies(/home/iclab/Desktop/ros2/install/serial/share/colcon-core/packages/serial)
[7.000s] Level 1:colcon.colcon_core.environment:create_environment_scripts_only(serial)
[7.050s] Level 1:colcon.colcon_core.environment:checking '/home/iclab/Desktop/ros2/install/serial' for CMake module files
[7.053s] Level 1:colcon.colcon_core.environment:checking '/home/iclab/Desktop/ros2/install/serial' for CMake config files
[7.054s] Level 1:colcon.colcon_core.shell:create_environment_hook('serial', 'cmake_prefix_path')
[7.109s] INFO:colcon.colcon_core.shell:Creating environment hook '/home/iclab/Desktop/ros2/install/serial/share/serial/hook/cmake_prefix_path.ps1'
[7.110s] INFO:colcon.colcon_core.shell:Creating environment descriptor '/home/iclab/Desktop/ros2/install/serial/share/serial/hook/cmake_prefix_path.dsv'
[7.112s] INFO:colcon.colcon_core.shell:Creating environment hook '/home/iclab/Desktop/ros2/install/serial/share/serial/hook/cmake_prefix_path.sh'
[7.114s] Level 1:colcon.colcon_core.environment:checking '/home/iclab/Desktop/ros2/install/serial/lib'
[7.114s] Level 1:colcon.colcon_core.environment:checking '/home/iclab/Desktop/ros2/install/serial/bin'
[7.114s] Level 1:colcon.colcon_core.environment:checking '/home/iclab/Desktop/ros2/install/serial/lib/pkgconfig/serial.pc'
[7.115s] Level 1:colcon.colcon_core.environment:checking '/home/iclab/Desktop/ros2/install/serial/lib/python3.10/site-packages'
[7.116s] Level 1:colcon.colcon_core.environment:checking '/home/iclab/Desktop/ros2/install/serial/bin'
[7.168s] INFO:colcon.colcon_core.shell:Creating package script '/home/iclab/Desktop/ros2/install/serial/share/serial/package.ps1'
[7.170s] INFO:colcon.colcon_core.shell:Creating package descriptor '/home/iclab/Desktop/ros2/install/serial/share/serial/package.dsv'
[7.172s] INFO:colcon.colcon_core.shell:Creating package script '/home/iclab/Desktop/ros2/install/serial/share/serial/package.sh'
[7.173s] INFO:colcon.colcon_core.shell:Creating package script '/home/iclab/Desktop/ros2/install/serial/share/serial/package.bash'
[7.175s] INFO:colcon.colcon_core.shell:Creating package script '/home/iclab/Desktop/ros2/install/serial/share/serial/package.zsh'
[7.177s] Level 1:colcon.colcon_core.environment:create_file_with_runtime_dependencies(/home/iclab/Desktop/ros2/install/serial/share/colcon-core/packages/serial)
[7.177s] DEBUG:colcon.colcon_parallel_executor.executor.parallel:closing loop
[7.178s] DEBUG:colcon.colcon_parallel_executor.executor.parallel:loop closed
[7.180s] DEBUG:colcon.colcon_parallel_executor.executor.parallel:run_until_complete finished with '0'
[7.180s] DEBUG:colcon.colcon_core.event_reactor:joining thread
[7.255s] INFO:colcon.colcon_core.plugin_system:Skipping extension 'colcon_notification.desktop_notification.terminal_notifier': Not used on non-Darwin systems
[7.255s] INFO:colcon.colcon_core.plugin_system:Skipping extension 'colcon_notification.desktop_notification.win32': Not used on non-Windows systems
[7.255s] INFO:colcon.colcon_notification.desktop_notification:Sending desktop notification using 'notify2'
[7.293s] DEBUG:colcon.colcon_core.event_reactor:joined thread
[7.349s] INFO:colcon.colcon_core.shell:Creating prefix script '/home/iclab/Desktop/ros2/install/local_setup.ps1'
[7.351s] INFO:colcon.colcon_core.shell:Creating prefix util module '/home/iclab/Desktop/ros2/install/_local_setup_util_ps1.py'
[7.356s] INFO:colcon.colcon_core.shell:Creating prefix chain script '/home/iclab/Desktop/ros2/install/setup.ps1'
[7.409s] INFO:colcon.colcon_core.shell:Creating prefix script '/home/iclab/Desktop/ros2/install/local_setup.sh'
[7.411s] INFO:colcon.colcon_core.shell:Creating prefix util module '/home/iclab/Desktop/ros2/install/_local_setup_util_sh.py'
[7.413s] INFO:colcon.colcon_core.shell:Creating prefix chain script '/home/iclab/Desktop/ros2/install/setup.sh'
[7.468s] INFO:colcon.colcon_core.shell:Creating prefix script '/home/iclab/Desktop/ros2/install/local_setup.bash'
[7.469s] INFO:colcon.colcon_core.shell:Creating prefix chain script '/home/iclab/Desktop/ros2/install/setup.bash'
[7.523s] INFO:colcon.colcon_core.shell:Creating prefix script '/home/iclab/Desktop/ros2/install/local_setup.zsh'
[7.525s] INFO:colcon.colcon_core.shell:Creating prefix chain script '/home/iclab/Desktop/ros2/install/setup.zsh'
