[0.282s] Invoking command in '/home/iclab/Desktop/ros2/build/usb_cam': CMAKE_PREFIX_PATH=/home/iclab/Desktop/ros2/install/tku_msgs:/home/iclab/Desktop/ros2/install/web_video_server:/home/iclab/Desktop/ros2/install/usb_cam:/home/iclab/Desktop/ros2/install/serial:/home/iclab/Desktop/ros2/install/tku_libs:/home/iclab/Desktop/ros2/install/motionpackage:/opt/ros/humble LD_LIBRARY_PATH=/home/iclab/Desktop/ros2/install/tku_msgs/lib:/home/iclab/Desktop/ros2/install/usb_cam/lib:/opt/ros/humble/opt/rviz_ogre_vendor/lib:/opt/ros/humble/lib/x86_64-linux-gnu:/opt/ros/humble/lib /usr/bin/cmake --build /home/iclab/Desktop/ros2/build/usb_cam -- -j8 -l8
[0.319s] [ 14%] Built target gtest_main
[0.320s] [ 28%] Built target usb_cam
[0.324s] [ 42%] Built target gtest
[0.325s] [ 57%] Built target usb_cam_node_exe
[0.332s] [35m[1mConsolidate compiler generated dependencies of target usb_cam_node[0m
[0.341s] [ 71%] Built target test_pixel_formats
[0.345s] [ 85%] Built target test_usb_cam_utils
[0.349s] [ 92%] [32mBuilding CXX object CMakeFiles/usb_cam_node.dir/src/usb_cam_node.cpp.o[0m
[7.254s] [100%] [32m[1mLinking CXX shared library libusb_cam_node.so[0m
[7.688s] [100%] Built target usb_cam_node
[7.698s] Invoked command in '/home/iclab/Desktop/ros2/build/usb_cam' returned '0': CMAKE_PREFIX_PATH=/home/iclab/Desktop/ros2/install/tku_msgs:/home/iclab/Desktop/ros2/install/web_video_server:/home/iclab/Desktop/ros2/install/usb_cam:/home/iclab/Desktop/ros2/install/serial:/home/iclab/Desktop/ros2/install/tku_libs:/home/iclab/Desktop/ros2/install/motionpackage:/opt/ros/humble LD_LIBRARY_PATH=/home/iclab/Desktop/ros2/install/tku_msgs/lib:/home/iclab/Desktop/ros2/install/usb_cam/lib:/opt/ros/humble/opt/rviz_ogre_vendor/lib:/opt/ros/humble/lib/x86_64-linux-gnu:/opt/ros/humble/lib /usr/bin/cmake --build /home/iclab/Desktop/ros2/build/usb_cam -- -j8 -l8
[7.730s] Invoking command in '/home/iclab/Desktop/ros2/build/usb_cam': CMAKE_PREFIX_PATH=/home/iclab/Desktop/ros2/install/tku_msgs:/home/iclab/Desktop/ros2/install/web_video_server:/home/iclab/Desktop/ros2/install/usb_cam:/home/iclab/Desktop/ros2/install/serial:/home/iclab/Desktop/ros2/install/tku_libs:/home/iclab/Desktop/ros2/install/motionpackage:/opt/ros/humble LD_LIBRARY_PATH=/home/iclab/Desktop/ros2/install/tku_msgs/lib:/home/iclab/Desktop/ros2/install/usb_cam/lib:/opt/ros/humble/opt/rviz_ogre_vendor/lib:/opt/ros/humble/lib/x86_64-linux-gnu:/opt/ros/humble/lib /usr/bin/cmake --install /home/iclab/Desktop/ros2/build/usb_cam
[7.736s] -- Install configuration: ""
[7.736s] -- Up-to-date: /home/iclab/Desktop/ros2/install/usb_cam/share/usb_cam/environment/library_path.sh
[7.736s] -- Up-to-date: /home/iclab/Desktop/ros2/install/usb_cam/share/usb_cam/environment/library_path.dsv
[7.736s] -- Up-to-date: /home/iclab/Desktop/ros2/install/usb_cam/lib/usb_cam/usb_cam_node_exe
[7.736s] -- Up-to-date: /home/iclab/Desktop/ros2/install/usb_cam/lib/usb_cam/show_image.py
[7.736s] -- Up-to-date: /home/iclab/Desktop/ros2/install/usb_cam/lib/libusb_cam.so
[7.737s] -- Installing: /home/iclab/Desktop/ros2/install/usb_cam/lib/libusb_cam_node.so
[7.742s] -- Set runtime path of "/home/iclab/Desktop/ros2/install/usb_cam/lib/libusb_cam_node.so" to ""
[7.742s] -- Up-to-date: /home/iclab/Desktop/ros2/install/usb_cam/include
[7.743s] -- Up-to-date: /home/iclab/Desktop/ros2/install/usb_cam/include/usb_cam
[7.743s] -- Up-to-date: /home/iclab/Desktop/ros2/install/usb_cam/include/usb_cam/conversions.hpp
[7.743s] -- Up-to-date: /home/iclab/Desktop/ros2/install/usb_cam/include/usb_cam/usb_cam.hpp
[7.743s] -- Up-to-date: /home/iclab/Desktop/ros2/install/usb_cam/include/usb_cam/formats
[7.743s] -- Up-to-date: /home/iclab/Desktop/ros2/install/usb_cam/include/usb_cam/formats/mjpeg.hpp
[7.743s] -- Up-to-date: /home/iclab/Desktop/ros2/install/usb_cam/include/usb_cam/formats/pixel_format_base.hpp
[7.743s] -- Up-to-date: /home/iclab/Desktop/ros2/install/usb_cam/include/usb_cam/formats/uyvy.hpp
[7.743s] -- Up-to-date: /home/iclab/Desktop/ros2/install/usb_cam/include/usb_cam/formats/yuyv.hpp
[7.743s] -- Up-to-date: /home/iclab/Desktop/ros2/install/usb_cam/include/usb_cam/formats/mono.hpp
[7.743s] -- Up-to-date: /home/iclab/Desktop/ros2/install/usb_cam/include/usb_cam/formats/rgb.hpp
[7.743s] -- Up-to-date: /home/iclab/Desktop/ros2/install/usb_cam/include/usb_cam/formats/m420.hpp
[7.743s] -- Up-to-date: /home/iclab/Desktop/ros2/install/usb_cam/include/usb_cam/formats/utils.hpp
[7.743s] -- Up-to-date: /home/iclab/Desktop/ros2/install/usb_cam/include/usb_cam/usb_cam_node.hpp
[7.743s] -- Up-to-date: /home/iclab/Desktop/ros2/install/usb_cam/include/usb_cam/utils.hpp
[7.743s] -- Up-to-date: /home/iclab/Desktop/ros2/install/usb_cam/include/usb_cam/constants.hpp
[7.743s] -- Up-to-date: /home/iclab/Desktop/ros2/install/usb_cam/lib/libusb_cam_node.so
[7.743s] -- Up-to-date: /home/iclab/Desktop/ros2/install/usb_cam/share/usb_cam/launch
[7.743s] -- Up-to-date: /home/iclab/Desktop/ros2/install/usb_cam/share/usb_cam/launch/camera_config.py
[7.743s] -- Up-to-date: /home/iclab/Desktop/ros2/install/usb_cam/share/usb_cam/launch/camera.launch.py
[7.743s] -- Up-to-date: /home/iclab/Desktop/ros2/install/usb_cam/share/usb_cam/launch/__init__.py
[7.743s] -- Up-to-date: /home/iclab/Desktop/ros2/install/usb_cam/share/usb_cam/config
[7.744s] -- Up-to-date: /home/iclab/Desktop/ros2/install/usb_cam/share/usb_cam/config/camera_info.yaml
[7.744s] -- Up-to-date: /home/iclab/Desktop/ros2/install/usb_cam/share/usb_cam/config/params_2.yaml
[7.744s] -- Up-to-date: /home/iclab/Desktop/ros2/install/usb_cam/share/usb_cam/config/params_1.yaml
[7.744s] -- Up-to-date: /home/iclab/Desktop/ros2/install/usb_cam/share/ament_index/resource_index/package_run_dependencies/usb_cam
[7.744s] -- Up-to-date: /home/iclab/Desktop/ros2/install/usb_cam/share/ament_index/resource_index/parent_prefix_path/usb_cam
[7.744s] -- Up-to-date: /home/iclab/Desktop/ros2/install/usb_cam/share/usb_cam/environment/ament_prefix_path.sh
[7.744s] -- Up-to-date: /home/iclab/Desktop/ros2/install/usb_cam/share/usb_cam/environment/ament_prefix_path.dsv
[7.744s] -- Up-to-date: /home/iclab/Desktop/ros2/install/usb_cam/share/usb_cam/environment/path.sh
[7.744s] -- Up-to-date: /home/iclab/Desktop/ros2/install/usb_cam/share/usb_cam/environment/path.dsv
[7.744s] -- Up-to-date: /home/iclab/Desktop/ros2/install/usb_cam/share/usb_cam/local_setup.bash
[7.744s] -- Up-to-date: /home/iclab/Desktop/ros2/install/usb_cam/share/usb_cam/local_setup.sh
[7.744s] -- Up-to-date: /home/iclab/Desktop/ros2/install/usb_cam/share/usb_cam/local_setup.zsh
[7.744s] -- Up-to-date: /home/iclab/Desktop/ros2/install/usb_cam/share/usb_cam/local_setup.dsv
[7.744s] -- Installing: /home/iclab/Desktop/ros2/install/usb_cam/share/usb_cam/package.dsv
[7.745s] -- Up-to-date: /home/iclab/Desktop/ros2/install/usb_cam/share/ament_index/resource_index/packages/usb_cam
[7.745s] -- Up-to-date: /home/iclab/Desktop/ros2/install/usb_cam/share/ament_index/resource_index/rclcpp_components/usb_cam
[7.745s] -- Up-to-date: /home/iclab/Desktop/ros2/install/usb_cam/share/usb_cam/cmake/ament_cmake_export_libraries-extras.cmake
[7.745s] -- Up-to-date: /home/iclab/Desktop/ros2/install/usb_cam/share/usb_cam/cmake/ament_cmake_export_dependencies-extras.cmake
[7.745s] -- Up-to-date: /home/iclab/Desktop/ros2/install/usb_cam/share/usb_cam/cmake/ament_cmake_export_include_directories-extras.cmake
[7.745s] -- Up-to-date: /home/iclab/Desktop/ros2/install/usb_cam/share/usb_cam/cmake/usb_camConfig.cmake
[7.745s] -- Up-to-date: /home/iclab/Desktop/ros2/install/usb_cam/share/usb_cam/cmake/usb_camConfig-version.cmake
[7.745s] -- Up-to-date: /home/iclab/Desktop/ros2/install/usb_cam/share/usb_cam/package.xml
[7.745s] Invoked command in '/home/iclab/Desktop/ros2/build/usb_cam' returned '0': CMAKE_PREFIX_PATH=/home/iclab/Desktop/ros2/install/tku_msgs:/home/iclab/Desktop/ros2/install/web_video_server:/home/iclab/Desktop/ros2/install/usb_cam:/home/iclab/Desktop/ros2/install/serial:/home/iclab/Desktop/ros2/install/tku_libs:/home/iclab/Desktop/ros2/install/motionpackage:/opt/ros/humble LD_LIBRARY_PATH=/home/iclab/Desktop/ros2/install/tku_msgs/lib:/home/iclab/Desktop/ros2/install/usb_cam/lib:/opt/ros/humble/opt/rviz_ogre_vendor/lib:/opt/ros/humble/lib/x86_64-linux-gnu:/opt/ros/humble/lib /usr/bin/cmake --install /home/iclab/Desktop/ros2/build/usb_cam
