[0.352s] Invoking command in '/home/iclab/Desktop/ros2/src/build/web_video_server': BYOBU_DATE=%Y-%m-%d CMAKE_PREFIX_PATH=${CMAKE_PREFIX_PATH}:/home/iclab/Desktop/ros2/src/install/tku_libs:/home/iclab/Desktop/ros2/src/install/motionpackage:/home/iclab/Desktop/ros2/install/tku_libs:/home/iclab/Desktop/ros2/install/motionpackage:/opt/ros/humble /usr/bin/cmake --build /home/iclab/Desktop/ros2/src/build/web_video_server -- -j8 -l8
[0.422s] [100%] Built target web_video_server
[0.431s] Invoked command in '/home/iclab/Desktop/ros2/src/build/web_video_server' returned '0': BYOBU_DATE=%Y-%m-%d CMAKE_PREFIX_PATH=${CMAKE_PREFIX_PATH}:/home/iclab/Desktop/ros2/src/install/tku_libs:/home/iclab/Desktop/ros2/src/install/motionpackage:/home/iclab/Desktop/ros2/install/tku_libs:/home/iclab/Desktop/ros2/install/motionpackage:/opt/ros/humble /usr/bin/cmake --build /home/iclab/Desktop/ros2/src/build/web_video_server -- -j8 -l8
[0.471s] Invoking command in '/home/iclab/Desktop/ros2/src/build/web_video_server': BYOBU_DATE=%Y-%m-%d CMAKE_PREFIX_PATH=${CMAKE_PREFIX_PATH}:/home/iclab/Desktop/ros2/src/install/tku_libs:/home/iclab/Desktop/ros2/src/install/motionpackage:/home/iclab/Desktop/ros2/install/tku_libs:/home/iclab/Desktop/ros2/install/motionpackage:/opt/ros/humble /usr/bin/cmake --install /home/iclab/Desktop/ros2/src/build/web_video_server
[0.476s] -- Install configuration: ""
[0.476s] -- Up-to-date: /home/iclab/Desktop/ros2/src/install/web_video_server/lib/web_video_server/web_video_server
[0.477s] -- Up-to-date: /home/iclab/Desktop/ros2/src/install/web_video_server/include/web_video_server
[0.477s] -- Up-to-date: /home/iclab/Desktop/ros2/src/install/web_video_server/include/web_video_server/h264_streamer.h
[0.477s] -- Up-to-date: /home/iclab/Desktop/ros2/src/install/web_video_server/include/web_video_server/vp8_streamer.h
[0.477s] -- Up-to-date: /home/iclab/Desktop/ros2/src/install/web_video_server/include/web_video_server/image_streamer.h
[0.477s] -- Up-to-date: /home/iclab/Desktop/ros2/src/install/web_video_server/include/web_video_server/web_video_server.h
[0.477s] -- Up-to-date: /home/iclab/Desktop/ros2/src/install/web_video_server/include/web_video_server/png_streamers.h
[0.477s] -- Up-to-date: /home/iclab/Desktop/ros2/src/install/web_video_server/include/web_video_server/libav_streamer.h
[0.477s] -- Up-to-date: /home/iclab/Desktop/ros2/src/install/web_video_server/include/web_video_server/vp9_streamer.h
[0.477s] -- Up-to-date: /home/iclab/Desktop/ros2/src/install/web_video_server/include/web_video_server/ros_compressed_streamer.h
[0.477s] -- Up-to-date: /home/iclab/Desktop/ros2/src/install/web_video_server/include/web_video_server/multipart_stream.h
[0.478s] -- Up-to-date: /home/iclab/Desktop/ros2/src/install/web_video_server/include/web_video_server/jpeg_streamers.h
[0.478s] -- Up-to-date: /home/iclab/Desktop/ros2/src/install/web_video_server/share/ament_index/resource_index/package_run_dependencies/web_video_server
[0.478s] -- Up-to-date: /home/iclab/Desktop/ros2/src/install/web_video_server/share/ament_index/resource_index/parent_prefix_path/web_video_server
[0.478s] -- Up-to-date: /home/iclab/Desktop/ros2/src/install/web_video_server/share/web_video_server/environment/ament_prefix_path.dsv
[0.478s] -- Up-to-date: /home/iclab/Desktop/ros2/src/install/web_video_server/share/web_video_server/environment/path.dsv
[0.478s] -- Up-to-date: /home/iclab/Desktop/ros2/src/install/web_video_server/share/web_video_server/local_setup.bash
[0.478s] -- Up-to-date: /home/iclab/Desktop/ros2/src/install/web_video_server/share/web_video_server/local_setup.sh
[0.478s] -- Up-to-date: /home/iclab/Desktop/ros2/src/install/web_video_server/share/web_video_server/local_setup.zsh
[0.478s] -- Up-to-date: /home/iclab/Desktop/ros2/src/install/web_video_server/share/web_video_server/local_setup.dsv
[0.478s] -- Installing: /home/iclab/Desktop/ros2/src/install/web_video_server/share/web_video_server/package.dsv
[0.478s] -- Up-to-date: /home/iclab/Desktop/ros2/src/install/web_video_server/share/ament_index/resource_index/packages/web_video_server
[0.479s] -- Up-to-date: /home/iclab/Desktop/ros2/src/install/web_video_server/share/web_video_server/cmake/web_video_serverConfig.cmake
[0.479s] -- Up-to-date: /home/iclab/Desktop/ros2/src/install/web_video_server/share/web_video_server/cmake/web_video_serverConfig-version.cmake
[0.479s] -- Up-to-date: /home/iclab/Desktop/ros2/src/install/web_video_server/share/web_video_server/package.xml
[0.479s] Invoked command in '/home/iclab/Desktop/ros2/src/build/web_video_server' returned '0': BYOBU_DATE=%Y-%m-%d CMAKE_PREFIX_PATH=${CMAKE_PREFIX_PATH}:/home/iclab/Desktop/ros2/src/install/tku_libs:/home/iclab/Desktop/ros2/src/install/motionpackage:/home/iclab/Desktop/ros2/install/tku_libs:/home/iclab/Desktop/ros2/install/motionpackage:/opt/ros/humble /usr/bin/cmake --install /home/iclab/Desktop/ros2/src/build/web_video_server
