running egg_info
creating ../build/motionpackage/motionpackage.egg-info
writing ../build/motionpackage/motionpackage.egg-info/PKG-INFO
writing dependency_links to ../build/motionpackage/motionpackage.egg-info/dependency_links.txt
writing entry points to ../build/motionpackage/motionpackage.egg-info/entry_points.txt
writing requirements to ../build/motionpackage/motionpackage.egg-info/requires.txt
writing top-level names to ../build/motionpackage/motionpackage.egg-info/top_level.txt
writing manifest file '../build/motionpackage/motionpackage.egg-info/SOURCES.txt'
reading manifest file '../build/motionpackage/motionpackage.egg-info/SOURCES.txt'
writing manifest file '../build/motionpackage/motionpackage.egg-info/SOURCES.txt'
running build
running build_py
creating /home/iclab/Desktop/ros2/src/build/motionpackage/build
creating /home/iclab/Desktop/ros2/src/build/motionpackage/build/lib
creating /home/iclab/Desktop/ros2/src/build/motionpackage/build/lib/motionpackage
copying motionpackage/motion.py -> /home/iclab/Desktop/ros2/src/build/motionpackage/build/lib/motionpackage
copying motionpackage/serial_test.py -> /home/iclab/Desktop/ros2/src/build/motionpackage/build/lib/motionpackage
copying motionpackage/__init__.py -> /home/iclab/Desktop/ros2/src/build/motionpackage/build/lib/motionpackage
running install
running install_lib
creating /home/iclab/Desktop/ros2/src/install/motionpackage/lib/python3.10/site-packages/motionpackage
copying /home/iclab/Desktop/ros2/src/build/motionpackage/build/lib/motionpackage/motion.py -> /home/iclab/Desktop/ros2/src/install/motionpackage/lib/python3.10/site-packages/motionpackage
copying /home/iclab/Desktop/ros2/src/build/motionpackage/build/lib/motionpackage/serial_test.py -> /home/iclab/Desktop/ros2/src/install/motionpackage/lib/python3.10/site-packages/motionpackage
copying /home/iclab/Desktop/ros2/src/build/motionpackage/build/lib/motionpackage/__init__.py -> /home/iclab/Desktop/ros2/src/install/motionpackage/lib/python3.10/site-packages/motionpackage
byte-compiling /home/iclab/Desktop/ros2/src/install/motionpackage/lib/python3.10/site-packages/motionpackage/motion.py to motion.cpython-310.pyc
byte-compiling /home/iclab/Desktop/ros2/src/install/motionpackage/lib/python3.10/site-packages/motionpackage/serial_test.py to serial_test.cpython-310.pyc
byte-compiling /home/iclab/Desktop/ros2/src/install/motionpackage/lib/python3.10/site-packages/motionpackage/__init__.py to __init__.cpython-310.pyc
running install_data
creating /home/iclab/Desktop/ros2/src/install/motionpackage/share/ament_index
creating /home/iclab/Desktop/ros2/src/install/motionpackage/share/ament_index/resource_index
creating /home/iclab/Desktop/ros2/src/install/motionpackage/share/ament_index/resource_index/packages
copying resource/motionpackage -> /home/iclab/Desktop/ros2/src/install/motionpackage/share/ament_index/resource_index/packages
copying package.xml -> /home/iclab/Desktop/ros2/src/install/motionpackage/share/motionpackage
running install_egg_info
Copying ../build/motionpackage/motionpackage.egg-info to /home/iclab/Desktop/ros2/src/install/motionpackage/lib/python3.10/site-packages/motionpackage-0.0.0-py3.10.egg-info
running install_scripts
Installing motion script to /home/iclab/Desktop/ros2/src/install/motionpackage/lib/motionpackage
writing list of installed files to '/home/iclab/Desktop/ros2/src/build/motionpackage/install.log'
