[0.653s] Invoking command in '/home/iclab/Desktop/ros2/src/motionpackage': BYOBU_DATE=%Y-%m-%d PYTHONPATH=/home/iclab/Desktop/ros2/src/build/motionpackage/prefix_override:/home/iclab/Desktop/ros2/src/install/motionpackage/lib/python3.10/site-packages:${PYTHONPATH} /usr/bin/python3 setup.py egg_info --egg-base ../build/motionpackage build --build-base /home/iclab/Desktop/ros2/src/build/motionpackage/build install --record /home/iclab/Desktop/ros2/src/build/motionpackage/install.log --single-version-externally-managed
[0.851s] running egg_info
[0.851s] creating ../build/motionpackage/motionpackage.egg-info
[0.851s] writing ../build/motionpackage/motionpackage.egg-info/PKG-INFO
[0.851s] writing dependency_links to ../build/motionpackage/motionpackage.egg-info/dependency_links.txt
[0.851s] writing entry points to ../build/motionpackage/motionpackage.egg-info/entry_points.txt
[0.851s] writing requirements to ../build/motionpackage/motionpackage.egg-info/requires.txt
[0.851s] writing top-level names to ../build/motionpackage/motionpackage.egg-info/top_level.txt
[0.851s] writing manifest file '../build/motionpackage/motionpackage.egg-info/SOURCES.txt'
[0.853s] reading manifest file '../build/motionpackage/motionpackage.egg-info/SOURCES.txt'
[0.853s] writing manifest file '../build/motionpackage/motionpackage.egg-info/SOURCES.txt'
[0.853s] running build
[0.853s] running build_py
[0.853s] creating /home/iclab/Desktop/ros2/src/build/motionpackage/build
[0.853s] creating /home/iclab/Desktop/ros2/src/build/motionpackage/build/lib
[0.854s] creating /home/iclab/Desktop/ros2/src/build/motionpackage/build/lib/motionpackage
[0.854s] copying motionpackage/motion.py -> /home/iclab/Desktop/ros2/src/build/motionpackage/build/lib/motionpackage
[0.854s] copying motionpackage/serial_test.py -> /home/iclab/Desktop/ros2/src/build/motionpackage/build/lib/motionpackage
[0.854s] copying motionpackage/__init__.py -> /home/iclab/Desktop/ros2/src/build/motionpackage/build/lib/motionpackage
[0.854s] running install
[0.854s] running install_lib
[0.854s] creating /home/iclab/Desktop/ros2/src/install/motionpackage/lib/python3.10/site-packages/motionpackage
[0.854s] copying /home/iclab/Desktop/ros2/src/build/motionpackage/build/lib/motionpackage/motion.py -> /home/iclab/Desktop/ros2/src/install/motionpackage/lib/python3.10/site-packages/motionpackage
[0.855s] copying /home/iclab/Desktop/ros2/src/build/motionpackage/build/lib/motionpackage/serial_test.py -> /home/iclab/Desktop/ros2/src/install/motionpackage/lib/python3.10/site-packages/motionpackage
[0.855s] copying /home/iclab/Desktop/ros2/src/build/motionpackage/build/lib/motionpackage/__init__.py -> /home/iclab/Desktop/ros2/src/install/motionpackage/lib/python3.10/site-packages/motionpackage
[0.855s] byte-compiling /home/iclab/Desktop/ros2/src/install/motionpackage/lib/python3.10/site-packages/motionpackage/motion.py to motion.cpython-310.pyc
[0.861s] byte-compiling /home/iclab/Desktop/ros2/src/install/motionpackage/lib/python3.10/site-packages/motionpackage/serial_test.py to serial_test.cpython-310.pyc
[0.861s] byte-compiling /home/iclab/Desktop/ros2/src/install/motionpackage/lib/python3.10/site-packages/motionpackage/__init__.py to __init__.cpython-310.pyc
[0.861s] running install_data
[0.861s] creating /home/iclab/Desktop/ros2/src/install/motionpackage/share/ament_index
[0.861s] creating /home/iclab/Desktop/ros2/src/install/motionpackage/share/ament_index/resource_index
[0.861s] creating /home/iclab/Desktop/ros2/src/install/motionpackage/share/ament_index/resource_index/packages
[0.862s] copying resource/motionpackage -> /home/iclab/Desktop/ros2/src/install/motionpackage/share/ament_index/resource_index/packages
[0.862s] copying package.xml -> /home/iclab/Desktop/ros2/src/install/motionpackage/share/motionpackage
[0.862s] running install_egg_info
[0.863s] Copying ../build/motionpackage/motionpackage.egg-info to /home/iclab/Desktop/ros2/src/install/motionpackage/lib/python3.10/site-packages/motionpackage-0.0.0-py3.10.egg-info
[0.863s] running install_scripts
[0.877s] Installing motion script to /home/iclab/Desktop/ros2/src/install/motionpackage/lib/motionpackage
[0.877s] writing list of installed files to '/home/iclab/Desktop/ros2/src/build/motionpackage/install.log'
[0.898s] Invoked command in '/home/iclab/Desktop/ros2/src/motionpackage' returned '0': BYOBU_DATE=%Y-%m-%d PYTHONPATH=/home/iclab/Desktop/ros2/src/build/motionpackage/prefix_override:/home/iclab/Desktop/ros2/src/install/motionpackage/lib/python3.10/site-packages:${PYTHONPATH} /usr/bin/python3 setup.py egg_info --egg-base ../build/motionpackage build --build-base /home/iclab/Desktop/ros2/src/build/motionpackage/build install --record /home/iclab/Desktop/ros2/src/build/motionpackage/install.log --single-version-externally-managed
