[0.274s] Invoking command in '/home/iclab/Desktop/ros2/build/usb_cam': CMAKE_PREFIX_PATH=/home/iclab/Desktop/ros2/install/tku_msgs:/home/iclab/Desktop/ros2/install/web_video_server:/home/iclab/Desktop/ros2/install/usb_cam:/home/iclab/Desktop/ros2/install/serial:/home/iclab/Desktop/ros2/install/tku_libs:/home/iclab/Desktop/ros2/install/motionpackage:/opt/ros/humble LD_LIBRARY_PATH=/home/iclab/Desktop/ros2/install/tku_msgs/lib:/home/iclab/Desktop/ros2/install/usb_cam/lib:/opt/ros/humble/opt/rviz_ogre_vendor/lib:/opt/ros/humble/lib/x86_64-linux-gnu:/opt/ros/humble/lib /usr/bin/cmake --build /home/iclab/Desktop/ros2/build/usb_cam -- -j8 -l8
[0.294s] -- Found ament_cmake_auto: 1.3.6 (/opt/ros/humble/share/ament_cmake_auto/cmake)
[0.475s] -- Found rosidl_generator_c: 3.1.5 (/opt/ros/humble/share/rosidl_generator_c/cmake)
[0.477s] -- Found rosidl_adapter: 3.1.5 (/opt/ros/humble/share/rosidl_adapter/cmake)
[0.483s] -- Found rosidl_generator_cpp: 3.1.5 (/opt/ros/humble/share/rosidl_generator_cpp/cmake)
[0.493s] -- Using all available rosidl_typesupport_c: rosidl_typesupport_fastrtps_c;rosidl_typesupport_introspection_c
[0.505s] -- Using all available rosidl_typesupport_cpp: rosidl_typesupport_fastrtps_cpp;rosidl_typesupport_introspection_cpp
[0.698s] -- Found rmw_implementation_cmake: 6.1.1 (/opt/ros/humble/share/rmw_implementation_cmake/cmake)
[0.700s] -- Found rmw_fastrtps_cpp: 6.2.5 (/opt/ros/humble/share/rmw_fastrtps_cpp/cmake)
[0.797s] -- Using RMW implementation 'rmw_fastrtps_cpp' as default
[1.088s] -- Found ament_lint_auto: 0.12.9 (/opt/ros/humble/share/ament_lint_auto/cmake)
[1.095s] -- Found gtest sources under '/opt/ros/humble/src/gtest_vendor': C++ tests using 'Google Test' will be built
[1.102s] -- Added test 'copyright' to check source files copyright and LICENSE
[1.104s] -- Added test 'cppcheck' to perform static code analysis on C / C++ code
[1.104s] -- Configured cppcheck include dirs: /home/iclab/Desktop/ros2/src/usb_cam/include
[1.104s] -- Configured cppcheck exclude dirs and/or files: 
[1.106s] -- Added test 'cpplint' to check C / C++ code against the Google style
[1.106s] -- Configured cpplint exclude dirs and/or files: 
[1.107s] -- Added test 'flake8' to check Python code syntax and style conventions
[1.107s] -- Added test 'lint_cmake' to check CMake code style
[1.108s] -- Added test 'pep257' to check Python code against some of the docstring style conventions in PEP 257
[1.110s] -- Added test 'uncrustify' to check C / C++ code style
[1.110s] -- Configured uncrustify additional arguments: 
[1.110s] -- Added test 'xmllint' to check XML markup files
[1.112s] -- Configuring done
[1.133s] -- Generating done
[1.134s] -- Build files have been written to: /home/iclab/Desktop/ros2/build/usb_cam
[1.152s] [35m[1mConsolidate compiler generated dependencies of target gtest_main[0m
[1.152s] [35m[1mConsolidate compiler generated dependencies of target usb_cam[0m
[1.152s] [35m[1mConsolidate compiler generated dependencies of target usb_cam_node_exe[0m
[1.154s] [35m[1mConsolidate compiler generated dependencies of target gtest[0m
[1.163s] [ 14%] Built target gtest_main
[1.166s] [ 28%] Built target usb_cam
[1.167s] [ 42%] Built target gtest
[1.168s] [ 57%] Built target usb_cam_node_exe
[1.174s] [35m[1mConsolidate compiler generated dependencies of target test_pixel_formats[0m
[1.175s] [35m[1mConsolidate compiler generated dependencies of target usb_cam_node[0m
[1.176s] [35m[1mConsolidate compiler generated dependencies of target test_usb_cam_utils[0m
[1.184s] [ 71%] Built target test_pixel_formats
[1.188s] [ 85%] Built target test_usb_cam_utils
[1.192s] [ 92%] [32mBuilding CXX object CMakeFiles/usb_cam_node.dir/src/usb_cam_node.cpp.o[0m
[4.634s] [100%] [32m[1mLinking CXX shared library libusb_cam_node.so[0m
[4.912s] [100%] Built target usb_cam_node
[4.920s] Invoked command in '/home/iclab/Desktop/ros2/build/usb_cam' returned '0': CMAKE_PREFIX_PATH=/home/iclab/Desktop/ros2/install/tku_msgs:/home/iclab/Desktop/ros2/install/web_video_server:/home/iclab/Desktop/ros2/install/usb_cam:/home/iclab/Desktop/ros2/install/serial:/home/iclab/Desktop/ros2/install/tku_libs:/home/iclab/Desktop/ros2/install/motionpackage:/opt/ros/humble LD_LIBRARY_PATH=/home/iclab/Desktop/ros2/install/tku_msgs/lib:/home/iclab/Desktop/ros2/install/usb_cam/lib:/opt/ros/humble/opt/rviz_ogre_vendor/lib:/opt/ros/humble/lib/x86_64-linux-gnu:/opt/ros/humble/lib /usr/bin/cmake --build /home/iclab/Desktop/ros2/build/usb_cam -- -j8 -l8
[4.945s] Invoking command in '/home/iclab/Desktop/ros2/build/usb_cam': CMAKE_PREFIX_PATH=/home/iclab/Desktop/ros2/install/tku_msgs:/home/iclab/Desktop/ros2/install/web_video_server:/home/iclab/Desktop/ros2/install/usb_cam:/home/iclab/Desktop/ros2/install/serial:/home/iclab/Desktop/ros2/install/tku_libs:/home/iclab/Desktop/ros2/install/motionpackage:/opt/ros/humble LD_LIBRARY_PATH=/home/iclab/Desktop/ros2/install/tku_msgs/lib:/home/iclab/Desktop/ros2/install/usb_cam/lib:/opt/ros/humble/opt/rviz_ogre_vendor/lib:/opt/ros/humble/lib/x86_64-linux-gnu:/opt/ros/humble/lib /usr/bin/cmake --install /home/iclab/Desktop/ros2/build/usb_cam
[4.950s] -- Install configuration: ""
[4.950s] -- Up-to-date: /home/iclab/Desktop/ros2/install/usb_cam/share/usb_cam/environment/library_path.sh
[4.950s] -- Installing: /home/iclab/Desktop/ros2/install/usb_cam/share/usb_cam/environment/library_path.dsv
[4.950s] -- Up-to-date: /home/iclab/Desktop/ros2/install/usb_cam/lib/usb_cam/usb_cam_node_exe
[4.950s] -- Up-to-date: /home/iclab/Desktop/ros2/install/usb_cam/lib/usb_cam/show_image.py
[4.950s] -- Up-to-date: /home/iclab/Desktop/ros2/install/usb_cam/lib/libusb_cam.so
[4.950s] -- Installing: /home/iclab/Desktop/ros2/install/usb_cam/lib/libusb_cam_node.so
[4.952s] -- Set runtime path of "/home/iclab/Desktop/ros2/install/usb_cam/lib/libusb_cam_node.so" to ""
[4.952s] -- Up-to-date: /home/iclab/Desktop/ros2/install/usb_cam/include
[4.952s] -- Up-to-date: /home/iclab/Desktop/ros2/install/usb_cam/include/usb_cam
[4.952s] -- Up-to-date: /home/iclab/Desktop/ros2/install/usb_cam/include/usb_cam/conversions.hpp
[4.952s] -- Up-to-date: /home/iclab/Desktop/ros2/install/usb_cam/include/usb_cam/usb_cam.hpp
[4.952s] -- Up-to-date: /home/iclab/Desktop/ros2/install/usb_cam/include/usb_cam/formats
[4.952s] -- Up-to-date: /home/iclab/Desktop/ros2/install/usb_cam/include/usb_cam/formats/mjpeg.hpp
[4.952s] -- Up-to-date: /home/iclab/Desktop/ros2/install/usb_cam/include/usb_cam/formats/pixel_format_base.hpp
[4.952s] -- Up-to-date: /home/iclab/Desktop/ros2/install/usb_cam/include/usb_cam/formats/uyvy.hpp
[4.952s] -- Up-to-date: /home/iclab/Desktop/ros2/install/usb_cam/include/usb_cam/formats/yuyv.hpp
[4.953s] -- Up-to-date: /home/iclab/Desktop/ros2/install/usb_cam/include/usb_cam/formats/mono.hpp
[4.953s] -- Up-to-date: /home/iclab/Desktop/ros2/install/usb_cam/include/usb_cam/formats/rgb.hpp
[4.953s] -- Up-to-date: /home/iclab/Desktop/ros2/install/usb_cam/include/usb_cam/formats/m420.hpp
[4.953s] -- Up-to-date: /home/iclab/Desktop/ros2/install/usb_cam/include/usb_cam/formats/utils.hpp
[4.953s] -- Up-to-date: /home/iclab/Desktop/ros2/install/usb_cam/include/usb_cam/usb_cam_node.hpp
[4.953s] -- Up-to-date: /home/iclab/Desktop/ros2/install/usb_cam/include/usb_cam/utils.hpp
[4.953s] -- Up-to-date: /home/iclab/Desktop/ros2/install/usb_cam/include/usb_cam/constants.hpp
[4.953s] -- Up-to-date: /home/iclab/Desktop/ros2/install/usb_cam/lib/libusb_cam_node.so
[4.953s] -- Up-to-date: /home/iclab/Desktop/ros2/install/usb_cam/share/usb_cam/launch
[4.953s] -- Up-to-date: /home/iclab/Desktop/ros2/install/usb_cam/share/usb_cam/launch/camera_config.py
[4.953s] -- Up-to-date: /home/iclab/Desktop/ros2/install/usb_cam/share/usb_cam/launch/camera.launch.py
[4.953s] -- Up-to-date: /home/iclab/Desktop/ros2/install/usb_cam/share/usb_cam/launch/__init__.py
[4.953s] -- Up-to-date: /home/iclab/Desktop/ros2/install/usb_cam/share/usb_cam/config
[4.953s] -- Up-to-date: /home/iclab/Desktop/ros2/install/usb_cam/share/usb_cam/config/camera_info.yaml
[4.954s] -- Up-to-date: /home/iclab/Desktop/ros2/install/usb_cam/share/usb_cam/config/params_2.yaml
[4.954s] -- Up-to-date: /home/iclab/Desktop/ros2/install/usb_cam/share/usb_cam/config/params_1.yaml
[4.954s] -- Installing: /home/iclab/Desktop/ros2/install/usb_cam/share/ament_index/resource_index/package_run_dependencies/usb_cam
[4.954s] -- Installing: /home/iclab/Desktop/ros2/install/usb_cam/share/ament_index/resource_index/parent_prefix_path/usb_cam
[4.954s] -- Up-to-date: /home/iclab/Desktop/ros2/install/usb_cam/share/usb_cam/environment/ament_prefix_path.sh
[4.954s] -- Installing: /home/iclab/Desktop/ros2/install/usb_cam/share/usb_cam/environment/ament_prefix_path.dsv
[4.954s] -- Up-to-date: /home/iclab/Desktop/ros2/install/usb_cam/share/usb_cam/environment/path.sh
[4.954s] -- Installing: /home/iclab/Desktop/ros2/install/usb_cam/share/usb_cam/environment/path.dsv
[4.954s] -- Up-to-date: /home/iclab/Desktop/ros2/install/usb_cam/share/usb_cam/local_setup.bash
[4.954s] -- Up-to-date: /home/iclab/Desktop/ros2/install/usb_cam/share/usb_cam/local_setup.sh
[4.954s] -- Up-to-date: /home/iclab/Desktop/ros2/install/usb_cam/share/usb_cam/local_setup.zsh
[4.954s] -- Installing: /home/iclab/Desktop/ros2/install/usb_cam/share/usb_cam/local_setup.dsv
[4.954s] -- Installing: /home/iclab/Desktop/ros2/install/usb_cam/share/usb_cam/package.dsv
[4.954s] -- Up-to-date: /home/iclab/Desktop/ros2/install/usb_cam/share/ament_index/resource_index/packages/usb_cam
[4.954s] -- Up-to-date: /home/iclab/Desktop/ros2/install/usb_cam/share/ament_index/resource_index/rclcpp_components/usb_cam
[4.954s] -- Up-to-date: /home/iclab/Desktop/ros2/install/usb_cam/share/usb_cam/cmake/ament_cmake_export_libraries-extras.cmake
[4.954s] -- Installing: /home/iclab/Desktop/ros2/install/usb_cam/share/usb_cam/cmake/ament_cmake_export_dependencies-extras.cmake
[4.954s] -- Up-to-date: /home/iclab/Desktop/ros2/install/usb_cam/share/usb_cam/cmake/ament_cmake_export_include_directories-extras.cmake
[4.954s] -- Up-to-date: /home/iclab/Desktop/ros2/install/usb_cam/share/usb_cam/cmake/usb_camConfig.cmake
[4.955s] -- Up-to-date: /home/iclab/Desktop/ros2/install/usb_cam/share/usb_cam/cmake/usb_camConfig-version.cmake
[4.955s] -- Installing: /home/iclab/Desktop/ros2/install/usb_cam/share/usb_cam/package.xml
[4.955s] Invoked command in '/home/iclab/Desktop/ros2/build/usb_cam' returned '0': CMAKE_PREFIX_PATH=/home/iclab/Desktop/ros2/install/tku_msgs:/home/iclab/Desktop/ros2/install/web_video_server:/home/iclab/Desktop/ros2/install/usb_cam:/home/iclab/Desktop/ros2/install/serial:/home/iclab/Desktop/ros2/install/tku_libs:/home/iclab/Desktop/ros2/install/motionpackage:/opt/ros/humble LD_LIBRARY_PATH=/home/iclab/Desktop/ros2/install/tku_msgs/lib:/home/iclab/Desktop/ros2/install/usb_cam/lib:/opt/ros/humble/opt/rviz_ogre_vendor/lib:/opt/ros/humble/lib/x86_64-linux-gnu:/opt/ros/humble/lib /usr/bin/cmake --install /home/iclab/Desktop/ros2/build/usb_cam
