[0.710s] DEBUG:colcon:Command line arguments: ['/usr/bin/colcon', 'build']
[0.711s] DEBUG:colcon:Parsed command line arguments: Namespace(log_base=None, log_level=None, verb_name='build', build_base='build', install_base='install', merge_install=False, symlink_install=False, test_result_base=None, continue_on_error=False, executor='parallel', parallel_workers=8, event_handlers=None, ignore_user_meta=False, metas=['./colcon.meta'], base_paths=['.'], packages_ignore=None, packages_ignore_regex=None, paths=None, packages_up_to=None, packages_up_to_regex=None, packages_above=None, packages_above_and_dependencies=None, packages_above_depth=None, packages_select_by_dep=None, packages_skip_by_dep=None, packages_skip_up_to=None, packages_select_build_failed=False, packages_skip_build_finished=False, packages_select_test_failures=False, packages_skip_test_passed=False, packages_select=None, packages_skip=None, packages_select_regex=None, packages_skip_regex=None, packages_start=None, packages_end=None, allow_overriding=[], cmake_args=None, cmake_target=None, cmake_target_skip_unavailable=False, cmake_clean_cache=False, cmake_clean_first=False, cmake_force_configure=False, ament_cmake_args=None, catkin_cmake_args=None, catkin_skip_building_tests=False, verb_parser=<colcon_defaults.argument_parser.defaults.DefaultArgumentsDecorator object at 0x7efc40a8a080>, verb_extension=<colcon_core.verb.build.BuildVerb object at 0x7efc40eb7ac0>, main=<bound method BuildVerb.main of <colcon_core.verb.build.BuildVerb object at 0x7efc40eb7ac0>>)
[0.748s] Level 1:colcon.colcon_core.package_discovery:discover_packages(colcon_meta) check parameters
[0.748s] Level 1:colcon.colcon_core.package_discovery:discover_packages(recursive) check parameters
[0.748s] Level 1:colcon.colcon_core.package_discovery:discover_packages(ignore) check parameters
[0.748s] Level 1:colcon.colcon_core.package_discovery:discover_packages(path) check parameters
[0.748s] Level 1:colcon.colcon_core.package_discovery:discover_packages(colcon_meta) discover
[0.748s] Level 1:colcon.colcon_core.package_discovery:discover_packages(recursive) discover
[0.748s] INFO:colcon.colcon_core.package_discovery:Crawling recursively for packages in '/home/iclab/Desktop/ros2/src'
[0.748s] Level 1:colcon.colcon_core.package_identification:_identify(.) by extensions ['ignore', 'ignore_ament_install']
[0.748s] Level 1:colcon.colcon_core.package_identification:_identify(.) by extension 'ignore'
[0.749s] Level 1:colcon.colcon_core.package_identification:_identify(.) by extension 'ignore_ament_install'
[0.749s] Level 1:colcon.colcon_core.package_identification:_identify(.) by extensions ['colcon_pkg']
[0.749s] Level 1:colcon.colcon_core.package_identification:_identify(.) by extension 'colcon_pkg'
[0.749s] Level 1:colcon.colcon_core.package_identification:_identify(.) by extensions ['colcon_meta']
[0.749s] Level 1:colcon.colcon_core.package_identification:_identify(.) by extension 'colcon_meta'
[0.749s] Level 1:colcon.colcon_core.package_identification:_identify(.) by extensions ['ros']
[0.749s] Level 1:colcon.colcon_core.package_identification:_identify(.) by extension 'ros'
[0.755s] Level 1:colcon.colcon_core.package_identification:_identify(.) by extensions ['cmake', 'python']
[0.755s] Level 1:colcon.colcon_core.package_identification:_identify(.) by extension 'cmake'
[0.755s] Level 1:colcon.colcon_core.package_identification:_identify(.) by extension 'python'
[0.755s] Level 1:colcon.colcon_core.package_identification:_identify(.) by extensions ['python_setup_py']
[0.755s] Level 1:colcon.colcon_core.package_identification:_identify(.) by extension 'python_setup_py'
[0.756s] Level 1:colcon.colcon_core.package_identification:_identify(build) by extensions ['ignore', 'ignore_ament_install']
[0.756s] Level 1:colcon.colcon_core.package_identification:_identify(build) by extension 'ignore'
[0.756s] Level 1:colcon.colcon_core.package_identification:_identify(build) ignored
[0.756s] Level 1:colcon.colcon_core.package_identification:_identify(install) by extensions ['ignore', 'ignore_ament_install']
[0.756s] Level 1:colcon.colcon_core.package_identification:_identify(install) by extension 'ignore'
[0.756s] Level 1:colcon.colcon_core.package_identification:_identify(install) ignored
[0.756s] Level 1:colcon.colcon_core.package_identification:_identify(log) by extensions ['ignore', 'ignore_ament_install']
[0.756s] Level 1:colcon.colcon_core.package_identification:_identify(log) by extension 'ignore'
[0.756s] Level 1:colcon.colcon_core.package_identification:_identify(log) ignored
[0.756s] Level 1:colcon.colcon_core.package_identification:_identify(motionpackage) by extensions ['ignore', 'ignore_ament_install']
[0.756s] Level 1:colcon.colcon_core.package_identification:_identify(motionpackage) by extension 'ignore'
[0.756s] Level 1:colcon.colcon_core.package_identification:_identify(motionpackage) by extension 'ignore_ament_install'
[0.756s] Level 1:colcon.colcon_core.package_identification:_identify(motionpackage) by extensions ['colcon_pkg']
[0.756s] Level 1:colcon.colcon_core.package_identification:_identify(motionpackage) by extension 'colcon_pkg'
[0.756s] Level 1:colcon.colcon_core.package_identification:_identify(motionpackage) by extensions ['colcon_meta']
[0.756s] Level 1:colcon.colcon_core.package_identification:_identify(motionpackage) by extension 'colcon_meta'
[0.756s] Level 1:colcon.colcon_core.package_identification:_identify(motionpackage) by extensions ['ros']
[0.756s] Level 1:colcon.colcon_core.package_identification:_identify(motionpackage) by extension 'ros'
[0.757s] DEBUG:colcon.colcon_core.package_identification:Package 'motionpackage' with type 'ros.ament_python' and name 'motionpackage'
[0.758s] Level 1:colcon.colcon_core.package_identification:_identify(strategy) by extensions ['ignore', 'ignore_ament_install']
[0.758s] Level 1:colcon.colcon_core.package_identification:_identify(strategy) by extension 'ignore'
[0.758s] Level 1:colcon.colcon_core.package_identification:_identify(strategy) by extension 'ignore_ament_install'
[0.758s] Level 1:colcon.colcon_core.package_identification:_identify(strategy) by extensions ['colcon_pkg']
[0.758s] Level 1:colcon.colcon_core.package_identification:_identify(strategy) by extension 'colcon_pkg'
[0.758s] Level 1:colcon.colcon_core.package_identification:_identify(strategy) by extensions ['colcon_meta']
[0.758s] Level 1:colcon.colcon_core.package_identification:_identify(strategy) by extension 'colcon_meta'
[0.758s] Level 1:colcon.colcon_core.package_identification:_identify(strategy) by extensions ['ros']
[0.758s] Level 1:colcon.colcon_core.package_identification:_identify(strategy) by extension 'ros'
[0.758s] DEBUG:colcon.colcon_core.package_identification:Package 'strategy' with type 'ros.catkin' and name 'strategy'
[0.758s] Level 1:colcon.colcon_core.package_identification:_identify(tku_libs) by extensions ['ignore', 'ignore_ament_install']
[0.758s] Level 1:colcon.colcon_core.package_identification:_identify(tku_libs) by extension 'ignore'
[0.758s] Level 1:colcon.colcon_core.package_identification:_identify(tku_libs) by extension 'ignore_ament_install'
[0.758s] Level 1:colcon.colcon_core.package_identification:_identify(tku_libs) by extensions ['colcon_pkg']
[0.759s] Level 1:colcon.colcon_core.package_identification:_identify(tku_libs) by extension 'colcon_pkg'
[0.759s] Level 1:colcon.colcon_core.package_identification:_identify(tku_libs) by extensions ['colcon_meta']
[0.759s] Level 1:colcon.colcon_core.package_identification:_identify(tku_libs) by extension 'colcon_meta'
[0.759s] Level 1:colcon.colcon_core.package_identification:_identify(tku_libs) by extensions ['ros']
[0.759s] Level 1:colcon.colcon_core.package_identification:_identify(tku_libs) by extension 'ros'
[0.759s] DEBUG:colcon.colcon_core.package_identification:Package 'tku_libs' with type 'ros.ament_python' and name 'tku_libs'
[0.759s] Level 1:colcon.colcon_core.package_identification:_identify(tku_msgs) by extensions ['ignore', 'ignore_ament_install']
[0.759s] Level 1:colcon.colcon_core.package_identification:_identify(tku_msgs) by extension 'ignore'
[0.759s] Level 1:colcon.colcon_core.package_identification:_identify(tku_msgs) by extension 'ignore_ament_install'
[0.759s] Level 1:colcon.colcon_core.package_identification:_identify(tku_msgs) by extensions ['colcon_pkg']
[0.759s] Level 1:colcon.colcon_core.package_identification:_identify(tku_msgs) by extension 'colcon_pkg'
[0.759s] Level 1:colcon.colcon_core.package_identification:_identify(tku_msgs) by extensions ['colcon_meta']
[0.759s] Level 1:colcon.colcon_core.package_identification:_identify(tku_msgs) by extension 'colcon_meta'
[0.759s] Level 1:colcon.colcon_core.package_identification:_identify(tku_msgs) by extensions ['ros']
[0.759s] Level 1:colcon.colcon_core.package_identification:_identify(tku_msgs) by extension 'ros'
[0.759s] DEBUG:colcon.colcon_core.package_identification:Package 'tku_msgs' with type 'ros.ament_cmake' and name 'tku_msgs'
[0.759s] Level 1:colcon.colcon_core.package_identification:_identify(usb_cam) by extensions ['ignore', 'ignore_ament_install']
[0.760s] Level 1:colcon.colcon_core.package_identification:_identify(usb_cam) by extension 'ignore'
[0.760s] Level 1:colcon.colcon_core.package_identification:_identify(usb_cam) by extension 'ignore_ament_install'
[0.760s] Level 1:colcon.colcon_core.package_identification:_identify(usb_cam) by extensions ['colcon_pkg']
[0.760s] Level 1:colcon.colcon_core.package_identification:_identify(usb_cam) by extension 'colcon_pkg'
[0.760s] Level 1:colcon.colcon_core.package_identification:_identify(usb_cam) by extensions ['colcon_meta']
[0.760s] Level 1:colcon.colcon_core.package_identification:_identify(usb_cam) by extension 'colcon_meta'
[0.760s] Level 1:colcon.colcon_core.package_identification:_identify(usb_cam) by extensions ['ros']
[0.760s] Level 1:colcon.colcon_core.package_identification:_identify(usb_cam) by extension 'ros'
[0.761s] DEBUG:colcon.colcon_core.package_identification:Package 'usb_cam' with type 'ros.ament_cmake' and name 'usb_cam'
[0.761s] Level 1:colcon.colcon_core.package_identification:_identify(web_video_server) by extensions ['ignore', 'ignore_ament_install']
[0.761s] Level 1:colcon.colcon_core.package_identification:_identify(web_video_server) by extension 'ignore'
[0.761s] Level 1:colcon.colcon_core.package_identification:_identify(web_video_server) by extension 'ignore_ament_install'
[0.761s] Level 1:colcon.colcon_core.package_identification:_identify(web_video_server) by extensions ['colcon_pkg']
[0.761s] Level 1:colcon.colcon_core.package_identification:_identify(web_video_server) by extension 'colcon_pkg'
[0.761s] Level 1:colcon.colcon_core.package_identification:_identify(web_video_server) by extensions ['colcon_meta']
[0.761s] Level 1:colcon.colcon_core.package_identification:_identify(web_video_server) by extension 'colcon_meta'
[0.761s] Level 1:colcon.colcon_core.package_identification:_identify(web_video_server) by extensions ['ros']
[0.761s] Level 1:colcon.colcon_core.package_identification:_identify(web_video_server) by extension 'ros'
[0.761s] DEBUG:colcon.colcon_core.package_identification:Package 'web_video_server' with type 'ros.ament_cmake' and name 'web_video_server'
[0.761s] Level 1:colcon.colcon_core.package_discovery:discover_packages(recursive) using defaults
[0.761s] Level 1:colcon.colcon_core.package_discovery:discover_packages(ignore) discover
[0.761s] Level 1:colcon.colcon_core.package_discovery:discover_packages(ignore) using defaults
[0.761s] Level 1:colcon.colcon_core.package_discovery:discover_packages(path) discover
[0.761s] Level 1:colcon.colcon_core.package_discovery:discover_packages(path) using defaults
[0.827s] Level 1:colcon.colcon_core.package_discovery:discover_packages(prefix_path) check parameters
[0.828s] Level 1:colcon.colcon_core.package_discovery:discover_packages(prefix_path) discover
[0.847s] DEBUG:colcon.colcon_installed_package_information.package_discovery:Found 6 installed packages in /home/iclab/Desktop/ros2/install
[0.857s] DEBUG:colcon.colcon_installed_package_information.package_discovery:Found 329 installed packages in /opt/ros/humble
[0.858s] Level 1:colcon.colcon_core.package_discovery:discover_packages(prefix_path) using defaults
[0.923s] Level 5:colcon.colcon_core.verb:set package 'motionpackage' build argument 'cmake_args' from command line to 'None'
[0.923s] Level 5:colcon.colcon_core.verb:set package 'motionpackage' build argument 'cmake_target' from command line to 'None'
[0.923s] Level 5:colcon.colcon_core.verb:set package 'motionpackage' build argument 'cmake_target_skip_unavailable' from command line to 'False'
[0.923s] Level 5:colcon.colcon_core.verb:set package 'motionpackage' build argument 'cmake_clean_cache' from command line to 'False'
[0.923s] Level 5:colcon.colcon_core.verb:set package 'motionpackage' build argument 'cmake_clean_first' from command line to 'False'
[0.923s] Level 5:colcon.colcon_core.verb:set package 'motionpackage' build argument 'cmake_force_configure' from command line to 'False'
[0.923s] Level 5:colcon.colcon_core.verb:set package 'motionpackage' build argument 'ament_cmake_args' from command line to 'None'
[0.923s] Level 5:colcon.colcon_core.verb:set package 'motionpackage' build argument 'catkin_cmake_args' from command line to 'None'
[0.923s] Level 5:colcon.colcon_core.verb:set package 'motionpackage' build argument 'catkin_skip_building_tests' from command line to 'False'
[0.923s] DEBUG:colcon.colcon_core.verb:Building package 'motionpackage' with the following arguments: {'ament_cmake_args': None, 'build_base': '/home/iclab/Desktop/ros2/src/build/motionpackage', 'catkin_cmake_args': None, 'catkin_skip_building_tests': False, 'cmake_args': None, 'cmake_clean_cache': False, 'cmake_clean_first': False, 'cmake_force_configure': False, 'cmake_target': None, 'cmake_target_skip_unavailable': False, 'install_base': '/home/iclab/Desktop/ros2/src/install/motionpackage', 'merge_install': False, 'path': '/home/iclab/Desktop/ros2/src/motionpackage', 'symlink_install': False, 'test_result_base': None}
[0.933s] Level 5:colcon.colcon_core.verb:set package 'strategy' build argument 'cmake_args' from command line to 'None'
[0.933s] Level 5:colcon.colcon_core.verb:set package 'strategy' build argument 'cmake_target' from command line to 'None'
[0.933s] Level 5:colcon.colcon_core.verb:set package 'strategy' build argument 'cmake_target_skip_unavailable' from command line to 'False'
[0.933s] Level 5:colcon.colcon_core.verb:set package 'strategy' build argument 'cmake_clean_cache' from command line to 'False'
[0.933s] Level 5:colcon.colcon_core.verb:set package 'strategy' build argument 'cmake_clean_first' from command line to 'False'
[0.933s] Level 5:colcon.colcon_core.verb:set package 'strategy' build argument 'cmake_force_configure' from command line to 'False'
[0.933s] Level 5:colcon.colcon_core.verb:set package 'strategy' build argument 'ament_cmake_args' from command line to 'None'
[0.933s] Level 5:colcon.colcon_core.verb:set package 'strategy' build argument 'catkin_cmake_args' from command line to 'None'
[0.933s] Level 5:colcon.colcon_core.verb:set package 'strategy' build argument 'catkin_skip_building_tests' from command line to 'False'
[0.933s] DEBUG:colcon.colcon_core.verb:Building package 'strategy' with the following arguments: {'ament_cmake_args': None, 'build_base': '/home/iclab/Desktop/ros2/src/build/strategy', 'catkin_cmake_args': None, 'catkin_skip_building_tests': False, 'cmake_args': None, 'cmake_clean_cache': False, 'cmake_clean_first': False, 'cmake_force_configure': False, 'cmake_target': None, 'cmake_target_skip_unavailable': False, 'install_base': '/home/iclab/Desktop/ros2/src/install/strategy', 'merge_install': False, 'path': '/home/iclab/Desktop/ros2/src/strategy', 'symlink_install': False, 'test_result_base': None}
[0.943s] Level 5:colcon.colcon_core.verb:set package 'tku_msgs' build argument 'cmake_args' from command line to 'None'
[0.943s] Level 5:colcon.colcon_core.verb:set package 'tku_msgs' build argument 'cmake_target' from command line to 'None'
[0.943s] Level 5:colcon.colcon_core.verb:set package 'tku_msgs' build argument 'cmake_target_skip_unavailable' from command line to 'False'
[0.943s] Level 5:colcon.colcon_core.verb:set package 'tku_msgs' build argument 'cmake_clean_cache' from command line to 'False'
[0.943s] Level 5:colcon.colcon_core.verb:set package 'tku_msgs' build argument 'cmake_clean_first' from command line to 'False'
[0.943s] Level 5:colcon.colcon_core.verb:set package 'tku_msgs' build argument 'cmake_force_configure' from command line to 'False'
[0.943s] Level 5:colcon.colcon_core.verb:set package 'tku_msgs' build argument 'ament_cmake_args' from command line to 'None'
[0.943s] Level 5:colcon.colcon_core.verb:set package 'tku_msgs' build argument 'catkin_cmake_args' from command line to 'None'
[0.943s] Level 5:colcon.colcon_core.verb:set package 'tku_msgs' build argument 'catkin_skip_building_tests' from command line to 'False'
[0.943s] DEBUG:colcon.colcon_core.verb:Building package 'tku_msgs' with the following arguments: {'ament_cmake_args': None, 'build_base': '/home/iclab/Desktop/ros2/src/build/tku_msgs', 'catkin_cmake_args': None, 'catkin_skip_building_tests': False, 'cmake_args': None, 'cmake_clean_cache': False, 'cmake_clean_first': False, 'cmake_force_configure': False, 'cmake_target': None, 'cmake_target_skip_unavailable': False, 'install_base': '/home/iclab/Desktop/ros2/src/install/tku_msgs', 'merge_install': False, 'path': '/home/iclab/Desktop/ros2/src/tku_msgs', 'symlink_install': False, 'test_result_base': None}
[0.953s] Level 5:colcon.colcon_core.verb:set package 'web_video_server' build argument 'cmake_args' from command line to 'None'
[0.953s] Level 5:colcon.colcon_core.verb:set package 'web_video_server' build argument 'cmake_target' from command line to 'None'
[0.953s] Level 5:colcon.colcon_core.verb:set package 'web_video_server' build argument 'cmake_target_skip_unavailable' from command line to 'False'
[0.953s] Level 5:colcon.colcon_core.verb:set package 'web_video_server' build argument 'cmake_clean_cache' from command line to 'False'
[0.953s] Level 5:colcon.colcon_core.verb:set package 'web_video_server' build argument 'cmake_clean_first' from command line to 'False'
[0.953s] Level 5:colcon.colcon_core.verb:set package 'web_video_server' build argument 'cmake_force_configure' from command line to 'False'
[0.953s] Level 5:colcon.colcon_core.verb:set package 'web_video_server' build argument 'ament_cmake_args' from command line to 'None'
[0.953s] Level 5:colcon.colcon_core.verb:set package 'web_video_server' build argument 'catkin_cmake_args' from command line to 'None'
[0.953s] Level 5:colcon.colcon_core.verb:set package 'web_video_server' build argument 'catkin_skip_building_tests' from command line to 'False'
[0.953s] DEBUG:colcon.colcon_core.verb:Building package 'web_video_server' with the following arguments: {'ament_cmake_args': None, 'build_base': '/home/iclab/Desktop/ros2/src/build/web_video_server', 'catkin_cmake_args': None, 'catkin_skip_building_tests': False, 'cmake_args': None, 'cmake_clean_cache': False, 'cmake_clean_first': False, 'cmake_force_configure': False, 'cmake_target': None, 'cmake_target_skip_unavailable': False, 'install_base': '/home/iclab/Desktop/ros2/src/install/web_video_server', 'merge_install': False, 'path': '/home/iclab/Desktop/ros2/src/web_video_server', 'symlink_install': False, 'test_result_base': None}
[0.963s] Level 5:colcon.colcon_core.verb:set package 'tku_libs' build argument 'cmake_args' from command line to 'None'
[0.963s] Level 5:colcon.colcon_core.verb:set package 'tku_libs' build argument 'cmake_target' from command line to 'None'
[0.963s] Level 5:colcon.colcon_core.verb:set package 'tku_libs' build argument 'cmake_target_skip_unavailable' from command line to 'False'
[0.963s] Level 5:colcon.colcon_core.verb:set package 'tku_libs' build argument 'cmake_clean_cache' from command line to 'False'
[0.963s] Level 5:colcon.colcon_core.verb:set package 'tku_libs' build argument 'cmake_clean_first' from command line to 'False'
[0.963s] Level 5:colcon.colcon_core.verb:set package 'tku_libs' build argument 'cmake_force_configure' from command line to 'False'
[0.963s] Level 5:colcon.colcon_core.verb:set package 'tku_libs' build argument 'ament_cmake_args' from command line to 'None'
[0.963s] Level 5:colcon.colcon_core.verb:set package 'tku_libs' build argument 'catkin_cmake_args' from command line to 'None'
[0.963s] Level 5:colcon.colcon_core.verb:set package 'tku_libs' build argument 'catkin_skip_building_tests' from command line to 'False'
[0.963s] DEBUG:colcon.colcon_core.verb:Building package 'tku_libs' with the following arguments: {'ament_cmake_args': None, 'build_base': '/home/iclab/Desktop/ros2/src/build/tku_libs', 'catkin_cmake_args': None, 'catkin_skip_building_tests': False, 'cmake_args': None, 'cmake_clean_cache': False, 'cmake_clean_first': False, 'cmake_force_configure': False, 'cmake_target': None, 'cmake_target_skip_unavailable': False, 'install_base': '/home/iclab/Desktop/ros2/src/install/tku_libs', 'merge_install': False, 'path': '/home/iclab/Desktop/ros2/src/tku_libs', 'symlink_install': False, 'test_result_base': None}
[0.972s] Level 5:colcon.colcon_core.verb:set package 'usb_cam' build argument 'cmake_args' from command line to 'None'
[0.972s] Level 5:colcon.colcon_core.verb:set package 'usb_cam' build argument 'cmake_target' from command line to 'None'
[0.973s] Level 5:colcon.colcon_core.verb:set package 'usb_cam' build argument 'cmake_target_skip_unavailable' from command line to 'False'
[0.973s] Level 5:colcon.colcon_core.verb:set package 'usb_cam' build argument 'cmake_clean_cache' from command line to 'False'
[0.973s] Level 5:colcon.colcon_core.verb:set package 'usb_cam' build argument 'cmake_clean_first' from command line to 'False'
[0.973s] Level 5:colcon.colcon_core.verb:set package 'usb_cam' build argument 'cmake_force_configure' from command line to 'False'
[0.973s] Level 5:colcon.colcon_core.verb:set package 'usb_cam' build argument 'ament_cmake_args' from command line to 'None'
[0.973s] Level 5:colcon.colcon_core.verb:set package 'usb_cam' build argument 'catkin_cmake_args' from command line to 'None'
[0.973s] Level 5:colcon.colcon_core.verb:set package 'usb_cam' build argument 'catkin_skip_building_tests' from command line to 'False'
[0.973s] DEBUG:colcon.colcon_core.verb:Building package 'usb_cam' with the following arguments: {'ament_cmake_args': None, 'build_base': '/home/iclab/Desktop/ros2/src/build/usb_cam', 'catkin_cmake_args': None, 'catkin_skip_building_tests': False, 'cmake_args': None, 'cmake_clean_cache': False, 'cmake_clean_first': False, 'cmake_force_configure': False, 'cmake_target': None, 'cmake_target_skip_unavailable': False, 'install_base': '/home/iclab/Desktop/ros2/src/install/usb_cam', 'merge_install': False, 'path': '/home/iclab/Desktop/ros2/src/usb_cam', 'symlink_install': False, 'test_result_base': None}
[0.982s] INFO:colcon.colcon_core.executor:Executing jobs using 'parallel' executor
[0.992s] DEBUG:colcon.colcon_parallel_executor.executor.parallel:run_until_complete
[0.992s] INFO:colcon.colcon_ros.task.ament_cmake.build:Building ROS package in '/home/iclab/Desktop/ros2/src/tku_msgs' with build type 'ament_cmake'
[0.993s] INFO:colcon.colcon_cmake.task.cmake.build:Building CMake package in '/home/iclab/Desktop/ros2/src/tku_msgs'
[1.004s] INFO:colcon.colcon_core.plugin_system:Skipping extension 'colcon_core.shell.bat': Not used on non-Windows systems
[1.004s] INFO:colcon.colcon_core.shell:Skip shell extension 'powershell' for command environment: Not usable outside of PowerShell
[1.004s] DEBUG:colcon.colcon_core.shell:Skip shell extension 'dsv' for command environment
[1.037s] INFO:colcon.colcon_ros.task.ament_python.build:Building ROS package in '/home/iclab/Desktop/ros2/src/motionpackage' with build type 'ament_python'
[1.037s] Level 1:colcon.colcon_core.shell:create_environment_hook('motionpackage', 'ament_prefix_path')
[1.050s] INFO:colcon.colcon_core.shell:Creating environment hook '/home/iclab/Desktop/ros2/src/install/motionpackage/share/motionpackage/hook/ament_prefix_path.ps1'
[1.051s] INFO:colcon.colcon_core.shell:Creating environment descriptor '/home/iclab/Desktop/ros2/src/install/motionpackage/share/motionpackage/hook/ament_prefix_path.dsv'
[1.051s] INFO:colcon.colcon_core.shell:Creating environment hook '/home/iclab/Desktop/ros2/src/install/motionpackage/share/motionpackage/hook/ament_prefix_path.sh'
[1.061s] INFO:colcon.colcon_core.shell:Skip shell extension 'powershell' for command environment: Not usable outside of PowerShell
[1.061s] DEBUG:colcon.colcon_core.shell:Skip shell extension 'dsv' for command environment
[1.092s] INFO:colcon.colcon_ros.task.catkin.build:Building ROS package in '/home/iclab/Desktop/ros2/src/strategy' with build type 'catkin'
[1.092s] INFO:colcon.colcon_cmake.task.cmake.build:Building CMake package in '/home/iclab/Desktop/ros2/src/strategy'
[1.102s] INFO:colcon.colcon_core.shell:Skip shell extension 'powershell' for command environment: Not usable outside of PowerShell
[1.102s] DEBUG:colcon.colcon_core.shell:Skip shell extension 'dsv' for command environment
[1.135s] INFO:colcon.colcon_ros.task.ament_cmake.build:Building ROS package in '/home/iclab/Desktop/ros2/src/web_video_server' with build type 'ament_cmake'
[1.135s] INFO:colcon.colcon_cmake.task.cmake.build:Building CMake package in '/home/iclab/Desktop/ros2/src/web_video_server'
[1.148s] INFO:colcon.colcon_core.shell:Skip shell extension 'powershell' for command environment: Not usable outside of PowerShell
[1.148s] DEBUG:colcon.colcon_core.shell:Skip shell extension 'dsv' for command environment
[1.182s] DEBUG:colcon.colcon_core.event_handler.log_command:Invoking command in '/home/iclab/Desktop/ros2/src/build/tku_msgs': BYOBU_DATE=%Y-%m-%d CMAKE_PREFIX_PATH=${CMAKE_PREFIX_PATH}:/home/iclab/Desktop/ros2/install/tku_libs:/home/iclab/Desktop/ros2/install/motionpackage:/opt/ros/humble /usr/bin/cmake /home/iclab/Desktop/ros2/src/tku_msgs -DCMAKE_INSTALL_PREFIX=/home/iclab/Desktop/ros2/src/install/tku_msgs
[1.365s] INFO:colcon.colcon_core.task.python.build:Building Python package in '/home/iclab/Desktop/ros2/src/motionpackage'
[1.376s] INFO:colcon.colcon_core.shell:Skip shell extension 'powershell' for command environment: Not usable outside of PowerShell
[1.376s] DEBUG:colcon.colcon_core.shell:Skip shell extension 'dsv' for command environment
[1.410s] DEBUG:colcon.colcon_core.event_handler.log_command:Invoking command in '/home/iclab/Desktop/ros2/src/build/strategy': BYOBU_DATE=%Y-%m-%d /usr/bin/cmake /home/iclab/Desktop/ros2/src/strategy -DCATKIN_INSTALL_INTO_PREFIX_ROOT=0 -DCMAKE_INSTALL_PREFIX=/home/iclab/Desktop/ros2/src/install/strategy
[1.414s] DEBUG:colcon.colcon_core.event_handler.log_command:Invoking command in '/home/iclab/Desktop/ros2/src/build/web_video_server': BYOBU_DATE=%Y-%m-%d CMAKE_PREFIX_PATH=${CMAKE_PREFIX_PATH}:/home/iclab/Desktop/ros2/install/tku_libs:/home/iclab/Desktop/ros2/install/motionpackage:/opt/ros/humble /usr/bin/cmake /home/iclab/Desktop/ros2/src/web_video_server -DCMAKE_INSTALL_PREFIX=/home/iclab/Desktop/ros2/src/install/web_video_server
[1.420s] DEBUG:colcon.colcon_core.event_handler.log_command:Invoked command in '/home/iclab/Desktop/ros2/src/build/web_video_server' returned '1': BYOBU_DATE=%Y-%m-%d CMAKE_PREFIX_PATH=${CMAKE_PREFIX_PATH}:/home/iclab/Desktop/ros2/install/tku_libs:/home/iclab/Desktop/ros2/install/motionpackage:/opt/ros/humble /usr/bin/cmake /home/iclab/Desktop/ros2/src/web_video_server -DCMAKE_INSTALL_PREFIX=/home/iclab/Desktop/ros2/src/install/web_video_server
[1.429s] Level 1:colcon.colcon_core.environment:create_environment_scripts_only(web_video_server)
[1.443s] Level 1:colcon.colcon_core.environment:checking '/home/iclab/Desktop/ros2/src/install/web_video_server' for CMake module files
[1.443s] Level 1:colcon.colcon_core.environment:checking '/home/iclab/Desktop/ros2/src/install/web_video_server' for CMake config files
[1.443s] Level 1:colcon.colcon_core.shell:create_environment_hook('web_video_server', 'cmake_prefix_path')
[1.456s] INFO:colcon.colcon_core.shell:Creating environment hook '/home/iclab/Desktop/ros2/src/install/web_video_server/share/web_video_server/hook/cmake_prefix_path.ps1'
[1.456s] INFO:colcon.colcon_core.shell:Creating environment descriptor '/home/iclab/Desktop/ros2/src/install/web_video_server/share/web_video_server/hook/cmake_prefix_path.dsv'
[1.456s] INFO:colcon.colcon_core.shell:Creating environment hook '/home/iclab/Desktop/ros2/src/install/web_video_server/share/web_video_server/hook/cmake_prefix_path.sh'
[1.457s] Level 1:colcon.colcon_core.environment:checking '/home/iclab/Desktop/ros2/src/install/web_video_server/lib'
[1.457s] Level 1:colcon.colcon_core.environment:checking '/home/iclab/Desktop/ros2/src/install/web_video_server/bin'
[1.457s] Level 1:colcon.colcon_core.environment:checking '/home/iclab/Desktop/ros2/src/install/web_video_server/lib/pkgconfig/web_video_server.pc'
[1.457s] Level 1:colcon.colcon_core.environment:checking '/home/iclab/Desktop/ros2/src/install/web_video_server/lib/python3.10/site-packages'
[1.458s] Level 1:colcon.colcon_core.environment:checking '/home/iclab/Desktop/ros2/src/install/web_video_server/bin'
[1.469s] INFO:colcon.colcon_core.shell:Creating package script '/home/iclab/Desktop/ros2/src/install/web_video_server/share/web_video_server/package.ps1'
[1.470s] INFO:colcon.colcon_core.shell:Creating package descriptor '/home/iclab/Desktop/ros2/src/install/web_video_server/share/web_video_server/package.dsv'
[1.470s] INFO:colcon.colcon_core.shell:Creating package script '/home/iclab/Desktop/ros2/src/install/web_video_server/share/web_video_server/package.sh'
[1.471s] INFO:colcon.colcon_core.shell:Creating package script '/home/iclab/Desktop/ros2/src/install/web_video_server/share/web_video_server/package.bash'
[1.472s] INFO:colcon.colcon_core.shell:Creating package script '/home/iclab/Desktop/ros2/src/install/web_video_server/share/web_video_server/package.zsh'
[1.472s] Level 1:colcon.colcon_core.environment:create_file_with_runtime_dependencies(/home/iclab/Desktop/ros2/src/install/web_video_server/share/colcon-core/packages/web_video_server)
[2.541s] DEBUG:colcon.colcon_parallel_executor.executor.parallel:closing loop
[2.541s] DEBUG:colcon.colcon_parallel_executor.executor.parallel:loop closed
[2.541s] DEBUG:colcon.colcon_parallel_executor.executor.parallel:run_until_complete finished with '1'
[2.541s] DEBUG:colcon.colcon_core.event_reactor:joining thread
[2.556s] INFO:colcon.colcon_core.plugin_system:Skipping extension 'colcon_notification.desktop_notification.terminal_notifier': Not used on non-Darwin systems
[2.556s] INFO:colcon.colcon_core.plugin_system:Skipping extension 'colcon_notification.desktop_notification.win32': Not used on non-Windows systems
[2.556s] INFO:colcon.colcon_notification.desktop_notification:Sending desktop notification using 'notify2'
[2.563s] DEBUG:colcon.colcon_core.event_reactor:joined thread
[2.574s] INFO:colcon.colcon_core.shell:Creating prefix script '/home/iclab/Desktop/ros2/src/install/local_setup.ps1'
[2.575s] INFO:colcon.colcon_core.shell:Creating prefix util module '/home/iclab/Desktop/ros2/src/install/_local_setup_util_ps1.py'
[2.575s] INFO:colcon.colcon_core.shell:Creating prefix chain script '/home/iclab/Desktop/ros2/src/install/setup.ps1'
[2.585s] INFO:colcon.colcon_core.shell:Creating prefix script '/home/iclab/Desktop/ros2/src/install/local_setup.sh'
[2.586s] INFO:colcon.colcon_core.shell:Creating prefix util module '/home/iclab/Desktop/ros2/src/install/_local_setup_util_sh.py'
[2.586s] INFO:colcon.colcon_core.shell:Creating prefix chain script '/home/iclab/Desktop/ros2/src/install/setup.sh'
[2.596s] INFO:colcon.colcon_core.shell:Creating prefix script '/home/iclab/Desktop/ros2/src/install/local_setup.bash'
[2.597s] INFO:colcon.colcon_core.shell:Creating prefix chain script '/home/iclab/Desktop/ros2/src/install/setup.bash'
[2.610s] INFO:colcon.colcon_core.shell:Creating prefix script '/home/iclab/Desktop/ros2/src/install/local_setup.zsh'
[2.610s] INFO:colcon.colcon_core.shell:Creating prefix chain script '/home/iclab/Desktop/ros2/src/install/setup.zsh'
