[1.138s] Invoking command in '/home/iclab/Desktop/ros2/src/imageprocess': BYOBU_DATE=%Y-%m-%d PYTHONPATH=/home/iclab/Desktop/ros2/src/build/imageprocess/prefix_override:/home/iclab/Desktop/ros2/src/install/imageprocess/lib/python3.10/site-packages:${PYTHONPATH} /usr/bin/python3 setup.py egg_info --egg-base ../build/imageprocess build --build-base /home/iclab/Desktop/ros2/src/build/imageprocess/build install --record /home/iclab/Desktop/ros2/src/build/imageprocess/install.log --single-version-externally-managed
[1.448s] running egg_info
[1.449s] writing ../build/imageprocess/imageprocess.egg-info/PKG-INFO
[1.449s] writing dependency_links to ../build/imageprocess/imageprocess.egg-info/dependency_links.txt
[1.449s] writing entry points to ../build/imageprocess/imageprocess.egg-info/entry_points.txt
[1.449s] writing requirements to ../build/imageprocess/imageprocess.egg-info/requires.txt
[1.450s] writing top-level names to ../build/imageprocess/imageprocess.egg-info/top_level.txt
[1.451s] reading manifest file '../build/imageprocess/imageprocess.egg-info/SOURCES.txt'
[1.452s] adding license file 'LICENSE'
[1.452s] writing manifest file '../build/imageprocess/imageprocess.egg-info/SOURCES.txt'
[1.452s] running build
[1.452s] running build_py
[1.453s] running install
[1.453s] running install_lib
[1.454s] running install_data
[1.455s] running install_egg_info
[1.456s] removing '/home/iclab/Desktop/ros2/src/install/imageprocess/lib/python3.10/site-packages/imageprocess-0.0.0-py3.10.egg-info' (and everything under it)
[1.457s] Copying ../build/imageprocess/imageprocess.egg-info to /home/iclab/Desktop/ros2/src/install/imageprocess/lib/python3.10/site-packages/imageprocess-0.0.0-py3.10.egg-info
[1.458s] running install_scripts
[1.480s] Installing image script to /home/iclab/Desktop/ros2/src/install/imageprocess/lib/imageprocess
[1.480s] writing list of installed files to '/home/iclab/Desktop/ros2/src/build/imageprocess/install.log'
[1.510s] Invoked command in '/home/iclab/Desktop/ros2/src/imageprocess' returned '0': BYOBU_DATE=%Y-%m-%d PYTHONPATH=/home/iclab/Desktop/ros2/src/build/imageprocess/prefix_override:/home/iclab/Desktop/ros2/src/install/imageprocess/lib/python3.10/site-packages:${PYTHONPATH} /usr/bin/python3 setup.py egg_info --egg-base ../build/imageprocess build --build-base /home/iclab/Desktop/ros2/src/build/imageprocess/build install --record /home/iclab/Desktop/ros2/src/build/imageprocess/install.log --single-version-externally-managed
