[0.284s] Invoking command in '/home/iclab/Desktop/ros2/build/serial': CMAKE_PREFIX_PATH=${CMAKE_PREFIX_PATH}:/opt/ros/humble /usr/bin/cmake --build /home/iclab/Desktop/ros2/build/serial -- -j4 -l4
[0.382s] -- Found ament_cmake: 1.3.6 (/opt/ros/humble/share/ament_cmake/cmake)
[0.786s] -- Found rclcpp: 16.0.7 (/opt/ros/humble/share/rclcpp/cmake)
[0.856s] -- Found rosidl_generator_c: 3.1.5 (/opt/ros/humble/share/rosidl_generator_c/cmake)
[0.863s] -- Found rosidl_adapter: 3.1.5 (/opt/ros/humble/share/rosidl_adapter/cmake)
[0.880s] -- Found rosidl_generator_cpp: 3.1.5 (/opt/ros/humble/share/rosidl_generator_cpp/cmake)
[0.913s] -- Using all available rosidl_typesupport_c: rosidl_typesupport_fastrtps_c;rosidl_typesupport_introspection_c
[0.960s] -- Using all available rosidl_typesupport_cpp: rosidl_typesupport_fastrtps_cpp;rosidl_typesupport_introspection_cpp
[1.125s] -- Found rmw_implementation_cmake: 6.1.1 (/opt/ros/humble/share/rmw_implementation_cmake/cmake)
[1.131s] -- Found rmw_fastrtps_cpp: 6.2.5 (/opt/ros/humble/share/rmw_fastrtps_cpp/cmake)
[1.395s] -- Using RMW implementation 'rmw_fastrtps_cpp' as default
[1.835s] [31mCMake Error at CMakeLists.txt:28 (add_library):
[1.836s]   add_library cannot create target "serial" because another target with the
[1.836s]   same name already exists.  The existing target is an executable created in
[1.836s]   source directory "/home/iclab/Desktop/ros2/src/serial".  See documentation
[1.836s]   for policy CMP0002 for more details.
[1.837s] 
[1.837s] [0m
[1.838s] -- Found ament_lint_auto: 0.12.9 (/opt/ros/humble/share/ament_lint_auto/cmake)
[2.029s] -- Added test 'cppcheck' to perform static code analysis on C / C++ code
[2.030s] -- Configured cppcheck include dirs: $<BUILD_INTERFACE:/home/iclab/Desktop/ros2/src/serial/include>
[2.030s] -- Configured cppcheck exclude dirs and/or files: 
[2.033s] -- Added test 'lint_cmake' to check CMake code style
[2.037s] -- Added test 'uncrustify' to check C / C++ code style
[2.037s] -- Configured uncrustify additional arguments: 
[2.039s] -- Added test 'xmllint' to check XML markup files
[2.043s] -- Configuring incomplete, errors occurred!
[2.043s] See also "/home/iclab/Desktop/ros2/build/serial/CMakeFiles/CMakeOutput.log".
[2.063s] gmake: *** [Makefile:267: cmake_check_build_system] Error 1
[2.068s] Invoked command in '/home/iclab/Desktop/ros2/build/serial' returned '2': CMAKE_PREFIX_PATH=${CMAKE_PREFIX_PATH}:/opt/ros/humble /usr/bin/cmake --build /home/iclab/Desktop/ros2/build/serial -- -j4 -l4
