[3.868s] DEBUG:colcon:Command line arguments: ['/usr/bin/colcon', 'build']
[3.868s] DEBUG:colcon:Parsed command line arguments: Namespace(log_base=None, log_level=None, verb_name='build', build_base='build', install_base='install', merge_install=False, symlink_install=False, test_result_base=None, continue_on_error=False, executor='parallel', parallel_workers=4, event_handlers=None, ignore_user_meta=False, metas=['./colcon.meta'], base_paths=['.'], packages_ignore=None, packages_ignore_regex=None, paths=None, packages_up_to=None, packages_up_to_regex=None, packages_above=None, packages_above_and_dependencies=None, packages_above_depth=None, packages_select_by_dep=None, packages_skip_by_dep=None, packages_skip_up_to=None, packages_select_build_failed=False, packages_skip_build_finished=False, packages_select_test_failures=False, packages_skip_test_passed=False, packages_select=None, packages_skip=None, packages_select_regex=None, packages_skip_regex=None, packages_start=None, packages_end=None, allow_overriding=[], cmake_args=None, cmake_target=None, cmake_target_skip_unavailable=False, cmake_clean_cache=False, cmake_clean_first=False, cmake_force_configure=False, ament_cmake_args=None, catkin_cmake_args=None, catkin_skip_building_tests=False, verb_parser=<colcon_defaults.argument_parser.defaults.DefaultArgumentsDecorator object at 0x7fd603405150>, verb_extension=<colcon_core.verb.build.BuildVerb object at 0x7fd60357fe20>, main=<bound method BuildVerb.main of <colcon_core.verb.build.BuildVerb object at 0x7fd60357fe20>>)
[4.066s] Level 1:colcon.colcon_core.package_discovery:discover_packages(colcon_meta) check parameters
[4.067s] Level 1:colcon.colcon_core.package_discovery:discover_packages(recursive) check parameters
[4.067s] Level 1:colcon.colcon_core.package_discovery:discover_packages(ignore) check parameters
[4.067s] Level 1:colcon.colcon_core.package_discovery:discover_packages(path) check parameters
[4.067s] Level 1:colcon.colcon_core.package_discovery:discover_packages(colcon_meta) discover
[4.067s] Level 1:colcon.colcon_core.package_discovery:discover_packages(recursive) discover
[4.067s] INFO:colcon.colcon_core.package_discovery:Crawling recursively for packages in '/home/iclab/Desktop/ros2'
[4.067s] Level 1:colcon.colcon_core.package_identification:_identify(.) by extensions ['ignore', 'ignore_ament_install']
[4.068s] Level 1:colcon.colcon_core.package_identification:_identify(.) by extension 'ignore'
[4.068s] Level 1:colcon.colcon_core.package_identification:_identify(.) by extension 'ignore_ament_install'
[4.068s] Level 1:colcon.colcon_core.package_identification:_identify(.) by extensions ['colcon_pkg']
[4.068s] Level 1:colcon.colcon_core.package_identification:_identify(.) by extension 'colcon_pkg'
[4.068s] Level 1:colcon.colcon_core.package_identification:_identify(.) by extensions ['colcon_meta']
[4.068s] Level 1:colcon.colcon_core.package_identification:_identify(.) by extension 'colcon_meta'
[4.069s] Level 1:colcon.colcon_core.package_identification:_identify(.) by extensions ['ros']
[4.069s] Level 1:colcon.colcon_core.package_identification:_identify(.) by extension 'ros'
[4.101s] Level 1:colcon.colcon_core.package_identification:_identify(.) by extensions ['cmake', 'python']
[4.101s] Level 1:colcon.colcon_core.package_identification:_identify(.) by extension 'cmake'
[4.101s] Level 1:colcon.colcon_core.package_identification:_identify(.) by extension 'python'
[4.102s] Level 1:colcon.colcon_core.package_identification:_identify(.) by extensions ['python_setup_py']
[4.102s] Level 1:colcon.colcon_core.package_identification:_identify(.) by extension 'python_setup_py'
[4.102s] Level 1:colcon.colcon_core.package_identification:_identify(build) by extensions ['ignore', 'ignore_ament_install']
[4.102s] Level 1:colcon.colcon_core.package_identification:_identify(build) by extension 'ignore'
[4.103s] Level 1:colcon.colcon_core.package_identification:_identify(build) ignored
[4.103s] Level 1:colcon.colcon_core.package_identification:_identify(install) by extensions ['ignore', 'ignore_ament_install']
[4.103s] Level 1:colcon.colcon_core.package_identification:_identify(install) by extension 'ignore'
[4.103s] Level 1:colcon.colcon_core.package_identification:_identify(install) ignored
[4.104s] Level 1:colcon.colcon_core.package_identification:_identify(log) by extensions ['ignore', 'ignore_ament_install']
[4.104s] Level 1:colcon.colcon_core.package_identification:_identify(log) by extension 'ignore'
[4.104s] Level 1:colcon.colcon_core.package_identification:_identify(log) ignored
[4.104s] Level 1:colcon.colcon_core.package_identification:_identify(src) by extensions ['ignore', 'ignore_ament_install']
[4.104s] Level 1:colcon.colcon_core.package_identification:_identify(src) by extension 'ignore'
[4.105s] Level 1:colcon.colcon_core.package_identification:_identify(src) by extension 'ignore_ament_install'
[4.105s] Level 1:colcon.colcon_core.package_identification:_identify(src) by extensions ['colcon_pkg']
[4.105s] Level 1:colcon.colcon_core.package_identification:_identify(src) by extension 'colcon_pkg'
[4.105s] Level 1:colcon.colcon_core.package_identification:_identify(src) by extensions ['colcon_meta']
[4.105s] Level 1:colcon.colcon_core.package_identification:_identify(src) by extension 'colcon_meta'
[4.105s] Level 1:colcon.colcon_core.package_identification:_identify(src) by extensions ['ros']
[4.105s] Level 1:colcon.colcon_core.package_identification:_identify(src) by extension 'ros'
[4.106s] Level 1:colcon.colcon_core.package_identification:_identify(src) by extensions ['cmake', 'python']
[4.106s] Level 1:colcon.colcon_core.package_identification:_identify(src) by extension 'cmake'
[4.106s] Level 1:colcon.colcon_core.package_identification:_identify(src) by extension 'python'
[4.106s] Level 1:colcon.colcon_core.package_identification:_identify(src) by extensions ['python_setup_py']
[4.106s] Level 1:colcon.colcon_core.package_identification:_identify(src) by extension 'python_setup_py'
[4.107s] Level 1:colcon.colcon_core.package_identification:_identify(src/serial) by extensions ['ignore', 'ignore_ament_install']
[4.107s] Level 1:colcon.colcon_core.package_identification:_identify(src/serial) by extension 'ignore'
[4.107s] Level 1:colcon.colcon_core.package_identification:_identify(src/serial) by extension 'ignore_ament_install'
[4.107s] Level 1:colcon.colcon_core.package_identification:_identify(src/serial) by extensions ['colcon_pkg']
[4.107s] Level 1:colcon.colcon_core.package_identification:_identify(src/serial) by extension 'colcon_pkg'
[4.107s] Level 1:colcon.colcon_core.package_identification:_identify(src/serial) by extensions ['colcon_meta']
[4.107s] Level 1:colcon.colcon_core.package_identification:_identify(src/serial) by extension 'colcon_meta'
[4.108s] Level 1:colcon.colcon_core.package_identification:_identify(src/serial) by extensions ['ros']
[4.108s] Level 1:colcon.colcon_core.package_identification:_identify(src/serial) by extension 'ros'
[4.115s] DEBUG:colcon.colcon_core.package_identification:Package 'src/serial' with type 'ros.ament_cmake' and name 'serial'
[4.115s] Level 1:colcon.colcon_core.package_discovery:discover_packages(recursive) using defaults
[4.115s] Level 1:colcon.colcon_core.package_discovery:discover_packages(ignore) discover
[4.115s] Level 1:colcon.colcon_core.package_discovery:discover_packages(ignore) using defaults
[4.116s] Level 1:colcon.colcon_core.package_discovery:discover_packages(path) discover
[4.116s] Level 1:colcon.colcon_core.package_discovery:discover_packages(path) using defaults
[4.442s] Level 1:colcon.colcon_core.package_discovery:discover_packages(prefix_path) check parameters
[4.442s] Level 1:colcon.colcon_core.package_discovery:discover_packages(prefix_path) discover
[4.556s] DEBUG:colcon.colcon_installed_package_information.package_discovery:Found 286 installed packages in /opt/ros/humble
[4.584s] Level 1:colcon.colcon_core.package_discovery:discover_packages(prefix_path) using defaults
[4.947s] Level 5:colcon.colcon_core.verb:set package 'serial' build argument 'cmake_args' from command line to 'None'
[4.947s] Level 5:colcon.colcon_core.verb:set package 'serial' build argument 'cmake_target' from command line to 'None'
[4.948s] Level 5:colcon.colcon_core.verb:set package 'serial' build argument 'cmake_target_skip_unavailable' from command line to 'False'
[4.948s] Level 5:colcon.colcon_core.verb:set package 'serial' build argument 'cmake_clean_cache' from command line to 'False'
[4.948s] Level 5:colcon.colcon_core.verb:set package 'serial' build argument 'cmake_clean_first' from command line to 'False'
[4.948s] Level 5:colcon.colcon_core.verb:set package 'serial' build argument 'cmake_force_configure' from command line to 'False'
[4.948s] Level 5:colcon.colcon_core.verb:set package 'serial' build argument 'ament_cmake_args' from command line to 'None'
[4.948s] Level 5:colcon.colcon_core.verb:set package 'serial' build argument 'catkin_cmake_args' from command line to 'None'
[4.948s] Level 5:colcon.colcon_core.verb:set package 'serial' build argument 'catkin_skip_building_tests' from command line to 'False'
[4.948s] DEBUG:colcon.colcon_core.verb:Building package 'serial' with the following arguments: {'ament_cmake_args': None, 'build_base': '/home/iclab/Desktop/ros2/build/serial', 'catkin_cmake_args': None, 'catkin_skip_building_tests': False, 'cmake_args': None, 'cmake_clean_cache': False, 'cmake_clean_first': False, 'cmake_force_configure': False, 'cmake_target': None, 'cmake_target_skip_unavailable': False, 'install_base': '/home/iclab/Desktop/ros2/install/serial', 'merge_install': False, 'path': '/home/iclab/Desktop/ros2/src/serial', 'symlink_install': False, 'test_result_base': None}
[4.999s] INFO:colcon.colcon_core.executor:Executing jobs using 'parallel' executor
[5.055s] DEBUG:colcon.colcon_parallel_executor.executor.parallel:run_until_complete
[5.055s] INFO:colcon.colcon_ros.task.ament_cmake.build:Building ROS package in '/home/iclab/Desktop/ros2/src/serial' with build type 'ament_cmake'
[5.055s] INFO:colcon.colcon_cmake.task.cmake.build:Building CMake package in '/home/iclab/Desktop/ros2/src/serial'
[5.123s] INFO:colcon.colcon_core.plugin_system:Skipping extension 'colcon_core.shell.bat': Not used on non-Windows systems
[5.124s] INFO:colcon.colcon_core.shell:Skip shell extension 'powershell' for command environment: Not usable outside of PowerShell
[5.124s] DEBUG:colcon.colcon_core.shell:Skip shell extension 'dsv' for command environment
[5.250s] DEBUG:colcon.colcon_core.event_handler.log_command:Invoking command in '/home/iclab/Desktop/ros2/build/serial': CMAKE_PREFIX_PATH=/opt/ros/humble /usr/bin/cmake /home/iclab/Desktop/ros2/src/serial -DCMAKE_INSTALL_PREFIX=/home/iclab/Desktop/ros2/install/serial
[7.242s] DEBUG:colcon.colcon_core.event_handler.log_command:Invoked command in '/home/iclab/Desktop/ros2/build/serial' returned '0': CMAKE_PREFIX_PATH=/opt/ros/humble /usr/bin/cmake /home/iclab/Desktop/ros2/src/serial -DCMAKE_INSTALL_PREFIX=/home/iclab/Desktop/ros2/install/serial
[7.248s] DEBUG:colcon.colcon_core.event_handler.log_command:Invoking command in '/home/iclab/Desktop/ros2/build/serial': CMAKE_PREFIX_PATH=/opt/ros/humble /usr/bin/cmake --build /home/iclab/Desktop/ros2/build/serial -- -j4 -l4
[7.586s] DEBUG:colcon.colcon_core.event_handler.log_command:Invoked command in '/home/iclab/Desktop/ros2/build/serial' returned '0': CMAKE_PREFIX_PATH=/opt/ros/humble /usr/bin/cmake --build /home/iclab/Desktop/ros2/build/serial -- -j4 -l4
[7.664s] DEBUG:colcon.colcon_core.event_handler.log_command:Invoking command in '/home/iclab/Desktop/ros2/build/serial': CMAKE_PREFIX_PATH=/opt/ros/humble /usr/bin/cmake --install /home/iclab/Desktop/ros2/build/serial
[7.689s] Level 1:colcon.colcon_core.environment:create_environment_scripts_only(serial)
[7.690s] DEBUG:colcon.colcon_core.event_handler.log_command:Invoked command in '/home/iclab/Desktop/ros2/build/serial' returned '0': CMAKE_PREFIX_PATH=/opt/ros/humble /usr/bin/cmake --install /home/iclab/Desktop/ros2/build/serial
[7.756s] Level 1:colcon.colcon_core.environment:checking '/home/iclab/Desktop/ros2/install/serial' for CMake module files
[7.757s] Level 1:colcon.colcon_core.environment:checking '/home/iclab/Desktop/ros2/install/serial' for CMake config files
[7.758s] Level 1:colcon.colcon_core.shell:create_environment_hook('serial', 'cmake_prefix_path')
[7.812s] INFO:colcon.colcon_core.shell:Creating environment hook '/home/iclab/Desktop/ros2/install/serial/share/serial/hook/cmake_prefix_path.ps1'
[7.814s] INFO:colcon.colcon_core.shell:Creating environment descriptor '/home/iclab/Desktop/ros2/install/serial/share/serial/hook/cmake_prefix_path.dsv'
[7.816s] INFO:colcon.colcon_core.shell:Creating environment hook '/home/iclab/Desktop/ros2/install/serial/share/serial/hook/cmake_prefix_path.sh'
[7.819s] Level 1:colcon.colcon_core.environment:checking '/home/iclab/Desktop/ros2/install/serial/lib'
[7.819s] Level 1:colcon.colcon_core.environment:checking '/home/iclab/Desktop/ros2/install/serial/bin'
[7.820s] Level 1:colcon.colcon_core.environment:checking '/home/iclab/Desktop/ros2/install/serial/lib/pkgconfig/serial.pc'
[7.820s] Level 1:colcon.colcon_core.environment:checking '/home/iclab/Desktop/ros2/install/serial/lib/python3.10/site-packages'
[7.821s] Level 1:colcon.colcon_core.environment:checking '/home/iclab/Desktop/ros2/install/serial/bin'
[7.871s] INFO:colcon.colcon_core.shell:Creating package script '/home/iclab/Desktop/ros2/install/serial/share/serial/package.ps1'
[7.874s] INFO:colcon.colcon_core.shell:Creating package descriptor '/home/iclab/Desktop/ros2/install/serial/share/serial/package.dsv'
[7.876s] INFO:colcon.colcon_core.shell:Creating package script '/home/iclab/Desktop/ros2/install/serial/share/serial/package.sh'
[7.878s] INFO:colcon.colcon_core.shell:Creating package script '/home/iclab/Desktop/ros2/install/serial/share/serial/package.bash'
[7.881s] INFO:colcon.colcon_core.shell:Creating package script '/home/iclab/Desktop/ros2/install/serial/share/serial/package.zsh'
[7.884s] Level 1:colcon.colcon_core.environment:create_file_with_runtime_dependencies(/home/iclab/Desktop/ros2/install/serial/share/colcon-core/packages/serial)
[7.994s] Level 1:colcon.colcon_core.environment:create_environment_scripts_only(serial)
[8.065s] Level 1:colcon.colcon_core.environment:checking '/home/iclab/Desktop/ros2/install/serial' for CMake module files
[8.067s] Level 1:colcon.colcon_core.environment:checking '/home/iclab/Desktop/ros2/install/serial' for CMake config files
[8.067s] Level 1:colcon.colcon_core.shell:create_environment_hook('serial', 'cmake_prefix_path')
[8.118s] INFO:colcon.colcon_core.shell:Creating environment hook '/home/iclab/Desktop/ros2/install/serial/share/serial/hook/cmake_prefix_path.ps1'
[8.120s] INFO:colcon.colcon_core.shell:Creating environment descriptor '/home/iclab/Desktop/ros2/install/serial/share/serial/hook/cmake_prefix_path.dsv'
[8.121s] INFO:colcon.colcon_core.shell:Creating environment hook '/home/iclab/Desktop/ros2/install/serial/share/serial/hook/cmake_prefix_path.sh'
[8.123s] Level 1:colcon.colcon_core.environment:checking '/home/iclab/Desktop/ros2/install/serial/lib'
[8.123s] Level 1:colcon.colcon_core.environment:checking '/home/iclab/Desktop/ros2/install/serial/bin'
[8.123s] Level 1:colcon.colcon_core.environment:checking '/home/iclab/Desktop/ros2/install/serial/lib/pkgconfig/serial.pc'
[8.124s] Level 1:colcon.colcon_core.environment:checking '/home/iclab/Desktop/ros2/install/serial/lib/python3.10/site-packages'
[8.125s] Level 1:colcon.colcon_core.environment:checking '/home/iclab/Desktop/ros2/install/serial/bin'
[8.176s] INFO:colcon.colcon_core.shell:Creating package script '/home/iclab/Desktop/ros2/install/serial/share/serial/package.ps1'
[8.178s] INFO:colcon.colcon_core.shell:Creating package descriptor '/home/iclab/Desktop/ros2/install/serial/share/serial/package.dsv'
[8.180s] INFO:colcon.colcon_core.shell:Creating package script '/home/iclab/Desktop/ros2/install/serial/share/serial/package.sh'
[8.181s] INFO:colcon.colcon_core.shell:Creating package script '/home/iclab/Desktop/ros2/install/serial/share/serial/package.bash'
[8.183s] INFO:colcon.colcon_core.shell:Creating package script '/home/iclab/Desktop/ros2/install/serial/share/serial/package.zsh'
[8.184s] Level 1:colcon.colcon_core.environment:create_file_with_runtime_dependencies(/home/iclab/Desktop/ros2/install/serial/share/colcon-core/packages/serial)
[8.185s] DEBUG:colcon.colcon_parallel_executor.executor.parallel:closing loop
[8.186s] DEBUG:colcon.colcon_parallel_executor.executor.parallel:loop closed
[8.186s] DEBUG:colcon.colcon_parallel_executor.executor.parallel:run_until_complete finished with '0'
[8.187s] DEBUG:colcon.colcon_core.event_reactor:joining thread
[8.263s] INFO:colcon.colcon_core.plugin_system:Skipping extension 'colcon_notification.desktop_notification.terminal_notifier': Not used on non-Darwin systems
[8.263s] INFO:colcon.colcon_core.plugin_system:Skipping extension 'colcon_notification.desktop_notification.win32': Not used on non-Windows systems
[8.264s] INFO:colcon.colcon_notification.desktop_notification:Sending desktop notification using 'notify2'
[8.335s] DEBUG:colcon.colcon_core.event_reactor:joined thread
[8.387s] INFO:colcon.colcon_core.shell:Creating prefix script '/home/iclab/Desktop/ros2/install/local_setup.ps1'
[8.390s] INFO:colcon.colcon_core.shell:Creating prefix util module '/home/iclab/Desktop/ros2/install/_local_setup_util_ps1.py'
[8.394s] INFO:colcon.colcon_core.shell:Creating prefix chain script '/home/iclab/Desktop/ros2/install/setup.ps1'
[8.448s] INFO:colcon.colcon_core.shell:Creating prefix script '/home/iclab/Desktop/ros2/install/local_setup.sh'
[8.450s] INFO:colcon.colcon_core.shell:Creating prefix util module '/home/iclab/Desktop/ros2/install/_local_setup_util_sh.py'
[8.451s] INFO:colcon.colcon_core.shell:Creating prefix chain script '/home/iclab/Desktop/ros2/install/setup.sh'
[8.504s] INFO:colcon.colcon_core.shell:Creating prefix script '/home/iclab/Desktop/ros2/install/local_setup.bash'
[8.506s] INFO:colcon.colcon_core.shell:Creating prefix chain script '/home/iclab/Desktop/ros2/install/setup.bash'
[8.558s] INFO:colcon.colcon_core.shell:Creating prefix script '/home/iclab/Desktop/ros2/install/local_setup.zsh'
[8.560s] INFO:colcon.colcon_core.shell:Creating prefix chain script '/home/iclab/Desktop/ros2/install/setup.zsh'
