[2.740s] Invoking command in '/home/iclab/Desktop/ros2/src/tku_libs': AMENT_PREFIX_PATH=/home/iclab/Desktop/ros2/install/tku_msgs:${AMENT_PREFIX_PATH} CMAKE_PREFIX_PATH=/home/iclab/Desktop/ros2/install/tku_msgs:${CMAKE_PREFIX_PATH} LD_LIBRARY_PATH=/home/iclab/Desktop/ros2/install/tku_msgs/lib:${LD_LIBRARY_PATH} PYTHONPATH=/home/iclab/Desktop/ros2/build/tku_libs/prefix_override:/home/iclab/Desktop/ros2/install/tku_libs/lib/python3.10/site-packages:/home/iclab/Desktop/ros2/install/tku_msgs/local/lib/python3.10/dist-packages:${PYTHONPATH} /usr/bin/python3 setup.py egg_info --egg-base ../../build/tku_libs build --build-base /home/iclab/Desktop/ros2/build/tku_libs/build install --record /home/iclab/Desktop/ros2/build/tku_libs/install.log --single-version-externally-managed
[3.556s] running egg_info
[3.558s] creating ../../build/tku_libs/tku_libs.egg-info
[3.558s] writing ../../build/tku_libs/tku_libs.egg-info/PKG-INFO
[3.558s] writing dependency_links to ../../build/tku_libs/tku_libs.egg-info/dependency_links.txt
[3.559s] writing entry points to ../../build/tku_libs/tku_libs.egg-info/entry_points.txt
[3.559s] writing requirements to ../../build/tku_libs/tku_libs.egg-info/requires.txt
[3.559s] writing top-level names to ../../build/tku_libs/tku_libs.egg-info/top_level.txt
[3.560s] writing manifest file '../../build/tku_libs/tku_libs.egg-info/SOURCES.txt'
[3.565s] reading manifest file '../../build/tku_libs/tku_libs.egg-info/SOURCES.txt'
[3.567s] writing manifest file '../../build/tku_libs/tku_libs.egg-info/SOURCES.txt'
[3.568s] running build
[3.568s] running build_py
[3.568s] creating /home/iclab/Desktop/ros2/build/tku_libs/build
[3.569s] creating /home/iclab/Desktop/ros2/build/tku_libs/build/lib
[3.569s] creating /home/iclab/Desktop/ros2/build/tku_libs/build/lib/tku_libs
[3.569s] copying tku_libs/test_b.py -> /home/iclab/Desktop/ros2/build/tku_libs/build/lib/tku_libs
[3.569s] copying tku_libs/TKU_tool.py -> /home/iclab/Desktop/ros2/build/tku_libs/build/lib/tku_libs
[3.570s] copying tku_libs/__init__.py -> /home/iclab/Desktop/ros2/build/tku_libs/build/lib/tku_libs
[3.570s] copying tku_libs/test_a.py -> /home/iclab/Desktop/ros2/build/tku_libs/build/lib/tku_libs
[3.570s] running install
[3.571s] running install_lib
[3.573s] creating /home/iclab/Desktop/ros2/install/tku_libs/lib/python3.10/site-packages/tku_libs
[3.573s] copying /home/iclab/Desktop/ros2/build/tku_libs/build/lib/tku_libs/test_b.py -> /home/iclab/Desktop/ros2/install/tku_libs/lib/python3.10/site-packages/tku_libs
[3.574s] copying /home/iclab/Desktop/ros2/build/tku_libs/build/lib/tku_libs/TKU_tool.py -> /home/iclab/Desktop/ros2/install/tku_libs/lib/python3.10/site-packages/tku_libs
[3.574s] copying /home/iclab/Desktop/ros2/build/tku_libs/build/lib/tku_libs/__init__.py -> /home/iclab/Desktop/ros2/install/tku_libs/lib/python3.10/site-packages/tku_libs
[3.574s] copying /home/iclab/Desktop/ros2/build/tku_libs/build/lib/tku_libs/test_a.py -> /home/iclab/Desktop/ros2/install/tku_libs/lib/python3.10/site-packages/tku_libs
[3.575s] byte-compiling /home/iclab/Desktop/ros2/install/tku_libs/lib/python3.10/site-packages/tku_libs/test_b.py to test_b.cpython-310.pyc
[3.577s] byte-compiling /home/iclab/Desktop/ros2/install/tku_libs/lib/python3.10/site-packages/tku_libs/TKU_tool.py to TKU_tool.cpython-310.pyc
[3.580s] byte-compiling /home/iclab/Desktop/ros2/install/tku_libs/lib/python3.10/site-packages/tku_libs/__init__.py to __init__.cpython-310.pyc
[3.581s] byte-compiling /home/iclab/Desktop/ros2/install/tku_libs/lib/python3.10/site-packages/tku_libs/test_a.py to test_a.cpython-310.pyc
[3.582s] running install_data
[3.584s] creating /home/iclab/Desktop/ros2/install/tku_libs/share/ament_index
[3.585s] creating /home/iclab/Desktop/ros2/install/tku_libs/share/ament_index/resource_index
[3.585s] creating /home/iclab/Desktop/ros2/install/tku_libs/share/ament_index/resource_index/packages
[3.585s] copying resource/tku_libs -> /home/iclab/Desktop/ros2/install/tku_libs/share/ament_index/resource_index/packages
[3.585s] copying package.xml -> /home/iclab/Desktop/ros2/install/tku_libs/share/tku_libs
[3.585s] running install_egg_info
[3.593s] Copying ../../build/tku_libs/tku_libs.egg-info to /home/iclab/Desktop/ros2/install/tku_libs/lib/python3.10/site-packages/tku_libs-0.0.0-py3.10.egg-info
[3.600s] running install_scripts
[3.654s] Installing aaa script to /home/iclab/Desktop/ros2/install/tku_libs/lib/tku_libs
[3.655s] Installing bbb script to /home/iclab/Desktop/ros2/install/tku_libs/lib/tku_libs
[3.655s] writing list of installed files to '/home/iclab/Desktop/ros2/build/tku_libs/install.log'
[3.745s] Invoked command in '/home/iclab/Desktop/ros2/src/tku_libs' returned '0': AMENT_PREFIX_PATH=/home/iclab/Desktop/ros2/install/tku_msgs:${AMENT_PREFIX_PATH} CMAKE_PREFIX_PATH=/home/iclab/Desktop/ros2/install/tku_msgs:${CMAKE_PREFIX_PATH} LD_LIBRARY_PATH=/home/iclab/Desktop/ros2/install/tku_msgs/lib:${LD_LIBRARY_PATH} PYTHONPATH=/home/iclab/Desktop/ros2/build/tku_libs/prefix_override:/home/iclab/Desktop/ros2/install/tku_libs/lib/python3.10/site-packages:/home/iclab/Desktop/ros2/install/tku_msgs/local/lib/python3.10/dist-packages:${PYTHONPATH} /usr/bin/python3 setup.py egg_info --egg-base ../../build/tku_libs build --build-base /home/iclab/Desktop/ros2/build/tku_libs/build install --record /home/iclab/Desktop/ros2/build/tku_libs/install.log --single-version-externally-managed
