[3.621s] DEBUG:colcon:Command line arguments: ['/usr/bin/colcon', 'build']
[3.622s] DEBUG:colcon:Parsed command line arguments: Namespace(log_base=None, log_level=None, verb_name='build', build_base='build', install_base='install', merge_install=False, symlink_install=False, test_result_base=None, continue_on_error=False, executor='parallel', parallel_workers=4, event_handlers=None, ignore_user_meta=False, metas=['./colcon.meta'], base_paths=['.'], packages_ignore=None, packages_ignore_regex=None, paths=None, packages_up_to=None, packages_up_to_regex=None, packages_above=None, packages_above_and_dependencies=None, packages_above_depth=None, packages_select_by_dep=None, packages_skip_by_dep=None, packages_skip_up_to=None, packages_select_build_failed=False, packages_skip_build_finished=False, packages_select_test_failures=False, packages_skip_test_passed=False, packages_select=None, packages_skip=None, packages_select_regex=None, packages_skip_regex=None, packages_start=None, packages_end=None, allow_overriding=[], cmake_args=None, cmake_target=None, cmake_target_skip_unavailable=False, cmake_clean_cache=False, cmake_clean_first=False, cmake_force_configure=False, ament_cmake_args=None, catkin_cmake_args=None, catkin_skip_building_tests=False, verb_parser=<colcon_defaults.argument_parser.defaults.DefaultArgumentsDecorator object at 0x7f2af7591150>, verb_extension=<colcon_core.verb.build.BuildVerb object at 0x7f2af7700730>, main=<bound method BuildVerb.main of <colcon_core.verb.build.BuildVerb object at 0x7f2af7700730>>)
[3.819s] Level 1:colcon.colcon_core.package_discovery:discover_packages(colcon_meta) check parameters
[3.819s] Level 1:colcon.colcon_core.package_discovery:discover_packages(recursive) check parameters
[3.819s] Level 1:colcon.colcon_core.package_discovery:discover_packages(ignore) check parameters
[3.819s] Level 1:colcon.colcon_core.package_discovery:discover_packages(path) check parameters
[3.820s] Level 1:colcon.colcon_core.package_discovery:discover_packages(colcon_meta) discover
[3.820s] Level 1:colcon.colcon_core.package_discovery:discover_packages(recursive) discover
[3.820s] INFO:colcon.colcon_core.package_discovery:Crawling recursively for packages in '/home/iclab/Desktop/ros2'
[3.820s] Level 1:colcon.colcon_core.package_identification:_identify(.) by extensions ['ignore', 'ignore_ament_install']
[3.821s] Level 1:colcon.colcon_core.package_identification:_identify(.) by extension 'ignore'
[3.821s] Level 1:colcon.colcon_core.package_identification:_identify(.) by extension 'ignore_ament_install'
[3.821s] Level 1:colcon.colcon_core.package_identification:_identify(.) by extensions ['colcon_pkg']
[3.821s] Level 1:colcon.colcon_core.package_identification:_identify(.) by extension 'colcon_pkg'
[3.821s] Level 1:colcon.colcon_core.package_identification:_identify(.) by extensions ['colcon_meta']
[3.822s] Level 1:colcon.colcon_core.package_identification:_identify(.) by extension 'colcon_meta'
[3.822s] Level 1:colcon.colcon_core.package_identification:_identify(.) by extensions ['ros']
[3.822s] Level 1:colcon.colcon_core.package_identification:_identify(.) by extension 'ros'
[3.859s] Level 1:colcon.colcon_core.package_identification:_identify(.) by extensions ['cmake', 'python']
[3.859s] Level 1:colcon.colcon_core.package_identification:_identify(.) by extension 'cmake'
[3.860s] Level 1:colcon.colcon_core.package_identification:_identify(.) by extension 'python'
[3.860s] Level 1:colcon.colcon_core.package_identification:_identify(.) by extensions ['python_setup_py']
[3.860s] Level 1:colcon.colcon_core.package_identification:_identify(.) by extension 'python_setup_py'
[3.861s] Level 1:colcon.colcon_core.package_identification:_identify(build) by extensions ['ignore', 'ignore_ament_install']
[3.861s] Level 1:colcon.colcon_core.package_identification:_identify(build) by extension 'ignore'
[3.861s] Level 1:colcon.colcon_core.package_identification:_identify(build) ignored
[3.862s] Level 1:colcon.colcon_core.package_identification:_identify(cssl) by extensions ['ignore', 'ignore_ament_install']
[3.862s] Level 1:colcon.colcon_core.package_identification:_identify(cssl) by extension 'ignore'
[3.862s] Level 1:colcon.colcon_core.package_identification:_identify(cssl) by extension 'ignore_ament_install'
[3.863s] Level 1:colcon.colcon_core.package_identification:_identify(cssl) by extensions ['colcon_pkg']
[3.863s] Level 1:colcon.colcon_core.package_identification:_identify(cssl) by extension 'colcon_pkg'
[3.863s] Level 1:colcon.colcon_core.package_identification:_identify(cssl) by extensions ['colcon_meta']
[3.863s] Level 1:colcon.colcon_core.package_identification:_identify(cssl) by extension 'colcon_meta'
[3.863s] Level 1:colcon.colcon_core.package_identification:_identify(cssl) by extensions ['ros']
[3.863s] Level 1:colcon.colcon_core.package_identification:_identify(cssl) by extension 'ros'
[3.864s] Level 1:colcon.colcon_core.package_identification:_identify(cssl) by extensions ['cmake', 'python']
[3.864s] Level 1:colcon.colcon_core.package_identification:_identify(cssl) by extension 'cmake'
[3.864s] Level 1:colcon.colcon_core.package_identification:_identify(cssl) by extension 'python'
[3.865s] Level 1:colcon.colcon_core.package_identification:_identify(cssl) by extensions ['python_setup_py']
[3.865s] Level 1:colcon.colcon_core.package_identification:_identify(cssl) by extension 'python_setup_py'
[3.865s] Level 1:colcon.colcon_core.package_identification:_identify(install) by extensions ['ignore', 'ignore_ament_install']
[3.866s] Level 1:colcon.colcon_core.package_identification:_identify(install) by extension 'ignore'
[3.866s] Level 1:colcon.colcon_core.package_identification:_identify(install) ignored
[3.866s] Level 1:colcon.colcon_core.package_identification:_identify(log) by extensions ['ignore', 'ignore_ament_install']
[3.867s] Level 1:colcon.colcon_core.package_identification:_identify(log) by extension 'ignore'
[3.867s] Level 1:colcon.colcon_core.package_identification:_identify(log) ignored
[3.867s] Level 1:colcon.colcon_core.package_identification:_identify(src) by extensions ['ignore', 'ignore_ament_install']
[3.868s] Level 1:colcon.colcon_core.package_identification:_identify(src) by extension 'ignore'
[3.868s] Level 1:colcon.colcon_core.package_identification:_identify(src) by extension 'ignore_ament_install'
[3.868s] Level 1:colcon.colcon_core.package_identification:_identify(src) by extensions ['colcon_pkg']
[3.868s] Level 1:colcon.colcon_core.package_identification:_identify(src) by extension 'colcon_pkg'
[3.869s] Level 1:colcon.colcon_core.package_identification:_identify(src) by extensions ['colcon_meta']
[3.869s] Level 1:colcon.colcon_core.package_identification:_identify(src) by extension 'colcon_meta'
[3.869s] Level 1:colcon.colcon_core.package_identification:_identify(src) by extensions ['ros']
[3.870s] Level 1:colcon.colcon_core.package_identification:_identify(src) by extension 'ros'
[3.870s] Level 1:colcon.colcon_core.package_identification:_identify(src) by extensions ['cmake', 'python']
[3.870s] Level 1:colcon.colcon_core.package_identification:_identify(src) by extension 'cmake'
[3.870s] Level 1:colcon.colcon_core.package_identification:_identify(src) by extension 'python'
[3.871s] Level 1:colcon.colcon_core.package_identification:_identify(src) by extensions ['python_setup_py']
[3.871s] Level 1:colcon.colcon_core.package_identification:_identify(src) by extension 'python_setup_py'
[3.871s] Level 1:colcon.colcon_core.package_identification:_identify(src/serial) by extensions ['ignore', 'ignore_ament_install']
[3.872s] Level 1:colcon.colcon_core.package_identification:_identify(src/serial) by extension 'ignore'
[3.872s] Level 1:colcon.colcon_core.package_identification:_identify(src/serial) by extension 'ignore_ament_install'
[3.872s] Level 1:colcon.colcon_core.package_identification:_identify(src/serial) by extensions ['colcon_pkg']
[3.873s] Level 1:colcon.colcon_core.package_identification:_identify(src/serial) by extension 'colcon_pkg'
[3.873s] Level 1:colcon.colcon_core.package_identification:_identify(src/serial) by extensions ['colcon_meta']
[3.873s] Level 1:colcon.colcon_core.package_identification:_identify(src/serial) by extension 'colcon_meta'
[3.873s] Level 1:colcon.colcon_core.package_identification:_identify(src/serial) by extensions ['ros']
[3.873s] Level 1:colcon.colcon_core.package_identification:_identify(src/serial) by extension 'ros'
[3.881s] DEBUG:colcon.colcon_core.package_identification:Package 'src/serial' with type 'ros.ament_cmake' and name 'serial'
[3.882s] Level 1:colcon.colcon_core.package_discovery:discover_packages(recursive) using defaults
[3.882s] Level 1:colcon.colcon_core.package_discovery:discover_packages(ignore) discover
[3.882s] Level 1:colcon.colcon_core.package_discovery:discover_packages(ignore) using defaults
[3.882s] Level 1:colcon.colcon_core.package_discovery:discover_packages(path) discover
[3.882s] Level 1:colcon.colcon_core.package_discovery:discover_packages(path) using defaults
[4.217s] Level 1:colcon.colcon_core.package_discovery:discover_packages(prefix_path) check parameters
[4.218s] Level 1:colcon.colcon_core.package_discovery:discover_packages(prefix_path) discover
[4.393s] DEBUG:colcon.colcon_installed_package_information.package_discovery:Found 1 installed packages in /home/iclab/Desktop/ros2/install
[4.571s] DEBUG:colcon.colcon_installed_package_information.package_discovery:Found 286 installed packages in /opt/ros/humble
[4.577s] Level 1:colcon.colcon_core.package_discovery:discover_packages(prefix_path) using defaults
[5.103s] Level 5:colcon.colcon_core.verb:set package 'serial' build argument 'cmake_args' from command line to 'None'
[5.103s] Level 5:colcon.colcon_core.verb:set package 'serial' build argument 'cmake_target' from command line to 'None'
[5.103s] Level 5:colcon.colcon_core.verb:set package 'serial' build argument 'cmake_target_skip_unavailable' from command line to 'False'
[5.103s] Level 5:colcon.colcon_core.verb:set package 'serial' build argument 'cmake_clean_cache' from command line to 'False'
[5.103s] Level 5:colcon.colcon_core.verb:set package 'serial' build argument 'cmake_clean_first' from command line to 'False'
[5.104s] Level 5:colcon.colcon_core.verb:set package 'serial' build argument 'cmake_force_configure' from command line to 'False'
[5.104s] Level 5:colcon.colcon_core.verb:set package 'serial' build argument 'ament_cmake_args' from command line to 'None'
[5.104s] Level 5:colcon.colcon_core.verb:set package 'serial' build argument 'catkin_cmake_args' from command line to 'None'
[5.104s] Level 5:colcon.colcon_core.verb:set package 'serial' build argument 'catkin_skip_building_tests' from command line to 'False'
[5.104s] DEBUG:colcon.colcon_core.verb:Building package 'serial' with the following arguments: {'ament_cmake_args': None, 'build_base': '/home/iclab/Desktop/ros2/build/serial', 'catkin_cmake_args': None, 'catkin_skip_building_tests': False, 'cmake_args': None, 'cmake_clean_cache': False, 'cmake_clean_first': False, 'cmake_force_configure': False, 'cmake_target': None, 'cmake_target_skip_unavailable': False, 'install_base': '/home/iclab/Desktop/ros2/install/serial', 'merge_install': False, 'path': '/home/iclab/Desktop/ros2/src/serial', 'symlink_install': False, 'test_result_base': None}
[5.194s] INFO:colcon.colcon_core.executor:Executing jobs using 'parallel' executor
[5.286s] DEBUG:colcon.colcon_parallel_executor.executor.parallel:run_until_complete
[5.287s] INFO:colcon.colcon_ros.task.ament_cmake.build:Building ROS package in '/home/iclab/Desktop/ros2/src/serial' with build type 'ament_cmake'
[5.288s] INFO:colcon.colcon_cmake.task.cmake.build:Building CMake package in '/home/iclab/Desktop/ros2/src/serial'
[5.358s] INFO:colcon.colcon_core.plugin_system:Skipping extension 'colcon_core.shell.bat': Not used on non-Windows systems
[5.359s] INFO:colcon.colcon_core.shell:Skip shell extension 'powershell' for command environment: Not usable outside of PowerShell
[5.359s] DEBUG:colcon.colcon_core.shell:Skip shell extension 'dsv' for command environment
[5.574s] DEBUG:colcon.colcon_core.event_handler.log_command:Invoking command in '/home/iclab/Desktop/ros2/build/serial': CMAKE_PREFIX_PATH=${CMAKE_PREFIX_PATH}:/opt/ros/humble /usr/bin/cmake --build /home/iclab/Desktop/ros2/build/serial -- -j4 -l4
[7.358s] DEBUG:colcon.colcon_core.event_handler.log_command:Invoked command in '/home/iclab/Desktop/ros2/build/serial' returned '2': CMAKE_PREFIX_PATH=${CMAKE_PREFIX_PATH}:/opt/ros/humble /usr/bin/cmake --build /home/iclab/Desktop/ros2/build/serial -- -j4 -l4
[7.467s] Level 1:colcon.colcon_core.environment:create_environment_scripts_only(serial)
[7.532s] Level 1:colcon.colcon_core.environment:checking '/home/iclab/Desktop/ros2/install/serial' for CMake module files
[7.534s] Level 1:colcon.colcon_core.environment:checking '/home/iclab/Desktop/ros2/install/serial' for CMake config files
[7.537s] Level 1:colcon.colcon_core.shell:create_environment_hook('serial', 'cmake_prefix_path')
[7.589s] INFO:colcon.colcon_core.shell:Creating environment hook '/home/iclab/Desktop/ros2/install/serial/share/serial/hook/cmake_prefix_path.ps1'
[7.591s] INFO:colcon.colcon_core.shell:Creating environment descriptor '/home/iclab/Desktop/ros2/install/serial/share/serial/hook/cmake_prefix_path.dsv'
[7.592s] INFO:colcon.colcon_core.shell:Creating environment hook '/home/iclab/Desktop/ros2/install/serial/share/serial/hook/cmake_prefix_path.sh'
[7.596s] Level 1:colcon.colcon_core.environment:checking '/home/iclab/Desktop/ros2/install/serial/lib'
[7.596s] Level 1:colcon.colcon_core.environment:checking '/home/iclab/Desktop/ros2/install/serial/bin'
[7.597s] Level 1:colcon.colcon_core.environment:checking '/home/iclab/Desktop/ros2/install/serial/lib/pkgconfig/serial.pc'
[7.598s] Level 1:colcon.colcon_core.environment:checking '/home/iclab/Desktop/ros2/install/serial/lib/python3.10/site-packages'
[7.598s] Level 1:colcon.colcon_core.environment:checking '/home/iclab/Desktop/ros2/install/serial/bin'
[7.654s] INFO:colcon.colcon_core.shell:Creating package script '/home/iclab/Desktop/ros2/install/serial/share/serial/package.ps1'
[7.656s] INFO:colcon.colcon_core.shell:Creating package descriptor '/home/iclab/Desktop/ros2/install/serial/share/serial/package.dsv'
[7.659s] INFO:colcon.colcon_core.shell:Creating package script '/home/iclab/Desktop/ros2/install/serial/share/serial/package.sh'
[7.661s] INFO:colcon.colcon_core.shell:Creating package script '/home/iclab/Desktop/ros2/install/serial/share/serial/package.bash'
[7.664s] INFO:colcon.colcon_core.shell:Creating package script '/home/iclab/Desktop/ros2/install/serial/share/serial/package.zsh'
[7.666s] Level 1:colcon.colcon_core.environment:create_file_with_runtime_dependencies(/home/iclab/Desktop/ros2/install/serial/share/colcon-core/packages/serial)
[7.678s] DEBUG:colcon.colcon_parallel_executor.executor.parallel:closing loop
[7.678s] DEBUG:colcon.colcon_parallel_executor.executor.parallel:loop closed
[7.678s] DEBUG:colcon.colcon_parallel_executor.executor.parallel:run_until_complete finished with '2'
[7.679s] DEBUG:colcon.colcon_core.event_reactor:joining thread
[7.764s] INFO:colcon.colcon_core.plugin_system:Skipping extension 'colcon_notification.desktop_notification.terminal_notifier': Not used on non-Darwin systems
[7.765s] INFO:colcon.colcon_core.plugin_system:Skipping extension 'colcon_notification.desktop_notification.win32': Not used on non-Windows systems
[7.765s] INFO:colcon.colcon_notification.desktop_notification:Sending desktop notification using 'notify2'
[7.802s] DEBUG:colcon.colcon_core.event_reactor:joined thread
[7.864s] INFO:colcon.colcon_core.shell:Creating prefix script '/home/iclab/Desktop/ros2/install/local_setup.ps1'
[7.867s] INFO:colcon.colcon_core.shell:Creating prefix util module '/home/iclab/Desktop/ros2/install/_local_setup_util_ps1.py'
[7.871s] INFO:colcon.colcon_core.shell:Creating prefix chain script '/home/iclab/Desktop/ros2/install/setup.ps1'
[7.927s] INFO:colcon.colcon_core.shell:Creating prefix script '/home/iclab/Desktop/ros2/install/local_setup.sh'
[7.929s] INFO:colcon.colcon_core.shell:Creating prefix util module '/home/iclab/Desktop/ros2/install/_local_setup_util_sh.py'
[7.931s] INFO:colcon.colcon_core.shell:Creating prefix chain script '/home/iclab/Desktop/ros2/install/setup.sh'
[7.989s] INFO:colcon.colcon_core.shell:Creating prefix script '/home/iclab/Desktop/ros2/install/local_setup.bash'
[7.991s] INFO:colcon.colcon_core.shell:Creating prefix chain script '/home/iclab/Desktop/ros2/install/setup.bash'
[8.048s] INFO:colcon.colcon_core.shell:Creating prefix script '/home/iclab/Desktop/ros2/install/local_setup.zsh'
[8.050s] INFO:colcon.colcon_core.shell:Creating prefix chain script '/home/iclab/Desktop/ros2/install/setup.zsh'
