[1.132s] Invoking command in '/home/iclab/Desktop/ros2/src/tkulibs': PYTHONPATH=/home/iclab/Desktop/ros2/build/tkulibs/prefix_override:/home/iclab/Desktop/ros2/install/tkulibs/lib/python3.10/site-packages:${PYTHONPATH} /usr/bin/python3 -W ignore:setup.py install is deprecated setup.py egg_info --egg-base ../../build/tkulibs build --build-base /home/iclab/Desktop/ros2/build/tkulibs/build install --record /home/iclab/Desktop/ros2/build/tkulibs/install.log --single-version-externally-managed install_data
[1.485s] running egg_info
[1.489s] writing ../../build/tkulibs/tkulibs.egg-info/PKG-INFO
[1.489s] writing dependency_links to ../../build/tkulibs/tkulibs.egg-info/dependency_links.txt
[1.489s] writing entry points to ../../build/tkulibs/tkulibs.egg-info/entry_points.txt
[1.489s] writing requirements to ../../build/tkulibs/tkulibs.egg-info/requires.txt
[1.489s] writing top-level names to ../../build/tkulibs/tkulibs.egg-info/top_level.txt
[1.489s] reading manifest file '../../build/tkulibs/tkulibs.egg-info/SOURCES.txt'
[1.490s] adding license file 'LICENSE'
[1.490s] writing manifest file '../../build/tkulibs/tkulibs.egg-info/SOURCES.txt'
[1.490s] running build
[1.490s] running build_py
[1.490s] copying tkulibs/location.py -> /home/iclab/Desktop/ros2/build/tkulibs/build/lib/tkulibs
[1.490s] running install
[1.490s] running install_lib
[1.491s] copying /home/iclab/Desktop/ros2/build/tkulibs/build/lib/tkulibs/location.py -> /home/iclab/Desktop/ros2/install/tkulibs/lib/python3.10/site-packages/tkulibs
[1.491s] byte-compiling /home/iclab/Desktop/ros2/install/tkulibs/lib/python3.10/site-packages/tkulibs/location.py to location.cpython-310.pyc
[1.492s] running install_data
[1.492s] running install_egg_info
[1.494s] removing '/home/iclab/Desktop/ros2/install/tkulibs/lib/python3.10/site-packages/tkulibs-0.0.0-py3.10.egg-info' (and everything under it)
[1.494s] Copying ../../build/tkulibs/tkulibs.egg-info to /home/iclab/Desktop/ros2/install/tkulibs/lib/python3.10/site-packages/tkulibs-0.0.0-py3.10.egg-info
[1.495s] running install_scripts
[1.518s] Installing location script to /home/iclab/Desktop/ros2/install/tkulibs/lib/tkulibs
[1.518s] writing list of installed files to '/home/iclab/Desktop/ros2/build/tkulibs/install.log'
[1.548s] Invoked command in '/home/iclab/Desktop/ros2/src/tkulibs' returned '0': PYTHONPATH=/home/iclab/Desktop/ros2/build/tkulibs/prefix_override:/home/iclab/Desktop/ros2/install/tkulibs/lib/python3.10/site-packages:${PYTHONPATH} /usr/bin/python3 -W ignore:setup.py install is deprecated setup.py egg_info --egg-base ../../build/tkulibs build --build-base /home/iclab/Desktop/ros2/build/tkulibs/build install --record /home/iclab/Desktop/ros2/build/tkulibs/install.log --single-version-externally-managed install_data
