[0.272s] Invoking command in '/home/iclab/Desktop/ros2/build/serial': CMAKE_PREFIX_PATH=${CMAKE_PREFIX_PATH}:/opt/ros/humble /usr/bin/cmake --build /home/iclab/Desktop/ros2/build/serial -- -j4 -l4
[0.326s] -- Found ament_cmake: 1.3.6 (/opt/ros/humble/share/ament_cmake/cmake)
[0.808s] -- Found rclcpp: 16.0.7 (/opt/ros/humble/share/rclcpp/cmake)
[0.941s] -- Found rosidl_generator_c: 3.1.5 (/opt/ros/humble/share/rosidl_generator_c/cmake)
[0.957s] -- Found rosidl_adapter: 3.1.5 (/opt/ros/humble/share/rosidl_adapter/cmake)
[0.993s] -- Found rosidl_generator_cpp: 3.1.5 (/opt/ros/humble/share/rosidl_generator_cpp/cmake)
[1.072s] -- Using all available rosidl_typesupport_c: rosidl_typesupport_fastrtps_c;rosidl_typesupport_introspection_c
[1.139s] -- Using all available rosidl_typesupport_cpp: rosidl_typesupport_fastrtps_cpp;rosidl_typesupport_introspection_cpp
[1.361s] -- Found rmw_implementation_cmake: 6.1.1 (/opt/ros/humble/share/rmw_implementation_cmake/cmake)
[1.370s] -- Found rmw_fastrtps_cpp: 6.2.5 (/opt/ros/humble/share/rmw_fastrtps_cpp/cmake)
[1.650s] -- Found OpenSSL: /usr/lib/x86_64-linux-gnu/libcrypto.so (found version "3.0.2")  
[1.713s] -- Found FastRTPS: /opt/ros/humble/include  
[1.819s] -- Using RMW implementation 'rmw_fastrtps_cpp' as default
[1.844s] -- Looking for pthread.h
[2.111s] -- Looking for pthread.h - found
[2.112s] -- Performing Test CMAKE_HAVE_LIBC_PTHREAD
[2.328s] -- Performing Test CMAKE_HAVE_LIBC_PTHREAD - Success
[2.329s] -- Found Threads: TRUE  
[2.865s] [31mCMake Error at CMakeLists.txt:28 (add_library):
[2.865s]   add_library cannot create target "serial" because another target with the
[2.866s]   same name already exists.  The existing target is an executable created in
[2.866s]   source directory "/home/iclab/Desktop/ros2/src/serial".  See documentation
[2.867s]   for policy CMP0002 for more details.
[2.867s] 
[2.867s] [0m
[2.870s] -- Found ament_lint_auto: 0.12.9 (/opt/ros/humble/share/ament_lint_auto/cmake)
[3.104s] -- Added test 'cppcheck' to perform static code analysis on C / C++ code
[3.105s] -- Configured cppcheck include dirs: $<BUILD_INTERFACE:/home/iclab/Desktop/ros2/src/serial/include>
[3.105s] -- Configured cppcheck exclude dirs and/or files: 
[3.108s] -- Added test 'lint_cmake' to check CMake code style
[3.111s] -- Added test 'uncrustify' to check C / C++ code style
[3.111s] -- Configured uncrustify additional arguments: 
[3.113s] -- Added test 'xmllint' to check XML markup files
[3.116s] -- Configuring incomplete, errors occurred!
[3.116s] See also "/home/iclab/Desktop/ros2/build/serial/CMakeFiles/CMakeOutput.log".
[3.134s] gmake: *** [Makefile:267: cmake_check_build_system] Error 1
[3.144s] Invoked command in '/home/iclab/Desktop/ros2/build/serial' returned '2': CMAKE_PREFIX_PATH=${CMAKE_PREFIX_PATH}:/opt/ros/humble /usr/bin/cmake --build /home/iclab/Desktop/ros2/build/serial -- -j4 -l4
