[0.709s] DEBUG:colcon:Command line arguments: ['/usr/bin/colcon', 'build']
[0.709s] DEBUG:colcon:Parsed command line arguments: Namespace(log_base=None, log_level=None, verb_name='build', build_base='build', install_base='install', merge_install=False, symlink_install=False, test_result_base=None, continue_on_error=False, executor='parallel', parallel_workers=8, event_handlers=None, ignore_user_meta=False, metas=['./colcon.meta'], base_paths=['.'], packages_ignore=None, packages_ignore_regex=None, paths=None, packages_up_to=None, packages_up_to_regex=None, packages_above=None, packages_above_and_dependencies=None, packages_above_depth=None, packages_select_by_dep=None, packages_skip_by_dep=None, packages_skip_up_to=None, packages_select_build_failed=False, packages_skip_build_finished=False, packages_select_test_failures=False, packages_skip_test_passed=False, packages_select=None, packages_skip=None, packages_select_regex=None, packages_skip_regex=None, packages_start=None, packages_end=None, allow_overriding=[], cmake_args=None, cmake_target=None, cmake_target_skip_unavailable=False, cmake_clean_cache=False, cmake_clean_first=False, cmake_force_configure=False, ament_cmake_args=None, catkin_cmake_args=None, catkin_skip_building_tests=False, verb_parser=<colcon_defaults.argument_parser.defaults.DefaultArgumentsDecorator object at 0x7fdde079c490>, verb_extension=<colcon_core.verb.build.BuildVerb object at 0x7fdde0bd7670>, main=<bound method BuildVerb.main of <colcon_core.verb.build.BuildVerb object at 0x7fdde0bd7670>>)
[0.741s] Level 1:colcon.colcon_core.package_discovery:discover_packages(colcon_meta) check parameters
[0.741s] Level 1:colcon.colcon_core.package_discovery:discover_packages(recursive) check parameters
[0.741s] Level 1:colcon.colcon_core.package_discovery:discover_packages(ignore) check parameters
[0.741s] Level 1:colcon.colcon_core.package_discovery:discover_packages(path) check parameters
[0.741s] Level 1:colcon.colcon_core.package_discovery:discover_packages(colcon_meta) discover
[0.742s] Level 1:colcon.colcon_core.package_discovery:discover_packages(recursive) discover
[0.742s] INFO:colcon.colcon_core.package_discovery:Crawling recursively for packages in '/home/iclab/Desktop/ros2'
[0.742s] Level 1:colcon.colcon_core.package_identification:_identify(.) by extensions ['ignore', 'ignore_ament_install']
[0.742s] Level 1:colcon.colcon_core.package_identification:_identify(.) by extension 'ignore'
[0.742s] Level 1:colcon.colcon_core.package_identification:_identify(.) by extension 'ignore_ament_install'
[0.742s] Level 1:colcon.colcon_core.package_identification:_identify(.) by extensions ['colcon_pkg']
[0.742s] Level 1:colcon.colcon_core.package_identification:_identify(.) by extension 'colcon_pkg'
[0.742s] Level 1:colcon.colcon_core.package_identification:_identify(.) by extensions ['colcon_meta']
[0.742s] Level 1:colcon.colcon_core.package_identification:_identify(.) by extension 'colcon_meta'
[0.742s] Level 1:colcon.colcon_core.package_identification:_identify(.) by extensions ['ros']
[0.742s] Level 1:colcon.colcon_core.package_identification:_identify(.) by extension 'ros'
[0.749s] Level 1:colcon.colcon_core.package_identification:_identify(.) by extensions ['cmake', 'python']
[0.749s] Level 1:colcon.colcon_core.package_identification:_identify(.) by extension 'cmake'
[0.749s] Level 1:colcon.colcon_core.package_identification:_identify(.) by extension 'python'
[0.749s] Level 1:colcon.colcon_core.package_identification:_identify(.) by extensions ['python_setup_py']
[0.749s] Level 1:colcon.colcon_core.package_identification:_identify(.) by extension 'python_setup_py'
[0.749s] Level 1:colcon.colcon_core.package_identification:_identify(build) by extensions ['ignore', 'ignore_ament_install']
[0.749s] Level 1:colcon.colcon_core.package_identification:_identify(build) by extension 'ignore'
[0.749s] Level 1:colcon.colcon_core.package_identification:_identify(build) ignored
[0.749s] Level 1:colcon.colcon_core.package_identification:_identify(install) by extensions ['ignore', 'ignore_ament_install']
[0.749s] Level 1:colcon.colcon_core.package_identification:_identify(install) by extension 'ignore'
[0.749s] Level 1:colcon.colcon_core.package_identification:_identify(install) ignored
[0.749s] Level 1:colcon.colcon_core.package_identification:_identify(interface) by extensions ['ignore', 'ignore_ament_install']
[0.749s] Level 1:colcon.colcon_core.package_identification:_identify(interface) by extension 'ignore'
[0.749s] Level 1:colcon.colcon_core.package_identification:_identify(interface) by extension 'ignore_ament_install'
[0.749s] Level 1:colcon.colcon_core.package_identification:_identify(interface) by extensions ['colcon_pkg']
[0.749s] Level 1:colcon.colcon_core.package_identification:_identify(interface) by extension 'colcon_pkg'
[0.749s] Level 1:colcon.colcon_core.package_identification:_identify(interface) by extensions ['colcon_meta']
[0.749s] Level 1:colcon.colcon_core.package_identification:_identify(interface) by extension 'colcon_meta'
[0.749s] Level 1:colcon.colcon_core.package_identification:_identify(interface) by extensions ['ros']
[0.749s] Level 1:colcon.colcon_core.package_identification:_identify(interface) by extension 'ros'
[0.749s] Level 1:colcon.colcon_core.package_identification:_identify(interface) by extensions ['cmake', 'python']
[0.749s] Level 1:colcon.colcon_core.package_identification:_identify(interface) by extension 'cmake'
[0.749s] Level 1:colcon.colcon_core.package_identification:_identify(interface) by extension 'python'
[0.749s] Level 1:colcon.colcon_core.package_identification:_identify(interface) by extensions ['python_setup_py']
[0.749s] Level 1:colcon.colcon_core.package_identification:_identify(interface) by extension 'python_setup_py'
[0.749s] Level 1:colcon.colcon_core.package_identification:_identify(interface/css) by extensions ['ignore', 'ignore_ament_install']
[0.749s] Level 1:colcon.colcon_core.package_identification:_identify(interface/css) by extension 'ignore'
[0.750s] Level 1:colcon.colcon_core.package_identification:_identify(interface/css) by extension 'ignore_ament_install'
[0.750s] Level 1:colcon.colcon_core.package_identification:_identify(interface/css) by extensions ['colcon_pkg']
[0.750s] Level 1:colcon.colcon_core.package_identification:_identify(interface/css) by extension 'colcon_pkg'
[0.750s] Level 1:colcon.colcon_core.package_identification:_identify(interface/css) by extensions ['colcon_meta']
[0.750s] Level 1:colcon.colcon_core.package_identification:_identify(interface/css) by extension 'colcon_meta'
[0.750s] Level 1:colcon.colcon_core.package_identification:_identify(interface/css) by extensions ['ros']
[0.750s] Level 1:colcon.colcon_core.package_identification:_identify(interface/css) by extension 'ros'
[0.750s] Level 1:colcon.colcon_core.package_identification:_identify(interface/css) by extensions ['cmake', 'python']
[0.750s] Level 1:colcon.colcon_core.package_identification:_identify(interface/css) by extension 'cmake'
[0.750s] Level 1:colcon.colcon_core.package_identification:_identify(interface/css) by extension 'python'
[0.750s] Level 1:colcon.colcon_core.package_identification:_identify(interface/css) by extensions ['python_setup_py']
[0.750s] Level 1:colcon.colcon_core.package_identification:_identify(interface/css) by extension 'python_setup_py'
[0.750s] Level 1:colcon.colcon_core.package_identification:_identify(interface/jquery-ui-1.11.4) by extensions ['ignore', 'ignore_ament_install']
[0.750s] Level 1:colcon.colcon_core.package_identification:_identify(interface/jquery-ui-1.11.4) by extension 'ignore'
[0.750s] Level 1:colcon.colcon_core.package_identification:_identify(interface/jquery-ui-1.11.4) by extension 'ignore_ament_install'
[0.750s] Level 1:colcon.colcon_core.package_identification:_identify(interface/jquery-ui-1.11.4) by extensions ['colcon_pkg']
[0.750s] Level 1:colcon.colcon_core.package_identification:_identify(interface/jquery-ui-1.11.4) by extension 'colcon_pkg'
[0.750s] Level 1:colcon.colcon_core.package_identification:_identify(interface/jquery-ui-1.11.4) by extensions ['colcon_meta']
[0.750s] Level 1:colcon.colcon_core.package_identification:_identify(interface/jquery-ui-1.11.4) by extension 'colcon_meta'
[0.750s] Level 1:colcon.colcon_core.package_identification:_identify(interface/jquery-ui-1.11.4) by extensions ['ros']
[0.750s] Level 1:colcon.colcon_core.package_identification:_identify(interface/jquery-ui-1.11.4) by extension 'ros'
[0.750s] Level 1:colcon.colcon_core.package_identification:_identify(interface/jquery-ui-1.11.4) by extensions ['cmake', 'python']
[0.750s] Level 1:colcon.colcon_core.package_identification:_identify(interface/jquery-ui-1.11.4) by extension 'cmake'
[0.750s] Level 1:colcon.colcon_core.package_identification:_identify(interface/jquery-ui-1.11.4) by extension 'python'
[0.750s] Level 1:colcon.colcon_core.package_identification:_identify(interface/jquery-ui-1.11.4) by extensions ['python_setup_py']
[0.750s] Level 1:colcon.colcon_core.package_identification:_identify(interface/jquery-ui-1.11.4) by extension 'python_setup_py'
[0.750s] Level 1:colcon.colcon_core.package_identification:_identify(interface/jquery-ui-1.11.4/external) by extensions ['ignore', 'ignore_ament_install']
[0.750s] Level 1:colcon.colcon_core.package_identification:_identify(interface/jquery-ui-1.11.4/external) by extension 'ignore'
[0.750s] Level 1:colcon.colcon_core.package_identification:_identify(interface/jquery-ui-1.11.4/external) by extension 'ignore_ament_install'
[0.750s] Level 1:colcon.colcon_core.package_identification:_identify(interface/jquery-ui-1.11.4/external) by extensions ['colcon_pkg']
[0.750s] Level 1:colcon.colcon_core.package_identification:_identify(interface/jquery-ui-1.11.4/external) by extension 'colcon_pkg'
[0.750s] Level 1:colcon.colcon_core.package_identification:_identify(interface/jquery-ui-1.11.4/external) by extensions ['colcon_meta']
[0.750s] Level 1:colcon.colcon_core.package_identification:_identify(interface/jquery-ui-1.11.4/external) by extension 'colcon_meta'
[0.750s] Level 1:colcon.colcon_core.package_identification:_identify(interface/jquery-ui-1.11.4/external) by extensions ['ros']
[0.750s] Level 1:colcon.colcon_core.package_identification:_identify(interface/jquery-ui-1.11.4/external) by extension 'ros'
[0.750s] Level 1:colcon.colcon_core.package_identification:_identify(interface/jquery-ui-1.11.4/external) by extensions ['cmake', 'python']
[0.751s] Level 1:colcon.colcon_core.package_identification:_identify(interface/jquery-ui-1.11.4/external) by extension 'cmake'
[0.751s] Level 1:colcon.colcon_core.package_identification:_identify(interface/jquery-ui-1.11.4/external) by extension 'python'
[0.751s] Level 1:colcon.colcon_core.package_identification:_identify(interface/jquery-ui-1.11.4/external) by extensions ['python_setup_py']
[0.751s] Level 1:colcon.colcon_core.package_identification:_identify(interface/jquery-ui-1.11.4/external) by extension 'python_setup_py'
[0.751s] Level 1:colcon.colcon_core.package_identification:_identify(interface/jquery-ui-1.11.4/external/jquery) by extensions ['ignore', 'ignore_ament_install']
[0.751s] Level 1:colcon.colcon_core.package_identification:_identify(interface/jquery-ui-1.11.4/external/jquery) by extension 'ignore'
[0.751s] Level 1:colcon.colcon_core.package_identification:_identify(interface/jquery-ui-1.11.4/external/jquery) by extension 'ignore_ament_install'
[0.751s] Level 1:colcon.colcon_core.package_identification:_identify(interface/jquery-ui-1.11.4/external/jquery) by extensions ['colcon_pkg']
[0.751s] Level 1:colcon.colcon_core.package_identification:_identify(interface/jquery-ui-1.11.4/external/jquery) by extension 'colcon_pkg'
[0.751s] Level 1:colcon.colcon_core.package_identification:_identify(interface/jquery-ui-1.11.4/external/jquery) by extensions ['colcon_meta']
[0.751s] Level 1:colcon.colcon_core.package_identification:_identify(interface/jquery-ui-1.11.4/external/jquery) by extension 'colcon_meta'
[0.751s] Level 1:colcon.colcon_core.package_identification:_identify(interface/jquery-ui-1.11.4/external/jquery) by extensions ['ros']
[0.751s] Level 1:colcon.colcon_core.package_identification:_identify(interface/jquery-ui-1.11.4/external/jquery) by extension 'ros'
[0.751s] Level 1:colcon.colcon_core.package_identification:_identify(interface/jquery-ui-1.11.4/external/jquery) by extensions ['cmake', 'python']
[0.751s] Level 1:colcon.colcon_core.package_identification:_identify(interface/jquery-ui-1.11.4/external/jquery) by extension 'cmake'
[0.751s] Level 1:colcon.colcon_core.package_identification:_identify(interface/jquery-ui-1.11.4/external/jquery) by extension 'python'
[0.751s] Level 1:colcon.colcon_core.package_identification:_identify(interface/jquery-ui-1.11.4/external/jquery) by extensions ['python_setup_py']
[0.751s] Level 1:colcon.colcon_core.package_identification:_identify(interface/jquery-ui-1.11.4/external/jquery) by extension 'python_setup_py'
[0.751s] Level 1:colcon.colcon_core.package_identification:_identify(interface/jquery-ui-1.11.4/images) by extensions ['ignore', 'ignore_ament_install']
[0.751s] Level 1:colcon.colcon_core.package_identification:_identify(interface/jquery-ui-1.11.4/images) by extension 'ignore'
[0.751s] Level 1:colcon.colcon_core.package_identification:_identify(interface/jquery-ui-1.11.4/images) by extension 'ignore_ament_install'
[0.751s] Level 1:colcon.colcon_core.package_identification:_identify(interface/jquery-ui-1.11.4/images) by extensions ['colcon_pkg']
[0.751s] Level 1:colcon.colcon_core.package_identification:_identify(interface/jquery-ui-1.11.4/images) by extension 'colcon_pkg'
[0.751s] Level 1:colcon.colcon_core.package_identification:_identify(interface/jquery-ui-1.11.4/images) by extensions ['colcon_meta']
[0.751s] Level 1:colcon.colcon_core.package_identification:_identify(interface/jquery-ui-1.11.4/images) by extension 'colcon_meta'
[0.751s] Level 1:colcon.colcon_core.package_identification:_identify(interface/jquery-ui-1.11.4/images) by extensions ['ros']
[0.751s] Level 1:colcon.colcon_core.package_identification:_identify(interface/jquery-ui-1.11.4/images) by extension 'ros'
[0.751s] Level 1:colcon.colcon_core.package_identification:_identify(interface/jquery-ui-1.11.4/images) by extensions ['cmake', 'python']
[0.751s] Level 1:colcon.colcon_core.package_identification:_identify(interface/jquery-ui-1.11.4/images) by extension 'cmake'
[0.751s] Level 1:colcon.colcon_core.package_identification:_identify(interface/jquery-ui-1.11.4/images) by extension 'python'
[0.751s] Level 1:colcon.colcon_core.package_identification:_identify(interface/jquery-ui-1.11.4/images) by extensions ['python_setup_py']
[0.751s] Level 1:colcon.colcon_core.package_identification:_identify(interface/jquery-ui-1.11.4/images) by extension 'python_setup_py'
[0.751s] Level 1:colcon.colcon_core.package_identification:_identify(interface/js) by extensions ['ignore', 'ignore_ament_install']
[0.751s] Level 1:colcon.colcon_core.package_identification:_identify(interface/js) by extension 'ignore'
[0.751s] Level 1:colcon.colcon_core.package_identification:_identify(interface/js) by extension 'ignore_ament_install'
[0.752s] Level 1:colcon.colcon_core.package_identification:_identify(interface/js) by extensions ['colcon_pkg']
[0.752s] Level 1:colcon.colcon_core.package_identification:_identify(interface/js) by extension 'colcon_pkg'
[0.752s] Level 1:colcon.colcon_core.package_identification:_identify(interface/js) by extensions ['colcon_meta']
[0.752s] Level 1:colcon.colcon_core.package_identification:_identify(interface/js) by extension 'colcon_meta'
[0.752s] Level 1:colcon.colcon_core.package_identification:_identify(interface/js) by extensions ['ros']
[0.752s] Level 1:colcon.colcon_core.package_identification:_identify(interface/js) by extension 'ros'
[0.752s] Level 1:colcon.colcon_core.package_identification:_identify(interface/js) by extensions ['cmake', 'python']
[0.752s] Level 1:colcon.colcon_core.package_identification:_identify(interface/js) by extension 'cmake'
[0.752s] Level 1:colcon.colcon_core.package_identification:_identify(interface/js) by extension 'python'
[0.752s] Level 1:colcon.colcon_core.package_identification:_identify(interface/js) by extensions ['python_setup_py']
[0.752s] Level 1:colcon.colcon_core.package_identification:_identify(interface/js) by extension 'python_setup_py'
[0.752s] Level 1:colcon.colcon_core.package_identification:_identify(interface/js/roslib) by extensions ['ignore', 'ignore_ament_install']
[0.752s] Level 1:colcon.colcon_core.package_identification:_identify(interface/js/roslib) by extension 'ignore'
[0.752s] Level 1:colcon.colcon_core.package_identification:_identify(interface/js/roslib) by extension 'ignore_ament_install'
[0.752s] Level 1:colcon.colcon_core.package_identification:_identify(interface/js/roslib) by extensions ['colcon_pkg']
[0.752s] Level 1:colcon.colcon_core.package_identification:_identify(interface/js/roslib) by extension 'colcon_pkg'
[0.752s] Level 1:colcon.colcon_core.package_identification:_identify(interface/js/roslib) by extensions ['colcon_meta']
[0.752s] Level 1:colcon.colcon_core.package_identification:_identify(interface/js/roslib) by extension 'colcon_meta'
[0.752s] Level 1:colcon.colcon_core.package_identification:_identify(interface/js/roslib) by extensions ['ros']
[0.752s] Level 1:colcon.colcon_core.package_identification:_identify(interface/js/roslib) by extension 'ros'
[0.752s] Level 1:colcon.colcon_core.package_identification:_identify(interface/js/roslib) by extensions ['cmake', 'python']
[0.752s] Level 1:colcon.colcon_core.package_identification:_identify(interface/js/roslib) by extension 'cmake'
[0.752s] Level 1:colcon.colcon_core.package_identification:_identify(interface/js/roslib) by extension 'python'
[0.752s] Level 1:colcon.colcon_core.package_identification:_identify(interface/js/roslib) by extensions ['python_setup_py']
[0.752s] Level 1:colcon.colcon_core.package_identification:_identify(interface/js/roslib) by extension 'python_setup_py'
[0.752s] Level 1:colcon.colcon_core.package_identification:_identify(interface/picture) by extensions ['ignore', 'ignore_ament_install']
[0.752s] Level 1:colcon.colcon_core.package_identification:_identify(interface/picture) by extension 'ignore'
[0.752s] Level 1:colcon.colcon_core.package_identification:_identify(interface/picture) by extension 'ignore_ament_install'
[0.752s] Level 1:colcon.colcon_core.package_identification:_identify(interface/picture) by extensions ['colcon_pkg']
[0.752s] Level 1:colcon.colcon_core.package_identification:_identify(interface/picture) by extension 'colcon_pkg'
[0.752s] Level 1:colcon.colcon_core.package_identification:_identify(interface/picture) by extensions ['colcon_meta']
[0.752s] Level 1:colcon.colcon_core.package_identification:_identify(interface/picture) by extension 'colcon_meta'
[0.752s] Level 1:colcon.colcon_core.package_identification:_identify(interface/picture) by extensions ['ros']
[0.752s] Level 1:colcon.colcon_core.package_identification:_identify(interface/picture) by extension 'ros'
[0.752s] Level 1:colcon.colcon_core.package_identification:_identify(interface/picture) by extensions ['cmake', 'python']
[0.752s] Level 1:colcon.colcon_core.package_identification:_identify(interface/picture) by extension 'cmake'
[0.752s] Level 1:colcon.colcon_core.package_identification:_identify(interface/picture) by extension 'python'
[0.752s] Level 1:colcon.colcon_core.package_identification:_identify(interface/picture) by extensions ['python_setup_py']
[0.752s] Level 1:colcon.colcon_core.package_identification:_identify(interface/picture) by extension 'python_setup_py'
[0.753s] Level 1:colcon.colcon_core.package_identification:_identify(interface/resources) by extensions ['ignore', 'ignore_ament_install']
[0.753s] Level 1:colcon.colcon_core.package_identification:_identify(interface/resources) by extension 'ignore'
[0.753s] Level 1:colcon.colcon_core.package_identification:_identify(interface/resources) by extension 'ignore_ament_install'
[0.753s] Level 1:colcon.colcon_core.package_identification:_identify(interface/resources) by extensions ['colcon_pkg']
[0.753s] Level 1:colcon.colcon_core.package_identification:_identify(interface/resources) by extension 'colcon_pkg'
[0.753s] Level 1:colcon.colcon_core.package_identification:_identify(interface/resources) by extensions ['colcon_meta']
[0.753s] Level 1:colcon.colcon_core.package_identification:_identify(interface/resources) by extension 'colcon_meta'
[0.753s] Level 1:colcon.colcon_core.package_identification:_identify(interface/resources) by extensions ['ros']
[0.753s] Level 1:colcon.colcon_core.package_identification:_identify(interface/resources) by extension 'ros'
[0.753s] Level 1:colcon.colcon_core.package_identification:_identify(interface/resources) by extensions ['cmake', 'python']
[0.753s] Level 1:colcon.colcon_core.package_identification:_identify(interface/resources) by extension 'cmake'
[0.753s] Level 1:colcon.colcon_core.package_identification:_identify(interface/resources) by extension 'python'
[0.753s] Level 1:colcon.colcon_core.package_identification:_identify(interface/resources) by extensions ['python_setup_py']
[0.753s] Level 1:colcon.colcon_core.package_identification:_identify(interface/resources) by extension 'python_setup_py'
[0.753s] Level 1:colcon.colcon_core.package_identification:_identify(interface/resources/TKU_ICLab) by extensions ['ignore', 'ignore_ament_install']
[0.753s] Level 1:colcon.colcon_core.package_identification:_identify(interface/resources/TKU_ICLab) by extension 'ignore'
[0.753s] Level 1:colcon.colcon_core.package_identification:_identify(interface/resources/TKU_ICLab) by extension 'ignore_ament_install'
[0.753s] Level 1:colcon.colcon_core.package_identification:_identify(interface/resources/TKU_ICLab) by extensions ['colcon_pkg']
[0.753s] Level 1:colcon.colcon_core.package_identification:_identify(interface/resources/TKU_ICLab) by extension 'colcon_pkg'
[0.753s] Level 1:colcon.colcon_core.package_identification:_identify(interface/resources/TKU_ICLab) by extensions ['colcon_meta']
[0.753s] Level 1:colcon.colcon_core.package_identification:_identify(interface/resources/TKU_ICLab) by extension 'colcon_meta'
[0.753s] Level 1:colcon.colcon_core.package_identification:_identify(interface/resources/TKU_ICLab) by extensions ['ros']
[0.753s] Level 1:colcon.colcon_core.package_identification:_identify(interface/resources/TKU_ICLab) by extension 'ros'
[0.753s] Level 1:colcon.colcon_core.package_identification:_identify(interface/resources/TKU_ICLab) by extensions ['cmake', 'python']
[0.753s] Level 1:colcon.colcon_core.package_identification:_identify(interface/resources/TKU_ICLab) by extension 'cmake'
[0.753s] Level 1:colcon.colcon_core.package_identification:_identify(interface/resources/TKU_ICLab) by extension 'python'
[0.753s] Level 1:colcon.colcon_core.package_identification:_identify(interface/resources/TKU_ICLab) by extensions ['python_setup_py']
[0.753s] Level 1:colcon.colcon_core.package_identification:_identify(interface/resources/TKU_ICLab) by extension 'python_setup_py'
[0.753s] Level 1:colcon.colcon_core.package_identification:_identify(log) by extensions ['ignore', 'ignore_ament_install']
[0.753s] Level 1:colcon.colcon_core.package_identification:_identify(log) by extension 'ignore'
[0.753s] Level 1:colcon.colcon_core.package_identification:_identify(log) ignored
[0.753s] Level 1:colcon.colcon_core.package_identification:_identify(src) by extensions ['ignore', 'ignore_ament_install']
[0.754s] Level 1:colcon.colcon_core.package_identification:_identify(src) by extension 'ignore'
[0.754s] Level 1:colcon.colcon_core.package_identification:_identify(src) by extension 'ignore_ament_install'
[0.754s] Level 1:colcon.colcon_core.package_identification:_identify(src) by extensions ['colcon_pkg']
[0.754s] Level 1:colcon.colcon_core.package_identification:_identify(src) by extension 'colcon_pkg'
[0.754s] Level 1:colcon.colcon_core.package_identification:_identify(src) by extensions ['colcon_meta']
[0.754s] Level 1:colcon.colcon_core.package_identification:_identify(src) by extension 'colcon_meta'
[0.754s] Level 1:colcon.colcon_core.package_identification:_identify(src) by extensions ['ros']
[0.754s] Level 1:colcon.colcon_core.package_identification:_identify(src) by extension 'ros'
[0.754s] Level 1:colcon.colcon_core.package_identification:_identify(src) by extensions ['cmake', 'python']
[0.754s] Level 1:colcon.colcon_core.package_identification:_identify(src) by extension 'cmake'
[0.754s] Level 1:colcon.colcon_core.package_identification:_identify(src) by extension 'python'
[0.754s] Level 1:colcon.colcon_core.package_identification:_identify(src) by extensions ['python_setup_py']
[0.754s] Level 1:colcon.colcon_core.package_identification:_identify(src) by extension 'python_setup_py'
[0.754s] Level 1:colcon.colcon_core.package_identification:_identify(src/build) by extensions ['ignore', 'ignore_ament_install']
[0.754s] Level 1:colcon.colcon_core.package_identification:_identify(src/build) by extension 'ignore'
[0.754s] Level 1:colcon.colcon_core.package_identification:_identify(src/build) ignored
[0.754s] Level 1:colcon.colcon_core.package_identification:_identify(src/install) by extensions ['ignore', 'ignore_ament_install']
[0.754s] Level 1:colcon.colcon_core.package_identification:_identify(src/install) by extension 'ignore'
[0.754s] Level 1:colcon.colcon_core.package_identification:_identify(src/install) ignored
[0.754s] Level 1:colcon.colcon_core.package_identification:_identify(src/log) by extensions ['ignore', 'ignore_ament_install']
[0.754s] Level 1:colcon.colcon_core.package_identification:_identify(src/log) by extension 'ignore'
[0.754s] Level 1:colcon.colcon_core.package_identification:_identify(src/log) ignored
[0.754s] Level 1:colcon.colcon_core.package_identification:_identify(src/motionpackage) by extensions ['ignore', 'ignore_ament_install']
[0.754s] Level 1:colcon.colcon_core.package_identification:_identify(src/motionpackage) by extension 'ignore'
[0.754s] Level 1:colcon.colcon_core.package_identification:_identify(src/motionpackage) by extension 'ignore_ament_install'
[0.754s] Level 1:colcon.colcon_core.package_identification:_identify(src/motionpackage) by extensions ['colcon_pkg']
[0.754s] Level 1:colcon.colcon_core.package_identification:_identify(src/motionpackage) by extension 'colcon_pkg'
[0.754s] Level 1:colcon.colcon_core.package_identification:_identify(src/motionpackage) by extensions ['colcon_meta']
[0.754s] Level 1:colcon.colcon_core.package_identification:_identify(src/motionpackage) by extension 'colcon_meta'
[0.754s] Level 1:colcon.colcon_core.package_identification:_identify(src/motionpackage) by extensions ['ros']
[0.754s] Level 1:colcon.colcon_core.package_identification:_identify(src/motionpackage) by extension 'ros'
[0.756s] DEBUG:colcon.colcon_core.package_identification:Package 'src/motionpackage' with type 'ros.ament_python' and name 'motionpackage'
[0.756s] Level 1:colcon.colcon_core.package_identification:_identify(src/tku_libs) by extensions ['ignore', 'ignore_ament_install']
[0.756s] Level 1:colcon.colcon_core.package_identification:_identify(src/tku_libs) by extension 'ignore'
[0.756s] Level 1:colcon.colcon_core.package_identification:_identify(src/tku_libs) by extension 'ignore_ament_install'
[0.756s] Level 1:colcon.colcon_core.package_identification:_identify(src/tku_libs) by extensions ['colcon_pkg']
[0.756s] Level 1:colcon.colcon_core.package_identification:_identify(src/tku_libs) by extension 'colcon_pkg'
[0.756s] Level 1:colcon.colcon_core.package_identification:_identify(src/tku_libs) by extensions ['colcon_meta']
[0.756s] Level 1:colcon.colcon_core.package_identification:_identify(src/tku_libs) by extension 'colcon_meta'
[0.756s] Level 1:colcon.colcon_core.package_identification:_identify(src/tku_libs) by extensions ['ros']
[0.756s] Level 1:colcon.colcon_core.package_identification:_identify(src/tku_libs) by extension 'ros'
[0.756s] DEBUG:colcon.colcon_core.package_identification:Package 'src/tku_libs' with type 'ros.ament_python' and name 'tku_libs'
[0.757s] Level 1:colcon.colcon_core.package_identification:_identify(src/tku_msgs) by extensions ['ignore', 'ignore_ament_install']
[0.757s] Level 1:colcon.colcon_core.package_identification:_identify(src/tku_msgs) by extension 'ignore'
[0.757s] Level 1:colcon.colcon_core.package_identification:_identify(src/tku_msgs) by extension 'ignore_ament_install'
[0.757s] Level 1:colcon.colcon_core.package_identification:_identify(src/tku_msgs) by extensions ['colcon_pkg']
[0.757s] Level 1:colcon.colcon_core.package_identification:_identify(src/tku_msgs) by extension 'colcon_pkg'
[0.757s] Level 1:colcon.colcon_core.package_identification:_identify(src/tku_msgs) by extensions ['colcon_meta']
[0.757s] Level 1:colcon.colcon_core.package_identification:_identify(src/tku_msgs) by extension 'colcon_meta'
[0.757s] Level 1:colcon.colcon_core.package_identification:_identify(src/tku_msgs) by extensions ['ros']
[0.757s] Level 1:colcon.colcon_core.package_identification:_identify(src/tku_msgs) by extension 'ros'
[0.757s] DEBUG:colcon.colcon_core.package_identification:Package 'src/tku_msgs' with type 'ros.ament_cmake' and name 'tku_msgs'
[0.757s] Level 1:colcon.colcon_core.package_identification:_identify(src/usb_cam) by extensions ['ignore', 'ignore_ament_install']
[0.757s] Level 1:colcon.colcon_core.package_identification:_identify(src/usb_cam) by extension 'ignore'
[0.757s] Level 1:colcon.colcon_core.package_identification:_identify(src/usb_cam) by extension 'ignore_ament_install'
[0.757s] Level 1:colcon.colcon_core.package_identification:_identify(src/usb_cam) by extensions ['colcon_pkg']
[0.757s] Level 1:colcon.colcon_core.package_identification:_identify(src/usb_cam) by extension 'colcon_pkg'
[0.757s] Level 1:colcon.colcon_core.package_identification:_identify(src/usb_cam) by extensions ['colcon_meta']
[0.757s] Level 1:colcon.colcon_core.package_identification:_identify(src/usb_cam) by extension 'colcon_meta'
[0.757s] Level 1:colcon.colcon_core.package_identification:_identify(src/usb_cam) by extensions ['ros']
[0.757s] Level 1:colcon.colcon_core.package_identification:_identify(src/usb_cam) by extension 'ros'
[0.758s] DEBUG:colcon.colcon_core.package_identification:Package 'src/usb_cam' with type 'ros.ament_cmake' and name 'usb_cam'
[0.758s] Level 1:colcon.colcon_core.package_identification:_identify(src/web_video_server) by extensions ['ignore', 'ignore_ament_install']
[0.758s] Level 1:colcon.colcon_core.package_identification:_identify(src/web_video_server) by extension 'ignore'
[0.759s] Level 1:colcon.colcon_core.package_identification:_identify(src/web_video_server) by extension 'ignore_ament_install'
[0.759s] Level 1:colcon.colcon_core.package_identification:_identify(src/web_video_server) by extensions ['colcon_pkg']
[0.759s] Level 1:colcon.colcon_core.package_identification:_identify(src/web_video_server) by extension 'colcon_pkg'
[0.759s] Level 1:colcon.colcon_core.package_identification:_identify(src/web_video_server) by extensions ['colcon_meta']
[0.759s] Level 1:colcon.colcon_core.package_identification:_identify(src/web_video_server) by extension 'colcon_meta'
[0.759s] Level 1:colcon.colcon_core.package_identification:_identify(src/web_video_server) by extensions ['ros']
[0.759s] Level 1:colcon.colcon_core.package_identification:_identify(src/web_video_server) by extension 'ros'
[0.759s] DEBUG:colcon.colcon_core.package_identification:Package 'src/web_video_server' with type 'ros.ament_cmake' and name 'web_video_server'
[0.759s] Level 1:colcon.colcon_core.package_discovery:discover_packages(recursive) using defaults
[0.759s] Level 1:colcon.colcon_core.package_discovery:discover_packages(ignore) discover
[0.759s] Level 1:colcon.colcon_core.package_discovery:discover_packages(ignore) using defaults
[0.759s] Level 1:colcon.colcon_core.package_discovery:discover_packages(path) discover
[0.759s] Level 1:colcon.colcon_core.package_discovery:discover_packages(path) using defaults
[0.835s] Level 1:colcon.colcon_core.package_discovery:discover_packages(prefix_path) check parameters
[0.835s] Level 1:colcon.colcon_core.package_discovery:discover_packages(prefix_path) discover
[0.855s] DEBUG:colcon.colcon_installed_package_information.package_discovery:Found 6 installed packages in /home/iclab/Desktop/ros2/install
[0.866s] DEBUG:colcon.colcon_installed_package_information.package_discovery:Found 329 installed packages in /opt/ros/humble
[0.867s] Level 1:colcon.colcon_core.package_discovery:discover_packages(prefix_path) using defaults
[0.938s] Level 5:colcon.colcon_core.verb:set package 'motionpackage' build argument 'cmake_args' from command line to 'None'
[0.938s] Level 5:colcon.colcon_core.verb:set package 'motionpackage' build argument 'cmake_target' from command line to 'None'
[0.938s] Level 5:colcon.colcon_core.verb:set package 'motionpackage' build argument 'cmake_target_skip_unavailable' from command line to 'False'
[0.938s] Level 5:colcon.colcon_core.verb:set package 'motionpackage' build argument 'cmake_clean_cache' from command line to 'False'
[0.938s] Level 5:colcon.colcon_core.verb:set package 'motionpackage' build argument 'cmake_clean_first' from command line to 'False'
[0.938s] Level 5:colcon.colcon_core.verb:set package 'motionpackage' build argument 'cmake_force_configure' from command line to 'False'
[0.938s] Level 5:colcon.colcon_core.verb:set package 'motionpackage' build argument 'ament_cmake_args' from command line to 'None'
[0.938s] Level 5:colcon.colcon_core.verb:set package 'motionpackage' build argument 'catkin_cmake_args' from command line to 'None'
[0.938s] Level 5:colcon.colcon_core.verb:set package 'motionpackage' build argument 'catkin_skip_building_tests' from command line to 'False'
[0.938s] DEBUG:colcon.colcon_core.verb:Building package 'motionpackage' with the following arguments: {'ament_cmake_args': None, 'build_base': '/home/iclab/Desktop/ros2/build/motionpackage', 'catkin_cmake_args': None, 'catkin_skip_building_tests': False, 'cmake_args': None, 'cmake_clean_cache': False, 'cmake_clean_first': False, 'cmake_force_configure': False, 'cmake_target': None, 'cmake_target_skip_unavailable': False, 'install_base': '/home/iclab/Desktop/ros2/install/motionpackage', 'merge_install': False, 'path': '/home/iclab/Desktop/ros2/src/motionpackage', 'symlink_install': False, 'test_result_base': None}
[0.949s] Level 5:colcon.colcon_core.verb:set package 'tku_msgs' build argument 'cmake_args' from command line to 'None'
[0.949s] Level 5:colcon.colcon_core.verb:set package 'tku_msgs' build argument 'cmake_target' from command line to 'None'
[0.949s] Level 5:colcon.colcon_core.verb:set package 'tku_msgs' build argument 'cmake_target_skip_unavailable' from command line to 'False'
[0.949s] Level 5:colcon.colcon_core.verb:set package 'tku_msgs' build argument 'cmake_clean_cache' from command line to 'False'
[0.949s] Level 5:colcon.colcon_core.verb:set package 'tku_msgs' build argument 'cmake_clean_first' from command line to 'False'
[0.949s] Level 5:colcon.colcon_core.verb:set package 'tku_msgs' build argument 'cmake_force_configure' from command line to 'False'
[0.949s] Level 5:colcon.colcon_core.verb:set package 'tku_msgs' build argument 'ament_cmake_args' from command line to 'None'
[0.949s] Level 5:colcon.colcon_core.verb:set package 'tku_msgs' build argument 'catkin_cmake_args' from command line to 'None'
[0.949s] Level 5:colcon.colcon_core.verb:set package 'tku_msgs' build argument 'catkin_skip_building_tests' from command line to 'False'
[0.949s] DEBUG:colcon.colcon_core.verb:Building package 'tku_msgs' with the following arguments: {'ament_cmake_args': None, 'build_base': '/home/iclab/Desktop/ros2/build/tku_msgs', 'catkin_cmake_args': None, 'catkin_skip_building_tests': False, 'cmake_args': None, 'cmake_clean_cache': False, 'cmake_clean_first': False, 'cmake_force_configure': False, 'cmake_target': None, 'cmake_target_skip_unavailable': False, 'install_base': '/home/iclab/Desktop/ros2/install/tku_msgs', 'merge_install': False, 'path': '/home/iclab/Desktop/ros2/src/tku_msgs', 'symlink_install': False, 'test_result_base': None}
[0.959s] Level 5:colcon.colcon_core.verb:set package 'web_video_server' build argument 'cmake_args' from command line to 'None'
[0.959s] Level 5:colcon.colcon_core.verb:set package 'web_video_server' build argument 'cmake_target' from command line to 'None'
[0.959s] Level 5:colcon.colcon_core.verb:set package 'web_video_server' build argument 'cmake_target_skip_unavailable' from command line to 'False'
[0.959s] Level 5:colcon.colcon_core.verb:set package 'web_video_server' build argument 'cmake_clean_cache' from command line to 'False'
[0.959s] Level 5:colcon.colcon_core.verb:set package 'web_video_server' build argument 'cmake_clean_first' from command line to 'False'
[0.959s] Level 5:colcon.colcon_core.verb:set package 'web_video_server' build argument 'cmake_force_configure' from command line to 'False'
[0.959s] Level 5:colcon.colcon_core.verb:set package 'web_video_server' build argument 'ament_cmake_args' from command line to 'None'
[0.959s] Level 5:colcon.colcon_core.verb:set package 'web_video_server' build argument 'catkin_cmake_args' from command line to 'None'
[0.959s] Level 5:colcon.colcon_core.verb:set package 'web_video_server' build argument 'catkin_skip_building_tests' from command line to 'False'
[0.959s] DEBUG:colcon.colcon_core.verb:Building package 'web_video_server' with the following arguments: {'ament_cmake_args': None, 'build_base': '/home/iclab/Desktop/ros2/build/web_video_server', 'catkin_cmake_args': None, 'catkin_skip_building_tests': False, 'cmake_args': None, 'cmake_clean_cache': False, 'cmake_clean_first': False, 'cmake_force_configure': False, 'cmake_target': None, 'cmake_target_skip_unavailable': False, 'install_base': '/home/iclab/Desktop/ros2/install/web_video_server', 'merge_install': False, 'path': '/home/iclab/Desktop/ros2/src/web_video_server', 'symlink_install': False, 'test_result_base': None}
[0.969s] Level 5:colcon.colcon_core.verb:set package 'tku_libs' build argument 'cmake_args' from command line to 'None'
[0.969s] Level 5:colcon.colcon_core.verb:set package 'tku_libs' build argument 'cmake_target' from command line to 'None'
[0.969s] Level 5:colcon.colcon_core.verb:set package 'tku_libs' build argument 'cmake_target_skip_unavailable' from command line to 'False'
[0.969s] Level 5:colcon.colcon_core.verb:set package 'tku_libs' build argument 'cmake_clean_cache' from command line to 'False'
[0.969s] Level 5:colcon.colcon_core.verb:set package 'tku_libs' build argument 'cmake_clean_first' from command line to 'False'
[0.969s] Level 5:colcon.colcon_core.verb:set package 'tku_libs' build argument 'cmake_force_configure' from command line to 'False'
[0.969s] Level 5:colcon.colcon_core.verb:set package 'tku_libs' build argument 'ament_cmake_args' from command line to 'None'
[0.969s] Level 5:colcon.colcon_core.verb:set package 'tku_libs' build argument 'catkin_cmake_args' from command line to 'None'
[0.969s] Level 5:colcon.colcon_core.verb:set package 'tku_libs' build argument 'catkin_skip_building_tests' from command line to 'False'
[0.969s] DEBUG:colcon.colcon_core.verb:Building package 'tku_libs' with the following arguments: {'ament_cmake_args': None, 'build_base': '/home/iclab/Desktop/ros2/build/tku_libs', 'catkin_cmake_args': None, 'catkin_skip_building_tests': False, 'cmake_args': None, 'cmake_clean_cache': False, 'cmake_clean_first': False, 'cmake_force_configure': False, 'cmake_target': None, 'cmake_target_skip_unavailable': False, 'install_base': '/home/iclab/Desktop/ros2/install/tku_libs', 'merge_install': False, 'path': '/home/iclab/Desktop/ros2/src/tku_libs', 'symlink_install': False, 'test_result_base': None}
[0.980s] Level 5:colcon.colcon_core.verb:set package 'usb_cam' build argument 'cmake_args' from command line to 'None'
[0.980s] Level 5:colcon.colcon_core.verb:set package 'usb_cam' build argument 'cmake_target' from command line to 'None'
[0.980s] Level 5:colcon.colcon_core.verb:set package 'usb_cam' build argument 'cmake_target_skip_unavailable' from command line to 'False'
[0.980s] Level 5:colcon.colcon_core.verb:set package 'usb_cam' build argument 'cmake_clean_cache' from command line to 'False'
[0.980s] Level 5:colcon.colcon_core.verb:set package 'usb_cam' build argument 'cmake_clean_first' from command line to 'False'
[0.980s] Level 5:colcon.colcon_core.verb:set package 'usb_cam' build argument 'cmake_force_configure' from command line to 'False'
[0.980s] Level 5:colcon.colcon_core.verb:set package 'usb_cam' build argument 'ament_cmake_args' from command line to 'None'
[0.980s] Level 5:colcon.colcon_core.verb:set package 'usb_cam' build argument 'catkin_cmake_args' from command line to 'None'
[0.980s] Level 5:colcon.colcon_core.verb:set package 'usb_cam' build argument 'catkin_skip_building_tests' from command line to 'False'
[0.980s] DEBUG:colcon.colcon_core.verb:Building package 'usb_cam' with the following arguments: {'ament_cmake_args': None, 'build_base': '/home/iclab/Desktop/ros2/build/usb_cam', 'catkin_cmake_args': None, 'catkin_skip_building_tests': False, 'cmake_args': None, 'cmake_clean_cache': False, 'cmake_clean_first': False, 'cmake_force_configure': False, 'cmake_target': None, 'cmake_target_skip_unavailable': False, 'install_base': '/home/iclab/Desktop/ros2/install/usb_cam', 'merge_install': False, 'path': '/home/iclab/Desktop/ros2/src/usb_cam', 'symlink_install': False, 'test_result_base': None}
[0.990s] INFO:colcon.colcon_core.executor:Executing jobs using 'parallel' executor
[1.001s] DEBUG:colcon.colcon_parallel_executor.executor.parallel:run_until_complete
[1.002s] INFO:colcon.colcon_ros.task.ament_cmake.build:Building ROS package in '/home/iclab/Desktop/ros2/src/tku_msgs' with build type 'ament_cmake'
[1.002s] INFO:colcon.colcon_cmake.task.cmake.build:Building CMake package in '/home/iclab/Desktop/ros2/src/tku_msgs'
[1.013s] INFO:colcon.colcon_core.plugin_system:Skipping extension 'colcon_core.shell.bat': Not used on non-Windows systems
[1.013s] INFO:colcon.colcon_core.shell:Skip shell extension 'powershell' for command environment: Not usable outside of PowerShell
[1.013s] DEBUG:colcon.colcon_core.shell:Skip shell extension 'dsv' for command environment
[1.047s] INFO:colcon.colcon_ros.task.ament_python.build:Building ROS package in '/home/iclab/Desktop/ros2/src/motionpackage' with build type 'ament_python'
[1.047s] Level 1:colcon.colcon_core.shell:create_environment_hook('motionpackage', 'ament_prefix_path')
[1.057s] INFO:colcon.colcon_core.shell:Creating environment hook '/home/iclab/Desktop/ros2/install/motionpackage/share/motionpackage/hook/ament_prefix_path.ps1'
[1.058s] INFO:colcon.colcon_core.shell:Creating environment descriptor '/home/iclab/Desktop/ros2/install/motionpackage/share/motionpackage/hook/ament_prefix_path.dsv'
[1.058s] INFO:colcon.colcon_core.shell:Creating environment hook '/home/iclab/Desktop/ros2/install/motionpackage/share/motionpackage/hook/ament_prefix_path.sh'
[1.070s] INFO:colcon.colcon_core.shell:Skip shell extension 'powershell' for command environment: Not usable outside of PowerShell
[1.070s] DEBUG:colcon.colcon_core.shell:Skip shell extension 'dsv' for command environment
[1.102s] INFO:colcon.colcon_ros.task.ament_cmake.build:Building ROS package in '/home/iclab/Desktop/ros2/src/web_video_server' with build type 'ament_cmake'
[1.102s] INFO:colcon.colcon_cmake.task.cmake.build:Building CMake package in '/home/iclab/Desktop/ros2/src/web_video_server'
[1.112s] INFO:colcon.colcon_core.shell:Skip shell extension 'powershell' for command environment: Not usable outside of PowerShell
[1.112s] DEBUG:colcon.colcon_core.shell:Skip shell extension 'dsv' for command environment
[1.148s] DEBUG:colcon.colcon_core.event_handler.log_command:Invoking command in '/home/iclab/Desktop/ros2/build/tku_msgs': CMAKE_PREFIX_PATH=${CMAKE_PREFIX_PATH}:/home/iclab/Desktop/ros2/install/tku_libs:/home/iclab/Desktop/ros2/install/motionpackage:/opt/ros/humble /usr/bin/cmake --build /home/iclab/Desktop/ros2/build/tku_msgs -- -j8 -l8
[1.443s] INFO:colcon.colcon_core.task.python.build:Building Python package in '/home/iclab/Desktop/ros2/src/motionpackage'
[1.464s] INFO:colcon.colcon_core.shell:Skip shell extension 'powershell' for command environment: Not usable outside of PowerShell
[1.464s] DEBUG:colcon.colcon_core.shell:Skip shell extension 'dsv' for command environment
[1.524s] DEBUG:colcon.colcon_core.event_handler.log_command:Invoking command in '/home/iclab/Desktop/ros2/build/web_video_server': CMAKE_PREFIX_PATH=${CMAKE_PREFIX_PATH}:/home/iclab/Desktop/ros2/install/tku_libs:/home/iclab/Desktop/ros2/install/motionpackage:/opt/ros/humble /usr/bin/cmake --build /home/iclab/Desktop/ros2/build/web_video_server -- -j8 -l8
[1.550s] DEBUG:colcon.colcon_core.event_handler.log_command:Invoked command in '/home/iclab/Desktop/ros2/build/tku_msgs' returned '0': CMAKE_PREFIX_PATH=${CMAKE_PREFIX_PATH}:/home/iclab/Desktop/ros2/install/tku_libs:/home/iclab/Desktop/ros2/install/motionpackage:/opt/ros/humble /usr/bin/cmake --build /home/iclab/Desktop/ros2/build/tku_msgs -- -j8 -l8
[1.618s] DEBUG:colcon.colcon_core.event_handler.log_command:Invoked command in '/home/iclab/Desktop/ros2/build/web_video_server' returned '0': CMAKE_PREFIX_PATH=${CMAKE_PREFIX_PATH}:/home/iclab/Desktop/ros2/install/tku_libs:/home/iclab/Desktop/ros2/install/motionpackage:/opt/ros/humble /usr/bin/cmake --build /home/iclab/Desktop/ros2/build/web_video_server -- -j8 -l8
[1.664s] DEBUG:colcon.colcon_core.event_handler.log_command:Invoking command in '/home/iclab/Desktop/ros2/build/web_video_server': CMAKE_PREFIX_PATH=${CMAKE_PREFIX_PATH}:/home/iclab/Desktop/ros2/install/tku_libs:/home/iclab/Desktop/ros2/install/motionpackage:/opt/ros/humble /usr/bin/cmake --install /home/iclab/Desktop/ros2/build/web_video_server
[1.673s] Level 1:colcon.colcon_core.environment:create_environment_scripts_only(web_video_server)
[1.675s] DEBUG:colcon.colcon_core.event_handler.log_command:Invoked command in '/home/iclab/Desktop/ros2/build/web_video_server' returned '0': CMAKE_PREFIX_PATH=${CMAKE_PREFIX_PATH}:/home/iclab/Desktop/ros2/install/tku_libs:/home/iclab/Desktop/ros2/install/motionpackage:/opt/ros/humble /usr/bin/cmake --install /home/iclab/Desktop/ros2/build/web_video_server
[1.696s] Level 1:colcon.colcon_core.environment:checking '/home/iclab/Desktop/ros2/install/web_video_server' for CMake module files
[1.696s] Level 1:colcon.colcon_core.environment:checking '/home/iclab/Desktop/ros2/install/web_video_server' for CMake config files
[1.696s] Level 1:colcon.colcon_core.shell:create_environment_hook('web_video_server', 'cmake_prefix_path')
[1.716s] INFO:colcon.colcon_core.shell:Creating environment hook '/home/iclab/Desktop/ros2/install/web_video_server/share/web_video_server/hook/cmake_prefix_path.ps1'
[1.717s] INFO:colcon.colcon_core.shell:Creating environment descriptor '/home/iclab/Desktop/ros2/install/web_video_server/share/web_video_server/hook/cmake_prefix_path.dsv'
[1.717s] INFO:colcon.colcon_core.shell:Creating environment hook '/home/iclab/Desktop/ros2/install/web_video_server/share/web_video_server/hook/cmake_prefix_path.sh'
[1.718s] Level 1:colcon.colcon_core.environment:checking '/home/iclab/Desktop/ros2/install/web_video_server/lib'
[1.718s] Level 1:colcon.colcon_core.environment:checking '/home/iclab/Desktop/ros2/install/web_video_server/bin'
[1.718s] Level 1:colcon.colcon_core.environment:checking '/home/iclab/Desktop/ros2/install/web_video_server/lib/pkgconfig/web_video_server.pc'
[1.718s] Level 1:colcon.colcon_core.environment:checking '/home/iclab/Desktop/ros2/install/web_video_server/lib/python3.10/site-packages'
[1.718s] Level 1:colcon.colcon_core.environment:checking '/home/iclab/Desktop/ros2/install/web_video_server/bin'
[1.740s] INFO:colcon.colcon_core.shell:Creating package script '/home/iclab/Desktop/ros2/install/web_video_server/share/web_video_server/package.ps1'
[1.741s] INFO:colcon.colcon_core.shell:Creating package descriptor '/home/iclab/Desktop/ros2/install/web_video_server/share/web_video_server/package.dsv'
[1.742s] INFO:colcon.colcon_core.shell:Creating package script '/home/iclab/Desktop/ros2/install/web_video_server/share/web_video_server/package.sh'
[1.743s] INFO:colcon.colcon_core.shell:Creating package script '/home/iclab/Desktop/ros2/install/web_video_server/share/web_video_server/package.bash'
[1.743s] INFO:colcon.colcon_core.shell:Creating package script '/home/iclab/Desktop/ros2/install/web_video_server/share/web_video_server/package.zsh'
[1.744s] Level 1:colcon.colcon_core.environment:create_file_with_runtime_dependencies(/home/iclab/Desktop/ros2/install/web_video_server/share/colcon-core/packages/web_video_server)
[1.795s] Level 1:colcon.colcon_core.environment:create_environment_scripts_only(web_video_server)
[1.807s] Level 1:colcon.colcon_core.environment:checking '/home/iclab/Desktop/ros2/install/web_video_server' for CMake module files
[1.808s] Level 1:colcon.colcon_core.environment:checking '/home/iclab/Desktop/ros2/install/web_video_server' for CMake config files
[1.808s] Level 1:colcon.colcon_core.shell:create_environment_hook('web_video_server', 'cmake_prefix_path')
[1.826s] INFO:colcon.colcon_core.shell:Creating environment hook '/home/iclab/Desktop/ros2/install/web_video_server/share/web_video_server/hook/cmake_prefix_path.ps1'
[1.827s] INFO:colcon.colcon_core.shell:Creating environment descriptor '/home/iclab/Desktop/ros2/install/web_video_server/share/web_video_server/hook/cmake_prefix_path.dsv'
[1.827s] INFO:colcon.colcon_core.shell:Creating environment hook '/home/iclab/Desktop/ros2/install/web_video_server/share/web_video_server/hook/cmake_prefix_path.sh'
[1.827s] Level 1:colcon.colcon_core.environment:checking '/home/iclab/Desktop/ros2/install/web_video_server/lib'
[1.828s] Level 1:colcon.colcon_core.environment:checking '/home/iclab/Desktop/ros2/install/web_video_server/bin'
[1.828s] Level 1:colcon.colcon_core.environment:checking '/home/iclab/Desktop/ros2/install/web_video_server/lib/pkgconfig/web_video_server.pc'
[1.828s] Level 1:colcon.colcon_core.environment:checking '/home/iclab/Desktop/ros2/install/web_video_server/lib/python3.10/site-packages'
[1.828s] Level 1:colcon.colcon_core.environment:checking '/home/iclab/Desktop/ros2/install/web_video_server/bin'
[1.840s] INFO:colcon.colcon_core.shell:Creating package script '/home/iclab/Desktop/ros2/install/web_video_server/share/web_video_server/package.ps1'
[1.841s] INFO:colcon.colcon_core.shell:Creating package descriptor '/home/iclab/Desktop/ros2/install/web_video_server/share/web_video_server/package.dsv'
[1.841s] INFO:colcon.colcon_core.shell:Creating package script '/home/iclab/Desktop/ros2/install/web_video_server/share/web_video_server/package.sh'
[1.842s] INFO:colcon.colcon_core.shell:Creating package script '/home/iclab/Desktop/ros2/install/web_video_server/share/web_video_server/package.bash'
[1.842s] INFO:colcon.colcon_core.shell:Creating package script '/home/iclab/Desktop/ros2/install/web_video_server/share/web_video_server/package.zsh'
[1.842s] Level 1:colcon.colcon_core.environment:create_file_with_runtime_dependencies(/home/iclab/Desktop/ros2/install/web_video_server/share/colcon-core/packages/web_video_server)
[1.908s] DEBUG:colcon.colcon_core.event_handler.log_command:Invoking command in '/home/iclab/Desktop/ros2/src/motionpackage': PYTHONPATH=/home/iclab/Desktop/ros2/build/motionpackage/prefix_override:/home/iclab/Desktop/ros2/install/motionpackage/lib/python3.10/site-packages:${PYTHONPATH} /usr/bin/python3 setup.py egg_info --egg-base ../../build/motionpackage build --build-base /home/iclab/Desktop/ros2/build/motionpackage/build install --record /home/iclab/Desktop/ros2/build/motionpackage/install.log --single-version-externally-managed
[1.927s] DEBUG:colcon.colcon_core.event_handler.log_command:Invoking command in '/home/iclab/Desktop/ros2/build/tku_msgs': CMAKE_PREFIX_PATH=${CMAKE_PREFIX_PATH}:/home/iclab/Desktop/ros2/install/tku_libs:/home/iclab/Desktop/ros2/install/motionpackage:/opt/ros/humble /usr/bin/cmake --install /home/iclab/Desktop/ros2/build/tku_msgs
[2.008s] Level 1:colcon.colcon_core.environment:create_environment_scripts_only(tku_msgs)
[2.008s] DEBUG:colcon.colcon_core.event_handler.log_command:Invoked command in '/home/iclab/Desktop/ros2/build/tku_msgs' returned '0': CMAKE_PREFIX_PATH=${CMAKE_PREFIX_PATH}:/home/iclab/Desktop/ros2/install/tku_libs:/home/iclab/Desktop/ros2/install/motionpackage:/opt/ros/humble /usr/bin/cmake --install /home/iclab/Desktop/ros2/build/tku_msgs
[2.022s] Level 1:colcon.colcon_core.environment:checking '/home/iclab/Desktop/ros2/install/tku_msgs' for CMake module files
[2.024s] Level 1:colcon.colcon_core.environment:checking '/home/iclab/Desktop/ros2/install/tku_msgs' for CMake config files
[2.024s] Level 1:colcon.colcon_core.shell:create_environment_hook('tku_msgs', 'cmake_prefix_path')
[2.037s] INFO:colcon.colcon_core.shell:Creating environment hook '/home/iclab/Desktop/ros2/install/tku_msgs/share/tku_msgs/hook/cmake_prefix_path.ps1'
[2.037s] INFO:colcon.colcon_core.shell:Creating environment descriptor '/home/iclab/Desktop/ros2/install/tku_msgs/share/tku_msgs/hook/cmake_prefix_path.dsv'
[2.038s] INFO:colcon.colcon_core.shell:Creating environment hook '/home/iclab/Desktop/ros2/install/tku_msgs/share/tku_msgs/hook/cmake_prefix_path.sh'
[2.038s] Level 1:colcon.colcon_core.environment:checking '/home/iclab/Desktop/ros2/install/tku_msgs/lib'
[2.038s] Level 1:colcon.colcon_core.shell:create_environment_hook('tku_msgs', 'ld_library_path_lib')
[2.050s] INFO:colcon.colcon_core.shell:Creating environment hook '/home/iclab/Desktop/ros2/install/tku_msgs/share/tku_msgs/hook/ld_library_path_lib.ps1'
[2.050s] INFO:colcon.colcon_core.shell:Creating environment descriptor '/home/iclab/Desktop/ros2/install/tku_msgs/share/tku_msgs/hook/ld_library_path_lib.dsv'
[2.050s] INFO:colcon.colcon_core.shell:Creating environment hook '/home/iclab/Desktop/ros2/install/tku_msgs/share/tku_msgs/hook/ld_library_path_lib.sh'
[2.051s] Level 1:colcon.colcon_core.environment:checking '/home/iclab/Desktop/ros2/install/tku_msgs/bin'
[2.051s] Level 1:colcon.colcon_core.environment:checking '/home/iclab/Desktop/ros2/install/tku_msgs/lib/pkgconfig/tku_msgs.pc'
[2.051s] Level 1:colcon.colcon_core.environment:checking '/home/iclab/Desktop/ros2/install/tku_msgs/lib/python3.10/site-packages'
[2.051s] Level 1:colcon.colcon_core.environment:checking '/home/iclab/Desktop/ros2/install/tku_msgs/bin'
[2.065s] INFO:colcon.colcon_core.shell:Creating package script '/home/iclab/Desktop/ros2/install/tku_msgs/share/tku_msgs/package.ps1'
[2.066s] INFO:colcon.colcon_core.shell:Creating package descriptor '/home/iclab/Desktop/ros2/install/tku_msgs/share/tku_msgs/package.dsv'
[2.066s] INFO:colcon.colcon_core.shell:Creating package script '/home/iclab/Desktop/ros2/install/tku_msgs/share/tku_msgs/package.sh'
[2.067s] INFO:colcon.colcon_core.shell:Creating package script '/home/iclab/Desktop/ros2/install/tku_msgs/share/tku_msgs/package.bash'
[2.067s] INFO:colcon.colcon_core.shell:Creating package script '/home/iclab/Desktop/ros2/install/tku_msgs/share/tku_msgs/package.zsh'
[2.067s] Level 1:colcon.colcon_core.environment:create_file_with_runtime_dependencies(/home/iclab/Desktop/ros2/install/tku_msgs/share/colcon-core/packages/tku_msgs)
[2.205s] DEBUG:colcon.colcon_core.event_handler.log_command:Invoked command in '/home/iclab/Desktop/ros2/src/motionpackage' returned '0': PYTHONPATH=/home/iclab/Desktop/ros2/build/motionpackage/prefix_override:/home/iclab/Desktop/ros2/install/motionpackage/lib/python3.10/site-packages:${PYTHONPATH} /usr/bin/python3 setup.py egg_info --egg-base ../../build/motionpackage build --build-base /home/iclab/Desktop/ros2/build/motionpackage/build install --record /home/iclab/Desktop/ros2/build/motionpackage/install.log --single-version-externally-managed
[2.217s] Level 1:colcon.colcon_core.environment:checking '/home/iclab/Desktop/ros2/install/motionpackage' for CMake module files
[2.217s] Level 1:colcon.colcon_core.environment:checking '/home/iclab/Desktop/ros2/install/motionpackage' for CMake config files
[2.217s] Level 1:colcon.colcon_core.environment:checking '/home/iclab/Desktop/ros2/install/motionpackage/lib'
[2.217s] Level 1:colcon.colcon_core.environment:checking '/home/iclab/Desktop/ros2/install/motionpackage/bin'
[2.217s] Level 1:colcon.colcon_core.environment:checking '/home/iclab/Desktop/ros2/install/motionpackage/lib/pkgconfig/motionpackage.pc'
[2.217s] Level 1:colcon.colcon_core.environment:checking '/home/iclab/Desktop/ros2/install/motionpackage/lib/python3.10/site-packages'
[2.218s] Level 1:colcon.colcon_core.shell:create_environment_hook('motionpackage', 'pythonpath')
[2.229s] INFO:colcon.colcon_core.shell:Creating environment hook '/home/iclab/Desktop/ros2/install/motionpackage/share/motionpackage/hook/pythonpath.ps1'
[2.230s] INFO:colcon.colcon_core.shell:Creating environment descriptor '/home/iclab/Desktop/ros2/install/motionpackage/share/motionpackage/hook/pythonpath.dsv'
[2.230s] INFO:colcon.colcon_core.shell:Creating environment hook '/home/iclab/Desktop/ros2/install/motionpackage/share/motionpackage/hook/pythonpath.sh'
[2.230s] Level 1:colcon.colcon_core.environment:checking '/home/iclab/Desktop/ros2/install/motionpackage/bin'
[2.230s] Level 1:colcon.colcon_core.environment:create_environment_scripts_only(motionpackage)
[2.243s] INFO:colcon.colcon_core.shell:Creating package script '/home/iclab/Desktop/ros2/install/motionpackage/share/motionpackage/package.ps1'
[2.244s] INFO:colcon.colcon_core.shell:Creating package descriptor '/home/iclab/Desktop/ros2/install/motionpackage/share/motionpackage/package.dsv'
[2.244s] INFO:colcon.colcon_core.shell:Creating package script '/home/iclab/Desktop/ros2/install/motionpackage/share/motionpackage/package.sh'
[2.244s] INFO:colcon.colcon_core.shell:Creating package script '/home/iclab/Desktop/ros2/install/motionpackage/share/motionpackage/package.bash'
[2.245s] INFO:colcon.colcon_core.shell:Creating package script '/home/iclab/Desktop/ros2/install/motionpackage/share/motionpackage/package.zsh'
[2.245s] Level 1:colcon.colcon_core.environment:create_file_with_runtime_dependencies(/home/iclab/Desktop/ros2/install/motionpackage/share/colcon-core/packages/motionpackage)
[2.469s] Level 1:colcon.colcon_core.environment:create_environment_scripts_only(tku_msgs)
[2.480s] Level 1:colcon.colcon_core.environment:checking '/home/iclab/Desktop/ros2/install/tku_msgs' for CMake module files
[2.480s] Level 1:colcon.colcon_core.environment:checking '/home/iclab/Desktop/ros2/install/tku_msgs' for CMake config files
[2.480s] Level 1:colcon.colcon_core.shell:create_environment_hook('tku_msgs', 'cmake_prefix_path')
[2.490s] INFO:colcon.colcon_core.shell:Creating environment hook '/home/iclab/Desktop/ros2/install/tku_msgs/share/tku_msgs/hook/cmake_prefix_path.ps1'
[2.491s] INFO:colcon.colcon_core.shell:Creating environment descriptor '/home/iclab/Desktop/ros2/install/tku_msgs/share/tku_msgs/hook/cmake_prefix_path.dsv'
[2.491s] INFO:colcon.colcon_core.shell:Creating environment hook '/home/iclab/Desktop/ros2/install/tku_msgs/share/tku_msgs/hook/cmake_prefix_path.sh'
[2.492s] Level 1:colcon.colcon_core.environment:checking '/home/iclab/Desktop/ros2/install/tku_msgs/lib'
[2.492s] Level 1:colcon.colcon_core.shell:create_environment_hook('tku_msgs', 'ld_library_path_lib')
[2.503s] INFO:colcon.colcon_core.shell:Creating environment hook '/home/iclab/Desktop/ros2/install/tku_msgs/share/tku_msgs/hook/ld_library_path_lib.ps1'
[2.503s] INFO:colcon.colcon_core.shell:Creating environment descriptor '/home/iclab/Desktop/ros2/install/tku_msgs/share/tku_msgs/hook/ld_library_path_lib.dsv'
[2.503s] INFO:colcon.colcon_core.shell:Creating environment hook '/home/iclab/Desktop/ros2/install/tku_msgs/share/tku_msgs/hook/ld_library_path_lib.sh'
[2.503s] Level 1:colcon.colcon_core.environment:checking '/home/iclab/Desktop/ros2/install/tku_msgs/bin'
[2.504s] Level 1:colcon.colcon_core.environment:checking '/home/iclab/Desktop/ros2/install/tku_msgs/lib/pkgconfig/tku_msgs.pc'
[2.504s] Level 1:colcon.colcon_core.environment:checking '/home/iclab/Desktop/ros2/install/tku_msgs/lib/python3.10/site-packages'
[2.504s] Level 1:colcon.colcon_core.environment:checking '/home/iclab/Desktop/ros2/install/tku_msgs/bin'
[2.515s] INFO:colcon.colcon_core.shell:Creating package script '/home/iclab/Desktop/ros2/install/tku_msgs/share/tku_msgs/package.ps1'
[2.515s] INFO:colcon.colcon_core.shell:Creating package descriptor '/home/iclab/Desktop/ros2/install/tku_msgs/share/tku_msgs/package.dsv'
[2.516s] INFO:colcon.colcon_core.shell:Creating package script '/home/iclab/Desktop/ros2/install/tku_msgs/share/tku_msgs/package.sh'
[2.516s] INFO:colcon.colcon_core.shell:Creating package script '/home/iclab/Desktop/ros2/install/tku_msgs/share/tku_msgs/package.bash'
[2.516s] INFO:colcon.colcon_core.shell:Creating package script '/home/iclab/Desktop/ros2/install/tku_msgs/share/tku_msgs/package.zsh'
[2.516s] Level 1:colcon.colcon_core.environment:create_file_with_runtime_dependencies(/home/iclab/Desktop/ros2/install/tku_msgs/share/colcon-core/packages/tku_msgs)
[2.516s] INFO:colcon.colcon_ros.task.ament_python.build:Building ROS package in '/home/iclab/Desktop/ros2/src/tku_libs' with build type 'ament_python'
[2.517s] Level 1:colcon.colcon_core.shell:create_environment_hook('tku_libs', 'ament_prefix_path')
[2.528s] INFO:colcon.colcon_core.shell:Creating environment hook '/home/iclab/Desktop/ros2/install/tku_libs/share/tku_libs/hook/ament_prefix_path.ps1'
[2.528s] INFO:colcon.colcon_core.shell:Creating environment descriptor '/home/iclab/Desktop/ros2/install/tku_libs/share/tku_libs/hook/ament_prefix_path.dsv'
[2.528s] INFO:colcon.colcon_core.shell:Creating environment hook '/home/iclab/Desktop/ros2/install/tku_libs/share/tku_libs/hook/ament_prefix_path.sh'
[2.543s] INFO:colcon.colcon_core.shell:Skip shell extension 'powershell' for command environment: Not usable outside of PowerShell
[2.543s] DEBUG:colcon.colcon_core.shell:Skip shell extension 'dsv' for command environment
[2.593s] INFO:colcon.colcon_ros.task.ament_cmake.build:Building ROS package in '/home/iclab/Desktop/ros2/src/usb_cam' with build type 'ament_cmake'
[2.593s] INFO:colcon.colcon_cmake.task.cmake.build:Building CMake package in '/home/iclab/Desktop/ros2/src/usb_cam'
[2.604s] INFO:colcon.colcon_core.shell:Skip shell extension 'powershell' for command environment: Not usable outside of PowerShell
[2.604s] DEBUG:colcon.colcon_core.shell:Skip shell extension 'dsv' for command environment
[2.865s] INFO:colcon.colcon_core.task.python.build:Building Python package in '/home/iclab/Desktop/ros2/src/tku_libs'
[2.884s] INFO:colcon.colcon_core.shell:Skip shell extension 'powershell' for command environment: Not usable outside of PowerShell
[2.884s] DEBUG:colcon.colcon_core.shell:Skip shell extension 'dsv' for command environment
[2.941s] DEBUG:colcon.colcon_core.event_handler.log_command:Invoking command in '/home/iclab/Desktop/ros2/build/usb_cam': CMAKE_PREFIX_PATH=/home/iclab/Desktop/ros2/install/tku_msgs:/home/iclab/Desktop/ros2/install/web_video_server:/home/iclab/Desktop/ros2/install/usb_cam:/home/iclab/Desktop/ros2/install/serial:/home/iclab/Desktop/ros2/install/tku_libs:/home/iclab/Desktop/ros2/install/motionpackage:/opt/ros/humble LD_LIBRARY_PATH=/home/iclab/Desktop/ros2/install/tku_msgs/lib:/home/iclab/Desktop/ros2/install/usb_cam/lib:/opt/ros/humble/opt/rviz_ogre_vendor/lib:/opt/ros/humble/lib/x86_64-linux-gnu:/opt/ros/humble/lib /usr/bin/cmake --build /home/iclab/Desktop/ros2/build/usb_cam -- -j8 -l8
[3.267s] DEBUG:colcon.colcon_core.event_handler.log_command:Invoking command in '/home/iclab/Desktop/ros2/src/tku_libs': CMAKE_PREFIX_PATH=/home/iclab/Desktop/ros2/install/tku_msgs:/home/iclab/Desktop/ros2/install/web_video_server:/home/iclab/Desktop/ros2/install/usb_cam:/home/iclab/Desktop/ros2/install/serial LD_LIBRARY_PATH=/home/iclab/Desktop/ros2/install/tku_msgs/lib:/home/iclab/Desktop/ros2/install/usb_cam/lib:/opt/ros/humble/opt/rviz_ogre_vendor/lib:/opt/ros/humble/lib/x86_64-linux-gnu:/opt/ros/humble/lib PYTHONPATH=/home/iclab/Desktop/ros2/build/tku_libs/prefix_override:/home/iclab/Desktop/ros2/install/tku_libs/lib/python3.10/site-packages:${PYTHONPATH} /usr/bin/python3 setup.py egg_info --egg-base ../../build/tku_libs build --build-base /home/iclab/Desktop/ros2/build/tku_libs/build install --record /home/iclab/Desktop/ros2/build/tku_libs/install.log --single-version-externally-managed
[3.523s] DEBUG:colcon.colcon_core.event_handler.log_command:Invoked command in '/home/iclab/Desktop/ros2/src/tku_libs' returned '0': CMAKE_PREFIX_PATH=/home/iclab/Desktop/ros2/install/tku_msgs:/home/iclab/Desktop/ros2/install/web_video_server:/home/iclab/Desktop/ros2/install/usb_cam:/home/iclab/Desktop/ros2/install/serial LD_LIBRARY_PATH=/home/iclab/Desktop/ros2/install/tku_msgs/lib:/home/iclab/Desktop/ros2/install/usb_cam/lib:/opt/ros/humble/opt/rviz_ogre_vendor/lib:/opt/ros/humble/lib/x86_64-linux-gnu:/opt/ros/humble/lib PYTHONPATH=/home/iclab/Desktop/ros2/build/tku_libs/prefix_override:/home/iclab/Desktop/ros2/install/tku_libs/lib/python3.10/site-packages:${PYTHONPATH} /usr/bin/python3 setup.py egg_info --egg-base ../../build/tku_libs build --build-base /home/iclab/Desktop/ros2/build/tku_libs/build install --record /home/iclab/Desktop/ros2/build/tku_libs/install.log --single-version-externally-managed
[3.534s] Level 1:colcon.colcon_core.environment:checking '/home/iclab/Desktop/ros2/install/tku_libs' for CMake module files
[3.535s] Level 1:colcon.colcon_core.environment:checking '/home/iclab/Desktop/ros2/install/tku_libs' for CMake config files
[3.535s] Level 1:colcon.colcon_core.environment:checking '/home/iclab/Desktop/ros2/install/tku_libs/lib'
[3.535s] Level 1:colcon.colcon_core.environment:checking '/home/iclab/Desktop/ros2/install/tku_libs/bin'
[3.535s] Level 1:colcon.colcon_core.environment:checking '/home/iclab/Desktop/ros2/install/tku_libs/lib/pkgconfig/tku_libs.pc'
[3.535s] Level 1:colcon.colcon_core.environment:checking '/home/iclab/Desktop/ros2/install/tku_libs/lib/python3.10/site-packages'
[3.535s] Level 1:colcon.colcon_core.shell:create_environment_hook('tku_libs', 'pythonpath')
[3.547s] INFO:colcon.colcon_core.shell:Creating environment hook '/home/iclab/Desktop/ros2/install/tku_libs/share/tku_libs/hook/pythonpath.ps1'
[3.548s] INFO:colcon.colcon_core.shell:Creating environment descriptor '/home/iclab/Desktop/ros2/install/tku_libs/share/tku_libs/hook/pythonpath.dsv'
[3.548s] INFO:colcon.colcon_core.shell:Creating environment hook '/home/iclab/Desktop/ros2/install/tku_libs/share/tku_libs/hook/pythonpath.sh'
[3.549s] Level 1:colcon.colcon_core.environment:checking '/home/iclab/Desktop/ros2/install/tku_libs/bin'
[3.549s] Level 1:colcon.colcon_core.environment:create_environment_scripts_only(tku_libs)
[3.561s] INFO:colcon.colcon_core.shell:Creating package script '/home/iclab/Desktop/ros2/install/tku_libs/share/tku_libs/package.ps1'
[3.561s] INFO:colcon.colcon_core.shell:Creating package descriptor '/home/iclab/Desktop/ros2/install/tku_libs/share/tku_libs/package.dsv'
[3.561s] INFO:colcon.colcon_core.shell:Creating package script '/home/iclab/Desktop/ros2/install/tku_libs/share/tku_libs/package.sh'
[3.562s] INFO:colcon.colcon_core.shell:Creating package script '/home/iclab/Desktop/ros2/install/tku_libs/share/tku_libs/package.bash'
[3.562s] INFO:colcon.colcon_core.shell:Creating package script '/home/iclab/Desktop/ros2/install/tku_libs/share/tku_libs/package.zsh'
[3.562s] Level 1:colcon.colcon_core.environment:create_file_with_runtime_dependencies(/home/iclab/Desktop/ros2/install/tku_libs/share/colcon-core/packages/tku_libs)
[7.740s] DEBUG:colcon.colcon_core.event_handler.log_command:Invoked command in '/home/iclab/Desktop/ros2/build/usb_cam' returned '2': CMAKE_PREFIX_PATH=/home/iclab/Desktop/ros2/install/tku_msgs:/home/iclab/Desktop/ros2/install/web_video_server:/home/iclab/Desktop/ros2/install/usb_cam:/home/iclab/Desktop/ros2/install/serial:/home/iclab/Desktop/ros2/install/tku_libs:/home/iclab/Desktop/ros2/install/motionpackage:/opt/ros/humble LD_LIBRARY_PATH=/home/iclab/Desktop/ros2/install/tku_msgs/lib:/home/iclab/Desktop/ros2/install/usb_cam/lib:/opt/ros/humble/opt/rviz_ogre_vendor/lib:/opt/ros/humble/lib/x86_64-linux-gnu:/opt/ros/humble/lib /usr/bin/cmake --build /home/iclab/Desktop/ros2/build/usb_cam -- -j8 -l8
[7.785s] Level 1:colcon.colcon_core.environment:create_environment_scripts_only(usb_cam)
[7.800s] Level 1:colcon.colcon_core.environment:checking '/home/iclab/Desktop/ros2/install/usb_cam' for CMake module files
[7.800s] Level 1:colcon.colcon_core.environment:checking '/home/iclab/Desktop/ros2/install/usb_cam' for CMake config files
[7.800s] Level 1:colcon.colcon_core.shell:create_environment_hook('usb_cam', 'cmake_prefix_path')
[7.818s] INFO:colcon.colcon_core.shell:Creating environment hook '/home/iclab/Desktop/ros2/install/usb_cam/share/usb_cam/hook/cmake_prefix_path.ps1'
[7.818s] INFO:colcon.colcon_core.shell:Creating environment descriptor '/home/iclab/Desktop/ros2/install/usb_cam/share/usb_cam/hook/cmake_prefix_path.dsv'
[7.819s] INFO:colcon.colcon_core.shell:Creating environment hook '/home/iclab/Desktop/ros2/install/usb_cam/share/usb_cam/hook/cmake_prefix_path.sh'
[7.819s] Level 1:colcon.colcon_core.environment:checking '/home/iclab/Desktop/ros2/install/usb_cam/lib'
[7.820s] Level 1:colcon.colcon_core.shell:create_environment_hook('usb_cam', 'ld_library_path_lib')
[7.838s] INFO:colcon.colcon_core.shell:Creating environment hook '/home/iclab/Desktop/ros2/install/usb_cam/share/usb_cam/hook/ld_library_path_lib.ps1'
[7.839s] INFO:colcon.colcon_core.shell:Creating environment descriptor '/home/iclab/Desktop/ros2/install/usb_cam/share/usb_cam/hook/ld_library_path_lib.dsv'
[7.839s] INFO:colcon.colcon_core.shell:Creating environment hook '/home/iclab/Desktop/ros2/install/usb_cam/share/usb_cam/hook/ld_library_path_lib.sh'
[7.839s] Level 1:colcon.colcon_core.environment:checking '/home/iclab/Desktop/ros2/install/usb_cam/bin'
[7.840s] Level 1:colcon.colcon_core.environment:checking '/home/iclab/Desktop/ros2/install/usb_cam/lib/pkgconfig/usb_cam.pc'
[7.840s] Level 1:colcon.colcon_core.environment:checking '/home/iclab/Desktop/ros2/install/usb_cam/lib/python3.10/site-packages'
[7.840s] Level 1:colcon.colcon_core.environment:checking '/home/iclab/Desktop/ros2/install/usb_cam/bin'
[7.857s] INFO:colcon.colcon_core.shell:Creating package script '/home/iclab/Desktop/ros2/install/usb_cam/share/usb_cam/package.ps1'
[7.858s] INFO:colcon.colcon_core.shell:Creating package descriptor '/home/iclab/Desktop/ros2/install/usb_cam/share/usb_cam/package.dsv'
[7.858s] INFO:colcon.colcon_core.shell:Creating package script '/home/iclab/Desktop/ros2/install/usb_cam/share/usb_cam/package.sh'
[7.858s] INFO:colcon.colcon_core.shell:Creating package script '/home/iclab/Desktop/ros2/install/usb_cam/share/usb_cam/package.bash'
[7.859s] INFO:colcon.colcon_core.shell:Creating package script '/home/iclab/Desktop/ros2/install/usb_cam/share/usb_cam/package.zsh'
[7.859s] Level 1:colcon.colcon_core.environment:create_file_with_runtime_dependencies(/home/iclab/Desktop/ros2/install/usb_cam/share/colcon-core/packages/usb_cam)
[7.869s] DEBUG:colcon.colcon_parallel_executor.executor.parallel:closing loop
[7.869s] DEBUG:colcon.colcon_parallel_executor.executor.parallel:loop closed
[7.869s] DEBUG:colcon.colcon_parallel_executor.executor.parallel:run_until_complete finished with '2'
[7.870s] DEBUG:colcon.colcon_core.event_reactor:joining thread
[7.884s] INFO:colcon.colcon_core.plugin_system:Skipping extension 'colcon_notification.desktop_notification.terminal_notifier': Not used on non-Darwin systems
[7.884s] INFO:colcon.colcon_core.plugin_system:Skipping extension 'colcon_notification.desktop_notification.win32': Not used on non-Windows systems
[7.884s] INFO:colcon.colcon_notification.desktop_notification:Sending desktop notification using 'notify2'
[7.894s] DEBUG:colcon.colcon_core.event_reactor:joined thread
[7.912s] INFO:colcon.colcon_core.shell:Creating prefix script '/home/iclab/Desktop/ros2/install/local_setup.ps1'
[7.913s] INFO:colcon.colcon_core.shell:Creating prefix util module '/home/iclab/Desktop/ros2/install/_local_setup_util_ps1.py'
[7.915s] INFO:colcon.colcon_core.shell:Creating prefix chain script '/home/iclab/Desktop/ros2/install/setup.ps1'
[7.936s] INFO:colcon.colcon_core.shell:Creating prefix script '/home/iclab/Desktop/ros2/install/local_setup.sh'
[7.936s] INFO:colcon.colcon_core.shell:Creating prefix util module '/home/iclab/Desktop/ros2/install/_local_setup_util_sh.py'
[7.937s] INFO:colcon.colcon_core.shell:Creating prefix chain script '/home/iclab/Desktop/ros2/install/setup.sh'
[7.957s] INFO:colcon.colcon_core.shell:Creating prefix script '/home/iclab/Desktop/ros2/install/local_setup.bash'
[7.958s] INFO:colcon.colcon_core.shell:Creating prefix chain script '/home/iclab/Desktop/ros2/install/setup.bash'
[7.975s] INFO:colcon.colcon_core.shell:Creating prefix script '/home/iclab/Desktop/ros2/install/local_setup.zsh'
[7.976s] INFO:colcon.colcon_core.shell:Creating prefix chain script '/home/iclab/Desktop/ros2/install/setup.zsh'
