[1.193s] Invoking command in '/home/iclab/Desktop/ros2/src/imageprocess': BYOBU_DATE=%Y-%m-%d PYTHONPATH=/home/iclab/Desktop/ros2/build/imageprocess/prefix_override:/home/iclab/Desktop/ros2/install/imageprocess/lib/python3.10/site-packages:${PYTHONPATH} /usr/bin/python3 setup.py egg_info --egg-base ../../build/imageprocess build --build-base /home/iclab/Desktop/ros2/build/imageprocess/build install --record /home/iclab/Desktop/ros2/build/imageprocess/install.log --single-version-externally-managed
[1.502s] running egg_info
[1.503s] writing ../../build/imageprocess/imageprocess.egg-info/PKG-INFO
[1.503s] writing dependency_links to ../../build/imageprocess/imageprocess.egg-info/dependency_links.txt
[1.504s] writing entry points to ../../build/imageprocess/imageprocess.egg-info/entry_points.txt
[1.504s] writing requirements to ../../build/imageprocess/imageprocess.egg-info/requires.txt
[1.504s] writing top-level names to ../../build/imageprocess/imageprocess.egg-info/top_level.txt
[1.506s] reading manifest file '../../build/imageprocess/imageprocess.egg-info/SOURCES.txt'
[1.506s] adding license file 'LICENSE'
[1.507s] writing manifest file '../../build/imageprocess/imageprocess.egg-info/SOURCES.txt'
[1.507s] running build
[1.507s] running build_py
[1.507s] copying imageprocess/image.py -> /home/iclab/Desktop/ros2/build/imageprocess/build/lib/imageprocess
[1.508s] running install
[1.508s] running install_lib
[1.509s] copying /home/iclab/Desktop/ros2/build/imageprocess/build/lib/imageprocess/image.py -> /home/iclab/Desktop/ros2/install/imageprocess/lib/python3.10/site-packages/imageprocess
[1.509s] byte-compiling /home/iclab/Desktop/ros2/install/imageprocess/lib/python3.10/site-packages/imageprocess/image.py to image.cpython-310.pyc
[1.510s] running install_data
[1.511s] running install_egg_info
[1.513s] removing '/home/iclab/Desktop/ros2/install/imageprocess/lib/python3.10/site-packages/imageprocess-0.0.0-py3.10.egg-info' (and everything under it)
[1.513s] Copying ../../build/imageprocess/imageprocess.egg-info to /home/iclab/Desktop/ros2/install/imageprocess/lib/python3.10/site-packages/imageprocess-0.0.0-py3.10.egg-info
[1.514s] running install_scripts
[1.540s] Installing image script to /home/iclab/Desktop/ros2/install/imageprocess/lib/imageprocess
[1.540s] writing list of installed files to '/home/iclab/Desktop/ros2/build/imageprocess/install.log'
[1.606s] Invoked command in '/home/iclab/Desktop/ros2/src/imageprocess' returned '0': BYOBU_DATE=%Y-%m-%d PYTHONPATH=/home/iclab/Desktop/ros2/build/imageprocess/prefix_override:/home/iclab/Desktop/ros2/install/imageprocess/lib/python3.10/site-packages:${PYTHONPATH} /usr/bin/python3 setup.py egg_info --egg-base ../../build/imageprocess build --build-base /home/iclab/Desktop/ros2/build/imageprocess/build install --record /home/iclab/Desktop/ros2/build/imageprocess/install.log --single-version-externally-managed
