[0.704s] DEBUG:colcon:Command line arguments: ['/usr/bin/colcon', 'build']
[0.704s] DEBUG:colcon:Parsed command line arguments: Namespace(log_base=None, log_level=None, verb_name='build', build_base='build', install_base='install', merge_install=False, symlink_install=False, test_result_base=None, continue_on_error=False, executor='parallel', parallel_workers=8, event_handlers=None, ignore_user_meta=False, metas=['./colcon.meta'], base_paths=['.'], packages_ignore=None, packages_ignore_regex=None, paths=None, packages_up_to=None, packages_up_to_regex=None, packages_above=None, packages_above_and_dependencies=None, packages_above_depth=None, packages_select_by_dep=None, packages_skip_by_dep=None, packages_skip_up_to=None, packages_select_build_failed=False, packages_skip_build_finished=False, packages_select_test_failures=False, packages_skip_test_passed=False, packages_select=None, packages_skip=None, packages_select_regex=None, packages_skip_regex=None, packages_start=None, packages_end=None, allow_overriding=[], cmake_args=None, cmake_target=None, cmake_target_skip_unavailable=False, cmake_clean_cache=False, cmake_clean_first=False, cmake_force_configure=False, ament_cmake_args=None, catkin_cmake_args=None, catkin_skip_building_tests=False, verb_parser=<colcon_defaults.argument_parser.defaults.DefaultArgumentsDecorator object at 0x7fca0b460a60>, verb_extension=<colcon_core.verb.build.BuildVerb object at 0x7fca0b723b80>, main=<bound method BuildVerb.main of <colcon_core.verb.build.BuildVerb object at 0x7fca0b723b80>>)
[0.735s] Level 1:colcon.colcon_core.package_discovery:discover_packages(colcon_meta) check parameters
[0.735s] Level 1:colcon.colcon_core.package_discovery:discover_packages(recursive) check parameters
[0.735s] Level 1:colcon.colcon_core.package_discovery:discover_packages(ignore) check parameters
[0.735s] Level 1:colcon.colcon_core.package_discovery:discover_packages(path) check parameters
[0.735s] Level 1:colcon.colcon_core.package_discovery:discover_packages(colcon_meta) discover
[0.735s] Level 1:colcon.colcon_core.package_discovery:discover_packages(recursive) discover
[0.735s] INFO:colcon.colcon_core.package_discovery:Crawling recursively for packages in '/home/iclab/Desktop/ros2/src'
[0.735s] Level 1:colcon.colcon_core.package_identification:_identify(.) by extensions ['ignore', 'ignore_ament_install']
[0.735s] Level 1:colcon.colcon_core.package_identification:_identify(.) by extension 'ignore'
[0.735s] Level 1:colcon.colcon_core.package_identification:_identify(.) by extension 'ignore_ament_install'
[0.735s] Level 1:colcon.colcon_core.package_identification:_identify(.) by extensions ['colcon_pkg']
[0.735s] Level 1:colcon.colcon_core.package_identification:_identify(.) by extension 'colcon_pkg'
[0.735s] Level 1:colcon.colcon_core.package_identification:_identify(.) by extensions ['colcon_meta']
[0.735s] Level 1:colcon.colcon_core.package_identification:_identify(.) by extension 'colcon_meta'
[0.735s] Level 1:colcon.colcon_core.package_identification:_identify(.) by extensions ['ros']
[0.735s] Level 1:colcon.colcon_core.package_identification:_identify(.) by extension 'ros'
[0.742s] Level 1:colcon.colcon_core.package_identification:_identify(.) by extensions ['cmake', 'python']
[0.743s] Level 1:colcon.colcon_core.package_identification:_identify(.) by extension 'cmake'
[0.743s] Level 1:colcon.colcon_core.package_identification:_identify(.) by extension 'python'
[0.743s] Level 1:colcon.colcon_core.package_identification:_identify(.) by extensions ['python_setup_py']
[0.743s] Level 1:colcon.colcon_core.package_identification:_identify(.) by extension 'python_setup_py'
[0.743s] Level 1:colcon.colcon_core.package_identification:_identify(build) by extensions ['ignore', 'ignore_ament_install']
[0.743s] Level 1:colcon.colcon_core.package_identification:_identify(build) by extension 'ignore'
[0.743s] Level 1:colcon.colcon_core.package_identification:_identify(build) ignored
[0.743s] Level 1:colcon.colcon_core.package_identification:_identify(install) by extensions ['ignore', 'ignore_ament_install']
[0.743s] Level 1:colcon.colcon_core.package_identification:_identify(install) by extension 'ignore'
[0.743s] Level 1:colcon.colcon_core.package_identification:_identify(install) ignored
[0.743s] Level 1:colcon.colcon_core.package_identification:_identify(log) by extensions ['ignore', 'ignore_ament_install']
[0.743s] Level 1:colcon.colcon_core.package_identification:_identify(log) by extension 'ignore'
[0.743s] Level 1:colcon.colcon_core.package_identification:_identify(log) ignored
[0.743s] Level 1:colcon.colcon_core.package_identification:_identify(motionpackage) by extensions ['ignore', 'ignore_ament_install']
[0.743s] Level 1:colcon.colcon_core.package_identification:_identify(motionpackage) by extension 'ignore'
[0.743s] Level 1:colcon.colcon_core.package_identification:_identify(motionpackage) by extension 'ignore_ament_install'
[0.743s] Level 1:colcon.colcon_core.package_identification:_identify(motionpackage) by extensions ['colcon_pkg']
[0.743s] Level 1:colcon.colcon_core.package_identification:_identify(motionpackage) by extension 'colcon_pkg'
[0.743s] Level 1:colcon.colcon_core.package_identification:_identify(motionpackage) by extensions ['colcon_meta']
[0.743s] Level 1:colcon.colcon_core.package_identification:_identify(motionpackage) by extension 'colcon_meta'
[0.743s] Level 1:colcon.colcon_core.package_identification:_identify(motionpackage) by extensions ['ros']
[0.743s] Level 1:colcon.colcon_core.package_identification:_identify(motionpackage) by extension 'ros'
[0.745s] DEBUG:colcon.colcon_core.package_identification:Package 'motionpackage' with type 'ros.ament_python' and name 'motionpackage'
[0.745s] Level 1:colcon.colcon_core.package_identification:_identify(tku_libs) by extensions ['ignore', 'ignore_ament_install']
[0.745s] Level 1:colcon.colcon_core.package_identification:_identify(tku_libs) by extension 'ignore'
[0.745s] Level 1:colcon.colcon_core.package_identification:_identify(tku_libs) by extension 'ignore_ament_install'
[0.745s] Level 1:colcon.colcon_core.package_identification:_identify(tku_libs) by extensions ['colcon_pkg']
[0.745s] Level 1:colcon.colcon_core.package_identification:_identify(tku_libs) by extension 'colcon_pkg'
[0.745s] Level 1:colcon.colcon_core.package_identification:_identify(tku_libs) by extensions ['colcon_meta']
[0.745s] Level 1:colcon.colcon_core.package_identification:_identify(tku_libs) by extension 'colcon_meta'
[0.745s] Level 1:colcon.colcon_core.package_identification:_identify(tku_libs) by extensions ['ros']
[0.745s] Level 1:colcon.colcon_core.package_identification:_identify(tku_libs) by extension 'ros'
[0.745s] DEBUG:colcon.colcon_core.package_identification:Package 'tku_libs' with type 'ros.ament_python' and name 'tku_libs'
[0.745s] Level 1:colcon.colcon_core.package_identification:_identify(tku_msgs) by extensions ['ignore', 'ignore_ament_install']
[0.745s] Level 1:colcon.colcon_core.package_identification:_identify(tku_msgs) by extension 'ignore'
[0.745s] Level 1:colcon.colcon_core.package_identification:_identify(tku_msgs) by extension 'ignore_ament_install'
[0.746s] Level 1:colcon.colcon_core.package_identification:_identify(tku_msgs) by extensions ['colcon_pkg']
[0.746s] Level 1:colcon.colcon_core.package_identification:_identify(tku_msgs) by extension 'colcon_pkg'
[0.746s] Level 1:colcon.colcon_core.package_identification:_identify(tku_msgs) by extensions ['colcon_meta']
[0.746s] Level 1:colcon.colcon_core.package_identification:_identify(tku_msgs) by extension 'colcon_meta'
[0.746s] Level 1:colcon.colcon_core.package_identification:_identify(tku_msgs) by extensions ['ros']
[0.746s] Level 1:colcon.colcon_core.package_identification:_identify(tku_msgs) by extension 'ros'
[0.746s] DEBUG:colcon.colcon_core.package_identification:Package 'tku_msgs' with type 'ros.ament_cmake' and name 'tku_msgs'
[0.746s] Level 1:colcon.colcon_core.package_identification:_identify(usb_cam) by extensions ['ignore', 'ignore_ament_install']
[0.746s] Level 1:colcon.colcon_core.package_identification:_identify(usb_cam) by extension 'ignore'
[0.746s] Level 1:colcon.colcon_core.package_identification:_identify(usb_cam) by extension 'ignore_ament_install'
[0.746s] Level 1:colcon.colcon_core.package_identification:_identify(usb_cam) by extensions ['colcon_pkg']
[0.746s] Level 1:colcon.colcon_core.package_identification:_identify(usb_cam) by extension 'colcon_pkg'
[0.746s] Level 1:colcon.colcon_core.package_identification:_identify(usb_cam) by extensions ['colcon_meta']
[0.746s] Level 1:colcon.colcon_core.package_identification:_identify(usb_cam) by extension 'colcon_meta'
[0.746s] Level 1:colcon.colcon_core.package_identification:_identify(usb_cam) by extensions ['ros']
[0.746s] Level 1:colcon.colcon_core.package_identification:_identify(usb_cam) by extension 'ros'
[0.747s] DEBUG:colcon.colcon_core.package_identification:Package 'usb_cam' with type 'ros.ament_cmake' and name 'usb_cam'
[0.747s] Level 1:colcon.colcon_core.package_identification:_identify(web_video_server) by extensions ['ignore', 'ignore_ament_install']
[0.747s] Level 1:colcon.colcon_core.package_identification:_identify(web_video_server) by extension 'ignore'
[0.747s] Level 1:colcon.colcon_core.package_identification:_identify(web_video_server) by extension 'ignore_ament_install'
[0.747s] Level 1:colcon.colcon_core.package_identification:_identify(web_video_server) by extensions ['colcon_pkg']
[0.747s] Level 1:colcon.colcon_core.package_identification:_identify(web_video_server) by extension 'colcon_pkg'
[0.747s] Level 1:colcon.colcon_core.package_identification:_identify(web_video_server) by extensions ['colcon_meta']
[0.747s] Level 1:colcon.colcon_core.package_identification:_identify(web_video_server) by extension 'colcon_meta'
[0.747s] Level 1:colcon.colcon_core.package_identification:_identify(web_video_server) by extensions ['ros']
[0.748s] Level 1:colcon.colcon_core.package_identification:_identify(web_video_server) by extension 'ros'
[0.748s] DEBUG:colcon.colcon_core.package_identification:Package 'web_video_server' with type 'ros.ament_cmake' and name 'web_video_server'
[0.748s] Level 1:colcon.colcon_core.package_discovery:discover_packages(recursive) using defaults
[0.748s] Level 1:colcon.colcon_core.package_discovery:discover_packages(ignore) discover
[0.748s] Level 1:colcon.colcon_core.package_discovery:discover_packages(ignore) using defaults
[0.748s] Level 1:colcon.colcon_core.package_discovery:discover_packages(path) discover
[0.748s] Level 1:colcon.colcon_core.package_discovery:discover_packages(path) using defaults
[0.819s] Level 1:colcon.colcon_core.package_discovery:discover_packages(prefix_path) check parameters
[0.819s] Level 1:colcon.colcon_core.package_discovery:discover_packages(prefix_path) discover
[0.840s] DEBUG:colcon.colcon_installed_package_information.package_discovery:Found 5 installed packages in /home/iclab/Desktop/ros2/src/install
[0.850s] DEBUG:colcon.colcon_installed_package_information.package_discovery:Found 6 installed packages in /home/iclab/Desktop/ros2/install
[0.861s] DEBUG:colcon.colcon_installed_package_information.package_discovery:Found 329 installed packages in /opt/ros/humble
[0.862s] Level 1:colcon.colcon_core.package_discovery:discover_packages(prefix_path) using defaults
[0.934s] Level 5:colcon.colcon_core.verb:set package 'motionpackage' build argument 'cmake_args' from command line to 'None'
[0.934s] Level 5:colcon.colcon_core.verb:set package 'motionpackage' build argument 'cmake_target' from command line to 'None'
[0.934s] Level 5:colcon.colcon_core.verb:set package 'motionpackage' build argument 'cmake_target_skip_unavailable' from command line to 'False'
[0.934s] Level 5:colcon.colcon_core.verb:set package 'motionpackage' build argument 'cmake_clean_cache' from command line to 'False'
[0.934s] Level 5:colcon.colcon_core.verb:set package 'motionpackage' build argument 'cmake_clean_first' from command line to 'False'
[0.934s] Level 5:colcon.colcon_core.verb:set package 'motionpackage' build argument 'cmake_force_configure' from command line to 'False'
[0.934s] Level 5:colcon.colcon_core.verb:set package 'motionpackage' build argument 'ament_cmake_args' from command line to 'None'
[0.934s] Level 5:colcon.colcon_core.verb:set package 'motionpackage' build argument 'catkin_cmake_args' from command line to 'None'
[0.934s] Level 5:colcon.colcon_core.verb:set package 'motionpackage' build argument 'catkin_skip_building_tests' from command line to 'False'
[0.934s] DEBUG:colcon.colcon_core.verb:Building package 'motionpackage' with the following arguments: {'ament_cmake_args': None, 'build_base': '/home/iclab/Desktop/ros2/src/build/motionpackage', 'catkin_cmake_args': None, 'catkin_skip_building_tests': False, 'cmake_args': None, 'cmake_clean_cache': False, 'cmake_clean_first': False, 'cmake_force_configure': False, 'cmake_target': None, 'cmake_target_skip_unavailable': False, 'install_base': '/home/iclab/Desktop/ros2/src/install/motionpackage', 'merge_install': False, 'path': '/home/iclab/Desktop/ros2/src/motionpackage', 'symlink_install': False, 'test_result_base': None}
[0.945s] Level 5:colcon.colcon_core.verb:set package 'tku_msgs' build argument 'cmake_args' from command line to 'None'
[0.945s] Level 5:colcon.colcon_core.verb:set package 'tku_msgs' build argument 'cmake_target' from command line to 'None'
[0.945s] Level 5:colcon.colcon_core.verb:set package 'tku_msgs' build argument 'cmake_target_skip_unavailable' from command line to 'False'
[0.945s] Level 5:colcon.colcon_core.verb:set package 'tku_msgs' build argument 'cmake_clean_cache' from command line to 'False'
[0.945s] Level 5:colcon.colcon_core.verb:set package 'tku_msgs' build argument 'cmake_clean_first' from command line to 'False'
[0.945s] Level 5:colcon.colcon_core.verb:set package 'tku_msgs' build argument 'cmake_force_configure' from command line to 'False'
[0.945s] Level 5:colcon.colcon_core.verb:set package 'tku_msgs' build argument 'ament_cmake_args' from command line to 'None'
[0.945s] Level 5:colcon.colcon_core.verb:set package 'tku_msgs' build argument 'catkin_cmake_args' from command line to 'None'
[0.945s] Level 5:colcon.colcon_core.verb:set package 'tku_msgs' build argument 'catkin_skip_building_tests' from command line to 'False'
[0.945s] DEBUG:colcon.colcon_core.verb:Building package 'tku_msgs' with the following arguments: {'ament_cmake_args': None, 'build_base': '/home/iclab/Desktop/ros2/src/build/tku_msgs', 'catkin_cmake_args': None, 'catkin_skip_building_tests': False, 'cmake_args': None, 'cmake_clean_cache': False, 'cmake_clean_first': False, 'cmake_force_configure': False, 'cmake_target': None, 'cmake_target_skip_unavailable': False, 'install_base': '/home/iclab/Desktop/ros2/src/install/tku_msgs', 'merge_install': False, 'path': '/home/iclab/Desktop/ros2/src/tku_msgs', 'symlink_install': False, 'test_result_base': None}
[0.955s] Level 5:colcon.colcon_core.verb:set package 'web_video_server' build argument 'cmake_args' from command line to 'None'
[0.955s] Level 5:colcon.colcon_core.verb:set package 'web_video_server' build argument 'cmake_target' from command line to 'None'
[0.955s] Level 5:colcon.colcon_core.verb:set package 'web_video_server' build argument 'cmake_target_skip_unavailable' from command line to 'False'
[0.955s] Level 5:colcon.colcon_core.verb:set package 'web_video_server' build argument 'cmake_clean_cache' from command line to 'False'
[0.955s] Level 5:colcon.colcon_core.verb:set package 'web_video_server' build argument 'cmake_clean_first' from command line to 'False'
[0.955s] Level 5:colcon.colcon_core.verb:set package 'web_video_server' build argument 'cmake_force_configure' from command line to 'False'
[0.955s] Level 5:colcon.colcon_core.verb:set package 'web_video_server' build argument 'ament_cmake_args' from command line to 'None'
[0.955s] Level 5:colcon.colcon_core.verb:set package 'web_video_server' build argument 'catkin_cmake_args' from command line to 'None'
[0.955s] Level 5:colcon.colcon_core.verb:set package 'web_video_server' build argument 'catkin_skip_building_tests' from command line to 'False'
[0.955s] DEBUG:colcon.colcon_core.verb:Building package 'web_video_server' with the following arguments: {'ament_cmake_args': None, 'build_base': '/home/iclab/Desktop/ros2/src/build/web_video_server', 'catkin_cmake_args': None, 'catkin_skip_building_tests': False, 'cmake_args': None, 'cmake_clean_cache': False, 'cmake_clean_first': False, 'cmake_force_configure': False, 'cmake_target': None, 'cmake_target_skip_unavailable': False, 'install_base': '/home/iclab/Desktop/ros2/src/install/web_video_server', 'merge_install': False, 'path': '/home/iclab/Desktop/ros2/src/web_video_server', 'symlink_install': False, 'test_result_base': None}
[0.965s] Level 5:colcon.colcon_core.verb:set package 'tku_libs' build argument 'cmake_args' from command line to 'None'
[0.965s] Level 5:colcon.colcon_core.verb:set package 'tku_libs' build argument 'cmake_target' from command line to 'None'
[0.965s] Level 5:colcon.colcon_core.verb:set package 'tku_libs' build argument 'cmake_target_skip_unavailable' from command line to 'False'
[0.965s] Level 5:colcon.colcon_core.verb:set package 'tku_libs' build argument 'cmake_clean_cache' from command line to 'False'
[0.965s] Level 5:colcon.colcon_core.verb:set package 'tku_libs' build argument 'cmake_clean_first' from command line to 'False'
[0.965s] Level 5:colcon.colcon_core.verb:set package 'tku_libs' build argument 'cmake_force_configure' from command line to 'False'
[0.965s] Level 5:colcon.colcon_core.verb:set package 'tku_libs' build argument 'ament_cmake_args' from command line to 'None'
[0.965s] Level 5:colcon.colcon_core.verb:set package 'tku_libs' build argument 'catkin_cmake_args' from command line to 'None'
[0.965s] Level 5:colcon.colcon_core.verb:set package 'tku_libs' build argument 'catkin_skip_building_tests' from command line to 'False'
[0.965s] DEBUG:colcon.colcon_core.verb:Building package 'tku_libs' with the following arguments: {'ament_cmake_args': None, 'build_base': '/home/iclab/Desktop/ros2/src/build/tku_libs', 'catkin_cmake_args': None, 'catkin_skip_building_tests': False, 'cmake_args': None, 'cmake_clean_cache': False, 'cmake_clean_first': False, 'cmake_force_configure': False, 'cmake_target': None, 'cmake_target_skip_unavailable': False, 'install_base': '/home/iclab/Desktop/ros2/src/install/tku_libs', 'merge_install': False, 'path': '/home/iclab/Desktop/ros2/src/tku_libs', 'symlink_install': False, 'test_result_base': None}
[0.976s] Level 5:colcon.colcon_core.verb:set package 'usb_cam' build argument 'cmake_args' from command line to 'None'
[0.976s] Level 5:colcon.colcon_core.verb:set package 'usb_cam' build argument 'cmake_target' from command line to 'None'
[0.976s] Level 5:colcon.colcon_core.verb:set package 'usb_cam' build argument 'cmake_target_skip_unavailable' from command line to 'False'
[0.976s] Level 5:colcon.colcon_core.verb:set package 'usb_cam' build argument 'cmake_clean_cache' from command line to 'False'
[0.976s] Level 5:colcon.colcon_core.verb:set package 'usb_cam' build argument 'cmake_clean_first' from command line to 'False'
[0.976s] Level 5:colcon.colcon_core.verb:set package 'usb_cam' build argument 'cmake_force_configure' from command line to 'False'
[0.976s] Level 5:colcon.colcon_core.verb:set package 'usb_cam' build argument 'ament_cmake_args' from command line to 'None'
[0.976s] Level 5:colcon.colcon_core.verb:set package 'usb_cam' build argument 'catkin_cmake_args' from command line to 'None'
[0.976s] Level 5:colcon.colcon_core.verb:set package 'usb_cam' build argument 'catkin_skip_building_tests' from command line to 'False'
[0.976s] DEBUG:colcon.colcon_core.verb:Building package 'usb_cam' with the following arguments: {'ament_cmake_args': None, 'build_base': '/home/iclab/Desktop/ros2/src/build/usb_cam', 'catkin_cmake_args': None, 'catkin_skip_building_tests': False, 'cmake_args': None, 'cmake_clean_cache': False, 'cmake_clean_first': False, 'cmake_force_configure': False, 'cmake_target': None, 'cmake_target_skip_unavailable': False, 'install_base': '/home/iclab/Desktop/ros2/src/install/usb_cam', 'merge_install': False, 'path': '/home/iclab/Desktop/ros2/src/usb_cam', 'symlink_install': False, 'test_result_base': None}
[0.986s] INFO:colcon.colcon_core.executor:Executing jobs using 'parallel' executor
[0.997s] DEBUG:colcon.colcon_parallel_executor.executor.parallel:run_until_complete
[0.997s] INFO:colcon.colcon_ros.task.ament_cmake.build:Building ROS package in '/home/iclab/Desktop/ros2/src/tku_msgs' with build type 'ament_cmake'
[0.997s] INFO:colcon.colcon_cmake.task.cmake.build:Building CMake package in '/home/iclab/Desktop/ros2/src/tku_msgs'
[1.008s] INFO:colcon.colcon_core.plugin_system:Skipping extension 'colcon_core.shell.bat': Not used on non-Windows systems
[1.009s] INFO:colcon.colcon_core.shell:Skip shell extension 'powershell' for command environment: Not usable outside of PowerShell
[1.009s] DEBUG:colcon.colcon_core.shell:Skip shell extension 'dsv' for command environment
[1.052s] INFO:colcon.colcon_ros.task.ament_python.build:Building ROS package in '/home/iclab/Desktop/ros2/src/motionpackage' with build type 'ament_python'
[1.052s] Level 1:colcon.colcon_core.shell:create_environment_hook('motionpackage', 'ament_prefix_path')
[1.065s] INFO:colcon.colcon_core.shell:Creating environment hook '/home/iclab/Desktop/ros2/src/install/motionpackage/share/motionpackage/hook/ament_prefix_path.ps1'
[1.065s] INFO:colcon.colcon_core.shell:Creating environment descriptor '/home/iclab/Desktop/ros2/src/install/motionpackage/share/motionpackage/hook/ament_prefix_path.dsv'
[1.066s] INFO:colcon.colcon_core.shell:Creating environment hook '/home/iclab/Desktop/ros2/src/install/motionpackage/share/motionpackage/hook/ament_prefix_path.sh'
[1.076s] INFO:colcon.colcon_core.shell:Skip shell extension 'powershell' for command environment: Not usable outside of PowerShell
[1.076s] DEBUG:colcon.colcon_core.shell:Skip shell extension 'dsv' for command environment
[1.115s] INFO:colcon.colcon_ros.task.ament_cmake.build:Building ROS package in '/home/iclab/Desktop/ros2/src/web_video_server' with build type 'ament_cmake'
[1.115s] INFO:colcon.colcon_cmake.task.cmake.build:Building CMake package in '/home/iclab/Desktop/ros2/src/web_video_server'
[1.125s] INFO:colcon.colcon_core.shell:Skip shell extension 'powershell' for command environment: Not usable outside of PowerShell
[1.125s] DEBUG:colcon.colcon_core.shell:Skip shell extension 'dsv' for command environment
[1.169s] DEBUG:colcon.colcon_core.event_handler.log_command:Invoking command in '/home/iclab/Desktop/ros2/src/build/tku_msgs': BYOBU_DATE=%Y-%m-%d CMAKE_PREFIX_PATH=${CMAKE_PREFIX_PATH}:/home/iclab/Desktop/ros2/src/install/tku_libs:/home/iclab/Desktop/ros2/src/install/motionpackage:/home/iclab/Desktop/ros2/install/tku_libs:/home/iclab/Desktop/ros2/install/motionpackage:/opt/ros/humble /usr/bin/cmake --build /home/iclab/Desktop/ros2/src/build/tku_msgs -- -j8 -l8
[1.390s] INFO:colcon.colcon_core.task.python.build:Building Python package in '/home/iclab/Desktop/ros2/src/motionpackage'
[1.402s] INFO:colcon.colcon_core.shell:Skip shell extension 'powershell' for command environment: Not usable outside of PowerShell
[1.402s] DEBUG:colcon.colcon_core.shell:Skip shell extension 'dsv' for command environment
[1.453s] DEBUG:colcon.colcon_core.event_handler.log_command:Invoking command in '/home/iclab/Desktop/ros2/src/build/web_video_server': BYOBU_DATE=%Y-%m-%d CMAKE_PREFIX_PATH=${CMAKE_PREFIX_PATH}:/home/iclab/Desktop/ros2/src/install/tku_libs:/home/iclab/Desktop/ros2/src/install/motionpackage:/home/iclab/Desktop/ros2/install/tku_libs:/home/iclab/Desktop/ros2/install/motionpackage:/opt/ros/humble /usr/bin/cmake --build /home/iclab/Desktop/ros2/src/build/web_video_server -- -j8 -l8
[1.475s] DEBUG:colcon.colcon_core.event_handler.log_command:Invoked command in '/home/iclab/Desktop/ros2/src/build/tku_msgs' returned '0': BYOBU_DATE=%Y-%m-%d CMAKE_PREFIX_PATH=${CMAKE_PREFIX_PATH}:/home/iclab/Desktop/ros2/src/install/tku_libs:/home/iclab/Desktop/ros2/src/install/motionpackage:/home/iclab/Desktop/ros2/install/tku_libs:/home/iclab/Desktop/ros2/install/motionpackage:/opt/ros/humble /usr/bin/cmake --build /home/iclab/Desktop/ros2/src/build/tku_msgs -- -j8 -l8
[1.540s] DEBUG:colcon.colcon_core.event_handler.log_command:Invoked command in '/home/iclab/Desktop/ros2/src/build/web_video_server' returned '0': BYOBU_DATE=%Y-%m-%d CMAKE_PREFIX_PATH=${CMAKE_PREFIX_PATH}:/home/iclab/Desktop/ros2/src/install/tku_libs:/home/iclab/Desktop/ros2/src/install/motionpackage:/home/iclab/Desktop/ros2/install/tku_libs:/home/iclab/Desktop/ros2/install/motionpackage:/opt/ros/humble /usr/bin/cmake --build /home/iclab/Desktop/ros2/src/build/web_video_server -- -j8 -l8
[1.578s] DEBUG:colcon.colcon_core.event_handler.log_command:Invoking command in '/home/iclab/Desktop/ros2/src/build/web_video_server': BYOBU_DATE=%Y-%m-%d CMAKE_PREFIX_PATH=${CMAKE_PREFIX_PATH}:/home/iclab/Desktop/ros2/src/install/tku_libs:/home/iclab/Desktop/ros2/src/install/motionpackage:/home/iclab/Desktop/ros2/install/tku_libs:/home/iclab/Desktop/ros2/install/motionpackage:/opt/ros/humble /usr/bin/cmake --install /home/iclab/Desktop/ros2/src/build/web_video_server
[1.586s] Level 1:colcon.colcon_core.environment:create_environment_scripts_only(web_video_server)
[1.586s] DEBUG:colcon.colcon_core.event_handler.log_command:Invoked command in '/home/iclab/Desktop/ros2/src/build/web_video_server' returned '0': BYOBU_DATE=%Y-%m-%d CMAKE_PREFIX_PATH=${CMAKE_PREFIX_PATH}:/home/iclab/Desktop/ros2/src/install/tku_libs:/home/iclab/Desktop/ros2/src/install/motionpackage:/home/iclab/Desktop/ros2/install/tku_libs:/home/iclab/Desktop/ros2/install/motionpackage:/opt/ros/humble /usr/bin/cmake --install /home/iclab/Desktop/ros2/src/build/web_video_server
[1.600s] Level 1:colcon.colcon_core.environment:checking '/home/iclab/Desktop/ros2/src/install/web_video_server' for CMake module files
[1.600s] Level 1:colcon.colcon_core.environment:checking '/home/iclab/Desktop/ros2/src/install/web_video_server' for CMake config files
[1.600s] Level 1:colcon.colcon_core.shell:create_environment_hook('web_video_server', 'cmake_prefix_path')
[1.611s] INFO:colcon.colcon_core.shell:Creating environment hook '/home/iclab/Desktop/ros2/src/install/web_video_server/share/web_video_server/hook/cmake_prefix_path.ps1'
[1.611s] INFO:colcon.colcon_core.shell:Creating environment descriptor '/home/iclab/Desktop/ros2/src/install/web_video_server/share/web_video_server/hook/cmake_prefix_path.dsv'
[1.612s] INFO:colcon.colcon_core.shell:Creating environment hook '/home/iclab/Desktop/ros2/src/install/web_video_server/share/web_video_server/hook/cmake_prefix_path.sh'
[1.612s] Level 1:colcon.colcon_core.environment:checking '/home/iclab/Desktop/ros2/src/install/web_video_server/lib'
[1.612s] Level 1:colcon.colcon_core.environment:checking '/home/iclab/Desktop/ros2/src/install/web_video_server/bin'
[1.612s] Level 1:colcon.colcon_core.environment:checking '/home/iclab/Desktop/ros2/src/install/web_video_server/lib/pkgconfig/web_video_server.pc'
[1.612s] Level 1:colcon.colcon_core.environment:checking '/home/iclab/Desktop/ros2/src/install/web_video_server/lib/python3.10/site-packages'
[1.613s] Level 1:colcon.colcon_core.environment:checking '/home/iclab/Desktop/ros2/src/install/web_video_server/bin'
[1.623s] INFO:colcon.colcon_core.shell:Creating package script '/home/iclab/Desktop/ros2/src/install/web_video_server/share/web_video_server/package.ps1'
[1.624s] INFO:colcon.colcon_core.shell:Creating package descriptor '/home/iclab/Desktop/ros2/src/install/web_video_server/share/web_video_server/package.dsv'
[1.624s] INFO:colcon.colcon_core.shell:Creating package script '/home/iclab/Desktop/ros2/src/install/web_video_server/share/web_video_server/package.sh'
[1.625s] INFO:colcon.colcon_core.shell:Creating package script '/home/iclab/Desktop/ros2/src/install/web_video_server/share/web_video_server/package.bash'
[1.625s] INFO:colcon.colcon_core.shell:Creating package script '/home/iclab/Desktop/ros2/src/install/web_video_server/share/web_video_server/package.zsh'
[1.625s] Level 1:colcon.colcon_core.environment:create_file_with_runtime_dependencies(/home/iclab/Desktop/ros2/src/install/web_video_server/share/colcon-core/packages/web_video_server)
[1.677s] Level 1:colcon.colcon_core.environment:create_environment_scripts_only(web_video_server)
[1.695s] Level 1:colcon.colcon_core.environment:checking '/home/iclab/Desktop/ros2/src/install/web_video_server' for CMake module files
[1.696s] Level 1:colcon.colcon_core.environment:checking '/home/iclab/Desktop/ros2/src/install/web_video_server' for CMake config files
[1.696s] Level 1:colcon.colcon_core.shell:create_environment_hook('web_video_server', 'cmake_prefix_path')
[1.715s] INFO:colcon.colcon_core.shell:Creating environment hook '/home/iclab/Desktop/ros2/src/install/web_video_server/share/web_video_server/hook/cmake_prefix_path.ps1'
[1.715s] INFO:colcon.colcon_core.shell:Creating environment descriptor '/home/iclab/Desktop/ros2/src/install/web_video_server/share/web_video_server/hook/cmake_prefix_path.dsv'
[1.716s] INFO:colcon.colcon_core.shell:Creating environment hook '/home/iclab/Desktop/ros2/src/install/web_video_server/share/web_video_server/hook/cmake_prefix_path.sh'
[1.716s] Level 1:colcon.colcon_core.environment:checking '/home/iclab/Desktop/ros2/src/install/web_video_server/lib'
[1.716s] Level 1:colcon.colcon_core.environment:checking '/home/iclab/Desktop/ros2/src/install/web_video_server/bin'
[1.716s] Level 1:colcon.colcon_core.environment:checking '/home/iclab/Desktop/ros2/src/install/web_video_server/lib/pkgconfig/web_video_server.pc'
[1.716s] Level 1:colcon.colcon_core.environment:checking '/home/iclab/Desktop/ros2/src/install/web_video_server/lib/python3.10/site-packages'
[1.717s] Level 1:colcon.colcon_core.environment:checking '/home/iclab/Desktop/ros2/src/install/web_video_server/bin'
[1.731s] INFO:colcon.colcon_core.shell:Creating package script '/home/iclab/Desktop/ros2/src/install/web_video_server/share/web_video_server/package.ps1'
[1.732s] INFO:colcon.colcon_core.shell:Creating package descriptor '/home/iclab/Desktop/ros2/src/install/web_video_server/share/web_video_server/package.dsv'
[1.732s] INFO:colcon.colcon_core.shell:Creating package script '/home/iclab/Desktop/ros2/src/install/web_video_server/share/web_video_server/package.sh'
[1.732s] INFO:colcon.colcon_core.shell:Creating package script '/home/iclab/Desktop/ros2/src/install/web_video_server/share/web_video_server/package.bash'
[1.733s] INFO:colcon.colcon_core.shell:Creating package script '/home/iclab/Desktop/ros2/src/install/web_video_server/share/web_video_server/package.zsh'
[1.733s] Level 1:colcon.colcon_core.environment:create_file_with_runtime_dependencies(/home/iclab/Desktop/ros2/src/install/web_video_server/share/colcon-core/packages/web_video_server)
[1.791s] DEBUG:colcon.colcon_core.event_handler.log_command:Invoking command in '/home/iclab/Desktop/ros2/src/motionpackage': BYOBU_DATE=%Y-%m-%d PYTHONPATH=/home/iclab/Desktop/ros2/src/build/motionpackage/prefix_override:/home/iclab/Desktop/ros2/src/install/motionpackage/lib/python3.10/site-packages:${PYTHONPATH} /usr/bin/python3 setup.py egg_info --egg-base ../build/motionpackage build --build-base /home/iclab/Desktop/ros2/src/build/motionpackage/build install --record /home/iclab/Desktop/ros2/src/build/motionpackage/install.log --single-version-externally-managed
[1.869s] DEBUG:colcon.colcon_core.event_handler.log_command:Invoking command in '/home/iclab/Desktop/ros2/src/build/tku_msgs': BYOBU_DATE=%Y-%m-%d CMAKE_PREFIX_PATH=${CMAKE_PREFIX_PATH}:/home/iclab/Desktop/ros2/src/install/tku_libs:/home/iclab/Desktop/ros2/src/install/motionpackage:/home/iclab/Desktop/ros2/install/tku_libs:/home/iclab/Desktop/ros2/install/motionpackage:/opt/ros/humble /usr/bin/cmake --install /home/iclab/Desktop/ros2/src/build/tku_msgs
[1.918s] Level 1:colcon.colcon_core.environment:create_environment_scripts_only(tku_msgs)
[1.919s] DEBUG:colcon.colcon_core.event_handler.log_command:Invoked command in '/home/iclab/Desktop/ros2/src/build/tku_msgs' returned '0': BYOBU_DATE=%Y-%m-%d CMAKE_PREFIX_PATH=${CMAKE_PREFIX_PATH}:/home/iclab/Desktop/ros2/src/install/tku_libs:/home/iclab/Desktop/ros2/src/install/motionpackage:/home/iclab/Desktop/ros2/install/tku_libs:/home/iclab/Desktop/ros2/install/motionpackage:/opt/ros/humble /usr/bin/cmake --install /home/iclab/Desktop/ros2/src/build/tku_msgs
[1.932s] Level 1:colcon.colcon_core.environment:checking '/home/iclab/Desktop/ros2/src/install/tku_msgs' for CMake module files
[1.932s] Level 1:colcon.colcon_core.environment:checking '/home/iclab/Desktop/ros2/src/install/tku_msgs' for CMake config files
[1.933s] Level 1:colcon.colcon_core.shell:create_environment_hook('tku_msgs', 'cmake_prefix_path')
[1.944s] INFO:colcon.colcon_core.shell:Creating environment hook '/home/iclab/Desktop/ros2/src/install/tku_msgs/share/tku_msgs/hook/cmake_prefix_path.ps1'
[1.944s] INFO:colcon.colcon_core.shell:Creating environment descriptor '/home/iclab/Desktop/ros2/src/install/tku_msgs/share/tku_msgs/hook/cmake_prefix_path.dsv'
[1.944s] INFO:colcon.colcon_core.shell:Creating environment hook '/home/iclab/Desktop/ros2/src/install/tku_msgs/share/tku_msgs/hook/cmake_prefix_path.sh'
[1.945s] Level 1:colcon.colcon_core.environment:checking '/home/iclab/Desktop/ros2/src/install/tku_msgs/lib'
[1.945s] Level 1:colcon.colcon_core.shell:create_environment_hook('tku_msgs', 'ld_library_path_lib')
[1.956s] INFO:colcon.colcon_core.shell:Creating environment hook '/home/iclab/Desktop/ros2/src/install/tku_msgs/share/tku_msgs/hook/ld_library_path_lib.ps1'
[1.956s] INFO:colcon.colcon_core.shell:Creating environment descriptor '/home/iclab/Desktop/ros2/src/install/tku_msgs/share/tku_msgs/hook/ld_library_path_lib.dsv'
[1.957s] INFO:colcon.colcon_core.shell:Creating environment hook '/home/iclab/Desktop/ros2/src/install/tku_msgs/share/tku_msgs/hook/ld_library_path_lib.sh'
[1.957s] Level 1:colcon.colcon_core.environment:checking '/home/iclab/Desktop/ros2/src/install/tku_msgs/bin'
[1.957s] Level 1:colcon.colcon_core.environment:checking '/home/iclab/Desktop/ros2/src/install/tku_msgs/lib/pkgconfig/tku_msgs.pc'
[1.957s] Level 1:colcon.colcon_core.environment:checking '/home/iclab/Desktop/ros2/src/install/tku_msgs/lib/python3.10/site-packages'
[1.957s] Level 1:colcon.colcon_core.environment:checking '/home/iclab/Desktop/ros2/src/install/tku_msgs/bin'
[1.968s] INFO:colcon.colcon_core.shell:Creating package script '/home/iclab/Desktop/ros2/src/install/tku_msgs/share/tku_msgs/package.ps1'
[1.969s] INFO:colcon.colcon_core.shell:Creating package descriptor '/home/iclab/Desktop/ros2/src/install/tku_msgs/share/tku_msgs/package.dsv'
[1.969s] INFO:colcon.colcon_core.shell:Creating package script '/home/iclab/Desktop/ros2/src/install/tku_msgs/share/tku_msgs/package.sh'
[1.969s] INFO:colcon.colcon_core.shell:Creating package script '/home/iclab/Desktop/ros2/src/install/tku_msgs/share/tku_msgs/package.bash'
[1.969s] INFO:colcon.colcon_core.shell:Creating package script '/home/iclab/Desktop/ros2/src/install/tku_msgs/share/tku_msgs/package.zsh'
[1.969s] Level 1:colcon.colcon_core.environment:create_file_with_runtime_dependencies(/home/iclab/Desktop/ros2/src/install/tku_msgs/share/colcon-core/packages/tku_msgs)
[2.042s] DEBUG:colcon.colcon_core.event_handler.log_command:Invoked command in '/home/iclab/Desktop/ros2/src/motionpackage' returned '0': BYOBU_DATE=%Y-%m-%d PYTHONPATH=/home/iclab/Desktop/ros2/src/build/motionpackage/prefix_override:/home/iclab/Desktop/ros2/src/install/motionpackage/lib/python3.10/site-packages:${PYTHONPATH} /usr/bin/python3 setup.py egg_info --egg-base ../build/motionpackage build --build-base /home/iclab/Desktop/ros2/src/build/motionpackage/build install --record /home/iclab/Desktop/ros2/src/build/motionpackage/install.log --single-version-externally-managed
[2.053s] Level 1:colcon.colcon_core.environment:checking '/home/iclab/Desktop/ros2/src/install/motionpackage' for CMake module files
[2.053s] Level 1:colcon.colcon_core.environment:checking '/home/iclab/Desktop/ros2/src/install/motionpackage' for CMake config files
[2.053s] Level 1:colcon.colcon_core.environment:checking '/home/iclab/Desktop/ros2/src/install/motionpackage/lib'
[2.053s] Level 1:colcon.colcon_core.environment:checking '/home/iclab/Desktop/ros2/src/install/motionpackage/bin'
[2.054s] Level 1:colcon.colcon_core.environment:checking '/home/iclab/Desktop/ros2/src/install/motionpackage/lib/pkgconfig/motionpackage.pc'
[2.054s] Level 1:colcon.colcon_core.environment:checking '/home/iclab/Desktop/ros2/src/install/motionpackage/lib/python3.10/site-packages'
[2.054s] Level 1:colcon.colcon_core.shell:create_environment_hook('motionpackage', 'pythonpath')
[2.064s] INFO:colcon.colcon_core.shell:Creating environment hook '/home/iclab/Desktop/ros2/src/install/motionpackage/share/motionpackage/hook/pythonpath.ps1'
[2.065s] INFO:colcon.colcon_core.shell:Creating environment descriptor '/home/iclab/Desktop/ros2/src/install/motionpackage/share/motionpackage/hook/pythonpath.dsv'
[2.065s] INFO:colcon.colcon_core.shell:Creating environment hook '/home/iclab/Desktop/ros2/src/install/motionpackage/share/motionpackage/hook/pythonpath.sh'
[2.065s] Level 1:colcon.colcon_core.environment:checking '/home/iclab/Desktop/ros2/src/install/motionpackage/bin'
[2.065s] Level 1:colcon.colcon_core.environment:create_environment_scripts_only(motionpackage)
[2.076s] INFO:colcon.colcon_core.shell:Creating package script '/home/iclab/Desktop/ros2/src/install/motionpackage/share/motionpackage/package.ps1'
[2.076s] INFO:colcon.colcon_core.shell:Creating package descriptor '/home/iclab/Desktop/ros2/src/install/motionpackage/share/motionpackage/package.dsv'
[2.076s] INFO:colcon.colcon_core.shell:Creating package script '/home/iclab/Desktop/ros2/src/install/motionpackage/share/motionpackage/package.sh'
[2.076s] INFO:colcon.colcon_core.shell:Creating package script '/home/iclab/Desktop/ros2/src/install/motionpackage/share/motionpackage/package.bash'
[2.077s] INFO:colcon.colcon_core.shell:Creating package script '/home/iclab/Desktop/ros2/src/install/motionpackage/share/motionpackage/package.zsh'
[2.077s] Level 1:colcon.colcon_core.environment:create_file_with_runtime_dependencies(/home/iclab/Desktop/ros2/src/install/motionpackage/share/colcon-core/packages/motionpackage)
[2.380s] Level 1:colcon.colcon_core.environment:create_environment_scripts_only(tku_msgs)
[2.389s] Level 1:colcon.colcon_core.environment:checking '/home/iclab/Desktop/ros2/src/install/tku_msgs' for CMake module files
[2.390s] Level 1:colcon.colcon_core.environment:checking '/home/iclab/Desktop/ros2/src/install/tku_msgs' for CMake config files
[2.390s] Level 1:colcon.colcon_core.shell:create_environment_hook('tku_msgs', 'cmake_prefix_path')
[2.408s] INFO:colcon.colcon_core.shell:Creating environment hook '/home/iclab/Desktop/ros2/src/install/tku_msgs/share/tku_msgs/hook/cmake_prefix_path.ps1'
[2.408s] INFO:colcon.colcon_core.shell:Creating environment descriptor '/home/iclab/Desktop/ros2/src/install/tku_msgs/share/tku_msgs/hook/cmake_prefix_path.dsv'
[2.409s] INFO:colcon.colcon_core.shell:Creating environment hook '/home/iclab/Desktop/ros2/src/install/tku_msgs/share/tku_msgs/hook/cmake_prefix_path.sh'
[2.409s] Level 1:colcon.colcon_core.environment:checking '/home/iclab/Desktop/ros2/src/install/tku_msgs/lib'
[2.409s] Level 1:colcon.colcon_core.shell:create_environment_hook('tku_msgs', 'ld_library_path_lib')
[2.419s] INFO:colcon.colcon_core.shell:Creating environment hook '/home/iclab/Desktop/ros2/src/install/tku_msgs/share/tku_msgs/hook/ld_library_path_lib.ps1'
[2.419s] INFO:colcon.colcon_core.shell:Creating environment descriptor '/home/iclab/Desktop/ros2/src/install/tku_msgs/share/tku_msgs/hook/ld_library_path_lib.dsv'
[2.419s] INFO:colcon.colcon_core.shell:Creating environment hook '/home/iclab/Desktop/ros2/src/install/tku_msgs/share/tku_msgs/hook/ld_library_path_lib.sh'
[2.419s] Level 1:colcon.colcon_core.environment:checking '/home/iclab/Desktop/ros2/src/install/tku_msgs/bin'
[2.419s] Level 1:colcon.colcon_core.environment:checking '/home/iclab/Desktop/ros2/src/install/tku_msgs/lib/pkgconfig/tku_msgs.pc'
[2.420s] Level 1:colcon.colcon_core.environment:checking '/home/iclab/Desktop/ros2/src/install/tku_msgs/lib/python3.10/site-packages'
[2.420s] Level 1:colcon.colcon_core.environment:checking '/home/iclab/Desktop/ros2/src/install/tku_msgs/bin'
[2.430s] INFO:colcon.colcon_core.shell:Creating package script '/home/iclab/Desktop/ros2/src/install/tku_msgs/share/tku_msgs/package.ps1'
[2.431s] INFO:colcon.colcon_core.shell:Creating package descriptor '/home/iclab/Desktop/ros2/src/install/tku_msgs/share/tku_msgs/package.dsv'
[2.431s] INFO:colcon.colcon_core.shell:Creating package script '/home/iclab/Desktop/ros2/src/install/tku_msgs/share/tku_msgs/package.sh'
[2.432s] INFO:colcon.colcon_core.shell:Creating package script '/home/iclab/Desktop/ros2/src/install/tku_msgs/share/tku_msgs/package.bash'
[2.432s] INFO:colcon.colcon_core.shell:Creating package script '/home/iclab/Desktop/ros2/src/install/tku_msgs/share/tku_msgs/package.zsh'
[2.432s] Level 1:colcon.colcon_core.environment:create_file_with_runtime_dependencies(/home/iclab/Desktop/ros2/src/install/tku_msgs/share/colcon-core/packages/tku_msgs)
[2.433s] INFO:colcon.colcon_ros.task.ament_python.build:Building ROS package in '/home/iclab/Desktop/ros2/src/tku_libs' with build type 'ament_python'
[2.433s] Level 1:colcon.colcon_core.shell:create_environment_hook('tku_libs', 'ament_prefix_path')
[2.444s] INFO:colcon.colcon_core.shell:Creating environment hook '/home/iclab/Desktop/ros2/src/install/tku_libs/share/tku_libs/hook/ament_prefix_path.ps1'
[2.445s] INFO:colcon.colcon_core.shell:Creating environment descriptor '/home/iclab/Desktop/ros2/src/install/tku_libs/share/tku_libs/hook/ament_prefix_path.dsv'
[2.445s] INFO:colcon.colcon_core.shell:Creating environment hook '/home/iclab/Desktop/ros2/src/install/tku_libs/share/tku_libs/hook/ament_prefix_path.sh'
[2.456s] INFO:colcon.colcon_core.shell:Skip shell extension 'powershell' for command environment: Not usable outside of PowerShell
[2.456s] DEBUG:colcon.colcon_core.shell:Skip shell extension 'dsv' for command environment
[2.500s] INFO:colcon.colcon_ros.task.ament_cmake.build:Building ROS package in '/home/iclab/Desktop/ros2/src/usb_cam' with build type 'ament_cmake'
[2.500s] INFO:colcon.colcon_cmake.task.cmake.build:Building CMake package in '/home/iclab/Desktop/ros2/src/usb_cam'
[2.510s] INFO:colcon.colcon_core.shell:Skip shell extension 'powershell' for command environment: Not usable outside of PowerShell
[2.510s] DEBUG:colcon.colcon_core.shell:Skip shell extension 'dsv' for command environment
[2.738s] INFO:colcon.colcon_core.task.python.build:Building Python package in '/home/iclab/Desktop/ros2/src/tku_libs'
[2.749s] INFO:colcon.colcon_core.shell:Skip shell extension 'powershell' for command environment: Not usable outside of PowerShell
[2.749s] DEBUG:colcon.colcon_core.shell:Skip shell extension 'dsv' for command environment
[2.792s] DEBUG:colcon.colcon_core.event_handler.log_command:Invoking command in '/home/iclab/Desktop/ros2/src/build/usb_cam': BYOBU_DATE=%Y-%m-%d CMAKE_PREFIX_PATH=/home/iclab/Desktop/ros2/src/install/tku_msgs:/home/iclab/Desktop/ros2/src/install/web_video_server:/home/iclab/Desktop/ros2/src/install/usb_cam:/home/iclab/Desktop/ros2/install/web_video_server:/home/iclab/Desktop/ros2/install/usb_cam:/home/iclab/Desktop/ros2/install/tku_msgs:/home/iclab/Desktop/ros2/install/serial:/home/iclab/Desktop/ros2/src/install/tku_libs:/home/iclab/Desktop/ros2/src/install/motionpackage:/home/iclab/Desktop/ros2/install/tku_libs:/home/iclab/Desktop/ros2/install/motionpackage:/opt/ros/humble LD_LIBRARY_PATH=/home/iclab/Desktop/ros2/src/install/tku_msgs/lib:/home/iclab/Desktop/ros2/src/install/usb_cam/lib:/home/iclab/Desktop/ros2/install/usb_cam/lib:/home/iclab/Desktop/ros2/install/tku_msgs/lib:/opt/ros/humble/opt/rviz_ogre_vendor/lib:/opt/ros/humble/lib/x86_64-linux-gnu:/opt/ros/humble/lib /usr/bin/cmake --build /home/iclab/Desktop/ros2/src/build/usb_cam -- -j8 -l8
[3.084s] DEBUG:colcon.colcon_core.event_handler.log_command:Invoking command in '/home/iclab/Desktop/ros2/src/tku_libs': BYOBU_DATE=%Y-%m-%d CMAKE_PREFIX_PATH=/home/iclab/Desktop/ros2/src/install/tku_msgs:/home/iclab/Desktop/ros2/src/install/web_video_server:/home/iclab/Desktop/ros2/src/install/usb_cam:/home/iclab/Desktop/ros2/install/web_video_server:/home/iclab/Desktop/ros2/install/usb_cam:/home/iclab/Desktop/ros2/install/tku_msgs:/home/iclab/Desktop/ros2/install/serial LD_LIBRARY_PATH=/home/iclab/Desktop/ros2/src/install/tku_msgs/lib:/home/iclab/Desktop/ros2/src/install/usb_cam/lib:/home/iclab/Desktop/ros2/install/usb_cam/lib:/home/iclab/Desktop/ros2/install/tku_msgs/lib:/opt/ros/humble/opt/rviz_ogre_vendor/lib:/opt/ros/humble/lib/x86_64-linux-gnu:/opt/ros/humble/lib PYTHONPATH=/home/iclab/Desktop/ros2/src/build/tku_libs/prefix_override:/home/iclab/Desktop/ros2/src/install/tku_libs/lib/python3.10/site-packages:${PYTHONPATH} /usr/bin/python3 setup.py egg_info --egg-base ../build/tku_libs build --build-base /home/iclab/Desktop/ros2/src/build/tku_libs/build install --record /home/iclab/Desktop/ros2/src/build/tku_libs/install.log --single-version-externally-managed
[3.302s] DEBUG:colcon.colcon_core.event_handler.log_command:Invoked command in '/home/iclab/Desktop/ros2/src/tku_libs' returned '0': BYOBU_DATE=%Y-%m-%d CMAKE_PREFIX_PATH=/home/iclab/Desktop/ros2/src/install/tku_msgs:/home/iclab/Desktop/ros2/src/install/web_video_server:/home/iclab/Desktop/ros2/src/install/usb_cam:/home/iclab/Desktop/ros2/install/web_video_server:/home/iclab/Desktop/ros2/install/usb_cam:/home/iclab/Desktop/ros2/install/tku_msgs:/home/iclab/Desktop/ros2/install/serial LD_LIBRARY_PATH=/home/iclab/Desktop/ros2/src/install/tku_msgs/lib:/home/iclab/Desktop/ros2/src/install/usb_cam/lib:/home/iclab/Desktop/ros2/install/usb_cam/lib:/home/iclab/Desktop/ros2/install/tku_msgs/lib:/opt/ros/humble/opt/rviz_ogre_vendor/lib:/opt/ros/humble/lib/x86_64-linux-gnu:/opt/ros/humble/lib PYTHONPATH=/home/iclab/Desktop/ros2/src/build/tku_libs/prefix_override:/home/iclab/Desktop/ros2/src/install/tku_libs/lib/python3.10/site-packages:${PYTHONPATH} /usr/bin/python3 setup.py egg_info --egg-base ../build/tku_libs build --build-base /home/iclab/Desktop/ros2/src/build/tku_libs/build install --record /home/iclab/Desktop/ros2/src/build/tku_libs/install.log --single-version-externally-managed
[3.312s] Level 1:colcon.colcon_core.environment:checking '/home/iclab/Desktop/ros2/src/install/tku_libs' for CMake module files
[3.313s] Level 1:colcon.colcon_core.environment:checking '/home/iclab/Desktop/ros2/src/install/tku_libs' for CMake config files
[3.313s] Level 1:colcon.colcon_core.environment:checking '/home/iclab/Desktop/ros2/src/install/tku_libs/lib'
[3.313s] Level 1:colcon.colcon_core.environment:checking '/home/iclab/Desktop/ros2/src/install/tku_libs/bin'
[3.313s] Level 1:colcon.colcon_core.environment:checking '/home/iclab/Desktop/ros2/src/install/tku_libs/lib/pkgconfig/tku_libs.pc'
[3.313s] Level 1:colcon.colcon_core.environment:checking '/home/iclab/Desktop/ros2/src/install/tku_libs/lib/python3.10/site-packages'
[3.313s] Level 1:colcon.colcon_core.shell:create_environment_hook('tku_libs', 'pythonpath')
[3.323s] INFO:colcon.colcon_core.shell:Creating environment hook '/home/iclab/Desktop/ros2/src/install/tku_libs/share/tku_libs/hook/pythonpath.ps1'
[3.323s] INFO:colcon.colcon_core.shell:Creating environment descriptor '/home/iclab/Desktop/ros2/src/install/tku_libs/share/tku_libs/hook/pythonpath.dsv'
[3.324s] INFO:colcon.colcon_core.shell:Creating environment hook '/home/iclab/Desktop/ros2/src/install/tku_libs/share/tku_libs/hook/pythonpath.sh'
[3.324s] Level 1:colcon.colcon_core.environment:checking '/home/iclab/Desktop/ros2/src/install/tku_libs/bin'
[3.324s] Level 1:colcon.colcon_core.environment:create_environment_scripts_only(tku_libs)
[3.335s] INFO:colcon.colcon_core.shell:Creating package script '/home/iclab/Desktop/ros2/src/install/tku_libs/share/tku_libs/package.ps1'
[3.335s] INFO:colcon.colcon_core.shell:Creating package descriptor '/home/iclab/Desktop/ros2/src/install/tku_libs/share/tku_libs/package.dsv'
[3.336s] INFO:colcon.colcon_core.shell:Creating package script '/home/iclab/Desktop/ros2/src/install/tku_libs/share/tku_libs/package.sh'
[3.336s] INFO:colcon.colcon_core.shell:Creating package script '/home/iclab/Desktop/ros2/src/install/tku_libs/share/tku_libs/package.bash'
[3.336s] INFO:colcon.colcon_core.shell:Creating package script '/home/iclab/Desktop/ros2/src/install/tku_libs/share/tku_libs/package.zsh'
[3.336s] Level 1:colcon.colcon_core.environment:create_file_with_runtime_dependencies(/home/iclab/Desktop/ros2/src/install/tku_libs/share/colcon-core/packages/tku_libs)
[6.724s] DEBUG:colcon.colcon_core.event_handler.log_command:Invoked command in '/home/iclab/Desktop/ros2/src/build/usb_cam' returned '2': BYOBU_DATE=%Y-%m-%d CMAKE_PREFIX_PATH=/home/iclab/Desktop/ros2/src/install/tku_msgs:/home/iclab/Desktop/ros2/src/install/web_video_server:/home/iclab/Desktop/ros2/src/install/usb_cam:/home/iclab/Desktop/ros2/install/web_video_server:/home/iclab/Desktop/ros2/install/usb_cam:/home/iclab/Desktop/ros2/install/tku_msgs:/home/iclab/Desktop/ros2/install/serial:/home/iclab/Desktop/ros2/src/install/tku_libs:/home/iclab/Desktop/ros2/src/install/motionpackage:/home/iclab/Desktop/ros2/install/tku_libs:/home/iclab/Desktop/ros2/install/motionpackage:/opt/ros/humble LD_LIBRARY_PATH=/home/iclab/Desktop/ros2/src/install/tku_msgs/lib:/home/iclab/Desktop/ros2/src/install/usb_cam/lib:/home/iclab/Desktop/ros2/install/usb_cam/lib:/home/iclab/Desktop/ros2/install/tku_msgs/lib:/opt/ros/humble/opt/rviz_ogre_vendor/lib:/opt/ros/humble/lib/x86_64-linux-gnu:/opt/ros/humble/lib /usr/bin/cmake --build /home/iclab/Desktop/ros2/src/build/usb_cam -- -j8 -l8
[6.764s] Level 1:colcon.colcon_core.environment:create_environment_scripts_only(usb_cam)
[6.774s] Level 1:colcon.colcon_core.environment:checking '/home/iclab/Desktop/ros2/src/install/usb_cam' for CMake module files
[6.774s] Level 1:colcon.colcon_core.environment:checking '/home/iclab/Desktop/ros2/src/install/usb_cam' for CMake config files
[6.774s] Level 1:colcon.colcon_core.shell:create_environment_hook('usb_cam', 'cmake_prefix_path')
[6.784s] INFO:colcon.colcon_core.shell:Creating environment hook '/home/iclab/Desktop/ros2/src/install/usb_cam/share/usb_cam/hook/cmake_prefix_path.ps1'
[6.784s] INFO:colcon.colcon_core.shell:Creating environment descriptor '/home/iclab/Desktop/ros2/src/install/usb_cam/share/usb_cam/hook/cmake_prefix_path.dsv'
[6.784s] INFO:colcon.colcon_core.shell:Creating environment hook '/home/iclab/Desktop/ros2/src/install/usb_cam/share/usb_cam/hook/cmake_prefix_path.sh'
[6.784s] Level 1:colcon.colcon_core.environment:checking '/home/iclab/Desktop/ros2/src/install/usb_cam/lib'
[6.785s] Level 1:colcon.colcon_core.shell:create_environment_hook('usb_cam', 'ld_library_path_lib')
[6.794s] INFO:colcon.colcon_core.shell:Creating environment hook '/home/iclab/Desktop/ros2/src/install/usb_cam/share/usb_cam/hook/ld_library_path_lib.ps1'
[6.794s] INFO:colcon.colcon_core.shell:Creating environment descriptor '/home/iclab/Desktop/ros2/src/install/usb_cam/share/usb_cam/hook/ld_library_path_lib.dsv'
[6.794s] INFO:colcon.colcon_core.shell:Creating environment hook '/home/iclab/Desktop/ros2/src/install/usb_cam/share/usb_cam/hook/ld_library_path_lib.sh'
[6.795s] Level 1:colcon.colcon_core.environment:checking '/home/iclab/Desktop/ros2/src/install/usb_cam/bin'
[6.795s] Level 1:colcon.colcon_core.environment:checking '/home/iclab/Desktop/ros2/src/install/usb_cam/lib/pkgconfig/usb_cam.pc'
[6.795s] Level 1:colcon.colcon_core.environment:checking '/home/iclab/Desktop/ros2/src/install/usb_cam/lib/python3.10/site-packages'
[6.795s] Level 1:colcon.colcon_core.environment:checking '/home/iclab/Desktop/ros2/src/install/usb_cam/bin'
[6.805s] INFO:colcon.colcon_core.shell:Creating package script '/home/iclab/Desktop/ros2/src/install/usb_cam/share/usb_cam/package.ps1'
[6.805s] INFO:colcon.colcon_core.shell:Creating package descriptor '/home/iclab/Desktop/ros2/src/install/usb_cam/share/usb_cam/package.dsv'
[6.806s] INFO:colcon.colcon_core.shell:Creating package script '/home/iclab/Desktop/ros2/src/install/usb_cam/share/usb_cam/package.sh'
[6.806s] INFO:colcon.colcon_core.shell:Creating package script '/home/iclab/Desktop/ros2/src/install/usb_cam/share/usb_cam/package.bash'
[6.806s] INFO:colcon.colcon_core.shell:Creating package script '/home/iclab/Desktop/ros2/src/install/usb_cam/share/usb_cam/package.zsh'
[6.806s] Level 1:colcon.colcon_core.environment:create_file_with_runtime_dependencies(/home/iclab/Desktop/ros2/src/install/usb_cam/share/colcon-core/packages/usb_cam)
[6.817s] DEBUG:colcon.colcon_parallel_executor.executor.parallel:closing loop
[6.817s] DEBUG:colcon.colcon_parallel_executor.executor.parallel:loop closed
[6.817s] DEBUG:colcon.colcon_parallel_executor.executor.parallel:run_until_complete finished with '2'
[6.817s] DEBUG:colcon.colcon_core.event_reactor:joining thread
[6.831s] INFO:colcon.colcon_core.plugin_system:Skipping extension 'colcon_notification.desktop_notification.terminal_notifier': Not used on non-Darwin systems
[6.832s] INFO:colcon.colcon_core.plugin_system:Skipping extension 'colcon_notification.desktop_notification.win32': Not used on non-Windows systems
[6.832s] INFO:colcon.colcon_notification.desktop_notification:Sending desktop notification using 'notify2'
[6.840s] DEBUG:colcon.colcon_core.event_reactor:joined thread
[6.850s] INFO:colcon.colcon_core.shell:Creating prefix script '/home/iclab/Desktop/ros2/src/install/local_setup.ps1'
[6.851s] INFO:colcon.colcon_core.shell:Creating prefix util module '/home/iclab/Desktop/ros2/src/install/_local_setup_util_ps1.py'
[6.852s] INFO:colcon.colcon_core.shell:Creating prefix chain script '/home/iclab/Desktop/ros2/src/install/setup.ps1'
[6.863s] INFO:colcon.colcon_core.shell:Creating prefix script '/home/iclab/Desktop/ros2/src/install/local_setup.sh'
[6.864s] INFO:colcon.colcon_core.shell:Creating prefix util module '/home/iclab/Desktop/ros2/src/install/_local_setup_util_sh.py'
[6.864s] INFO:colcon.colcon_core.shell:Creating prefix chain script '/home/iclab/Desktop/ros2/src/install/setup.sh'
[6.876s] INFO:colcon.colcon_core.shell:Creating prefix script '/home/iclab/Desktop/ros2/src/install/local_setup.bash'
[6.876s] INFO:colcon.colcon_core.shell:Creating prefix chain script '/home/iclab/Desktop/ros2/src/install/setup.bash'
[6.887s] INFO:colcon.colcon_core.shell:Creating prefix script '/home/iclab/Desktop/ros2/src/install/local_setup.zsh'
[6.888s] INFO:colcon.colcon_core.shell:Creating prefix chain script '/home/iclab/Desktop/ros2/src/install/setup.zsh'
