[0.706s] Invoking command in '/home/iclab/Desktop/ros2/build/web_video_server': CMAKE_PREFIX_PATH=${CMAKE_PREFIX_PATH}:/home/iclab/Desktop/ros2/install/tkulibs:/home/iclab/Desktop/ros2/install/tku_libs:/home/iclab/Desktop/ros2/install/motionpackage:/home/iclab/Desktop/ros2/install/imageprocess:/opt/ros/humble /usr/bin/cmake --build /home/iclab/Desktop/ros2/build/web_video_server -- -j8 -l8
[0.732s] -- Found ament_cmake_ros: 0.10.0 (/opt/ros/humble/share/ament_cmake_ros/cmake)
[0.901s] -- Found async_web_server_cpp: 2.0.0 (/usr/local/share/async_web_server_cpp/cmake)
[0.915s] -- Found Boost: /usr/lib/x86_64-linux-gnu/cmake/Boost-1.74.0/BoostConfig.cmake (found suitable version "1.74.0", minimum required is "1.74.0") found components: filesystem thread 
[0.919s] -- Found cv_bridge: 3.2.1 (/opt/ros/humble/share/cv_bridge/cmake)
[0.987s] -- Found rosidl_generator_c: 3.1.5 (/opt/ros/humble/share/rosidl_generator_c/cmake)
[0.991s] -- Found rosidl_adapter: 3.1.5 (/opt/ros/humble/share/rosidl_adapter/cmake)
[0.999s] -- Found rosidl_generator_cpp: 3.1.5 (/opt/ros/humble/share/rosidl_generator_cpp/cmake)
[1.014s] -- Using all available rosidl_typesupport_c: rosidl_typesupport_fastrtps_c;rosidl_typesupport_introspection_c
[1.041s] -- Using all available rosidl_typesupport_cpp: rosidl_typesupport_fastrtps_cpp;rosidl_typesupport_introspection_cpp
[1.335s] -- Found image_transport: 3.1.9 (/opt/ros/humble/share/image_transport/cmake)
[1.482s] -- Found rmw_implementation_cmake: 6.1.1 (/opt/ros/humble/share/rmw_implementation_cmake/cmake)
[1.499s] -- Found rmw_fastrtps_cpp: 6.2.6 (/opt/ros/humble/share/rmw_fastrtps_cpp/cmake)
[1.684s] -- Using RMW implementation 'rmw_fastrtps_cpp' as default
[1.932s] -- Found Boost: /usr/lib/x86_64-linux-gnu/cmake/Boost-1.74.0/BoostConfig.cmake (found version "1.74.0") found components: thread 
[2.059s] -- Configuring done
[2.089s] -- Generating done
[2.091s] -- Build files have been written to: /home/iclab/Desktop/ros2/build/web_video_server
[2.131s] [35m[1mConsolidate compiler generated dependencies of target web_video_server[0m
[2.234s] [100%] Built target web_video_server
[2.454s] Invoked command in '/home/iclab/Desktop/ros2/build/web_video_server' returned '0': CMAKE_PREFIX_PATH=${CMAKE_PREFIX_PATH}:/home/iclab/Desktop/ros2/install/tkulibs:/home/iclab/Desktop/ros2/install/tku_libs:/home/iclab/Desktop/ros2/install/motionpackage:/home/iclab/Desktop/ros2/install/imageprocess:/opt/ros/humble /usr/bin/cmake --build /home/iclab/Desktop/ros2/build/web_video_server -- -j8 -l8
[2.486s] Invoking command in '/home/iclab/Desktop/ros2/build/web_video_server': CMAKE_PREFIX_PATH=${CMAKE_PREFIX_PATH}:/home/iclab/Desktop/ros2/install/tkulibs:/home/iclab/Desktop/ros2/install/tku_libs:/home/iclab/Desktop/ros2/install/motionpackage:/home/iclab/Desktop/ros2/install/imageprocess:/opt/ros/humble /usr/bin/cmake --install /home/iclab/Desktop/ros2/build/web_video_server
[2.494s] -- Install configuration: ""
[2.496s] -- Up-to-date: /home/iclab/Desktop/ros2/install/web_video_server/lib/web_video_server/web_video_server
[2.496s] -- Up-to-date: /home/iclab/Desktop/ros2/install/web_video_server/include/web_video_server
[2.496s] -- Up-to-date: /home/iclab/Desktop/ros2/install/web_video_server/include/web_video_server/h264_streamer.h
[2.496s] -- Up-to-date: /home/iclab/Desktop/ros2/install/web_video_server/include/web_video_server/vp8_streamer.h
[2.498s] -- Up-to-date: /home/iclab/Desktop/ros2/install/web_video_server/include/web_video_server/image_streamer.h
[2.498s] -- Up-to-date: /home/iclab/Desktop/ros2/install/web_video_server/include/web_video_server/web_video_server.h
[2.498s] -- Up-to-date: /home/iclab/Desktop/ros2/install/web_video_server/include/web_video_server/png_streamers.h
[2.500s] -- Up-to-date: /home/iclab/Desktop/ros2/install/web_video_server/include/web_video_server/libav_streamer.h
[2.500s] -- Up-to-date: /home/iclab/Desktop/ros2/install/web_video_server/include/web_video_server/vp9_streamer.h
[2.500s] -- Up-to-date: /home/iclab/Desktop/ros2/install/web_video_server/include/web_video_server/ros_compressed_streamer.h
[2.500s] -- Up-to-date: /home/iclab/Desktop/ros2/install/web_video_server/include/web_video_server/multipart_stream.h
[2.500s] -- Up-to-date: /home/iclab/Desktop/ros2/install/web_video_server/include/web_video_server/jpeg_streamers.h
[2.500s] -- Up-to-date: /home/iclab/Desktop/ros2/install/web_video_server/share/ament_index/resource_index/package_run_dependencies/web_video_server
[2.501s] -- Installing: /home/iclab/Desktop/ros2/install/web_video_server/share/ament_index/resource_index/parent_prefix_path/web_video_server
[2.501s] -- Up-to-date: /home/iclab/Desktop/ros2/install/web_video_server/share/web_video_server/environment/ament_prefix_path.sh
[2.501s] -- Installing: /home/iclab/Desktop/ros2/install/web_video_server/share/web_video_server/environment/ament_prefix_path.dsv
[2.501s] -- Up-to-date: /home/iclab/Desktop/ros2/install/web_video_server/share/web_video_server/environment/path.sh
[2.501s] -- Installing: /home/iclab/Desktop/ros2/install/web_video_server/share/web_video_server/environment/path.dsv
[2.501s] -- Up-to-date: /home/iclab/Desktop/ros2/install/web_video_server/share/web_video_server/local_setup.bash
[2.501s] -- Up-to-date: /home/iclab/Desktop/ros2/install/web_video_server/share/web_video_server/local_setup.sh
[2.501s] -- Up-to-date: /home/iclab/Desktop/ros2/install/web_video_server/share/web_video_server/local_setup.zsh
[2.506s] -- Installing: /home/iclab/Desktop/ros2/install/web_video_server/share/web_video_server/local_setup.dsv
[2.507s] -- Installing: /home/iclab/Desktop/ros2/install/web_video_server/share/web_video_server/package.dsv
[2.507s] -- Up-to-date: /home/iclab/Desktop/ros2/install/web_video_server/share/ament_index/resource_index/packages/web_video_server
[2.507s] -- Up-to-date: /home/iclab/Desktop/ros2/install/web_video_server/share/web_video_server/cmake/web_video_serverConfig.cmake
[2.507s] -- Up-to-date: /home/iclab/Desktop/ros2/install/web_video_server/share/web_video_server/cmake/web_video_serverConfig-version.cmake
[2.507s] -- Up-to-date: /home/iclab/Desktop/ros2/install/web_video_server/share/web_video_server/package.xml
[2.507s] Invoked command in '/home/iclab/Desktop/ros2/build/web_video_server' returned '0': CMAKE_PREFIX_PATH=${CMAKE_PREFIX_PATH}:/home/iclab/Desktop/ros2/install/tkulibs:/home/iclab/Desktop/ros2/install/tku_libs:/home/iclab/Desktop/ros2/install/motionpackage:/home/iclab/Desktop/ros2/install/imageprocess:/opt/ros/humble /usr/bin/cmake --install /home/iclab/Desktop/ros2/build/web_video_server
