[3.559s] DEBUG:colcon:Command line arguments: ['/usr/bin/colcon', 'build']
[3.559s] DEBUG:colcon:Parsed command line arguments: Namespace(log_base=None, log_level=None, verb_name='build', build_base='build', install_base='install', merge_install=False, symlink_install=False, test_result_base=None, continue_on_error=False, executor='parallel', parallel_workers=4, event_handlers=None, ignore_user_meta=False, metas=['./colcon.meta'], base_paths=['.'], packages_ignore=None, packages_ignore_regex=None, paths=None, packages_up_to=None, packages_up_to_regex=None, packages_above=None, packages_above_and_dependencies=None, packages_above_depth=None, packages_select_by_dep=None, packages_skip_by_dep=None, packages_skip_up_to=None, packages_select_build_failed=False, packages_skip_build_finished=False, packages_select_test_failures=False, packages_skip_test_passed=False, packages_select=None, packages_skip=None, packages_select_regex=None, packages_skip_regex=None, packages_start=None, packages_end=None, allow_overriding=[], cmake_args=None, cmake_target=None, cmake_target_skip_unavailable=False, cmake_clean_cache=False, cmake_clean_first=False, cmake_force_configure=False, ament_cmake_args=None, catkin_cmake_args=None, catkin_skip_building_tests=False, verb_parser=<colcon_defaults.argument_parser.defaults.DefaultArgumentsDecorator object at 0x7f0e46b08370>, verb_extension=<colcon_core.verb.build.BuildVerb object at 0x7f0e46c71bd0>, main=<bound method BuildVerb.main of <colcon_core.verb.build.BuildVerb object at 0x7f0e46c71bd0>>)
[3.711s] Level 1:colcon.colcon_core.package_discovery:discover_packages(colcon_meta) check parameters
[3.711s] Level 1:colcon.colcon_core.package_discovery:discover_packages(recursive) check parameters
[3.711s] Level 1:colcon.colcon_core.package_discovery:discover_packages(ignore) check parameters
[3.711s] Level 1:colcon.colcon_core.package_discovery:discover_packages(path) check parameters
[3.711s] Level 1:colcon.colcon_core.package_discovery:discover_packages(colcon_meta) discover
[3.711s] Level 1:colcon.colcon_core.package_discovery:discover_packages(recursive) discover
[3.712s] INFO:colcon.colcon_core.package_discovery:Crawling recursively for packages in '/home/iclab/Desktop/ros2'
[3.712s] Level 1:colcon.colcon_core.package_identification:_identify(.) by extensions ['ignore', 'ignore_ament_install']
[3.712s] Level 1:colcon.colcon_core.package_identification:_identify(.) by extension 'ignore'
[3.712s] Level 1:colcon.colcon_core.package_identification:_identify(.) by extension 'ignore_ament_install'
[3.713s] Level 1:colcon.colcon_core.package_identification:_identify(.) by extensions ['colcon_pkg']
[3.713s] Level 1:colcon.colcon_core.package_identification:_identify(.) by extension 'colcon_pkg'
[3.713s] Level 1:colcon.colcon_core.package_identification:_identify(.) by extensions ['colcon_meta']
[3.713s] Level 1:colcon.colcon_core.package_identification:_identify(.) by extension 'colcon_meta'
[3.713s] Level 1:colcon.colcon_core.package_identification:_identify(.) by extensions ['ros']
[3.713s] Level 1:colcon.colcon_core.package_identification:_identify(.) by extension 'ros'
[3.743s] Level 1:colcon.colcon_core.package_identification:_identify(.) by extensions ['cmake', 'python']
[3.743s] Level 1:colcon.colcon_core.package_identification:_identify(.) by extension 'cmake'
[3.743s] Level 1:colcon.colcon_core.package_identification:_identify(.) by extension 'python'
[3.743s] Level 1:colcon.colcon_core.package_identification:_identify(.) by extensions ['python_setup_py']
[3.743s] Level 1:colcon.colcon_core.package_identification:_identify(.) by extension 'python_setup_py'
[3.744s] Level 1:colcon.colcon_core.package_identification:_identify(build) by extensions ['ignore', 'ignore_ament_install']
[3.744s] Level 1:colcon.colcon_core.package_identification:_identify(build) by extension 'ignore'
[3.744s] Level 1:colcon.colcon_core.package_identification:_identify(build) ignored
[3.745s] Level 1:colcon.colcon_core.package_identification:_identify(install) by extensions ['ignore', 'ignore_ament_install']
[3.745s] Level 1:colcon.colcon_core.package_identification:_identify(install) by extension 'ignore'
[3.745s] Level 1:colcon.colcon_core.package_identification:_identify(install) ignored
[3.745s] Level 1:colcon.colcon_core.package_identification:_identify(log) by extensions ['ignore', 'ignore_ament_install']
[3.746s] Level 1:colcon.colcon_core.package_identification:_identify(log) by extension 'ignore'
[3.746s] Level 1:colcon.colcon_core.package_identification:_identify(log) ignored
[3.746s] Level 1:colcon.colcon_core.package_identification:_identify(src) by extensions ['ignore', 'ignore_ament_install']
[3.746s] Level 1:colcon.colcon_core.package_identification:_identify(src) by extension 'ignore'
[3.747s] Level 1:colcon.colcon_core.package_identification:_identify(src) by extension 'ignore_ament_install'
[3.747s] Level 1:colcon.colcon_core.package_identification:_identify(src) by extensions ['colcon_pkg']
[3.747s] Level 1:colcon.colcon_core.package_identification:_identify(src) by extension 'colcon_pkg'
[3.747s] Level 1:colcon.colcon_core.package_identification:_identify(src) by extensions ['colcon_meta']
[3.747s] Level 1:colcon.colcon_core.package_identification:_identify(src) by extension 'colcon_meta'
[3.747s] Level 1:colcon.colcon_core.package_identification:_identify(src) by extensions ['ros']
[3.747s] Level 1:colcon.colcon_core.package_identification:_identify(src) by extension 'ros'
[3.748s] Level 1:colcon.colcon_core.package_identification:_identify(src) by extensions ['cmake', 'python']
[3.748s] Level 1:colcon.colcon_core.package_identification:_identify(src) by extension 'cmake'
[3.748s] Level 1:colcon.colcon_core.package_identification:_identify(src) by extension 'python'
[3.748s] Level 1:colcon.colcon_core.package_identification:_identify(src) by extensions ['python_setup_py']
[3.748s] Level 1:colcon.colcon_core.package_identification:_identify(src) by extension 'python_setup_py'
[3.748s] Level 1:colcon.colcon_core.package_identification:_identify(src/motionpackage) by extensions ['ignore', 'ignore_ament_install']
[3.749s] Level 1:colcon.colcon_core.package_identification:_identify(src/motionpackage) by extension 'ignore'
[3.749s] Level 1:colcon.colcon_core.package_identification:_identify(src/motionpackage) by extension 'ignore_ament_install'
[3.749s] Level 1:colcon.colcon_core.package_identification:_identify(src/motionpackage) by extensions ['colcon_pkg']
[3.749s] Level 1:colcon.colcon_core.package_identification:_identify(src/motionpackage) by extension 'colcon_pkg'
[3.749s] Level 1:colcon.colcon_core.package_identification:_identify(src/motionpackage) by extensions ['colcon_meta']
[3.749s] Level 1:colcon.colcon_core.package_identification:_identify(src/motionpackage) by extension 'colcon_meta'
[3.750s] Level 1:colcon.colcon_core.package_identification:_identify(src/motionpackage) by extensions ['ros']
[3.750s] Level 1:colcon.colcon_core.package_identification:_identify(src/motionpackage) by extension 'ros'
[3.758s] DEBUG:colcon.colcon_core.package_identification:Package 'src/motionpackage' with type 'ros.ament_python' and name 'motionpackage'
[3.758s] Level 1:colcon.colcon_core.package_identification:_identify(src/tku_libs) by extensions ['ignore', 'ignore_ament_install']
[3.759s] Level 1:colcon.colcon_core.package_identification:_identify(src/tku_libs) by extension 'ignore'
[3.759s] Level 1:colcon.colcon_core.package_identification:_identify(src/tku_libs) by extension 'ignore_ament_install'
[3.759s] Level 1:colcon.colcon_core.package_identification:_identify(src/tku_libs) by extensions ['colcon_pkg']
[3.759s] Level 1:colcon.colcon_core.package_identification:_identify(src/tku_libs) by extension 'colcon_pkg'
[3.759s] Level 1:colcon.colcon_core.package_identification:_identify(src/tku_libs) by extensions ['colcon_meta']
[3.759s] Level 1:colcon.colcon_core.package_identification:_identify(src/tku_libs) by extension 'colcon_meta'
[3.759s] Level 1:colcon.colcon_core.package_identification:_identify(src/tku_libs) by extensions ['ros']
[3.760s] Level 1:colcon.colcon_core.package_identification:_identify(src/tku_libs) by extension 'ros'
[3.761s] DEBUG:colcon.colcon_core.package_identification:Package 'src/tku_libs' with type 'ros.ament_python' and name 'tku_libs'
[3.761s] Level 1:colcon.colcon_core.package_identification:_identify(src/tku_msgs) by extensions ['ignore', 'ignore_ament_install']
[3.762s] Level 1:colcon.colcon_core.package_identification:_identify(src/tku_msgs) by extension 'ignore'
[3.762s] Level 1:colcon.colcon_core.package_identification:_identify(src/tku_msgs) by extension 'ignore_ament_install'
[3.762s] Level 1:colcon.colcon_core.package_identification:_identify(src/tku_msgs) by extensions ['colcon_pkg']
[3.762s] Level 1:colcon.colcon_core.package_identification:_identify(src/tku_msgs) by extension 'colcon_pkg'
[3.762s] Level 1:colcon.colcon_core.package_identification:_identify(src/tku_msgs) by extensions ['colcon_meta']
[3.762s] Level 1:colcon.colcon_core.package_identification:_identify(src/tku_msgs) by extension 'colcon_meta'
[3.763s] Level 1:colcon.colcon_core.package_identification:_identify(src/tku_msgs) by extensions ['ros']
[3.763s] Level 1:colcon.colcon_core.package_identification:_identify(src/tku_msgs) by extension 'ros'
[3.764s] DEBUG:colcon.colcon_core.package_identification:Package 'src/tku_msgs' with type 'ros.ament_cmake' and name 'tku_msgs'
[3.765s] Level 1:colcon.colcon_core.package_discovery:discover_packages(recursive) using defaults
[3.765s] Level 1:colcon.colcon_core.package_discovery:discover_packages(ignore) discover
[3.765s] Level 1:colcon.colcon_core.package_discovery:discover_packages(ignore) using defaults
[3.765s] Level 1:colcon.colcon_core.package_discovery:discover_packages(path) discover
[3.765s] Level 1:colcon.colcon_core.package_discovery:discover_packages(path) using defaults
[4.092s] Level 1:colcon.colcon_core.package_discovery:discover_packages(prefix_path) check parameters
[4.093s] Level 1:colcon.colcon_core.package_discovery:discover_packages(prefix_path) discover
[4.230s] DEBUG:colcon.colcon_installed_package_information.package_discovery:Found 4 installed packages in /home/iclab/Desktop/ros2/install
[4.305s] DEBUG:colcon.colcon_installed_package_information.package_discovery:Found 286 installed packages in /opt/ros/humble
[4.339s] Level 1:colcon.colcon_core.package_discovery:discover_packages(prefix_path) using defaults
[4.640s] Level 5:colcon.colcon_core.verb:set package 'motionpackage' build argument 'cmake_args' from command line to 'None'
[4.640s] Level 5:colcon.colcon_core.verb:set package 'motionpackage' build argument 'cmake_target' from command line to 'None'
[4.641s] Level 5:colcon.colcon_core.verb:set package 'motionpackage' build argument 'cmake_target_skip_unavailable' from command line to 'False'
[4.641s] Level 5:colcon.colcon_core.verb:set package 'motionpackage' build argument 'cmake_clean_cache' from command line to 'False'
[4.641s] Level 5:colcon.colcon_core.verb:set package 'motionpackage' build argument 'cmake_clean_first' from command line to 'False'
[4.641s] Level 5:colcon.colcon_core.verb:set package 'motionpackage' build argument 'cmake_force_configure' from command line to 'False'
[4.641s] Level 5:colcon.colcon_core.verb:set package 'motionpackage' build argument 'ament_cmake_args' from command line to 'None'
[4.641s] Level 5:colcon.colcon_core.verb:set package 'motionpackage' build argument 'catkin_cmake_args' from command line to 'None'
[4.641s] Level 5:colcon.colcon_core.verb:set package 'motionpackage' build argument 'catkin_skip_building_tests' from command line to 'False'
[4.641s] DEBUG:colcon.colcon_core.verb:Building package 'motionpackage' with the following arguments: {'ament_cmake_args': None, 'build_base': '/home/iclab/Desktop/ros2/build/motionpackage', 'catkin_cmake_args': None, 'catkin_skip_building_tests': False, 'cmake_args': None, 'cmake_clean_cache': False, 'cmake_clean_first': False, 'cmake_force_configure': False, 'cmake_target': None, 'cmake_target_skip_unavailable': False, 'install_base': '/home/iclab/Desktop/ros2/install/motionpackage', 'merge_install': False, 'path': '/home/iclab/Desktop/ros2/src/motionpackage', 'symlink_install': False, 'test_result_base': None}
[4.693s] Level 5:colcon.colcon_core.verb:set package 'tku_msgs' build argument 'cmake_args' from command line to 'None'
[4.693s] Level 5:colcon.colcon_core.verb:set package 'tku_msgs' build argument 'cmake_target' from command line to 'None'
[4.693s] Level 5:colcon.colcon_core.verb:set package 'tku_msgs' build argument 'cmake_target_skip_unavailable' from command line to 'False'
[4.693s] Level 5:colcon.colcon_core.verb:set package 'tku_msgs' build argument 'cmake_clean_cache' from command line to 'False'
[4.693s] Level 5:colcon.colcon_core.verb:set package 'tku_msgs' build argument 'cmake_clean_first' from command line to 'False'
[4.694s] Level 5:colcon.colcon_core.verb:set package 'tku_msgs' build argument 'cmake_force_configure' from command line to 'False'
[4.694s] Level 5:colcon.colcon_core.verb:set package 'tku_msgs' build argument 'ament_cmake_args' from command line to 'None'
[4.694s] Level 5:colcon.colcon_core.verb:set package 'tku_msgs' build argument 'catkin_cmake_args' from command line to 'None'
[4.694s] Level 5:colcon.colcon_core.verb:set package 'tku_msgs' build argument 'catkin_skip_building_tests' from command line to 'False'
[4.694s] DEBUG:colcon.colcon_core.verb:Building package 'tku_msgs' with the following arguments: {'ament_cmake_args': None, 'build_base': '/home/iclab/Desktop/ros2/build/tku_msgs', 'catkin_cmake_args': None, 'catkin_skip_building_tests': False, 'cmake_args': None, 'cmake_clean_cache': False, 'cmake_clean_first': False, 'cmake_force_configure': False, 'cmake_target': None, 'cmake_target_skip_unavailable': False, 'install_base': '/home/iclab/Desktop/ros2/install/tku_msgs', 'merge_install': False, 'path': '/home/iclab/Desktop/ros2/src/tku_msgs', 'symlink_install': False, 'test_result_base': None}
[4.744s] Level 5:colcon.colcon_core.verb:set package 'tku_libs' build argument 'cmake_args' from command line to 'None'
[4.745s] Level 5:colcon.colcon_core.verb:set package 'tku_libs' build argument 'cmake_target' from command line to 'None'
[4.745s] Level 5:colcon.colcon_core.verb:set package 'tku_libs' build argument 'cmake_target_skip_unavailable' from command line to 'False'
[4.745s] Level 5:colcon.colcon_core.verb:set package 'tku_libs' build argument 'cmake_clean_cache' from command line to 'False'
[4.745s] Level 5:colcon.colcon_core.verb:set package 'tku_libs' build argument 'cmake_clean_first' from command line to 'False'
[4.745s] Level 5:colcon.colcon_core.verb:set package 'tku_libs' build argument 'cmake_force_configure' from command line to 'False'
[4.745s] Level 5:colcon.colcon_core.verb:set package 'tku_libs' build argument 'ament_cmake_args' from command line to 'None'
[4.745s] Level 5:colcon.colcon_core.verb:set package 'tku_libs' build argument 'catkin_cmake_args' from command line to 'None'
[4.745s] Level 5:colcon.colcon_core.verb:set package 'tku_libs' build argument 'catkin_skip_building_tests' from command line to 'False'
[4.745s] DEBUG:colcon.colcon_core.verb:Building package 'tku_libs' with the following arguments: {'ament_cmake_args': None, 'build_base': '/home/iclab/Desktop/ros2/build/tku_libs', 'catkin_cmake_args': None, 'catkin_skip_building_tests': False, 'cmake_args': None, 'cmake_clean_cache': False, 'cmake_clean_first': False, 'cmake_force_configure': False, 'cmake_target': None, 'cmake_target_skip_unavailable': False, 'install_base': '/home/iclab/Desktop/ros2/install/tku_libs', 'merge_install': False, 'path': '/home/iclab/Desktop/ros2/src/tku_libs', 'symlink_install': False, 'test_result_base': None}
[4.796s] INFO:colcon.colcon_core.executor:Executing jobs using 'parallel' executor
[4.848s] DEBUG:colcon.colcon_parallel_executor.executor.parallel:run_until_complete
[4.849s] INFO:colcon.colcon_ros.task.ament_cmake.build:Building ROS package in '/home/iclab/Desktop/ros2/src/tku_msgs' with build type 'ament_cmake'
[4.849s] INFO:colcon.colcon_cmake.task.cmake.build:Building CMake package in '/home/iclab/Desktop/ros2/src/tku_msgs'
[4.918s] INFO:colcon.colcon_core.plugin_system:Skipping extension 'colcon_core.shell.bat': Not used on non-Windows systems
[4.918s] INFO:colcon.colcon_core.shell:Skip shell extension 'powershell' for command environment: Not usable outside of PowerShell
[4.919s] DEBUG:colcon.colcon_core.shell:Skip shell extension 'dsv' for command environment
[5.086s] INFO:colcon.colcon_ros.task.ament_python.build:Building ROS package in '/home/iclab/Desktop/ros2/src/motionpackage' with build type 'ament_python'
[5.087s] Level 1:colcon.colcon_core.shell:create_environment_hook('motionpackage', 'ament_prefix_path')
[5.149s] INFO:colcon.colcon_core.shell:Creating environment hook '/home/iclab/Desktop/ros2/install/motionpackage/share/motionpackage/hook/ament_prefix_path.ps1'
[5.151s] INFO:colcon.colcon_core.shell:Creating environment descriptor '/home/iclab/Desktop/ros2/install/motionpackage/share/motionpackage/hook/ament_prefix_path.dsv'
[5.153s] INFO:colcon.colcon_core.shell:Creating environment hook '/home/iclab/Desktop/ros2/install/motionpackage/share/motionpackage/hook/ament_prefix_path.sh'
[5.216s] INFO:colcon.colcon_core.shell:Skip shell extension 'powershell' for command environment: Not usable outside of PowerShell
[5.216s] DEBUG:colcon.colcon_core.shell:Skip shell extension 'dsv' for command environment
[5.416s] DEBUG:colcon.colcon_core.event_handler.log_command:Invoking command in '/home/iclab/Desktop/ros2/build/tku_msgs': CMAKE_PREFIX_PATH=${CMAKE_PREFIX_PATH}:/home/iclab/Desktop/ros2/install/tku_libs:/home/iclab/Desktop/ros2/install/motionpackage:/opt/ros/humble /usr/bin/cmake --build /home/iclab/Desktop/ros2/build/tku_msgs -- -j4 -l4
[6.563s] INFO:colcon.colcon_core.task.python.build:Building Python package in '/home/iclab/Desktop/ros2/src/motionpackage'
[6.626s] INFO:colcon.colcon_core.shell:Skip shell extension 'powershell' for command environment: Not usable outside of PowerShell
[6.626s] DEBUG:colcon.colcon_core.shell:Skip shell extension 'dsv' for command environment
[6.936s] DEBUG:colcon.colcon_core.event_handler.log_command:Invoked command in '/home/iclab/Desktop/ros2/build/tku_msgs' returned '0': CMAKE_PREFIX_PATH=${CMAKE_PREFIX_PATH}:/home/iclab/Desktop/ros2/install/tku_libs:/home/iclab/Desktop/ros2/install/motionpackage:/opt/ros/humble /usr/bin/cmake --build /home/iclab/Desktop/ros2/build/tku_msgs -- -j4 -l4
[8.138s] DEBUG:colcon.colcon_core.event_handler.log_command:Invoking command in '/home/iclab/Desktop/ros2/src/motionpackage': PYTHONPATH=/home/iclab/Desktop/ros2/build/motionpackage/prefix_override:/home/iclab/Desktop/ros2/install/motionpackage/lib/python3.10/site-packages:${PYTHONPATH} /usr/bin/python3 setup.py egg_info --egg-base ../../build/motionpackage build --build-base /home/iclab/Desktop/ros2/build/motionpackage/build install --record /home/iclab/Desktop/ros2/build/motionpackage/install.log --single-version-externally-managed
[8.364s] DEBUG:colcon.colcon_core.event_handler.log_command:Invoking command in '/home/iclab/Desktop/ros2/build/tku_msgs': CMAKE_PREFIX_PATH=${CMAKE_PREFIX_PATH}:/home/iclab/Desktop/ros2/install/tku_libs:/home/iclab/Desktop/ros2/install/motionpackage:/opt/ros/humble /usr/bin/cmake --install /home/iclab/Desktop/ros2/build/tku_msgs
[8.612s] Level 1:colcon.colcon_core.environment:create_environment_scripts_only(tku_msgs)
[8.626s] DEBUG:colcon.colcon_core.event_handler.log_command:Invoked command in '/home/iclab/Desktop/ros2/build/tku_msgs' returned '0': CMAKE_PREFIX_PATH=${CMAKE_PREFIX_PATH}:/home/iclab/Desktop/ros2/install/tku_libs:/home/iclab/Desktop/ros2/install/motionpackage:/opt/ros/humble /usr/bin/cmake --install /home/iclab/Desktop/ros2/build/tku_msgs
[8.699s] Level 1:colcon.colcon_core.environment:checking '/home/iclab/Desktop/ros2/install/tku_msgs' for CMake module files
[8.701s] Level 1:colcon.colcon_core.environment:checking '/home/iclab/Desktop/ros2/install/tku_msgs' for CMake config files
[8.704s] Level 1:colcon.colcon_core.shell:create_environment_hook('tku_msgs', 'cmake_prefix_path')
[8.775s] INFO:colcon.colcon_core.shell:Creating environment hook '/home/iclab/Desktop/ros2/install/tku_msgs/share/tku_msgs/hook/cmake_prefix_path.ps1'
[8.777s] INFO:colcon.colcon_core.shell:Creating environment descriptor '/home/iclab/Desktop/ros2/install/tku_msgs/share/tku_msgs/hook/cmake_prefix_path.dsv'
[8.779s] INFO:colcon.colcon_core.shell:Creating environment hook '/home/iclab/Desktop/ros2/install/tku_msgs/share/tku_msgs/hook/cmake_prefix_path.sh'
[8.781s] Level 1:colcon.colcon_core.environment:checking '/home/iclab/Desktop/ros2/install/tku_msgs/lib'
[8.782s] Level 1:colcon.colcon_core.shell:create_environment_hook('tku_msgs', 'ld_library_path_lib')
[8.857s] INFO:colcon.colcon_core.shell:Creating environment hook '/home/iclab/Desktop/ros2/install/tku_msgs/share/tku_msgs/hook/ld_library_path_lib.ps1'
[8.859s] INFO:colcon.colcon_core.shell:Creating environment descriptor '/home/iclab/Desktop/ros2/install/tku_msgs/share/tku_msgs/hook/ld_library_path_lib.dsv'
[8.862s] INFO:colcon.colcon_core.shell:Creating environment hook '/home/iclab/Desktop/ros2/install/tku_msgs/share/tku_msgs/hook/ld_library_path_lib.sh'
[8.864s] Level 1:colcon.colcon_core.environment:checking '/home/iclab/Desktop/ros2/install/tku_msgs/bin'
[8.864s] Level 1:colcon.colcon_core.environment:checking '/home/iclab/Desktop/ros2/install/tku_msgs/lib/pkgconfig/tku_msgs.pc'
[8.865s] Level 1:colcon.colcon_core.environment:checking '/home/iclab/Desktop/ros2/install/tku_msgs/lib/python3.10/site-packages'
[8.866s] Level 1:colcon.colcon_core.environment:checking '/home/iclab/Desktop/ros2/install/tku_msgs/bin'
[8.965s] INFO:colcon.colcon_core.shell:Creating package script '/home/iclab/Desktop/ros2/install/tku_msgs/share/tku_msgs/package.ps1'
[8.970s] INFO:colcon.colcon_core.shell:Creating package descriptor '/home/iclab/Desktop/ros2/install/tku_msgs/share/tku_msgs/package.dsv'
[8.972s] INFO:colcon.colcon_core.shell:Creating package script '/home/iclab/Desktop/ros2/install/tku_msgs/share/tku_msgs/package.sh'
[8.976s] INFO:colcon.colcon_core.shell:Creating package script '/home/iclab/Desktop/ros2/install/tku_msgs/share/tku_msgs/package.bash'
[8.980s] INFO:colcon.colcon_core.shell:Creating package script '/home/iclab/Desktop/ros2/install/tku_msgs/share/tku_msgs/package.zsh'
[8.983s] Level 1:colcon.colcon_core.environment:create_file_with_runtime_dependencies(/home/iclab/Desktop/ros2/install/tku_msgs/share/colcon-core/packages/tku_msgs)
[9.523s] DEBUG:colcon.colcon_core.event_handler.log_command:Invoked command in '/home/iclab/Desktop/ros2/src/motionpackage' returned '0': PYTHONPATH=/home/iclab/Desktop/ros2/build/motionpackage/prefix_override:/home/iclab/Desktop/ros2/install/motionpackage/lib/python3.10/site-packages:${PYTHONPATH} /usr/bin/python3 setup.py egg_info --egg-base ../../build/motionpackage build --build-base /home/iclab/Desktop/ros2/build/motionpackage/build install --record /home/iclab/Desktop/ros2/build/motionpackage/install.log --single-version-externally-managed
[9.615s] Level 1:colcon.colcon_core.environment:checking '/home/iclab/Desktop/ros2/install/motionpackage' for CMake module files
[9.617s] Level 1:colcon.colcon_core.environment:checking '/home/iclab/Desktop/ros2/install/motionpackage' for CMake config files
[9.619s] Level 1:colcon.colcon_core.environment:checking '/home/iclab/Desktop/ros2/install/motionpackage/lib'
[9.620s] Level 1:colcon.colcon_core.environment:checking '/home/iclab/Desktop/ros2/install/motionpackage/bin'
[9.621s] Level 1:colcon.colcon_core.environment:checking '/home/iclab/Desktop/ros2/install/motionpackage/lib/pkgconfig/motionpackage.pc'
[9.622s] Level 1:colcon.colcon_core.environment:checking '/home/iclab/Desktop/ros2/install/motionpackage/lib/python3.10/site-packages'
[9.622s] Level 1:colcon.colcon_core.shell:create_environment_hook('motionpackage', 'pythonpath')
[9.704s] INFO:colcon.colcon_core.shell:Creating environment hook '/home/iclab/Desktop/ros2/install/motionpackage/share/motionpackage/hook/pythonpath.ps1'
[9.706s] INFO:colcon.colcon_core.shell:Creating environment descriptor '/home/iclab/Desktop/ros2/install/motionpackage/share/motionpackage/hook/pythonpath.dsv'
[9.707s] INFO:colcon.colcon_core.shell:Creating environment hook '/home/iclab/Desktop/ros2/install/motionpackage/share/motionpackage/hook/pythonpath.sh'
[9.710s] Level 1:colcon.colcon_core.environment:checking '/home/iclab/Desktop/ros2/install/motionpackage/bin'
[9.710s] Level 1:colcon.colcon_core.environment:create_environment_scripts_only(motionpackage)
[9.797s] INFO:colcon.colcon_core.shell:Creating package script '/home/iclab/Desktop/ros2/install/motionpackage/share/motionpackage/package.ps1'
[9.800s] INFO:colcon.colcon_core.shell:Creating package descriptor '/home/iclab/Desktop/ros2/install/motionpackage/share/motionpackage/package.dsv'
[9.802s] INFO:colcon.colcon_core.shell:Creating package script '/home/iclab/Desktop/ros2/install/motionpackage/share/motionpackage/package.sh'
[9.803s] INFO:colcon.colcon_core.shell:Creating package script '/home/iclab/Desktop/ros2/install/motionpackage/share/motionpackage/package.bash'
[9.805s] INFO:colcon.colcon_core.shell:Creating package script '/home/iclab/Desktop/ros2/install/motionpackage/share/motionpackage/package.zsh'
[9.807s] Level 1:colcon.colcon_core.environment:create_file_with_runtime_dependencies(/home/iclab/Desktop/ros2/install/motionpackage/share/colcon-core/packages/motionpackage)
[10.615s] Level 1:colcon.colcon_core.environment:create_environment_scripts_only(tku_msgs)
[10.674s] Level 1:colcon.colcon_core.environment:checking '/home/iclab/Desktop/ros2/install/tku_msgs' for CMake module files
[10.676s] Level 1:colcon.colcon_core.environment:checking '/home/iclab/Desktop/ros2/install/tku_msgs' for CMake config files
[10.679s] Level 1:colcon.colcon_core.shell:create_environment_hook('tku_msgs', 'cmake_prefix_path')
[10.733s] INFO:colcon.colcon_core.shell:Creating environment hook '/home/iclab/Desktop/ros2/install/tku_msgs/share/tku_msgs/hook/cmake_prefix_path.ps1'
[10.735s] INFO:colcon.colcon_core.shell:Creating environment descriptor '/home/iclab/Desktop/ros2/install/tku_msgs/share/tku_msgs/hook/cmake_prefix_path.dsv'
[10.736s] INFO:colcon.colcon_core.shell:Creating environment hook '/home/iclab/Desktop/ros2/install/tku_msgs/share/tku_msgs/hook/cmake_prefix_path.sh'
[10.738s] Level 1:colcon.colcon_core.environment:checking '/home/iclab/Desktop/ros2/install/tku_msgs/lib'
[10.739s] Level 1:colcon.colcon_core.shell:create_environment_hook('tku_msgs', 'ld_library_path_lib')
[10.794s] INFO:colcon.colcon_core.shell:Creating environment hook '/home/iclab/Desktop/ros2/install/tku_msgs/share/tku_msgs/hook/ld_library_path_lib.ps1'
[10.795s] INFO:colcon.colcon_core.shell:Creating environment descriptor '/home/iclab/Desktop/ros2/install/tku_msgs/share/tku_msgs/hook/ld_library_path_lib.dsv'
[10.797s] INFO:colcon.colcon_core.shell:Creating environment hook '/home/iclab/Desktop/ros2/install/tku_msgs/share/tku_msgs/hook/ld_library_path_lib.sh'
[10.798s] Level 1:colcon.colcon_core.environment:checking '/home/iclab/Desktop/ros2/install/tku_msgs/bin'
[10.798s] Level 1:colcon.colcon_core.environment:checking '/home/iclab/Desktop/ros2/install/tku_msgs/lib/pkgconfig/tku_msgs.pc'
[10.799s] Level 1:colcon.colcon_core.environment:checking '/home/iclab/Desktop/ros2/install/tku_msgs/lib/python3.10/site-packages'
[10.800s] Level 1:colcon.colcon_core.environment:checking '/home/iclab/Desktop/ros2/install/tku_msgs/bin'
[10.853s] INFO:colcon.colcon_core.shell:Creating package script '/home/iclab/Desktop/ros2/install/tku_msgs/share/tku_msgs/package.ps1'
[10.855s] INFO:colcon.colcon_core.shell:Creating package descriptor '/home/iclab/Desktop/ros2/install/tku_msgs/share/tku_msgs/package.dsv'
[10.857s] INFO:colcon.colcon_core.shell:Creating package script '/home/iclab/Desktop/ros2/install/tku_msgs/share/tku_msgs/package.sh'
[10.859s] INFO:colcon.colcon_core.shell:Creating package script '/home/iclab/Desktop/ros2/install/tku_msgs/share/tku_msgs/package.bash'
[10.860s] INFO:colcon.colcon_core.shell:Creating package script '/home/iclab/Desktop/ros2/install/tku_msgs/share/tku_msgs/package.zsh'
[10.862s] Level 1:colcon.colcon_core.environment:create_file_with_runtime_dependencies(/home/iclab/Desktop/ros2/install/tku_msgs/share/colcon-core/packages/tku_msgs)
[10.863s] INFO:colcon.colcon_ros.task.ament_python.build:Building ROS package in '/home/iclab/Desktop/ros2/src/tku_libs' with build type 'ament_python'
[10.864s] Level 1:colcon.colcon_core.shell:create_environment_hook('tku_libs', 'ament_prefix_path')
[10.921s] INFO:colcon.colcon_core.shell:Creating environment hook '/home/iclab/Desktop/ros2/install/tku_libs/share/tku_libs/hook/ament_prefix_path.ps1'
[10.923s] INFO:colcon.colcon_core.shell:Creating environment descriptor '/home/iclab/Desktop/ros2/install/tku_libs/share/tku_libs/hook/ament_prefix_path.dsv'
[10.925s] INFO:colcon.colcon_core.shell:Creating environment hook '/home/iclab/Desktop/ros2/install/tku_libs/share/tku_libs/hook/ament_prefix_path.sh'
[10.981s] INFO:colcon.colcon_core.shell:Skip shell extension 'powershell' for command environment: Not usable outside of PowerShell
[10.981s] DEBUG:colcon.colcon_core.shell:Skip shell extension 'dsv' for command environment
[12.069s] INFO:colcon.colcon_core.task.python.build:Building Python package in '/home/iclab/Desktop/ros2/src/tku_libs'
[12.123s] INFO:colcon.colcon_core.shell:Skip shell extension 'powershell' for command environment: Not usable outside of PowerShell
[12.123s] DEBUG:colcon.colcon_core.shell:Skip shell extension 'dsv' for command environment
[13.472s] DEBUG:colcon.colcon_core.event_handler.log_command:Invoking command in '/home/iclab/Desktop/ros2/src/tku_libs': PYTHONPATH=/home/iclab/Desktop/ros2/build/tku_libs/prefix_override:/home/iclab/Desktop/ros2/install/tku_libs/lib/python3.10/site-packages:${PYTHONPATH} /usr/bin/python3 setup.py egg_info --egg-base ../../build/tku_libs build --build-base /home/iclab/Desktop/ros2/build/tku_libs/build install --record /home/iclab/Desktop/ros2/build/tku_libs/install.log --single-version-externally-managed
[14.477s] DEBUG:colcon.colcon_core.event_handler.log_command:Invoked command in '/home/iclab/Desktop/ros2/src/tku_libs' returned '0': PYTHONPATH=/home/iclab/Desktop/ros2/build/tku_libs/prefix_override:/home/iclab/Desktop/ros2/install/tku_libs/lib/python3.10/site-packages:${PYTHONPATH} /usr/bin/python3 setup.py egg_info --egg-base ../../build/tku_libs build --build-base /home/iclab/Desktop/ros2/build/tku_libs/build install --record /home/iclab/Desktop/ros2/build/tku_libs/install.log --single-version-externally-managed
[14.530s] Level 1:colcon.colcon_core.environment:checking '/home/iclab/Desktop/ros2/install/tku_libs' for CMake module files
[14.532s] Level 1:colcon.colcon_core.environment:checking '/home/iclab/Desktop/ros2/install/tku_libs' for CMake config files
[14.533s] Level 1:colcon.colcon_core.environment:checking '/home/iclab/Desktop/ros2/install/tku_libs/lib'
[14.534s] Level 1:colcon.colcon_core.environment:checking '/home/iclab/Desktop/ros2/install/tku_libs/bin'
[14.534s] Level 1:colcon.colcon_core.environment:checking '/home/iclab/Desktop/ros2/install/tku_libs/lib/pkgconfig/tku_libs.pc'
[14.535s] Level 1:colcon.colcon_core.environment:checking '/home/iclab/Desktop/ros2/install/tku_libs/lib/python3.10/site-packages'
[14.535s] Level 1:colcon.colcon_core.shell:create_environment_hook('tku_libs', 'pythonpath')
[14.592s] INFO:colcon.colcon_core.shell:Creating environment hook '/home/iclab/Desktop/ros2/install/tku_libs/share/tku_libs/hook/pythonpath.ps1'
[14.593s] INFO:colcon.colcon_core.shell:Creating environment descriptor '/home/iclab/Desktop/ros2/install/tku_libs/share/tku_libs/hook/pythonpath.dsv'
[14.595s] INFO:colcon.colcon_core.shell:Creating environment hook '/home/iclab/Desktop/ros2/install/tku_libs/share/tku_libs/hook/pythonpath.sh'
[14.597s] Level 1:colcon.colcon_core.environment:checking '/home/iclab/Desktop/ros2/install/tku_libs/bin'
[14.597s] Level 1:colcon.colcon_core.environment:create_environment_scripts_only(tku_libs)
[14.651s] INFO:colcon.colcon_core.shell:Creating package script '/home/iclab/Desktop/ros2/install/tku_libs/share/tku_libs/package.ps1'
[14.652s] INFO:colcon.colcon_core.shell:Creating package descriptor '/home/iclab/Desktop/ros2/install/tku_libs/share/tku_libs/package.dsv'
[14.654s] INFO:colcon.colcon_core.shell:Creating package script '/home/iclab/Desktop/ros2/install/tku_libs/share/tku_libs/package.sh'
[14.656s] INFO:colcon.colcon_core.shell:Creating package script '/home/iclab/Desktop/ros2/install/tku_libs/share/tku_libs/package.bash'
[14.657s] INFO:colcon.colcon_core.shell:Creating package script '/home/iclab/Desktop/ros2/install/tku_libs/share/tku_libs/package.zsh'
[14.659s] Level 1:colcon.colcon_core.environment:create_file_with_runtime_dependencies(/home/iclab/Desktop/ros2/install/tku_libs/share/colcon-core/packages/tku_libs)
[14.660s] DEBUG:colcon.colcon_parallel_executor.executor.parallel:closing loop
[14.661s] DEBUG:colcon.colcon_parallel_executor.executor.parallel:loop closed
[14.664s] DEBUG:colcon.colcon_parallel_executor.executor.parallel:run_until_complete finished with '0'
[14.665s] DEBUG:colcon.colcon_core.event_reactor:joining thread
[14.730s] INFO:colcon.colcon_core.plugin_system:Skipping extension 'colcon_notification.desktop_notification.terminal_notifier': Not used on non-Darwin systems
[14.731s] INFO:colcon.colcon_core.plugin_system:Skipping extension 'colcon_notification.desktop_notification.win32': Not used on non-Windows systems
[14.731s] INFO:colcon.colcon_notification.desktop_notification:Sending desktop notification using 'notify2'
[14.767s] DEBUG:colcon.colcon_core.event_reactor:joined thread
[14.820s] INFO:colcon.colcon_core.shell:Creating prefix script '/home/iclab/Desktop/ros2/install/local_setup.ps1'
[14.823s] INFO:colcon.colcon_core.shell:Creating prefix util module '/home/iclab/Desktop/ros2/install/_local_setup_util_ps1.py'
[14.826s] INFO:colcon.colcon_core.shell:Creating prefix chain script '/home/iclab/Desktop/ros2/install/setup.ps1'
[14.881s] INFO:colcon.colcon_core.shell:Creating prefix script '/home/iclab/Desktop/ros2/install/local_setup.sh'
[14.883s] INFO:colcon.colcon_core.shell:Creating prefix util module '/home/iclab/Desktop/ros2/install/_local_setup_util_sh.py'
[14.885s] INFO:colcon.colcon_core.shell:Creating prefix chain script '/home/iclab/Desktop/ros2/install/setup.sh'
[14.940s] INFO:colcon.colcon_core.shell:Creating prefix script '/home/iclab/Desktop/ros2/install/local_setup.bash'
[14.942s] INFO:colcon.colcon_core.shell:Creating prefix chain script '/home/iclab/Desktop/ros2/install/setup.bash'
[14.996s] INFO:colcon.colcon_core.shell:Creating prefix script '/home/iclab/Desktop/ros2/install/local_setup.zsh'
[14.998s] INFO:colcon.colcon_core.shell:Creating prefix chain script '/home/iclab/Desktop/ros2/install/setup.zsh'
