[0.785s] Invoking command in '/home/iclab/Desktop/ros2/src/tku_libs': CMAKE_PREFIX_PATH=/home/iclab/Desktop/ros2/install/tku_msgs:/home/iclab/Desktop/ros2/install/web_video_server:/home/iclab/Desktop/ros2/install/usb_cam:/home/iclab/Desktop/ros2/install/serial LD_LIBRARY_PATH=/home/iclab/Desktop/ros2/install/tku_msgs/lib:/home/iclab/Desktop/ros2/install/usb_cam/lib:/opt/ros/humble/opt/rviz_ogre_vendor/lib:/opt/ros/humble/lib/x86_64-linux-gnu:/opt/ros/humble/lib PYTHONPATH=/home/iclab/Desktop/ros2/build/tku_libs/prefix_override:/home/iclab/Desktop/ros2/install/tku_libs/lib/python3.10/site-packages:${PYTHONPATH} /usr/bin/python3 -W ignore:setup.py install is deprecated setup.py egg_info --egg-base ../../build/tku_libs build --build-base /home/iclab/Desktop/ros2/build/tku_libs/build install --record /home/iclab/Desktop/ros2/build/tku_libs/install.log --single-version-externally-managed install_data
[1.120s] running egg_info
[1.121s] writing ../../build/tku_libs/tku_libs.egg-info/PKG-INFO
[1.121s] writing dependency_links to ../../build/tku_libs/tku_libs.egg-info/dependency_links.txt
[1.121s] writing entry points to ../../build/tku_libs/tku_libs.egg-info/entry_points.txt
[1.121s] writing requirements to ../../build/tku_libs/tku_libs.egg-info/requires.txt
[1.121s] writing top-level names to ../../build/tku_libs/tku_libs.egg-info/top_level.txt
[1.124s] reading manifest file '../../build/tku_libs/tku_libs.egg-info/SOURCES.txt'
[1.124s] writing manifest file '../../build/tku_libs/tku_libs.egg-info/SOURCES.txt'
[1.124s] running build
[1.125s] running build_py
[1.125s] running install
[1.125s] running install_lib
[1.126s] running install_data
[1.127s] running install_egg_info
[1.129s] removing '/home/iclab/Desktop/ros2/install/tku_libs/lib/python3.10/site-packages/tku_libs-0.0.0-py3.10.egg-info' (and everything under it)
[1.129s] Copying ../../build/tku_libs/tku_libs.egg-info to /home/iclab/Desktop/ros2/install/tku_libs/lib/python3.10/site-packages/tku_libs-0.0.0-py3.10.egg-info
[1.129s] running install_scripts
[1.155s] Installing aaa script to /home/iclab/Desktop/ros2/install/tku_libs/lib/tku_libs
[1.155s] Installing bbb script to /home/iclab/Desktop/ros2/install/tku_libs/lib/tku_libs
[1.155s] writing list of installed files to '/home/iclab/Desktop/ros2/build/tku_libs/install.log'
[1.185s] Invoked command in '/home/iclab/Desktop/ros2/src/tku_libs' returned '0': CMAKE_PREFIX_PATH=/home/iclab/Desktop/ros2/install/tku_msgs:/home/iclab/Desktop/ros2/install/web_video_server:/home/iclab/Desktop/ros2/install/usb_cam:/home/iclab/Desktop/ros2/install/serial LD_LIBRARY_PATH=/home/iclab/Desktop/ros2/install/tku_msgs/lib:/home/iclab/Desktop/ros2/install/usb_cam/lib:/opt/ros/humble/opt/rviz_ogre_vendor/lib:/opt/ros/humble/lib/x86_64-linux-gnu:/opt/ros/humble/lib PYTHONPATH=/home/iclab/Desktop/ros2/build/tku_libs/prefix_override:/home/iclab/Desktop/ros2/install/tku_libs/lib/python3.10/site-packages:${PYTHONPATH} /usr/bin/python3 -W ignore:setup.py install is deprecated setup.py egg_info --egg-base ../../build/tku_libs build --build-base /home/iclab/Desktop/ros2/build/tku_libs/build install --record /home/iclab/Desktop/ros2/build/tku_libs/install.log --single-version-externally-managed install_data
