[0.727s] Invoking command in '/home/iclab/Desktop/ros2/src/motionpackage': BYOBU_DATE=%Y-%m-%d PYTHONPATH=/home/iclab/Desktop/ros2/src/build/motionpackage/prefix_override:/home/iclab/Desktop/ros2/src/install/motionpackage/lib/python3.10/site-packages:${PYTHONPATH} /usr/bin/python3 setup.py egg_info --egg-base ../build/motionpackage build --build-base /home/iclab/Desktop/ros2/src/build/motionpackage/build install --record /home/iclab/Desktop/ros2/src/build/motionpackage/install.log --single-version-externally-managed
[0.915s] running egg_info
[0.916s] writing ../build/motionpackage/motionpackage.egg-info/PKG-INFO
[0.916s] writing dependency_links to ../build/motionpackage/motionpackage.egg-info/dependency_links.txt
[0.916s] writing entry points to ../build/motionpackage/motionpackage.egg-info/entry_points.txt
[0.916s] writing requirements to ../build/motionpackage/motionpackage.egg-info/requires.txt
[0.916s] writing top-level names to ../build/motionpackage/motionpackage.egg-info/top_level.txt
[0.917s] reading manifest file '../build/motionpackage/motionpackage.egg-info/SOURCES.txt'
[0.918s] writing manifest file '../build/motionpackage/motionpackage.egg-info/SOURCES.txt'
[0.918s] running build
[0.918s] running build_py
[0.918s] running install
[0.918s] running install_lib
[0.919s] running install_data
[0.919s] running install_egg_info
[0.920s] removing '/home/iclab/Desktop/ros2/src/install/motionpackage/lib/python3.10/site-packages/motionpackage-0.0.0-py3.10.egg-info' (and everything under it)
[0.920s] Copying ../build/motionpackage/motionpackage.egg-info to /home/iclab/Desktop/ros2/src/install/motionpackage/lib/python3.10/site-packages/motionpackage-0.0.0-py3.10.egg-info
[0.921s] running install_scripts
[0.935s] Installing motion script to /home/iclab/Desktop/ros2/src/install/motionpackage/lib/motionpackage
[0.935s] writing list of installed files to '/home/iclab/Desktop/ros2/src/build/motionpackage/install.log'
[0.956s] Invoked command in '/home/iclab/Desktop/ros2/src/motionpackage' returned '0': BYOBU_DATE=%Y-%m-%d PYTHONPATH=/home/iclab/Desktop/ros2/src/build/motionpackage/prefix_override:/home/iclab/Desktop/ros2/src/install/motionpackage/lib/python3.10/site-packages:${PYTHONPATH} /usr/bin/python3 setup.py egg_info --egg-base ../build/motionpackage build --build-base /home/iclab/Desktop/ros2/src/build/motionpackage/build install --record /home/iclab/Desktop/ros2/src/build/motionpackage/install.log --single-version-externally-managed
