[0.285s] Invoking command in '/home/iclab/Desktop/ros2/src/build/usb_cam': AMENT_PREFIX_PATH=/home/iclab/Desktop/ros2/src/install/tku_msgs:${AMENT_PREFIX_PATH} BYOBU_DATE=%Y-%m-%d CMAKE_PREFIX_PATH=/home/iclab/Desktop/ros2/src/install/tku_msgs:/home/iclab/Desktop/ros2/install/web_video_server:/home/iclab/Desktop/ros2/install/usb_cam:/home/iclab/Desktop/ros2/install/tku_msgs:/home/iclab/Desktop/ros2/install/serial:/home/iclab/Desktop/ros2/install/tku_libs:/home/iclab/Desktop/ros2/install/motionpackage:/opt/ros/humble LD_LIBRARY_PATH=/home/iclab/Desktop/ros2/src/install/tku_msgs/lib:${LD_LIBRARY_PATH} PYTHONPATH=/home/iclab/Desktop/ros2/src/install/tku_msgs/local/lib/python3.10/dist-packages:${PYTHONPATH} /usr/bin/cmake /home/iclab/Desktop/ros2/src/usb_cam -DCMAKE_INSTALL_PREFIX=/home/iclab/Desktop/ros2/src/install/usb_cam
[0.322s] -- The C compiler identification is GNU 11.4.0
[0.359s] -- The CXX compiler identification is GNU 11.4.0
[0.364s] -- Detecting C compiler ABI info
[0.411s] -- Detecting C compiler ABI info - done
[0.416s] -- Check for working C compiler: /usr/bin/cc - skipped
[0.416s] -- Detecting C compile features
[0.417s] -- Detecting C compile features - done
[0.419s] -- Detecting CXX compiler ABI info
[0.475s] -- Detecting CXX compiler ABI info - done
[0.481s] -- Check for working CXX compiler: /usr/bin/c++ - skipped
[0.481s] -- Detecting CXX compile features
[0.481s] -- Detecting CXX compile features - done
[0.483s] -- Found ament_cmake_auto: 1.3.6 (/opt/ros/humble/share/ament_cmake_auto/cmake)
[0.611s] -- Found Python3: /usr/bin/python3.10 (found version "3.10.12") found components: Interpreter 
[0.771s] -- Found rosidl_generator_c: 3.1.5 (/opt/ros/humble/share/rosidl_generator_c/cmake)
[0.775s] -- Found rosidl_adapter: 3.1.5 (/opt/ros/humble/share/rosidl_adapter/cmake)
[0.782s] -- Found rosidl_generator_cpp: 3.1.5 (/opt/ros/humble/share/rosidl_generator_cpp/cmake)
[0.798s] -- Using all available rosidl_typesupport_c: rosidl_typesupport_fastrtps_c;rosidl_typesupport_introspection_c
[0.818s] -- Using all available rosidl_typesupport_cpp: rosidl_typesupport_fastrtps_cpp;rosidl_typesupport_introspection_cpp
[1.049s] -- Found rmw_implementation_cmake: 6.1.1 (/opt/ros/humble/share/rmw_implementation_cmake/cmake)
[1.050s] -- Found rmw_fastrtps_cpp: 6.2.5 (/opt/ros/humble/share/rmw_fastrtps_cpp/cmake)
[1.118s] -- Found OpenSSL: /usr/lib/x86_64-linux-gnu/libcrypto.so (found version "3.0.2")  
[1.135s] -- Found FastRTPS: /opt/ros/humble/include  
[1.166s] -- Using RMW implementation 'rmw_fastrtps_cpp' as default
[1.173s] -- Looking for pthread.h
[1.219s] -- Looking for pthread.h - found
[1.219s] -- Performing Test CMAKE_HAVE_LIBC_PTHREAD
[1.266s] -- Performing Test CMAKE_HAVE_LIBC_PTHREAD - Success
[1.267s] -- Found Threads: TRUE  
[1.563s] -- Found OpenCV: /usr (found version "4.5.4") 
[1.566s] -- Found PkgConfig: /usr/bin/pkg-config (found version "0.29.2") 
[1.567s] -- Checking for module 'libavcodec'
[1.576s] --   Found libavcodec, version 58.134.100
[1.602s] -- Checking for module 'libavutil'
[1.611s] --   Found libavutil, version 56.70.100
[1.634s] -- Checking for module 'libswscale'
[1.643s] --   Found libswscale, version 5.9.100
[1.675s] -- Found ament_lint_auto: 0.12.9 (/opt/ros/humble/share/ament_lint_auto/cmake)
[1.698s] -- Found gtest sources under '/opt/ros/humble/src/gtest_vendor': C++ tests using 'Google Test' will be built
[1.706s] -- Added test 'copyright' to check source files copyright and LICENSE
[1.711s] -- Added test 'cppcheck' to perform static code analysis on C / C++ code
[1.711s] -- Configured cppcheck include dirs: /home/iclab/Desktop/ros2/src/usb_cam/include
[1.711s] -- Configured cppcheck exclude dirs and/or files: 
[1.716s] -- Added test 'cpplint' to check C / C++ code against the Google style
[1.717s] -- Configured cpplint exclude dirs and/or files: 
[1.718s] -- Added test 'flake8' to check Python code syntax and style conventions
[1.719s] -- Added test 'lint_cmake' to check CMake code style
[1.720s] -- Added test 'pep257' to check Python code against some of the docstring style conventions in PEP 257
[1.725s] -- Added test 'uncrustify' to check C / C++ code style
[1.725s] -- Configured uncrustify additional arguments: 
[1.726s] -- Added test 'xmllint' to check XML markup files
[1.729s] -- Configuring done
[1.754s] -- Generating done
[1.757s] -- Build files have been written to: /home/iclab/Desktop/ros2/src/build/usb_cam
[1.768s] Invoked command in '/home/iclab/Desktop/ros2/src/build/usb_cam' returned '0': AMENT_PREFIX_PATH=/home/iclab/Desktop/ros2/src/install/tku_msgs:${AMENT_PREFIX_PATH} BYOBU_DATE=%Y-%m-%d CMAKE_PREFIX_PATH=/home/iclab/Desktop/ros2/src/install/tku_msgs:/home/iclab/Desktop/ros2/install/web_video_server:/home/iclab/Desktop/ros2/install/usb_cam:/home/iclab/Desktop/ros2/install/tku_msgs:/home/iclab/Desktop/ros2/install/serial:/home/iclab/Desktop/ros2/install/tku_libs:/home/iclab/Desktop/ros2/install/motionpackage:/opt/ros/humble LD_LIBRARY_PATH=/home/iclab/Desktop/ros2/src/install/tku_msgs/lib:${LD_LIBRARY_PATH} PYTHONPATH=/home/iclab/Desktop/ros2/src/install/tku_msgs/local/lib/python3.10/dist-packages:${PYTHONPATH} /usr/bin/cmake /home/iclab/Desktop/ros2/src/usb_cam -DCMAKE_INSTALL_PREFIX=/home/iclab/Desktop/ros2/src/install/usb_cam
[1.770s] Invoking command in '/home/iclab/Desktop/ros2/src/build/usb_cam': AMENT_PREFIX_PATH=/home/iclab/Desktop/ros2/src/install/tku_msgs:${AMENT_PREFIX_PATH} BYOBU_DATE=%Y-%m-%d CMAKE_PREFIX_PATH=/home/iclab/Desktop/ros2/src/install/tku_msgs:/home/iclab/Desktop/ros2/install/web_video_server:/home/iclab/Desktop/ros2/install/usb_cam:/home/iclab/Desktop/ros2/install/tku_msgs:/home/iclab/Desktop/ros2/install/serial:/home/iclab/Desktop/ros2/install/tku_libs:/home/iclab/Desktop/ros2/install/motionpackage:/opt/ros/humble LD_LIBRARY_PATH=/home/iclab/Desktop/ros2/src/install/tku_msgs/lib:${LD_LIBRARY_PATH} PYTHONPATH=/home/iclab/Desktop/ros2/src/install/tku_msgs/local/lib/python3.10/dist-packages:${PYTHONPATH} /usr/bin/cmake --build /home/iclab/Desktop/ros2/src/build/usb_cam -- -j8 -l8
[1.807s] [ 25%] [32mBuilding CXX object CMakeFiles/usb_cam.dir/src/usb_cam.cpp.o[0m
[1.807s] [ 25%] [32mBuilding CXX object CMakeFiles/usb_cam.dir/src/tool.cpp.o[0m
[1.807s] [ 31%] [32mBuilding CXX object gtest/CMakeFiles/gtest_main.dir/src/gtest_main.cc.o[0m
[1.807s] [ 31%] [32mBuilding CXX object CMakeFiles/usb_cam.dir/src/tdataunit.cpp.o[0m
[1.807s] [ 31%] [32mBuilding CXX object gtest/CMakeFiles/gtest.dir/src/gtest-all.cc.o[0m
[1.808s] [ 37%] [32mBuilding CXX object CMakeFiles/usb_cam_node_exe.dir/rclcpp_components/node_main_usb_cam_node_exe.cpp.o[0m
[2.278s] [ 43%] [32m[1mLinking CXX static library libgtest_main.a[0m
[2.326s] [ 43%] Built target gtest_main
[2.852s] [ 50%] [32m[1mLinking CXX shared library libusb_cam.so[0m
[2.996s] [ 50%] Built target usb_cam
[3.011s] [ 56%] [32mBuilding CXX object CMakeFiles/usb_cam_node.dir/src/usb_cam_node.cpp.o[0m
[4.150s] [ 62%] [32m[1mLinking CXX static library libgtest.a[0m
[4.213s] [ 62%] Built target gtest
[4.228s] [ 75%] [32mBuilding CXX object CMakeFiles/test_usb_cam_utils.dir/test/test_usb_cam_utils.cpp.o[0m
[4.228s] [ 75%] [32mBuilding CXX object CMakeFiles/test_pixel_formats.dir/test/test_pixel_formats.cpp.o[0m
[4.405s] [ 81%] [32m[1mLinking CXX executable usb_cam_node_exe[0m
[4.498s] [ 81%] Built target usb_cam_node_exe
[4.742s] [ 87%] [32m[1mLinking CXX executable test_pixel_formats[0m
[4.819s] [ 93%] [32m[1mLinking CXX executable test_usb_cam_utils[0m
[4.858s] [ 93%] Built target test_pixel_formats
[4.944s] [ 93%] Built target test_usb_cam_utils
[10.165s] [100%] [32m[1mLinking CXX shared library libusb_cam_node.so[0m
[10.589s] [100%] Built target usb_cam_node
[10.596s] Invoked command in '/home/iclab/Desktop/ros2/src/build/usb_cam' returned '0': AMENT_PREFIX_PATH=/home/iclab/Desktop/ros2/src/install/tku_msgs:${AMENT_PREFIX_PATH} BYOBU_DATE=%Y-%m-%d CMAKE_PREFIX_PATH=/home/iclab/Desktop/ros2/src/install/tku_msgs:/home/iclab/Desktop/ros2/install/web_video_server:/home/iclab/Desktop/ros2/install/usb_cam:/home/iclab/Desktop/ros2/install/tku_msgs:/home/iclab/Desktop/ros2/install/serial:/home/iclab/Desktop/ros2/install/tku_libs:/home/iclab/Desktop/ros2/install/motionpackage:/opt/ros/humble LD_LIBRARY_PATH=/home/iclab/Desktop/ros2/src/install/tku_msgs/lib:${LD_LIBRARY_PATH} PYTHONPATH=/home/iclab/Desktop/ros2/src/install/tku_msgs/local/lib/python3.10/dist-packages:${PYTHONPATH} /usr/bin/cmake --build /home/iclab/Desktop/ros2/src/build/usb_cam -- -j8 -l8
[10.624s] Invoking command in '/home/iclab/Desktop/ros2/src/build/usb_cam': AMENT_PREFIX_PATH=/home/iclab/Desktop/ros2/src/install/tku_msgs:${AMENT_PREFIX_PATH} BYOBU_DATE=%Y-%m-%d CMAKE_PREFIX_PATH=/home/iclab/Desktop/ros2/src/install/tku_msgs:/home/iclab/Desktop/ros2/install/web_video_server:/home/iclab/Desktop/ros2/install/usb_cam:/home/iclab/Desktop/ros2/install/tku_msgs:/home/iclab/Desktop/ros2/install/serial:/home/iclab/Desktop/ros2/install/tku_libs:/home/iclab/Desktop/ros2/install/motionpackage:/opt/ros/humble LD_LIBRARY_PATH=/home/iclab/Desktop/ros2/src/install/tku_msgs/lib:${LD_LIBRARY_PATH} PYTHONPATH=/home/iclab/Desktop/ros2/src/install/tku_msgs/local/lib/python3.10/dist-packages:${PYTHONPATH} /usr/bin/cmake --install /home/iclab/Desktop/ros2/src/build/usb_cam
[10.630s] -- Install configuration: ""
[10.630s] -- Installing: /home/iclab/Desktop/ros2/src/install/usb_cam/share/usb_cam/environment/library_path.dsv
[10.630s] -- Installing: /home/iclab/Desktop/ros2/src/install/usb_cam/lib/usb_cam/usb_cam_node_exe
[10.631s] -- Set runtime path of "/home/iclab/Desktop/ros2/src/install/usb_cam/lib/usb_cam/usb_cam_node_exe" to ""
[10.631s] -- Up-to-date: /home/iclab/Desktop/ros2/src/install/usb_cam/lib/usb_cam/show_image.py
[10.631s] -- Installing: /home/iclab/Desktop/ros2/src/install/usb_cam/lib/libusb_cam.so
[10.631s] -- Installing: /home/iclab/Desktop/ros2/src/install/usb_cam/lib/libusb_cam_node.so
[10.637s] -- Set runtime path of "/home/iclab/Desktop/ros2/src/install/usb_cam/lib/libusb_cam_node.so" to ""
[10.637s] -- Up-to-date: /home/iclab/Desktop/ros2/src/install/usb_cam/include
[10.637s] -- Up-to-date: /home/iclab/Desktop/ros2/src/install/usb_cam/include/usb_cam
[10.637s] -- Installing: /home/iclab/Desktop/ros2/src/install/usb_cam/include/usb_cam/tool.hpp
[10.637s] -- Installing: /home/iclab/Desktop/ros2/src/install/usb_cam/include/usb_cam/tdataunit.hpp
[10.637s] -- Up-to-date: /home/iclab/Desktop/ros2/src/install/usb_cam/include/usb_cam/conversions.hpp
[10.637s] -- Up-to-date: /home/iclab/Desktop/ros2/src/install/usb_cam/include/usb_cam/usb_cam.hpp
[10.637s] -- Up-to-date: /home/iclab/Desktop/ros2/src/install/usb_cam/include/usb_cam/formats
[10.637s] -- Up-to-date: /home/iclab/Desktop/ros2/src/install/usb_cam/include/usb_cam/formats/mjpeg.hpp
[10.637s] -- Up-to-date: /home/iclab/Desktop/ros2/src/install/usb_cam/include/usb_cam/formats/pixel_format_base.hpp
[10.637s] -- Up-to-date: /home/iclab/Desktop/ros2/src/install/usb_cam/include/usb_cam/formats/uyvy.hpp
[10.637s] -- Up-to-date: /home/iclab/Desktop/ros2/src/install/usb_cam/include/usb_cam/formats/yuyv.hpp
[10.637s] -- Up-to-date: /home/iclab/Desktop/ros2/src/install/usb_cam/include/usb_cam/formats/mono.hpp
[10.637s] -- Up-to-date: /home/iclab/Desktop/ros2/src/install/usb_cam/include/usb_cam/formats/rgb.hpp
[10.637s] -- Up-to-date: /home/iclab/Desktop/ros2/src/install/usb_cam/include/usb_cam/formats/m420.hpp
[10.637s] -- Up-to-date: /home/iclab/Desktop/ros2/src/install/usb_cam/include/usb_cam/formats/utils.hpp
[10.637s] -- Installing: /home/iclab/Desktop/ros2/src/install/usb_cam/include/usb_cam/usb_cam_node.hpp
[10.638s] -- Up-to-date: /home/iclab/Desktop/ros2/src/install/usb_cam/include/usb_cam/utils.hpp
[10.638s] -- Up-to-date: /home/iclab/Desktop/ros2/src/install/usb_cam/include/usb_cam/constants.hpp
[10.638s] -- Up-to-date: /home/iclab/Desktop/ros2/src/install/usb_cam/lib/libusb_cam_node.so
[10.638s] -- Up-to-date: /home/iclab/Desktop/ros2/src/install/usb_cam/share/usb_cam/launch
[10.638s] -- Up-to-date: /home/iclab/Desktop/ros2/src/install/usb_cam/share/usb_cam/launch/camera_config.py
[10.638s] -- Up-to-date: /home/iclab/Desktop/ros2/src/install/usb_cam/share/usb_cam/launch/camera.launch.py
[10.638s] -- Up-to-date: /home/iclab/Desktop/ros2/src/install/usb_cam/share/usb_cam/launch/__init__.py
[10.638s] -- Up-to-date: /home/iclab/Desktop/ros2/src/install/usb_cam/share/usb_cam/config
[10.638s] -- Up-to-date: /home/iclab/Desktop/ros2/src/install/usb_cam/share/usb_cam/config/camera_info.yaml
[10.638s] -- Installing: /home/iclab/Desktop/ros2/src/install/usb_cam/share/usb_cam/config/params_2.yaml
[10.638s] -- Installing: /home/iclab/Desktop/ros2/src/install/usb_cam/share/usb_cam/config/params_1.yaml
[10.638s] -- Installing: /home/iclab/Desktop/ros2/src/install/usb_cam/share/ament_index/resource_index/package_run_dependencies/usb_cam
[10.638s] -- Installing: /home/iclab/Desktop/ros2/src/install/usb_cam/share/ament_index/resource_index/parent_prefix_path/usb_cam
[10.638s] -- Installing: /home/iclab/Desktop/ros2/src/install/usb_cam/share/usb_cam/environment/ament_prefix_path.dsv
[10.638s] -- Installing: /home/iclab/Desktop/ros2/src/install/usb_cam/share/usb_cam/environment/path.dsv
[10.638s] -- Installing: /home/iclab/Desktop/ros2/src/install/usb_cam/share/usb_cam/local_setup.bash
[10.638s] -- Installing: /home/iclab/Desktop/ros2/src/install/usb_cam/share/usb_cam/local_setup.sh
[10.638s] -- Installing: /home/iclab/Desktop/ros2/src/install/usb_cam/share/usb_cam/local_setup.zsh
[10.638s] -- Installing: /home/iclab/Desktop/ros2/src/install/usb_cam/share/usb_cam/local_setup.dsv
[10.639s] -- Installing: /home/iclab/Desktop/ros2/src/install/usb_cam/share/usb_cam/package.dsv
[10.639s] -- Installing: /home/iclab/Desktop/ros2/src/install/usb_cam/share/ament_index/resource_index/packages/usb_cam
[10.639s] -- Installing: /home/iclab/Desktop/ros2/src/install/usb_cam/share/ament_index/resource_index/rclcpp_components/usb_cam
[10.639s] -- Installing: /home/iclab/Desktop/ros2/src/install/usb_cam/share/usb_cam/cmake/ament_cmake_export_libraries-extras.cmake
[10.639s] -- Installing: /home/iclab/Desktop/ros2/src/install/usb_cam/share/usb_cam/cmake/ament_cmake_export_dependencies-extras.cmake
[10.639s] -- Installing: /home/iclab/Desktop/ros2/src/install/usb_cam/share/usb_cam/cmake/ament_cmake_export_include_directories-extras.cmake
[10.639s] -- Installing: /home/iclab/Desktop/ros2/src/install/usb_cam/share/usb_cam/cmake/usb_camConfig.cmake
[10.639s] -- Installing: /home/iclab/Desktop/ros2/src/install/usb_cam/share/usb_cam/cmake/usb_camConfig-version.cmake
[10.639s] -- Installing: /home/iclab/Desktop/ros2/src/install/usb_cam/share/usb_cam/package.xml
[10.641s] Invoked command in '/home/iclab/Desktop/ros2/src/build/usb_cam' returned '0': AMENT_PREFIX_PATH=/home/iclab/Desktop/ros2/src/install/tku_msgs:${AMENT_PREFIX_PATH} BYOBU_DATE=%Y-%m-%d CMAKE_PREFIX_PATH=/home/iclab/Desktop/ros2/src/install/tku_msgs:/home/iclab/Desktop/ros2/install/web_video_server:/home/iclab/Desktop/ros2/install/usb_cam:/home/iclab/Desktop/ros2/install/tku_msgs:/home/iclab/Desktop/ros2/install/serial:/home/iclab/Desktop/ros2/install/tku_libs:/home/iclab/Desktop/ros2/install/motionpackage:/opt/ros/humble LD_LIBRARY_PATH=/home/iclab/Desktop/ros2/src/install/tku_msgs/lib:${LD_LIBRARY_PATH} PYTHONPATH=/home/iclab/Desktop/ros2/src/install/tku_msgs/local/lib/python3.10/dist-packages:${PYTHONPATH} /usr/bin/cmake --install /home/iclab/Desktop/ros2/src/build/usb_cam
