[0.653s] DEBUG:colcon:Command line arguments: ['/usr/bin/colcon', 'build', '--symlink-install']
[0.653s] DEBUG:colcon:Parsed command line arguments: Namespace(log_base=None, log_level=None, verb_name='build', build_base='build', install_base='install', merge_install=False, symlink_install=True, test_result_base=None, continue_on_error=False, executor='parallel', parallel_workers=8, event_handlers=None, ignore_user_meta=False, metas=['./colcon.meta'], base_paths=['.'], packages_ignore=None, packages_ignore_regex=None, paths=None, packages_up_to=None, packages_up_to_regex=None, packages_above=None, packages_above_and_dependencies=None, packages_above_depth=None, packages_select_by_dep=None, packages_skip_by_dep=None, packages_skip_up_to=None, packages_select_build_failed=False, packages_skip_build_finished=False, packages_select_test_failures=False, packages_skip_test_passed=False, packages_select=None, packages_skip=None, packages_select_regex=None, packages_skip_regex=None, packages_start=None, packages_end=None, allow_overriding=[], cmake_args=None, cmake_target=None, cmake_target_skip_unavailable=False, cmake_clean_cache=False, cmake_clean_first=False, cmake_force_configure=False, ament_cmake_args=None, catkin_cmake_args=None, catkin_skip_building_tests=False, verb_parser=<colcon_defaults.argument_parser.defaults.DefaultArgumentsDecorator object at 0x7f7ec2d9ea70>, verb_extension=<colcon_core.verb.build.BuildVerb object at 0x7f7ec31d7700>, main=<bound method BuildVerb.main of <colcon_core.verb.build.BuildVerb object at 0x7f7ec31d7700>>)
[0.681s] Level 1:colcon.colcon_core.package_discovery:discover_packages(colcon_meta) check parameters
[0.681s] Level 1:colcon.colcon_core.package_discovery:discover_packages(recursive) check parameters
[0.682s] Level 1:colcon.colcon_core.package_discovery:discover_packages(ignore) check parameters
[0.682s] Level 1:colcon.colcon_core.package_discovery:discover_packages(path) check parameters
[0.682s] Level 1:colcon.colcon_core.package_discovery:discover_packages(colcon_meta) discover
[0.682s] Level 1:colcon.colcon_core.package_discovery:discover_packages(recursive) discover
[0.682s] INFO:colcon.colcon_core.package_discovery:Crawling recursively for packages in '/home/iclab/python/src'
[0.682s] Level 1:colcon.colcon_core.package_identification:_identify(.) by extensions ['ignore', 'ignore_ament_install']
[0.682s] Level 1:colcon.colcon_core.package_identification:_identify(.) by extension 'ignore'
[0.682s] Level 1:colcon.colcon_core.package_identification:_identify(.) by extension 'ignore_ament_install'
[0.682s] Level 1:colcon.colcon_core.package_identification:_identify(.) by extensions ['colcon_pkg']
[0.682s] Level 1:colcon.colcon_core.package_identification:_identify(.) by extension 'colcon_pkg'
[0.682s] Level 1:colcon.colcon_core.package_identification:_identify(.) by extensions ['colcon_meta']
[0.682s] Level 1:colcon.colcon_core.package_identification:_identify(.) by extension 'colcon_meta'
[0.682s] Level 1:colcon.colcon_core.package_identification:_identify(.) by extensions ['ros']
[0.682s] Level 1:colcon.colcon_core.package_identification:_identify(.) by extension 'ros'
[0.688s] Level 1:colcon.colcon_core.package_identification:_identify(.) by extensions ['cmake', 'python']
[0.688s] Level 1:colcon.colcon_core.package_identification:_identify(.) by extension 'cmake'
[0.688s] Level 1:colcon.colcon_core.package_identification:_identify(.) by extension 'python'
[0.688s] Level 1:colcon.colcon_core.package_identification:_identify(.) by extensions ['python_setup_py']
[0.689s] Level 1:colcon.colcon_core.package_identification:_identify(.) by extension 'python_setup_py'
[0.689s] Level 1:colcon.colcon_core.package_identification:_identify(build) by extensions ['ignore', 'ignore_ament_install']
[0.689s] Level 1:colcon.colcon_core.package_identification:_identify(build) by extension 'ignore'
[0.689s] Level 1:colcon.colcon_core.package_identification:_identify(build) ignored
[0.689s] Level 1:colcon.colcon_core.package_identification:_identify(install) by extensions ['ignore', 'ignore_ament_install']
[0.689s] Level 1:colcon.colcon_core.package_identification:_identify(install) by extension 'ignore'
[0.689s] Level 1:colcon.colcon_core.package_identification:_identify(install) ignored
[0.689s] Level 1:colcon.colcon_core.package_identification:_identify(log) by extensions ['ignore', 'ignore_ament_install']
[0.689s] Level 1:colcon.colcon_core.package_identification:_identify(log) by extension 'ignore'
[0.689s] Level 1:colcon.colcon_core.package_identification:_identify(log) ignored
[0.689s] Level 1:colcon.colcon_core.package_identification:_identify(usb_cam) by extensions ['ignore', 'ignore_ament_install']
[0.689s] Level 1:colcon.colcon_core.package_identification:_identify(usb_cam) by extension 'ignore'
[0.689s] Level 1:colcon.colcon_core.package_identification:_identify(usb_cam) by extension 'ignore_ament_install'
[0.689s] Level 1:colcon.colcon_core.package_identification:_identify(usb_cam) by extensions ['colcon_pkg']
[0.689s] Level 1:colcon.colcon_core.package_identification:_identify(usb_cam) by extension 'colcon_pkg'
[0.689s] Level 1:colcon.colcon_core.package_identification:_identify(usb_cam) by extensions ['colcon_meta']
[0.689s] Level 1:colcon.colcon_core.package_identification:_identify(usb_cam) by extension 'colcon_meta'
[0.689s] Level 1:colcon.colcon_core.package_identification:_identify(usb_cam) by extensions ['ros']
[0.689s] Level 1:colcon.colcon_core.package_identification:_identify(usb_cam) by extension 'ros'
[0.691s] DEBUG:colcon.colcon_core.package_identification:Package 'usb_cam' with type 'ros.ament_cmake' and name 'usb_cam'
[0.691s] Level 1:colcon.colcon_core.package_identification:_identify(web_video_server) by extensions ['ignore', 'ignore_ament_install']
[0.691s] Level 1:colcon.colcon_core.package_identification:_identify(web_video_server) by extension 'ignore'
[0.691s] Level 1:colcon.colcon_core.package_identification:_identify(web_video_server) by extension 'ignore_ament_install'
[0.691s] Level 1:colcon.colcon_core.package_identification:_identify(web_video_server) by extensions ['colcon_pkg']
[0.691s] Level 1:colcon.colcon_core.package_identification:_identify(web_video_server) by extension 'colcon_pkg'
[0.691s] Level 1:colcon.colcon_core.package_identification:_identify(web_video_server) by extensions ['colcon_meta']
[0.691s] Level 1:colcon.colcon_core.package_identification:_identify(web_video_server) by extension 'colcon_meta'
[0.691s] Level 1:colcon.colcon_core.package_identification:_identify(web_video_server) by extensions ['ros']
[0.691s] Level 1:colcon.colcon_core.package_identification:_identify(web_video_server) by extension 'ros'
[0.692s] DEBUG:colcon.colcon_core.package_identification:Package 'web_video_server' with type 'ros.ament_cmake' and name 'web_video_server'
[0.692s] Level 1:colcon.colcon_core.package_discovery:discover_packages(recursive) using defaults
[0.692s] Level 1:colcon.colcon_core.package_discovery:discover_packages(ignore) discover
[0.692s] Level 1:colcon.colcon_core.package_discovery:discover_packages(ignore) using defaults
[0.692s] Level 1:colcon.colcon_core.package_discovery:discover_packages(path) discover
[0.692s] Level 1:colcon.colcon_core.package_discovery:discover_packages(path) using defaults
[0.757s] Level 1:colcon.colcon_core.package_discovery:discover_packages(prefix_path) check parameters
[0.758s] Level 1:colcon.colcon_core.package_discovery:discover_packages(prefix_path) discover
[0.777s] DEBUG:colcon.colcon_installed_package_information.package_discovery:Found 1 installed packages in /home/iclab/python/install
[0.787s] DEBUG:colcon.colcon_installed_package_information.package_discovery:Found 329 installed packages in /opt/ros/humble
[0.788s] Level 1:colcon.colcon_core.package_discovery:discover_packages(prefix_path) using defaults
[0.849s] Level 5:colcon.colcon_core.verb:set package 'usb_cam' build argument 'cmake_args' from command line to 'None'
[0.849s] Level 5:colcon.colcon_core.verb:set package 'usb_cam' build argument 'cmake_target' from command line to 'None'
[0.849s] Level 5:colcon.colcon_core.verb:set package 'usb_cam' build argument 'cmake_target_skip_unavailable' from command line to 'False'
[0.849s] Level 5:colcon.colcon_core.verb:set package 'usb_cam' build argument 'cmake_clean_cache' from command line to 'False'
[0.849s] Level 5:colcon.colcon_core.verb:set package 'usb_cam' build argument 'cmake_clean_first' from command line to 'False'
[0.849s] Level 5:colcon.colcon_core.verb:set package 'usb_cam' build argument 'cmake_force_configure' from command line to 'False'
[0.849s] Level 5:colcon.colcon_core.verb:set package 'usb_cam' build argument 'ament_cmake_args' from command line to 'None'
[0.849s] Level 5:colcon.colcon_core.verb:set package 'usb_cam' build argument 'catkin_cmake_args' from command line to 'None'
[0.849s] Level 5:colcon.colcon_core.verb:set package 'usb_cam' build argument 'catkin_skip_building_tests' from command line to 'False'
[0.849s] DEBUG:colcon.colcon_core.verb:Building package 'usb_cam' with the following arguments: {'ament_cmake_args': None, 'build_base': '/home/iclab/python/src/build/usb_cam', 'catkin_cmake_args': None, 'catkin_skip_building_tests': False, 'cmake_args': None, 'cmake_clean_cache': False, 'cmake_clean_first': False, 'cmake_force_configure': False, 'cmake_target': None, 'cmake_target_skip_unavailable': False, 'install_base': '/home/iclab/python/src/install/usb_cam', 'merge_install': False, 'path': '/home/iclab/python/src/usb_cam', 'symlink_install': True, 'test_result_base': None}
[0.858s] Level 5:colcon.colcon_core.verb:set package 'web_video_server' build argument 'cmake_args' from command line to 'None'
[0.858s] Level 5:colcon.colcon_core.verb:set package 'web_video_server' build argument 'cmake_target' from command line to 'None'
[0.858s] Level 5:colcon.colcon_core.verb:set package 'web_video_server' build argument 'cmake_target_skip_unavailable' from command line to 'False'
[0.858s] Level 5:colcon.colcon_core.verb:set package 'web_video_server' build argument 'cmake_clean_cache' from command line to 'False'
[0.858s] Level 5:colcon.colcon_core.verb:set package 'web_video_server' build argument 'cmake_clean_first' from command line to 'False'
[0.858s] Level 5:colcon.colcon_core.verb:set package 'web_video_server' build argument 'cmake_force_configure' from command line to 'False'
[0.858s] Level 5:colcon.colcon_core.verb:set package 'web_video_server' build argument 'ament_cmake_args' from command line to 'None'
[0.859s] Level 5:colcon.colcon_core.verb:set package 'web_video_server' build argument 'catkin_cmake_args' from command line to 'None'
[0.859s] Level 5:colcon.colcon_core.verb:set package 'web_video_server' build argument 'catkin_skip_building_tests' from command line to 'False'
[0.859s] DEBUG:colcon.colcon_core.verb:Building package 'web_video_server' with the following arguments: {'ament_cmake_args': None, 'build_base': '/home/iclab/python/src/build/web_video_server', 'catkin_cmake_args': None, 'catkin_skip_building_tests': False, 'cmake_args': None, 'cmake_clean_cache': False, 'cmake_clean_first': False, 'cmake_force_configure': False, 'cmake_target': None, 'cmake_target_skip_unavailable': False, 'install_base': '/home/iclab/python/src/install/web_video_server', 'merge_install': False, 'path': '/home/iclab/python/src/web_video_server', 'symlink_install': True, 'test_result_base': None}
[0.868s] INFO:colcon.colcon_core.executor:Executing jobs using 'parallel' executor
[0.878s] DEBUG:colcon.colcon_parallel_executor.executor.parallel:run_until_complete
[0.878s] INFO:colcon.colcon_ros.task.ament_cmake.build:Building ROS package in '/home/iclab/python/src/usb_cam' with build type 'ament_cmake'
[0.878s] INFO:colcon.colcon_cmake.task.cmake.build:Building CMake package in '/home/iclab/python/src/usb_cam'
[0.888s] INFO:colcon.colcon_core.plugin_system:Skipping extension 'colcon_core.shell.bat': Not used on non-Windows systems
[0.888s] INFO:colcon.colcon_core.shell:Skip shell extension 'powershell' for command environment: Not usable outside of PowerShell
[0.888s] DEBUG:colcon.colcon_core.shell:Skip shell extension 'dsv' for command environment
[0.919s] INFO:colcon.colcon_ros.task.ament_cmake.build:Building ROS package in '/home/iclab/python/src/web_video_server' with build type 'ament_cmake'
[0.919s] INFO:colcon.colcon_cmake.task.cmake.build:Building CMake package in '/home/iclab/python/src/web_video_server'
[0.929s] INFO:colcon.colcon_core.shell:Skip shell extension 'powershell' for command environment: Not usable outside of PowerShell
[0.929s] DEBUG:colcon.colcon_core.shell:Skip shell extension 'dsv' for command environment
[0.961s] DEBUG:colcon.colcon_core.event_handler.log_command:Invoking command in '/home/iclab/python/src/build/usb_cam': CMAKE_PREFIX_PATH=${CMAKE_PREFIX_PATH}:/opt/ros/humble /usr/bin/cmake /home/iclab/python/src/usb_cam -DAMENT_CMAKE_SYMLINK_INSTALL=1 -DCMAKE_INSTALL_PREFIX=/home/iclab/python/src/install/usb_cam
[0.963s] DEBUG:colcon.colcon_core.event_handler.log_command:Invoking command in '/home/iclab/python/src/build/web_video_server': CMAKE_PREFIX_PATH=${CMAKE_PREFIX_PATH}:/opt/ros/humble /usr/bin/cmake /home/iclab/python/src/web_video_server -DAMENT_CMAKE_SYMLINK_INSTALL=1 -DCMAKE_INSTALL_PREFIX=/home/iclab/python/src/install/web_video_server
[2.077s] DEBUG:colcon.colcon_core.event_handler.log_command:Invoked command in '/home/iclab/python/src/build/web_video_server' returned '0': CMAKE_PREFIX_PATH=${CMAKE_PREFIX_PATH}:/opt/ros/humble /usr/bin/cmake /home/iclab/python/src/web_video_server -DAMENT_CMAKE_SYMLINK_INSTALL=1 -DCMAKE_INSTALL_PREFIX=/home/iclab/python/src/install/web_video_server
[2.079s] DEBUG:colcon.colcon_core.event_handler.log_command:Invoking command in '/home/iclab/python/src/build/web_video_server': CMAKE_PREFIX_PATH=${CMAKE_PREFIX_PATH}:/opt/ros/humble /usr/bin/cmake --build /home/iclab/python/src/build/web_video_server -- -j8 -l8
[2.237s] DEBUG:colcon.colcon_core.event_handler.log_command:Invoked command in '/home/iclab/python/src/build/usb_cam' returned '0': CMAKE_PREFIX_PATH=${CMAKE_PREFIX_PATH}:/opt/ros/humble /usr/bin/cmake /home/iclab/python/src/usb_cam -DAMENT_CMAKE_SYMLINK_INSTALL=1 -DCMAKE_INSTALL_PREFIX=/home/iclab/python/src/install/usb_cam
[2.237s] DEBUG:colcon.colcon_core.event_handler.log_command:Invoking command in '/home/iclab/python/src/build/usb_cam': CMAKE_PREFIX_PATH=${CMAKE_PREFIX_PATH}:/opt/ros/humble /usr/bin/cmake --build /home/iclab/python/src/build/usb_cam -- -j8 -l8
[13.389s] DEBUG:colcon.colcon_core.event_handler.log_command:Invoked command in '/home/iclab/python/src/build/usb_cam' returned '0': CMAKE_PREFIX_PATH=${CMAKE_PREFIX_PATH}:/opt/ros/humble /usr/bin/cmake --build /home/iclab/python/src/build/usb_cam -- -j8 -l8
[13.435s] DEBUG:colcon.colcon_core.event_handler.log_command:Invoking command in '/home/iclab/python/src/build/usb_cam': CMAKE_PREFIX_PATH=${CMAKE_PREFIX_PATH}:/opt/ros/humble /usr/bin/cmake --install /home/iclab/python/src/build/usb_cam
[13.866s] Level 1:colcon.colcon_core.environment:create_environment_scripts_only(usb_cam)
[13.867s] DEBUG:colcon.colcon_core.event_handler.log_command:Invoked command in '/home/iclab/python/src/build/usb_cam' returned '0': CMAKE_PREFIX_PATH=${CMAKE_PREFIX_PATH}:/opt/ros/humble /usr/bin/cmake --install /home/iclab/python/src/build/usb_cam
[13.921s] Level 1:colcon.colcon_core.environment:checking '/home/iclab/python/src/install/usb_cam' for CMake module files
[13.921s] Level 1:colcon.colcon_core.environment:checking '/home/iclab/python/src/install/usb_cam' for CMake config files
[13.922s] Level 1:colcon.colcon_core.shell:create_environment_hook('usb_cam', 'cmake_prefix_path')
[13.944s] INFO:colcon.colcon_core.shell:Creating environment hook '/home/iclab/python/src/install/usb_cam/share/usb_cam/hook/cmake_prefix_path.ps1'
[13.945s] INFO:colcon.colcon_core.shell:Creating environment descriptor '/home/iclab/python/src/install/usb_cam/share/usb_cam/hook/cmake_prefix_path.dsv'
[13.945s] INFO:colcon.colcon_core.shell:Creating environment hook '/home/iclab/python/src/install/usb_cam/share/usb_cam/hook/cmake_prefix_path.sh'
[13.946s] Level 1:colcon.colcon_core.environment:checking '/home/iclab/python/src/install/usb_cam/lib'
[13.947s] Level 1:colcon.colcon_core.shell:create_environment_hook('usb_cam', 'ld_library_path_lib')
[13.969s] INFO:colcon.colcon_core.shell:Creating environment hook '/home/iclab/python/src/install/usb_cam/share/usb_cam/hook/ld_library_path_lib.ps1'
[13.970s] INFO:colcon.colcon_core.shell:Creating environment descriptor '/home/iclab/python/src/install/usb_cam/share/usb_cam/hook/ld_library_path_lib.dsv'
[13.970s] INFO:colcon.colcon_core.shell:Creating environment hook '/home/iclab/python/src/install/usb_cam/share/usb_cam/hook/ld_library_path_lib.sh'
[13.970s] Level 1:colcon.colcon_core.environment:checking '/home/iclab/python/src/install/usb_cam/bin'
[13.970s] Level 1:colcon.colcon_core.environment:checking '/home/iclab/python/src/install/usb_cam/lib/pkgconfig/usb_cam.pc'
[13.971s] Level 1:colcon.colcon_core.environment:checking '/home/iclab/python/src/install/usb_cam/lib/python3.10/site-packages'
[13.971s] Level 1:colcon.colcon_core.environment:checking '/home/iclab/python/src/install/usb_cam/bin'
[13.992s] INFO:colcon.colcon_core.shell:Creating package script '/home/iclab/python/src/install/usb_cam/share/usb_cam/package.ps1'
[13.993s] INFO:colcon.colcon_core.shell:Creating package descriptor '/home/iclab/python/src/install/usb_cam/share/usb_cam/package.dsv'
[13.994s] INFO:colcon.colcon_core.shell:Creating package script '/home/iclab/python/src/install/usb_cam/share/usb_cam/package.sh'
[13.994s] INFO:colcon.colcon_core.shell:Creating package script '/home/iclab/python/src/install/usb_cam/share/usb_cam/package.bash'
[13.995s] INFO:colcon.colcon_core.shell:Creating package script '/home/iclab/python/src/install/usb_cam/share/usb_cam/package.zsh'
[13.996s] Level 1:colcon.colcon_core.environment:create_file_with_runtime_dependencies(/home/iclab/python/src/install/usb_cam/share/colcon-core/packages/usb_cam)
[14.038s] Level 1:colcon.colcon_core.environment:create_environment_scripts_only(usb_cam)
[14.056s] Level 1:colcon.colcon_core.environment:checking '/home/iclab/python/src/install/usb_cam' for CMake module files
[14.057s] Level 1:colcon.colcon_core.environment:checking '/home/iclab/python/src/install/usb_cam' for CMake config files
[14.057s] Level 1:colcon.colcon_core.shell:create_environment_hook('usb_cam', 'cmake_prefix_path')
[14.071s] INFO:colcon.colcon_core.shell:Creating environment hook '/home/iclab/python/src/install/usb_cam/share/usb_cam/hook/cmake_prefix_path.ps1'
[14.071s] INFO:colcon.colcon_core.shell:Creating environment descriptor '/home/iclab/python/src/install/usb_cam/share/usb_cam/hook/cmake_prefix_path.dsv'
[14.071s] INFO:colcon.colcon_core.shell:Creating environment hook '/home/iclab/python/src/install/usb_cam/share/usb_cam/hook/cmake_prefix_path.sh'
[14.072s] Level 1:colcon.colcon_core.environment:checking '/home/iclab/python/src/install/usb_cam/lib'
[14.072s] Level 1:colcon.colcon_core.shell:create_environment_hook('usb_cam', 'ld_library_path_lib')
[14.083s] INFO:colcon.colcon_core.shell:Creating environment hook '/home/iclab/python/src/install/usb_cam/share/usb_cam/hook/ld_library_path_lib.ps1'
[14.083s] INFO:colcon.colcon_core.shell:Creating environment descriptor '/home/iclab/python/src/install/usb_cam/share/usb_cam/hook/ld_library_path_lib.dsv'
[14.083s] INFO:colcon.colcon_core.shell:Creating environment hook '/home/iclab/python/src/install/usb_cam/share/usb_cam/hook/ld_library_path_lib.sh'
[14.083s] Level 1:colcon.colcon_core.environment:checking '/home/iclab/python/src/install/usb_cam/bin'
[14.083s] Level 1:colcon.colcon_core.environment:checking '/home/iclab/python/src/install/usb_cam/lib/pkgconfig/usb_cam.pc'
[14.084s] Level 1:colcon.colcon_core.environment:checking '/home/iclab/python/src/install/usb_cam/lib/python3.10/site-packages'
[14.084s] Level 1:colcon.colcon_core.environment:checking '/home/iclab/python/src/install/usb_cam/bin'
[14.095s] INFO:colcon.colcon_core.shell:Creating package script '/home/iclab/python/src/install/usb_cam/share/usb_cam/package.ps1'
[14.095s] INFO:colcon.colcon_core.shell:Creating package descriptor '/home/iclab/python/src/install/usb_cam/share/usb_cam/package.dsv'
[14.096s] INFO:colcon.colcon_core.shell:Creating package script '/home/iclab/python/src/install/usb_cam/share/usb_cam/package.sh'
[14.096s] INFO:colcon.colcon_core.shell:Creating package script '/home/iclab/python/src/install/usb_cam/share/usb_cam/package.bash'
[14.096s] INFO:colcon.colcon_core.shell:Creating package script '/home/iclab/python/src/install/usb_cam/share/usb_cam/package.zsh'
[14.096s] Level 1:colcon.colcon_core.environment:create_file_with_runtime_dependencies(/home/iclab/python/src/install/usb_cam/share/colcon-core/packages/usb_cam)
[18.153s] DEBUG:colcon.colcon_core.event_handler.log_command:Invoked command in '/home/iclab/python/src/build/web_video_server' returned '0': CMAKE_PREFIX_PATH=${CMAKE_PREFIX_PATH}:/opt/ros/humble /usr/bin/cmake --build /home/iclab/python/src/build/web_video_server -- -j8 -l8
[18.193s] DEBUG:colcon.colcon_core.event_handler.log_command:Invoking command in '/home/iclab/python/src/build/web_video_server': CMAKE_PREFIX_PATH=${CMAKE_PREFIX_PATH}:/opt/ros/humble /usr/bin/cmake --install /home/iclab/python/src/build/web_video_server
[18.296s] Level 1:colcon.colcon_core.environment:create_environment_scripts_only(web_video_server)
[18.296s] DEBUG:colcon.colcon_core.event_handler.log_command:Invoked command in '/home/iclab/python/src/build/web_video_server' returned '0': CMAKE_PREFIX_PATH=${CMAKE_PREFIX_PATH}:/opt/ros/humble /usr/bin/cmake --install /home/iclab/python/src/build/web_video_server
[18.306s] Level 1:colcon.colcon_core.environment:checking '/home/iclab/python/src/install/web_video_server' for CMake module files
[18.306s] Level 1:colcon.colcon_core.environment:checking '/home/iclab/python/src/install/web_video_server' for CMake config files
[18.306s] Level 1:colcon.colcon_core.shell:create_environment_hook('web_video_server', 'cmake_prefix_path')
[18.316s] INFO:colcon.colcon_core.shell:Creating environment hook '/home/iclab/python/src/install/web_video_server/share/web_video_server/hook/cmake_prefix_path.ps1'
[18.316s] INFO:colcon.colcon_core.shell:Creating environment descriptor '/home/iclab/python/src/install/web_video_server/share/web_video_server/hook/cmake_prefix_path.dsv'
[18.316s] INFO:colcon.colcon_core.shell:Creating environment hook '/home/iclab/python/src/install/web_video_server/share/web_video_server/hook/cmake_prefix_path.sh'
[18.316s] Level 1:colcon.colcon_core.environment:checking '/home/iclab/python/src/install/web_video_server/lib'
[18.316s] Level 1:colcon.colcon_core.environment:checking '/home/iclab/python/src/install/web_video_server/bin'
[18.316s] Level 1:colcon.colcon_core.environment:checking '/home/iclab/python/src/install/web_video_server/lib/pkgconfig/web_video_server.pc'
[18.316s] Level 1:colcon.colcon_core.environment:checking '/home/iclab/python/src/install/web_video_server/lib/python3.10/site-packages'
[18.317s] Level 1:colcon.colcon_core.environment:checking '/home/iclab/python/src/install/web_video_server/bin'
[18.326s] INFO:colcon.colcon_core.shell:Creating package script '/home/iclab/python/src/install/web_video_server/share/web_video_server/package.ps1'
[18.326s] INFO:colcon.colcon_core.shell:Creating package descriptor '/home/iclab/python/src/install/web_video_server/share/web_video_server/package.dsv'
[18.326s] INFO:colcon.colcon_core.shell:Creating package script '/home/iclab/python/src/install/web_video_server/share/web_video_server/package.sh'
[18.326s] INFO:colcon.colcon_core.shell:Creating package script '/home/iclab/python/src/install/web_video_server/share/web_video_server/package.bash'
[18.326s] INFO:colcon.colcon_core.shell:Creating package script '/home/iclab/python/src/install/web_video_server/share/web_video_server/package.zsh'
[18.327s] Level 1:colcon.colcon_core.environment:create_file_with_runtime_dependencies(/home/iclab/python/src/install/web_video_server/share/colcon-core/packages/web_video_server)
[18.361s] Level 1:colcon.colcon_core.environment:create_environment_scripts_only(web_video_server)
[18.370s] Level 1:colcon.colcon_core.environment:checking '/home/iclab/python/src/install/web_video_server' for CMake module files
[18.370s] Level 1:colcon.colcon_core.environment:checking '/home/iclab/python/src/install/web_video_server' for CMake config files
[18.371s] Level 1:colcon.colcon_core.shell:create_environment_hook('web_video_server', 'cmake_prefix_path')
[18.380s] INFO:colcon.colcon_core.shell:Creating environment hook '/home/iclab/python/src/install/web_video_server/share/web_video_server/hook/cmake_prefix_path.ps1'
[18.381s] INFO:colcon.colcon_core.shell:Creating environment descriptor '/home/iclab/python/src/install/web_video_server/share/web_video_server/hook/cmake_prefix_path.dsv'
[18.381s] INFO:colcon.colcon_core.shell:Creating environment hook '/home/iclab/python/src/install/web_video_server/share/web_video_server/hook/cmake_prefix_path.sh'
[18.381s] Level 1:colcon.colcon_core.environment:checking '/home/iclab/python/src/install/web_video_server/lib'
[18.381s] Level 1:colcon.colcon_core.environment:checking '/home/iclab/python/src/install/web_video_server/bin'
[18.381s] Level 1:colcon.colcon_core.environment:checking '/home/iclab/python/src/install/web_video_server/lib/pkgconfig/web_video_server.pc'
[18.381s] Level 1:colcon.colcon_core.environment:checking '/home/iclab/python/src/install/web_video_server/lib/python3.10/site-packages'
[18.381s] Level 1:colcon.colcon_core.environment:checking '/home/iclab/python/src/install/web_video_server/bin'
[18.391s] INFO:colcon.colcon_core.shell:Creating package script '/home/iclab/python/src/install/web_video_server/share/web_video_server/package.ps1'
[18.392s] INFO:colcon.colcon_core.shell:Creating package descriptor '/home/iclab/python/src/install/web_video_server/share/web_video_server/package.dsv'
[18.392s] INFO:colcon.colcon_core.shell:Creating package script '/home/iclab/python/src/install/web_video_server/share/web_video_server/package.sh'
[18.392s] INFO:colcon.colcon_core.shell:Creating package script '/home/iclab/python/src/install/web_video_server/share/web_video_server/package.bash'
[18.392s] INFO:colcon.colcon_core.shell:Creating package script '/home/iclab/python/src/install/web_video_server/share/web_video_server/package.zsh'
[18.393s] Level 1:colcon.colcon_core.environment:create_file_with_runtime_dependencies(/home/iclab/python/src/install/web_video_server/share/colcon-core/packages/web_video_server)
[18.393s] DEBUG:colcon.colcon_parallel_executor.executor.parallel:closing loop
[18.393s] DEBUG:colcon.colcon_parallel_executor.executor.parallel:loop closed
[18.393s] DEBUG:colcon.colcon_parallel_executor.executor.parallel:run_until_complete finished with '0'
[18.393s] DEBUG:colcon.colcon_core.event_reactor:joining thread
[18.406s] INFO:colcon.colcon_core.plugin_system:Skipping extension 'colcon_notification.desktop_notification.terminal_notifier': Not used on non-Darwin systems
[18.406s] INFO:colcon.colcon_core.plugin_system:Skipping extension 'colcon_notification.desktop_notification.win32': Not used on non-Windows systems
[18.406s] INFO:colcon.colcon_notification.desktop_notification:Sending desktop notification using 'notify2'
[18.416s] DEBUG:colcon.colcon_core.event_reactor:joined thread
[18.426s] INFO:colcon.colcon_core.shell:Creating prefix script '/home/iclab/python/src/install/local_setup.ps1'
[18.427s] INFO:colcon.colcon_core.shell:Creating prefix util module '/home/iclab/python/src/install/_local_setup_util_ps1.py'
[18.428s] INFO:colcon.colcon_core.shell:Creating prefix chain script '/home/iclab/python/src/install/setup.ps1'
[18.438s] INFO:colcon.colcon_core.shell:Creating prefix script '/home/iclab/python/src/install/local_setup.sh'
[18.438s] INFO:colcon.colcon_core.shell:Creating prefix util module '/home/iclab/python/src/install/_local_setup_util_sh.py'
[18.438s] INFO:colcon.colcon_core.shell:Creating prefix chain script '/home/iclab/python/src/install/setup.sh'
[18.449s] INFO:colcon.colcon_core.shell:Creating prefix script '/home/iclab/python/src/install/local_setup.bash'
[18.449s] INFO:colcon.colcon_core.shell:Creating prefix chain script '/home/iclab/python/src/install/setup.bash'
[18.460s] INFO:colcon.colcon_core.shell:Creating prefix script '/home/iclab/python/src/install/local_setup.zsh'
[18.461s] INFO:colcon.colcon_core.shell:Creating prefix chain script '/home/iclab/python/src/install/setup.zsh'
