[0.331s] Invoking command in '/home/iclab/Desktop/ros2/build/usb_cam': BYOBU_DATE=%Y-%m-%d CMAKE_PREFIX_PATH=/home/iclab/Desktop/ros2/install/tku_msgs:/home/iclab/Desktop/ros2/install/web_video_server:/home/iclab/Desktop/ros2/install/usb_cam:/home/iclab/Desktop/ros2/install/serial:/home/iclab/Desktop/ros2/install/tku_libs:/home/iclab/Desktop/ros2/install/motionpackage:/home/iclab/Desktop/ros2/install/imageprocess:/opt/ros/humble LD_LIBRARY_PATH=/home/iclab/Desktop/ros2/install/tku_msgs/lib:/home/iclab/Desktop/ros2/install/usb_cam/lib:/opt/ros/humble/opt/rviz_ogre_vendor/lib:/opt/ros/humble/lib/x86_64-linux-gnu:/opt/ros/humble/lib /usr/bin/cmake --build /home/iclab/Desktop/ros2/build/usb_cam -- -j8 -l8
[0.374s] [ 12%] Built target gtest_main
[0.375s] [ 25%] Built target gtest
[0.376s] [ 31%] [32mBuilding CXX object CMakeFiles/usb_cam.dir/src/usb_cam.cpp.o[0m
[0.379s] [ 43%] Built target usb_cam_node_exe
[1.398s] [ 50%] [32m[1mLinking CXX shared library libusb_cam.so[0m
[1.561s] [ 62%] Built target usb_cam
[1.576s] [ 68%] [32m[1mLinking CXX executable test_usb_cam_utils[0m
[1.577s] [ 75%] [32m[1mLinking CXX executable test_pixel_formats[0m
[1.585s] [ 81%] [32m[1mLinking CXX shared library libusb_cam_node.so[0m
[1.732s] [ 87%] Built target test_usb_cam_utils
[1.746s] [ 93%] Built target test_pixel_formats
[2.151s] [100%] Built target usb_cam_node
[2.159s] Invoked command in '/home/iclab/Desktop/ros2/build/usb_cam' returned '0': BYOBU_DATE=%Y-%m-%d CMAKE_PREFIX_PATH=/home/iclab/Desktop/ros2/install/tku_msgs:/home/iclab/Desktop/ros2/install/web_video_server:/home/iclab/Desktop/ros2/install/usb_cam:/home/iclab/Desktop/ros2/install/serial:/home/iclab/Desktop/ros2/install/tku_libs:/home/iclab/Desktop/ros2/install/motionpackage:/home/iclab/Desktop/ros2/install/imageprocess:/opt/ros/humble LD_LIBRARY_PATH=/home/iclab/Desktop/ros2/install/tku_msgs/lib:/home/iclab/Desktop/ros2/install/usb_cam/lib:/opt/ros/humble/opt/rviz_ogre_vendor/lib:/opt/ros/humble/lib/x86_64-linux-gnu:/opt/ros/humble/lib /usr/bin/cmake --build /home/iclab/Desktop/ros2/build/usb_cam -- -j8 -l8
[2.187s] Invoking command in '/home/iclab/Desktop/ros2/build/usb_cam': BYOBU_DATE=%Y-%m-%d CMAKE_PREFIX_PATH=/home/iclab/Desktop/ros2/install/tku_msgs:/home/iclab/Desktop/ros2/install/web_video_server:/home/iclab/Desktop/ros2/install/usb_cam:/home/iclab/Desktop/ros2/install/serial:/home/iclab/Desktop/ros2/install/tku_libs:/home/iclab/Desktop/ros2/install/motionpackage:/home/iclab/Desktop/ros2/install/imageprocess:/opt/ros/humble LD_LIBRARY_PATH=/home/iclab/Desktop/ros2/install/tku_msgs/lib:/home/iclab/Desktop/ros2/install/usb_cam/lib:/opt/ros/humble/opt/rviz_ogre_vendor/lib:/opt/ros/humble/lib/x86_64-linux-gnu:/opt/ros/humble/lib /usr/bin/cmake --install /home/iclab/Desktop/ros2/build/usb_cam
[2.193s] -- Install configuration: ""
[2.193s] -- Up-to-date: /home/iclab/Desktop/ros2/install/usb_cam/share/usb_cam/environment/library_path.sh
[2.193s] -- Up-to-date: /home/iclab/Desktop/ros2/install/usb_cam/share/usb_cam/environment/library_path.dsv
[2.193s] -- Up-to-date: /home/iclab/Desktop/ros2/install/usb_cam/lib/usb_cam/usb_cam_node_exe
[2.193s] -- Up-to-date: /home/iclab/Desktop/ros2/install/usb_cam/lib/usb_cam/show_image.py
[2.193s] -- Installing: /home/iclab/Desktop/ros2/install/usb_cam/lib/libusb_cam.so
[2.194s] -- Installing: /home/iclab/Desktop/ros2/install/usb_cam/lib/libusb_cam_node.so
[2.201s] -- Set runtime path of "/home/iclab/Desktop/ros2/install/usb_cam/lib/libusb_cam_node.so" to ""
[2.201s] -- Up-to-date: /home/iclab/Desktop/ros2/install/usb_cam/include
[2.201s] -- Up-to-date: /home/iclab/Desktop/ros2/install/usb_cam/include/usb_cam
[2.201s] -- Up-to-date: /home/iclab/Desktop/ros2/install/usb_cam/include/usb_cam/tool.hpp
[2.201s] -- Up-to-date: /home/iclab/Desktop/ros2/install/usb_cam/include/usb_cam/tdataunit.hpp
[2.201s] -- Up-to-date: /home/iclab/Desktop/ros2/install/usb_cam/include/usb_cam/conversions.hpp
[2.201s] -- Up-to-date: /home/iclab/Desktop/ros2/install/usb_cam/include/usb_cam/usb_cam.hpp
[2.201s] -- Up-to-date: /home/iclab/Desktop/ros2/install/usb_cam/include/usb_cam/formats
[2.201s] -- Up-to-date: /home/iclab/Desktop/ros2/install/usb_cam/include/usb_cam/formats/mjpeg.hpp
[2.201s] -- Up-to-date: /home/iclab/Desktop/ros2/install/usb_cam/include/usb_cam/formats/pixel_format_base.hpp
[2.201s] -- Up-to-date: /home/iclab/Desktop/ros2/install/usb_cam/include/usb_cam/formats/uyvy.hpp
[2.201s] -- Up-to-date: /home/iclab/Desktop/ros2/install/usb_cam/include/usb_cam/formats/yuyv.hpp
[2.201s] -- Up-to-date: /home/iclab/Desktop/ros2/install/usb_cam/include/usb_cam/formats/mono.hpp
[2.201s] -- Up-to-date: /home/iclab/Desktop/ros2/install/usb_cam/include/usb_cam/formats/rgb.hpp
[2.201s] -- Up-to-date: /home/iclab/Desktop/ros2/install/usb_cam/include/usb_cam/formats/m420.hpp
[2.202s] -- Up-to-date: /home/iclab/Desktop/ros2/install/usb_cam/include/usb_cam/formats/utils.hpp
[2.202s] -- Up-to-date: /home/iclab/Desktop/ros2/install/usb_cam/include/usb_cam/usb_cam_node.hpp
[2.202s] -- Up-to-date: /home/iclab/Desktop/ros2/install/usb_cam/include/usb_cam/utils.hpp
[2.202s] -- Up-to-date: /home/iclab/Desktop/ros2/install/usb_cam/include/usb_cam/constants.hpp
[2.202s] -- Up-to-date: /home/iclab/Desktop/ros2/install/usb_cam/lib/libusb_cam_node.so
[2.202s] -- Up-to-date: /home/iclab/Desktop/ros2/install/usb_cam/share/usb_cam/launch
[2.202s] -- Up-to-date: /home/iclab/Desktop/ros2/install/usb_cam/share/usb_cam/launch/camera_config.py
[2.202s] -- Up-to-date: /home/iclab/Desktop/ros2/install/usb_cam/share/usb_cam/launch/camera.launch.py
[2.202s] -- Up-to-date: /home/iclab/Desktop/ros2/install/usb_cam/share/usb_cam/launch/__init__.py
[2.202s] -- Up-to-date: /home/iclab/Desktop/ros2/install/usb_cam/share/usb_cam/config
[2.202s] -- Up-to-date: /home/iclab/Desktop/ros2/install/usb_cam/share/usb_cam/config/camera_info.yaml
[2.202s] -- Up-to-date: /home/iclab/Desktop/ros2/install/usb_cam/share/usb_cam/config/params_2.yaml
[2.202s] -- Up-to-date: /home/iclab/Desktop/ros2/install/usb_cam/share/usb_cam/config/params_1.yaml
[2.202s] -- Up-to-date: /home/iclab/Desktop/ros2/install/usb_cam/share/ament_index/resource_index/package_run_dependencies/usb_cam
[2.202s] -- Up-to-date: /home/iclab/Desktop/ros2/install/usb_cam/share/ament_index/resource_index/parent_prefix_path/usb_cam
[2.202s] -- Up-to-date: /home/iclab/Desktop/ros2/install/usb_cam/share/usb_cam/environment/ament_prefix_path.sh
[2.202s] -- Up-to-date: /home/iclab/Desktop/ros2/install/usb_cam/share/usb_cam/environment/ament_prefix_path.dsv
[2.202s] -- Up-to-date: /home/iclab/Desktop/ros2/install/usb_cam/share/usb_cam/environment/path.sh
[2.202s] -- Up-to-date: /home/iclab/Desktop/ros2/install/usb_cam/share/usb_cam/environment/path.dsv
[2.202s] -- Up-to-date: /home/iclab/Desktop/ros2/install/usb_cam/share/usb_cam/local_setup.bash
[2.202s] -- Up-to-date: /home/iclab/Desktop/ros2/install/usb_cam/share/usb_cam/local_setup.sh
[2.202s] -- Up-to-date: /home/iclab/Desktop/ros2/install/usb_cam/share/usb_cam/local_setup.zsh
[2.202s] -- Up-to-date: /home/iclab/Desktop/ros2/install/usb_cam/share/usb_cam/local_setup.dsv
[2.203s] -- Installing: /home/iclab/Desktop/ros2/install/usb_cam/share/usb_cam/package.dsv
[2.203s] -- Up-to-date: /home/iclab/Desktop/ros2/install/usb_cam/share/ament_index/resource_index/packages/usb_cam
[2.203s] -- Up-to-date: /home/iclab/Desktop/ros2/install/usb_cam/share/ament_index/resource_index/rclcpp_components/usb_cam
[2.203s] -- Up-to-date: /home/iclab/Desktop/ros2/install/usb_cam/share/usb_cam/cmake/ament_cmake_export_libraries-extras.cmake
[2.203s] -- Up-to-date: /home/iclab/Desktop/ros2/install/usb_cam/share/usb_cam/cmake/ament_cmake_export_dependencies-extras.cmake
[2.203s] -- Up-to-date: /home/iclab/Desktop/ros2/install/usb_cam/share/usb_cam/cmake/ament_cmake_export_include_directories-extras.cmake
[2.203s] -- Up-to-date: /home/iclab/Desktop/ros2/install/usb_cam/share/usb_cam/cmake/usb_camConfig.cmake
[2.203s] -- Up-to-date: /home/iclab/Desktop/ros2/install/usb_cam/share/usb_cam/cmake/usb_camConfig-version.cmake
[2.203s] -- Up-to-date: /home/iclab/Desktop/ros2/install/usb_cam/share/usb_cam/package.xml
[2.204s] Invoked command in '/home/iclab/Desktop/ros2/build/usb_cam' returned '0': BYOBU_DATE=%Y-%m-%d CMAKE_PREFIX_PATH=/home/iclab/Desktop/ros2/install/tku_msgs:/home/iclab/Desktop/ros2/install/web_video_server:/home/iclab/Desktop/ros2/install/usb_cam:/home/iclab/Desktop/ros2/install/serial:/home/iclab/Desktop/ros2/install/tku_libs:/home/iclab/Desktop/ros2/install/motionpackage:/home/iclab/Desktop/ros2/install/imageprocess:/opt/ros/humble LD_LIBRARY_PATH=/home/iclab/Desktop/ros2/install/tku_msgs/lib:/home/iclab/Desktop/ros2/install/usb_cam/lib:/opt/ros/humble/opt/rviz_ogre_vendor/lib:/opt/ros/humble/lib/x86_64-linux-gnu:/opt/ros/humble/lib /usr/bin/cmake --install /home/iclab/Desktop/ros2/build/usb_cam
