[1.228s] Invoking command in '/home/iclab/Desktop/ros2/src/tkulibs': PYTHONPATH=/home/iclab/Desktop/ros2/build/tkulibs/prefix_override:/home/iclab/Desktop/ros2/install/tkulibs/lib/python3.10/site-packages:${PYTHONPATH} /usr/bin/python3 -W ignore:setup.py install is deprecated setup.py egg_info --egg-base ../../build/tkulibs build --build-base /home/iclab/Desktop/ros2/build/tkulibs/build install --record /home/iclab/Desktop/ros2/build/tkulibs/install.log --single-version-externally-managed install_data
[1.330s] Traceback (most recent call last):
[1.330s]   File "/home/iclab/Desktop/ros2/src/tkulibs/setup.py", line 1, in <module>
[1.330s]     from setuptools import find_packages, setup
[1.330s]   File "/home/iclab/.local/lib/python3.10/site-packages/setuptools/__init__.py", line 16, in <module>
[1.330s]     import setuptools.version
[1.330s]   File "/home/iclab/.local/lib/python3.10/site-packages/setuptools/version.py", line 1, in <module>
[1.330s]     import pkg_resources
[1.330s]   File "/home/iclab/.local/lib/python3.10/site-packages/pkg_resources/__init__.py", line 3243, in <module>
[1.331s]     def _initialize_master_working_set():
[1.331s]   File "/home/iclab/.local/lib/python3.10/site-packages/pkg_resources/__init__.py", line 3226, in _call_aside
[1.331s]     f(*args, **kwargs)
[1.331s]   File "/home/iclab/.local/lib/python3.10/site-packages/pkg_resources/__init__.py", line 3255, in _initialize_master_working_set
[1.331s]     working_set = WorkingSet._build_master()
[1.331s]   File "/home/iclab/.local/lib/python3.10/site-packages/pkg_resources/__init__.py", line 559, in _build_master
[1.331s]     ws = cls()
[1.332s]   File "/home/iclab/.local/lib/python3.10/site-packages/pkg_resources/__init__.py", line 552, in __init__
[1.332s]     self.add_entry(entry)
[1.332s]   File "/home/iclab/.local/lib/python3.10/site-packages/pkg_resources/__init__.py", line 608, in add_entry
[1.332s]     for dist in find_distributions(entry, True):
[1.332s]   File "/home/iclab/.local/lib/python3.10/site-packages/pkg_resources/__init__.py", line 2063, in find_on_path
[1.332s]     for dist in factory(fullpath):
[1.332s]   File "/home/iclab/.local/lib/python3.10/site-packages/pkg_resources/__init__.py", line 2121, in distributions_from_metadata
[1.332s]     if len(os.listdir(path)) == 0:
[1.332s] FileNotFoundError: [Errno 2] No such file or directory: '/home/iclab/Desktop/ros2/install/imageprocess/lib/python3.10/site-packages/imageprocess-0.0.0-py3.10.egg-info'
[1.345s] Invoked command in '/home/iclab/Desktop/ros2/src/tkulibs' returned '1': PYTHONPATH=/home/iclab/Desktop/ros2/build/tkulibs/prefix_override:/home/iclab/Desktop/ros2/install/tkulibs/lib/python3.10/site-packages:${PYTHONPATH} /usr/bin/python3 -W ignore:setup.py install is deprecated setup.py egg_info --egg-base ../../build/tkulibs build --build-base /home/iclab/Desktop/ros2/build/tkulibs/build install --record /home/iclab/Desktop/ros2/build/tkulibs/install.log --single-version-externally-managed install_data
