running egg_info
writing ../../build/tkulibs/tkulibs.egg-info/PKG-INFO
writing dependency_links to ../../build/tkulibs/tkulibs.egg-info/dependency_links.txt
writing entry points to ../../build/tkulibs/tkulibs.egg-info/entry_points.txt
writing requirements to ../../build/tkulibs/tkulibs.egg-info/requires.txt
writing top-level names to ../../build/tkulibs/tkulibs.egg-info/top_level.txt
reading manifest file '../../build/tkulibs/tkulibs.egg-info/SOURCES.txt'
adding license file 'LICENSE'
writing manifest file '../../build/tkulibs/tkulibs.egg-info/SOURCES.txt'
running build
running build_py
running install
running install_lib
running install_data
copying package.xml -> /home/iclab/Desktop/ros2/install/tkulibs/share/tkulibs
running install_egg_info
removing '/home/iclab/Desktop/ros2/install/tkulibs/lib/python3.10/site-packages/tkulibs-0.0.0-py3.10.egg-info' (and everything under it)
Copying ../../build/tkulibs/tkulibs.egg-info to /home/iclab/Desktop/ros2/install/tkulibs/lib/python3.10/site-packages/tkulibs-0.0.0-py3.10.egg-info
running install_scripts
Installing location script to /home/iclab/Desktop/ros2/install/tkulibs/lib/tkulibs
writing list of installed files to '/home/iclab/Desktop/ros2/build/tkulibs/install.log'
