[0.523s] Invoking command in '/home/iclab/Desktop/ros2/src/tku_libs': CMAKE_PREFIX_PATH=/home/iclab/Desktop/ros2/install/tku_msgs:/home/iclab/Desktop/ros2/install/web_video_server:/home/iclab/Desktop/ros2/install/usb_cam:/home/iclab/Desktop/ros2/install/serial LD_LIBRARY_PATH=/home/iclab/Desktop/ros2/install/tku_msgs/lib:/home/iclab/Desktop/ros2/install/usb_cam/lib:/opt/ros/humble/opt/rviz_ogre_vendor/lib:/opt/ros/humble/lib/x86_64-linux-gnu:/opt/ros/humble/lib PYTHONPATH=/home/iclab/Desktop/ros2/build/tku_libs/prefix_override:/home/iclab/Desktop/ros2/install/tku_libs/lib/python3.10/site-packages:${PYTHONPATH} /usr/bin/python3 -W ignore:setup.py install is deprecated setup.py egg_info --egg-base ../../build/tku_libs build --build-base /home/iclab/Desktop/ros2/build/tku_libs/build install --record /home/iclab/Desktop/ros2/build/tku_libs/install.log --single-version-externally-managed install_data
[0.708s] running egg_info
[0.709s] writing ../../build/tku_libs/tku_libs.egg-info/PKG-INFO
[0.709s] writing dependency_links to ../../build/tku_libs/tku_libs.egg-info/dependency_links.txt
[0.709s] writing entry points to ../../build/tku_libs/tku_libs.egg-info/entry_points.txt
[0.709s] writing requirements to ../../build/tku_libs/tku_libs.egg-info/requires.txt
[0.709s] writing top-level names to ../../build/tku_libs/tku_libs.egg-info/top_level.txt
[0.710s] reading manifest file '../../build/tku_libs/tku_libs.egg-info/SOURCES.txt'
[0.710s] writing manifest file '../../build/tku_libs/tku_libs.egg-info/SOURCES.txt'
[0.710s] running build
[0.710s] running build_py
[0.711s] running install
[0.711s] running install_lib
[0.712s] running install_data
[0.712s] running install_egg_info
[0.713s] removing '/home/iclab/Desktop/ros2/install/tku_libs/lib/python3.10/site-packages/tku_libs-0.0.0-py3.10.egg-info' (and everything under it)
[0.713s] Copying ../../build/tku_libs/tku_libs.egg-info to /home/iclab/Desktop/ros2/install/tku_libs/lib/python3.10/site-packages/tku_libs-0.0.0-py3.10.egg-info
[0.713s] running install_scripts
[0.727s] Installing aaa script to /home/iclab/Desktop/ros2/install/tku_libs/lib/tku_libs
[0.728s] Installing bbb script to /home/iclab/Desktop/ros2/install/tku_libs/lib/tku_libs
[0.728s] writing list of installed files to '/home/iclab/Desktop/ros2/build/tku_libs/install.log'
[0.745s] Invoked command in '/home/iclab/Desktop/ros2/src/tku_libs' returned '0': CMAKE_PREFIX_PATH=/home/iclab/Desktop/ros2/install/tku_msgs:/home/iclab/Desktop/ros2/install/web_video_server:/home/iclab/Desktop/ros2/install/usb_cam:/home/iclab/Desktop/ros2/install/serial LD_LIBRARY_PATH=/home/iclab/Desktop/ros2/install/tku_msgs/lib:/home/iclab/Desktop/ros2/install/usb_cam/lib:/opt/ros/humble/opt/rviz_ogre_vendor/lib:/opt/ros/humble/lib/x86_64-linux-gnu:/opt/ros/humble/lib PYTHONPATH=/home/iclab/Desktop/ros2/build/tku_libs/prefix_override:/home/iclab/Desktop/ros2/install/tku_libs/lib/python3.10/site-packages:${PYTHONPATH} /usr/bin/python3 -W ignore:setup.py install is deprecated setup.py egg_info --egg-base ../../build/tku_libs build --build-base /home/iclab/Desktop/ros2/build/tku_libs/build install --record /home/iclab/Desktop/ros2/build/tku_libs/install.log --single-version-externally-managed install_data
