[0.741s] Invoking command in '/home/iclab/Desktop/ros2/src/motionpackage': PYTHONPATH=/home/iclab/Desktop/ros2/build/motionpackage/prefix_override:/home/iclab/Desktop/ros2/install/motionpackage/lib/python3.10/site-packages:${PYTHONPATH} /usr/bin/python3 -W ignore:setup.py install is deprecated setup.py egg_info --egg-base ../../build/motionpackage build --build-base /home/iclab/Desktop/ros2/build/motionpackage/build install --record /home/iclab/Desktop/ros2/build/motionpackage/install.log --single-version-externally-managed install_data
[0.933s] running egg_info
[0.934s] writing ../../build/motionpackage/motionpackage.egg-info/PKG-INFO
[0.934s] writing dependency_links to ../../build/motionpackage/motionpackage.egg-info/dependency_links.txt
[0.934s] writing entry points to ../../build/motionpackage/motionpackage.egg-info/entry_points.txt
[0.934s] writing requirements to ../../build/motionpackage/motionpackage.egg-info/requires.txt
[0.934s] writing top-level names to ../../build/motionpackage/motionpackage.egg-info/top_level.txt
[0.935s] reading manifest file '../../build/motionpackage/motionpackage.egg-info/SOURCES.txt'
[0.936s] writing manifest file '../../build/motionpackage/motionpackage.egg-info/SOURCES.txt'
[0.936s] running build
[0.936s] running build_py
[0.936s] running install
[0.937s] running install_lib
[0.938s] running install_data
[0.938s] running install_egg_info
[0.939s] removing '/home/iclab/Desktop/ros2/install/motionpackage/lib/python3.10/site-packages/motionpackage-0.0.0-py3.10.egg-info' (and everything under it)
[0.940s] Copying ../../build/motionpackage/motionpackage.egg-info to /home/iclab/Desktop/ros2/install/motionpackage/lib/python3.10/site-packages/motionpackage-0.0.0-py3.10.egg-info
[0.940s] running install_scripts
[0.958s] Installing motion script to /home/iclab/Desktop/ros2/install/motionpackage/lib/motionpackage
[0.958s] writing list of installed files to '/home/iclab/Desktop/ros2/build/motionpackage/install.log'
[0.986s] Invoked command in '/home/iclab/Desktop/ros2/src/motionpackage' returned '0': PYTHONPATH=/home/iclab/Desktop/ros2/build/motionpackage/prefix_override:/home/iclab/Desktop/ros2/install/motionpackage/lib/python3.10/site-packages:${PYTHONPATH} /usr/bin/python3 -W ignore:setup.py install is deprecated setup.py egg_info --egg-base ../../build/motionpackage build --build-base /home/iclab/Desktop/ros2/build/motionpackage/build install --record /home/iclab/Desktop/ros2/build/motionpackage/install.log --single-version-externally-managed install_data
