[0.250s] Invoking command in '/home/iclab/Desktop/ros2/build/serial': CMAKE_PREFIX_PATH=${CMAKE_PREFIX_PATH}:/opt/ros/humble /usr/bin/cmake --build /home/iclab/Desktop/ros2/build/serial -- -j4 -l4
[0.299s] -- Found ament_cmake: 1.3.6 (/opt/ros/humble/share/ament_cmake/cmake)
[0.691s] -- Found rclcpp: 16.0.7 (/opt/ros/humble/share/rclcpp/cmake)
[0.762s] -- Found rosidl_generator_c: 3.1.5 (/opt/ros/humble/share/rosidl_generator_c/cmake)
[0.769s] -- Found rosidl_adapter: 3.1.5 (/opt/ros/humble/share/rosidl_adapter/cmake)
[0.784s] -- Found rosidl_generator_cpp: 3.1.5 (/opt/ros/humble/share/rosidl_generator_cpp/cmake)
[0.814s] -- Using all available rosidl_typesupport_c: rosidl_typesupport_fastrtps_c;rosidl_typesupport_introspection_c
[0.858s] -- Using all available rosidl_typesupport_cpp: rosidl_typesupport_fastrtps_cpp;rosidl_typesupport_introspection_cpp
[1.016s] -- Found rmw_implementation_cmake: 6.1.1 (/opt/ros/humble/share/rmw_implementation_cmake/cmake)
[1.019s] -- Found rmw_fastrtps_cpp: 6.2.5 (/opt/ros/humble/share/rmw_fastrtps_cpp/cmake)
[1.277s] -- Using RMW implementation 'rmw_fastrtps_cpp' as default
[1.712s] -- Found ament_lint_auto: 0.12.9 (/opt/ros/humble/share/ament_lint_auto/cmake)
[1.897s] -- Added test 'cppcheck' to perform static code analysis on C / C++ code
[1.898s] -- Configured cppcheck include dirs: $<BUILD_INTERFACE:/home/iclab/Desktop/ros2/src/serial/include>
[1.898s] -- Configured cppcheck exclude dirs and/or files: 
[1.899s] -- Added test 'lint_cmake' to check CMake code style
[1.901s] -- Added test 'uncrustify' to check C / C++ code style
[1.901s] -- Configured uncrustify additional arguments: 
[1.901s] -- Added test 'xmllint' to check XML markup files
[1.903s] -- Configuring done
[1.909s] [31mCMake Error at CMakeLists.txt:28 (add_library):
[1.909s]   Cannot find source file:
[1.910s] 
[1.910s]     CSSL_PATH-NOTFOUND/cssl.c
[1.910s] 
[1.910s]   Tried extensions .c .C .c++ .cc .cpp .cxx .cu .mpp .m .M .mm .ixx .cppm .h
[1.910s]   .hh .h++ .hm .hpp .hxx .in .txx .f .F .for .f77 .f90 .f95 .f03 .hip .ispc
[1.911s] 
[1.911s] [0m
[1.911s] [31mCMake Error at CMakeLists.txt:28 (add_library):
[1.911s]   No SOURCES given to target: serial_lib
[1.912s] 
[1.912s] [0m
[1.912s] [0mCMake Generate step failed.  Build files cannot be regenerated correctly.[0m
[1.928s] gmake: *** [Makefile:267: cmake_check_build_system] Error 1
[1.938s] Invoked command in '/home/iclab/Desktop/ros2/build/serial' returned '2': CMAKE_PREFIX_PATH=${CMAKE_PREFIX_PATH}:/opt/ros/humble /usr/bin/cmake --build /home/iclab/Desktop/ros2/build/serial -- -j4 -l4
