[0.624s] Invoking command in '/home/iclab/Desktop/ros2/src/tku_libs': BYOBU_DATE=%Y-%m-%d CMAKE_PREFIX_PATH=/home/iclab/Desktop/ros2/src/install/tku_msgs:/home/iclab/Desktop/ros2/src/install/web_video_server:/home/iclab/Desktop/ros2/src/install/usb_cam:/home/iclab/Desktop/ros2/install/web_video_server:/home/iclab/Desktop/ros2/install/usb_cam:/home/iclab/Desktop/ros2/install/tku_msgs:/home/iclab/Desktop/ros2/install/serial LD_LIBRARY_PATH=/home/iclab/Desktop/ros2/src/install/tku_msgs/lib:/home/iclab/Desktop/ros2/src/install/usb_cam/lib:/home/iclab/Desktop/ros2/install/usb_cam/lib:/home/iclab/Desktop/ros2/install/tku_msgs/lib:/opt/ros/humble/opt/rviz_ogre_vendor/lib:/opt/ros/humble/lib/x86_64-linux-gnu:/opt/ros/humble/lib PYTHONPATH=/home/iclab/Desktop/ros2/src/build/tku_libs/prefix_override:/home/iclab/Desktop/ros2/src/install/tku_libs/lib/python3.10/site-packages:${PYTHONPATH} /usr/bin/python3 setup.py egg_info --egg-base ../build/tku_libs build --build-base /home/iclab/Desktop/ros2/src/build/tku_libs/build install --record /home/iclab/Desktop/ros2/src/build/tku_libs/install.log --single-version-externally-managed
[0.805s] running egg_info
[0.805s] writing ../build/tku_libs/tku_libs.egg-info/PKG-INFO
[0.805s] writing dependency_links to ../build/tku_libs/tku_libs.egg-info/dependency_links.txt
[0.806s] writing entry points to ../build/tku_libs/tku_libs.egg-info/entry_points.txt
[0.806s] writing requirements to ../build/tku_libs/tku_libs.egg-info/requires.txt
[0.806s] writing top-level names to ../build/tku_libs/tku_libs.egg-info/top_level.txt
[0.807s] reading manifest file '../build/tku_libs/tku_libs.egg-info/SOURCES.txt'
[0.807s] writing manifest file '../build/tku_libs/tku_libs.egg-info/SOURCES.txt'
[0.807s] running build
[0.807s] running build_py
[0.808s] running install
[0.808s] running install_lib
[0.809s] running install_data
[0.809s] running install_egg_info
[0.810s] removing '/home/iclab/Desktop/ros2/src/install/tku_libs/lib/python3.10/site-packages/tku_libs-0.0.0-py3.10.egg-info' (and everything under it)
[0.810s] Copying ../build/tku_libs/tku_libs.egg-info to /home/iclab/Desktop/ros2/src/install/tku_libs/lib/python3.10/site-packages/tku_libs-0.0.0-py3.10.egg-info
[0.811s] running install_scripts
[0.824s] Installing aaa script to /home/iclab/Desktop/ros2/src/install/tku_libs/lib/tku_libs
[0.824s] Installing bbb script to /home/iclab/Desktop/ros2/src/install/tku_libs/lib/tku_libs
[0.824s] writing list of installed files to '/home/iclab/Desktop/ros2/src/build/tku_libs/install.log'
[0.843s] Invoked command in '/home/iclab/Desktop/ros2/src/tku_libs' returned '0': BYOBU_DATE=%Y-%m-%d CMAKE_PREFIX_PATH=/home/iclab/Desktop/ros2/src/install/tku_msgs:/home/iclab/Desktop/ros2/src/install/web_video_server:/home/iclab/Desktop/ros2/src/install/usb_cam:/home/iclab/Desktop/ros2/install/web_video_server:/home/iclab/Desktop/ros2/install/usb_cam:/home/iclab/Desktop/ros2/install/tku_msgs:/home/iclab/Desktop/ros2/install/serial LD_LIBRARY_PATH=/home/iclab/Desktop/ros2/src/install/tku_msgs/lib:/home/iclab/Desktop/ros2/src/install/usb_cam/lib:/home/iclab/Desktop/ros2/install/usb_cam/lib:/home/iclab/Desktop/ros2/install/tku_msgs/lib:/opt/ros/humble/opt/rviz_ogre_vendor/lib:/opt/ros/humble/lib/x86_64-linux-gnu:/opt/ros/humble/lib PYTHONPATH=/home/iclab/Desktop/ros2/src/build/tku_libs/prefix_override:/home/iclab/Desktop/ros2/src/install/tku_libs/lib/python3.10/site-packages:${PYTHONPATH} /usr/bin/python3 setup.py egg_info --egg-base ../build/tku_libs build --build-base /home/iclab/Desktop/ros2/src/build/tku_libs/build install --record /home/iclab/Desktop/ros2/src/build/tku_libs/install.log --single-version-externally-managed
