[1.396s] Invoking command in '/home/iclab/Desktop/ros2/src/tkulibs': PYTHONPATH=/home/iclab/Desktop/ros2/build/tkulibs/prefix_override:/home/iclab/Desktop/ros2/install/tkulibs/lib/python3.10/site-packages:${PYTHONPATH} /usr/bin/python3 -W ignore:setup.py install is deprecated setup.py egg_info --egg-base ../../build/tkulibs build --build-base /home/iclab/Desktop/ros2/build/tkulibs/build install --record /home/iclab/Desktop/ros2/build/tkulibs/install.log --single-version-externally-managed install_data
[1.732s] running egg_info
[1.733s] writing ../../build/tkulibs/tkulibs.egg-info/PKG-INFO
[1.733s] writing dependency_links to ../../build/tkulibs/tkulibs.egg-info/dependency_links.txt
[1.733s] writing entry points to ../../build/tkulibs/tkulibs.egg-info/entry_points.txt
[1.733s] writing requirements to ../../build/tkulibs/tkulibs.egg-info/requires.txt
[1.733s] writing top-level names to ../../build/tkulibs/tkulibs.egg-info/top_level.txt
[1.736s] reading manifest file '../../build/tkulibs/tkulibs.egg-info/SOURCES.txt'
[1.736s] adding license file 'LICENSE'
[1.737s] writing manifest file '../../build/tkulibs/tkulibs.egg-info/SOURCES.txt'
[1.737s] running build
[1.737s] running build_py
[1.738s] running install
[1.738s] running install_lib
[1.740s] running install_data
[1.740s] running install_egg_info
[1.742s] removing '/home/iclab/Desktop/ros2/install/tkulibs/lib/python3.10/site-packages/tkulibs-0.0.0-py3.10.egg-info' (and everything under it)
[1.743s] Copying ../../build/tkulibs/tkulibs.egg-info to /home/iclab/Desktop/ros2/install/tkulibs/lib/python3.10/site-packages/tkulibs-0.0.0-py3.10.egg-info
[1.744s] running install_scripts
[1.773s] Installing location script to /home/iclab/Desktop/ros2/install/tkulibs/lib/tkulibs
[1.774s] writing list of installed files to '/home/iclab/Desktop/ros2/build/tkulibs/install.log'
[1.811s] Invoked command in '/home/iclab/Desktop/ros2/src/tkulibs' returned '0': PYTHONPATH=/home/iclab/Desktop/ros2/build/tkulibs/prefix_override:/home/iclab/Desktop/ros2/install/tkulibs/lib/python3.10/site-packages:${PYTHONPATH} /usr/bin/python3 -W ignore:setup.py install is deprecated setup.py egg_info --egg-base ../../build/tkulibs build --build-base /home/iclab/Desktop/ros2/build/tkulibs/build install --record /home/iclab/Desktop/ros2/build/tkulibs/install.log --single-version-externally-managed install_data
