[3.824s] DEBUG:colcon:Command line arguments: ['/usr/bin/colcon', 'build']
[3.824s] DEBUG:colcon:Parsed command line arguments: Namespace(log_base=None, log_level=None, verb_name='build', build_base='build', install_base='install', merge_install=False, symlink_install=False, test_result_base=None, continue_on_error=False, executor='parallel', parallel_workers=4, event_handlers=None, ignore_user_meta=False, metas=['./colcon.meta'], base_paths=['.'], packages_ignore=None, packages_ignore_regex=None, paths=None, packages_up_to=None, packages_up_to_regex=None, packages_above=None, packages_above_and_dependencies=None, packages_above_depth=None, packages_select_by_dep=None, packages_skip_by_dep=None, packages_skip_up_to=None, packages_select_build_failed=False, packages_skip_build_finished=False, packages_select_test_failures=False, packages_skip_test_passed=False, packages_select=None, packages_skip=None, packages_select_regex=None, packages_skip_regex=None, packages_start=None, packages_end=None, allow_overriding=[], cmake_args=None, cmake_target=None, cmake_target_skip_unavailable=False, cmake_clean_cache=False, cmake_clean_first=False, cmake_force_configure=False, ament_cmake_args=None, catkin_cmake_args=None, catkin_skip_building_tests=False, verb_parser=<colcon_defaults.argument_parser.defaults.DefaultArgumentsDecorator object at 0x7f5c47800790>, verb_extension=<colcon_core.verb.build.BuildVerb object at 0x7f5c47970c40>, main=<bound method BuildVerb.main of <colcon_core.verb.build.BuildVerb object at 0x7f5c47970c40>>)
[4.010s] Level 1:colcon.colcon_core.package_discovery:discover_packages(colcon_meta) check parameters
[4.010s] Level 1:colcon.colcon_core.package_discovery:discover_packages(recursive) check parameters
[4.010s] Level 1:colcon.colcon_core.package_discovery:discover_packages(ignore) check parameters
[4.011s] Level 1:colcon.colcon_core.package_discovery:discover_packages(path) check parameters
[4.011s] Level 1:colcon.colcon_core.package_discovery:discover_packages(colcon_meta) discover
[4.011s] Level 1:colcon.colcon_core.package_discovery:discover_packages(recursive) discover
[4.011s] INFO:colcon.colcon_core.package_discovery:Crawling recursively for packages in '/home/iclab/Desktop/ros2'
[4.011s] Level 1:colcon.colcon_core.package_identification:_identify(.) by extensions ['ignore', 'ignore_ament_install']
[4.012s] Level 1:colcon.colcon_core.package_identification:_identify(.) by extension 'ignore'
[4.012s] Level 1:colcon.colcon_core.package_identification:_identify(.) by extension 'ignore_ament_install'
[4.012s] Level 1:colcon.colcon_core.package_identification:_identify(.) by extensions ['colcon_pkg']
[4.013s] Level 1:colcon.colcon_core.package_identification:_identify(.) by extension 'colcon_pkg'
[4.013s] Level 1:colcon.colcon_core.package_identification:_identify(.) by extensions ['colcon_meta']
[4.013s] Level 1:colcon.colcon_core.package_identification:_identify(.) by extension 'colcon_meta'
[4.013s] Level 1:colcon.colcon_core.package_identification:_identify(.) by extensions ['ros']
[4.013s] Level 1:colcon.colcon_core.package_identification:_identify(.) by extension 'ros'
[4.047s] Level 1:colcon.colcon_core.package_identification:_identify(.) by extensions ['cmake', 'python']
[4.047s] Level 1:colcon.colcon_core.package_identification:_identify(.) by extension 'cmake'
[4.047s] Level 1:colcon.colcon_core.package_identification:_identify(.) by extension 'python'
[4.048s] Level 1:colcon.colcon_core.package_identification:_identify(.) by extensions ['python_setup_py']
[4.048s] Level 1:colcon.colcon_core.package_identification:_identify(.) by extension 'python_setup_py'
[4.048s] Level 1:colcon.colcon_core.package_identification:_identify(build) by extensions ['ignore', 'ignore_ament_install']
[4.048s] Level 1:colcon.colcon_core.package_identification:_identify(build) by extension 'ignore'
[4.049s] Level 1:colcon.colcon_core.package_identification:_identify(build) ignored
[4.049s] Level 1:colcon.colcon_core.package_identification:_identify(install) by extensions ['ignore', 'ignore_ament_install']
[4.050s] Level 1:colcon.colcon_core.package_identification:_identify(install) by extension 'ignore'
[4.050s] Level 1:colcon.colcon_core.package_identification:_identify(install) ignored
[4.050s] Level 1:colcon.colcon_core.package_identification:_identify(log) by extensions ['ignore', 'ignore_ament_install']
[4.051s] Level 1:colcon.colcon_core.package_identification:_identify(log) by extension 'ignore'
[4.051s] Level 1:colcon.colcon_core.package_identification:_identify(log) ignored
[4.051s] Level 1:colcon.colcon_core.package_identification:_identify(src) by extensions ['ignore', 'ignore_ament_install']
[4.052s] Level 1:colcon.colcon_core.package_identification:_identify(src) by extension 'ignore'
[4.052s] Level 1:colcon.colcon_core.package_identification:_identify(src) by extension 'ignore_ament_install'
[4.052s] Level 1:colcon.colcon_core.package_identification:_identify(src) by extensions ['colcon_pkg']
[4.052s] Level 1:colcon.colcon_core.package_identification:_identify(src) by extension 'colcon_pkg'
[4.053s] Level 1:colcon.colcon_core.package_identification:_identify(src) by extensions ['colcon_meta']
[4.053s] Level 1:colcon.colcon_core.package_identification:_identify(src) by extension 'colcon_meta'
[4.053s] Level 1:colcon.colcon_core.package_identification:_identify(src) by extensions ['ros']
[4.053s] Level 1:colcon.colcon_core.package_identification:_identify(src) by extension 'ros'
[4.054s] Level 1:colcon.colcon_core.package_identification:_identify(src) by extensions ['cmake', 'python']
[4.054s] Level 1:colcon.colcon_core.package_identification:_identify(src) by extension 'cmake'
[4.054s] Level 1:colcon.colcon_core.package_identification:_identify(src) by extension 'python'
[4.054s] Level 1:colcon.colcon_core.package_identification:_identify(src) by extensions ['python_setup_py']
[4.055s] Level 1:colcon.colcon_core.package_identification:_identify(src) by extension 'python_setup_py'
[4.055s] Level 1:colcon.colcon_core.package_identification:_identify(src/motionpackage) by extensions ['ignore', 'ignore_ament_install']
[4.055s] Level 1:colcon.colcon_core.package_identification:_identify(src/motionpackage) by extension 'ignore'
[4.056s] Level 1:colcon.colcon_core.package_identification:_identify(src/motionpackage) by extension 'ignore_ament_install'
[4.056s] Level 1:colcon.colcon_core.package_identification:_identify(src/motionpackage) by extensions ['colcon_pkg']
[4.056s] Level 1:colcon.colcon_core.package_identification:_identify(src/motionpackage) by extension 'colcon_pkg'
[4.056s] Level 1:colcon.colcon_core.package_identification:_identify(src/motionpackage) by extensions ['colcon_meta']
[4.056s] Level 1:colcon.colcon_core.package_identification:_identify(src/motionpackage) by extension 'colcon_meta'
[4.057s] Level 1:colcon.colcon_core.package_identification:_identify(src/motionpackage) by extensions ['ros']
[4.057s] Level 1:colcon.colcon_core.package_identification:_identify(src/motionpackage) by extension 'ros'
[4.067s] DEBUG:colcon.colcon_core.package_identification:Package 'src/motionpackage' with type 'ros.ament_python' and name 'motionpackage'
[4.067s] Level 1:colcon.colcon_core.package_identification:_identify(src/tku_libs) by extensions ['ignore', 'ignore_ament_install']
[4.068s] Level 1:colcon.colcon_core.package_identification:_identify(src/tku_libs) by extension 'ignore'
[4.068s] Level 1:colcon.colcon_core.package_identification:_identify(src/tku_libs) by extension 'ignore_ament_install'
[4.068s] Level 1:colcon.colcon_core.package_identification:_identify(src/tku_libs) by extensions ['colcon_pkg']
[4.068s] Level 1:colcon.colcon_core.package_identification:_identify(src/tku_libs) by extension 'colcon_pkg'
[4.069s] Level 1:colcon.colcon_core.package_identification:_identify(src/tku_libs) by extensions ['colcon_meta']
[4.069s] Level 1:colcon.colcon_core.package_identification:_identify(src/tku_libs) by extension 'colcon_meta'
[4.069s] Level 1:colcon.colcon_core.package_identification:_identify(src/tku_libs) by extensions ['ros']
[4.069s] Level 1:colcon.colcon_core.package_identification:_identify(src/tku_libs) by extension 'ros'
[4.071s] DEBUG:colcon.colcon_core.package_identification:Package 'src/tku_libs' with type 'ros.ament_python' and name 'tku_libs'
[4.071s] Level 1:colcon.colcon_core.package_identification:_identify(src/tku_msgs) by extensions ['ignore', 'ignore_ament_install']
[4.071s] Level 1:colcon.colcon_core.package_identification:_identify(src/tku_msgs) by extension 'ignore'
[4.072s] Level 1:colcon.colcon_core.package_identification:_identify(src/tku_msgs) by extension 'ignore_ament_install'
[4.072s] Level 1:colcon.colcon_core.package_identification:_identify(src/tku_msgs) by extensions ['colcon_pkg']
[4.072s] Level 1:colcon.colcon_core.package_identification:_identify(src/tku_msgs) by extension 'colcon_pkg'
[4.072s] Level 1:colcon.colcon_core.package_identification:_identify(src/tku_msgs) by extensions ['colcon_meta']
[4.072s] Level 1:colcon.colcon_core.package_identification:_identify(src/tku_msgs) by extension 'colcon_meta'
[4.073s] Level 1:colcon.colcon_core.package_identification:_identify(src/tku_msgs) by extensions ['ros']
[4.073s] Level 1:colcon.colcon_core.package_identification:_identify(src/tku_msgs) by extension 'ros'
[4.075s] DEBUG:colcon.colcon_core.package_identification:Package 'src/tku_msgs' with type 'ros.ament_cmake' and name 'tku_msgs'
[4.075s] Level 1:colcon.colcon_core.package_discovery:discover_packages(recursive) using defaults
[4.075s] Level 1:colcon.colcon_core.package_discovery:discover_packages(ignore) discover
[4.075s] Level 1:colcon.colcon_core.package_discovery:discover_packages(ignore) using defaults
[4.075s] Level 1:colcon.colcon_core.package_discovery:discover_packages(path) discover
[4.075s] Level 1:colcon.colcon_core.package_discovery:discover_packages(path) using defaults
[4.391s] Level 1:colcon.colcon_core.package_discovery:discover_packages(prefix_path) check parameters
[4.391s] Level 1:colcon.colcon_core.package_discovery:discover_packages(prefix_path) discover
[4.534s] DEBUG:colcon.colcon_installed_package_information.package_discovery:Found 2 installed packages in /home/iclab/Desktop/ros2/install
[4.621s] DEBUG:colcon.colcon_installed_package_information.package_discovery:Found 286 installed packages in /opt/ros/humble
[4.656s] Level 1:colcon.colcon_core.package_discovery:discover_packages(prefix_path) using defaults
[5.025s] Level 5:colcon.colcon_core.verb:set package 'motionpackage' build argument 'cmake_args' from command line to 'None'
[5.025s] Level 5:colcon.colcon_core.verb:set package 'motionpackage' build argument 'cmake_target' from command line to 'None'
[5.025s] Level 5:colcon.colcon_core.verb:set package 'motionpackage' build argument 'cmake_target_skip_unavailable' from command line to 'False'
[5.025s] Level 5:colcon.colcon_core.verb:set package 'motionpackage' build argument 'cmake_clean_cache' from command line to 'False'
[5.025s] Level 5:colcon.colcon_core.verb:set package 'motionpackage' build argument 'cmake_clean_first' from command line to 'False'
[5.025s] Level 5:colcon.colcon_core.verb:set package 'motionpackage' build argument 'cmake_force_configure' from command line to 'False'
[5.025s] Level 5:colcon.colcon_core.verb:set package 'motionpackage' build argument 'ament_cmake_args' from command line to 'None'
[5.025s] Level 5:colcon.colcon_core.verb:set package 'motionpackage' build argument 'catkin_cmake_args' from command line to 'None'
[5.025s] Level 5:colcon.colcon_core.verb:set package 'motionpackage' build argument 'catkin_skip_building_tests' from command line to 'False'
[5.025s] DEBUG:colcon.colcon_core.verb:Building package 'motionpackage' with the following arguments: {'ament_cmake_args': None, 'build_base': '/home/iclab/Desktop/ros2/build/motionpackage', 'catkin_cmake_args': None, 'catkin_skip_building_tests': False, 'cmake_args': None, 'cmake_clean_cache': False, 'cmake_clean_first': False, 'cmake_force_configure': False, 'cmake_target': None, 'cmake_target_skip_unavailable': False, 'install_base': '/home/iclab/Desktop/ros2/install/motionpackage', 'merge_install': False, 'path': '/home/iclab/Desktop/ros2/src/motionpackage', 'symlink_install': False, 'test_result_base': None}
[5.077s] Level 5:colcon.colcon_core.verb:set package 'tku_msgs' build argument 'cmake_args' from command line to 'None'
[5.078s] Level 5:colcon.colcon_core.verb:set package 'tku_msgs' build argument 'cmake_target' from command line to 'None'
[5.078s] Level 5:colcon.colcon_core.verb:set package 'tku_msgs' build argument 'cmake_target_skip_unavailable' from command line to 'False'
[5.078s] Level 5:colcon.colcon_core.verb:set package 'tku_msgs' build argument 'cmake_clean_cache' from command line to 'False'
[5.078s] Level 5:colcon.colcon_core.verb:set package 'tku_msgs' build argument 'cmake_clean_first' from command line to 'False'
[5.078s] Level 5:colcon.colcon_core.verb:set package 'tku_msgs' build argument 'cmake_force_configure' from command line to 'False'
[5.078s] Level 5:colcon.colcon_core.verb:set package 'tku_msgs' build argument 'ament_cmake_args' from command line to 'None'
[5.078s] Level 5:colcon.colcon_core.verb:set package 'tku_msgs' build argument 'catkin_cmake_args' from command line to 'None'
[5.078s] Level 5:colcon.colcon_core.verb:set package 'tku_msgs' build argument 'catkin_skip_building_tests' from command line to 'False'
[5.078s] DEBUG:colcon.colcon_core.verb:Building package 'tku_msgs' with the following arguments: {'ament_cmake_args': None, 'build_base': '/home/iclab/Desktop/ros2/build/tku_msgs', 'catkin_cmake_args': None, 'catkin_skip_building_tests': False, 'cmake_args': None, 'cmake_clean_cache': False, 'cmake_clean_first': False, 'cmake_force_configure': False, 'cmake_target': None, 'cmake_target_skip_unavailable': False, 'install_base': '/home/iclab/Desktop/ros2/install/tku_msgs', 'merge_install': False, 'path': '/home/iclab/Desktop/ros2/src/tku_msgs', 'symlink_install': False, 'test_result_base': None}
[5.129s] Level 5:colcon.colcon_core.verb:set package 'tku_libs' build argument 'cmake_args' from command line to 'None'
[5.129s] Level 5:colcon.colcon_core.verb:set package 'tku_libs' build argument 'cmake_target' from command line to 'None'
[5.129s] Level 5:colcon.colcon_core.verb:set package 'tku_libs' build argument 'cmake_target_skip_unavailable' from command line to 'False'
[5.129s] Level 5:colcon.colcon_core.verb:set package 'tku_libs' build argument 'cmake_clean_cache' from command line to 'False'
[5.129s] Level 5:colcon.colcon_core.verb:set package 'tku_libs' build argument 'cmake_clean_first' from command line to 'False'
[5.130s] Level 5:colcon.colcon_core.verb:set package 'tku_libs' build argument 'cmake_force_configure' from command line to 'False'
[5.130s] Level 5:colcon.colcon_core.verb:set package 'tku_libs' build argument 'ament_cmake_args' from command line to 'None'
[5.130s] Level 5:colcon.colcon_core.verb:set package 'tku_libs' build argument 'catkin_cmake_args' from command line to 'None'
[5.130s] Level 5:colcon.colcon_core.verb:set package 'tku_libs' build argument 'catkin_skip_building_tests' from command line to 'False'
[5.130s] DEBUG:colcon.colcon_core.verb:Building package 'tku_libs' with the following arguments: {'ament_cmake_args': None, 'build_base': '/home/iclab/Desktop/ros2/build/tku_libs', 'catkin_cmake_args': None, 'catkin_skip_building_tests': False, 'cmake_args': None, 'cmake_clean_cache': False, 'cmake_clean_first': False, 'cmake_force_configure': False, 'cmake_target': None, 'cmake_target_skip_unavailable': False, 'install_base': '/home/iclab/Desktop/ros2/install/tku_libs', 'merge_install': False, 'path': '/home/iclab/Desktop/ros2/src/tku_libs', 'symlink_install': False, 'test_result_base': None}
[5.182s] INFO:colcon.colcon_core.executor:Executing jobs using 'parallel' executor
[5.234s] DEBUG:colcon.colcon_parallel_executor.executor.parallel:run_until_complete
[5.235s] INFO:colcon.colcon_ros.task.ament_cmake.build:Building ROS package in '/home/iclab/Desktop/ros2/src/tku_msgs' with build type 'ament_cmake'
[5.236s] INFO:colcon.colcon_cmake.task.cmake.build:Building CMake package in '/home/iclab/Desktop/ros2/src/tku_msgs'
[5.308s] INFO:colcon.colcon_core.plugin_system:Skipping extension 'colcon_core.shell.bat': Not used on non-Windows systems
[5.309s] INFO:colcon.colcon_core.shell:Skip shell extension 'powershell' for command environment: Not usable outside of PowerShell
[5.309s] DEBUG:colcon.colcon_core.shell:Skip shell extension 'dsv' for command environment
[5.483s] INFO:colcon.colcon_ros.task.ament_python.build:Building ROS package in '/home/iclab/Desktop/ros2/src/motionpackage' with build type 'ament_python'
[5.484s] Level 1:colcon.colcon_core.shell:create_environment_hook('motionpackage', 'ament_prefix_path')
[5.541s] INFO:colcon.colcon_core.shell:Creating environment hook '/home/iclab/Desktop/ros2/install/motionpackage/share/motionpackage/hook/ament_prefix_path.ps1'
[5.543s] INFO:colcon.colcon_core.shell:Creating environment descriptor '/home/iclab/Desktop/ros2/install/motionpackage/share/motionpackage/hook/ament_prefix_path.dsv'
[5.545s] INFO:colcon.colcon_core.shell:Creating environment hook '/home/iclab/Desktop/ros2/install/motionpackage/share/motionpackage/hook/ament_prefix_path.sh'
[5.603s] INFO:colcon.colcon_core.shell:Skip shell extension 'powershell' for command environment: Not usable outside of PowerShell
[5.603s] DEBUG:colcon.colcon_core.shell:Skip shell extension 'dsv' for command environment
[5.818s] DEBUG:colcon.colcon_core.event_handler.log_command:Invoking command in '/home/iclab/Desktop/ros2/build/tku_msgs': CMAKE_PREFIX_PATH=${CMAKE_PREFIX_PATH}:/home/iclab/Desktop/ros2/install/motionpackage:/opt/ros/humble /usr/bin/cmake /home/iclab/Desktop/ros2/src/tku_msgs -DCMAKE_INSTALL_PREFIX=/home/iclab/Desktop/ros2/install/tku_msgs
[6.852s] INFO:colcon.colcon_core.task.python.build:Building Python package in '/home/iclab/Desktop/ros2/src/motionpackage'
[6.934s] INFO:colcon.colcon_core.shell:Skip shell extension 'powershell' for command environment: Not usable outside of PowerShell
[6.934s] DEBUG:colcon.colcon_core.shell:Skip shell extension 'dsv' for command environment
[8.512s] DEBUG:colcon.colcon_core.event_handler.log_command:Invoking command in '/home/iclab/Desktop/ros2/src/motionpackage': PYTHONPATH=/home/iclab/Desktop/ros2/build/motionpackage/prefix_override:/home/iclab/Desktop/ros2/install/motionpackage/lib/python3.10/site-packages:${PYTHONPATH} /usr/bin/python3 setup.py egg_info --egg-base ../../build/motionpackage build --build-base /home/iclab/Desktop/ros2/build/motionpackage/build install --record /home/iclab/Desktop/ros2/build/motionpackage/install.log --single-version-externally-managed
[9.583s] DEBUG:colcon.colcon_core.event_handler.log_command:Invoked command in '/home/iclab/Desktop/ros2/src/motionpackage' returned '0': PYTHONPATH=/home/iclab/Desktop/ros2/build/motionpackage/prefix_override:/home/iclab/Desktop/ros2/install/motionpackage/lib/python3.10/site-packages:${PYTHONPATH} /usr/bin/python3 setup.py egg_info --egg-base ../../build/motionpackage build --build-base /home/iclab/Desktop/ros2/build/motionpackage/build install --record /home/iclab/Desktop/ros2/build/motionpackage/install.log --single-version-externally-managed
[9.707s] Level 1:colcon.colcon_core.environment:checking '/home/iclab/Desktop/ros2/install/motionpackage' for CMake module files
[9.709s] Level 1:colcon.colcon_core.environment:checking '/home/iclab/Desktop/ros2/install/motionpackage' for CMake config files
[9.712s] Level 1:colcon.colcon_core.environment:checking '/home/iclab/Desktop/ros2/install/motionpackage/lib'
[9.713s] Level 1:colcon.colcon_core.environment:checking '/home/iclab/Desktop/ros2/install/motionpackage/bin'
[9.713s] Level 1:colcon.colcon_core.environment:checking '/home/iclab/Desktop/ros2/install/motionpackage/lib/pkgconfig/motionpackage.pc'
[9.714s] Level 1:colcon.colcon_core.environment:checking '/home/iclab/Desktop/ros2/install/motionpackage/lib/python3.10/site-packages'
[9.715s] Level 1:colcon.colcon_core.shell:create_environment_hook('motionpackage', 'pythonpath')
[9.787s] INFO:colcon.colcon_core.shell:Creating environment hook '/home/iclab/Desktop/ros2/install/motionpackage/share/motionpackage/hook/pythonpath.ps1'
[9.789s] INFO:colcon.colcon_core.shell:Creating environment descriptor '/home/iclab/Desktop/ros2/install/motionpackage/share/motionpackage/hook/pythonpath.dsv'
[9.790s] INFO:colcon.colcon_core.shell:Creating environment hook '/home/iclab/Desktop/ros2/install/motionpackage/share/motionpackage/hook/pythonpath.sh'
[9.792s] Level 1:colcon.colcon_core.environment:checking '/home/iclab/Desktop/ros2/install/motionpackage/bin'
[9.792s] Level 1:colcon.colcon_core.environment:create_environment_scripts_only(motionpackage)
[9.869s] INFO:colcon.colcon_core.shell:Creating package script '/home/iclab/Desktop/ros2/install/motionpackage/share/motionpackage/package.ps1'
[9.872s] INFO:colcon.colcon_core.shell:Creating package descriptor '/home/iclab/Desktop/ros2/install/motionpackage/share/motionpackage/package.dsv'
[9.875s] INFO:colcon.colcon_core.shell:Creating package script '/home/iclab/Desktop/ros2/install/motionpackage/share/motionpackage/package.sh'
[9.878s] INFO:colcon.colcon_core.shell:Creating package script '/home/iclab/Desktop/ros2/install/motionpackage/share/motionpackage/package.bash'
[9.881s] INFO:colcon.colcon_core.shell:Creating package script '/home/iclab/Desktop/ros2/install/motionpackage/share/motionpackage/package.zsh'
[9.884s] Level 1:colcon.colcon_core.environment:create_file_with_runtime_dependencies(/home/iclab/Desktop/ros2/install/motionpackage/share/colcon-core/packages/motionpackage)
[11.909s] DEBUG:colcon.colcon_core.event_handler.log_command:Invoked command in '/home/iclab/Desktop/ros2/build/tku_msgs' returned '0': CMAKE_PREFIX_PATH=${CMAKE_PREFIX_PATH}:/home/iclab/Desktop/ros2/install/motionpackage:/opt/ros/humble /usr/bin/cmake /home/iclab/Desktop/ros2/src/tku_msgs -DCMAKE_INSTALL_PREFIX=/home/iclab/Desktop/ros2/install/tku_msgs
[11.916s] DEBUG:colcon.colcon_core.event_handler.log_command:Invoking command in '/home/iclab/Desktop/ros2/build/tku_msgs': CMAKE_PREFIX_PATH=${CMAKE_PREFIX_PATH}:/home/iclab/Desktop/ros2/install/motionpackage:/opt/ros/humble /usr/bin/cmake --build /home/iclab/Desktop/ros2/build/tku_msgs -- -j4 -l4
[117.195s] DEBUG:colcon.colcon_core.event_handler.log_command:Invoked command in '/home/iclab/Desktop/ros2/build/tku_msgs' returned '0': CMAKE_PREFIX_PATH=${CMAKE_PREFIX_PATH}:/home/iclab/Desktop/ros2/install/motionpackage:/opt/ros/humble /usr/bin/cmake --build /home/iclab/Desktop/ros2/build/tku_msgs -- -j4 -l4
[118.508s] DEBUG:colcon.colcon_core.event_handler.log_command:Invoking command in '/home/iclab/Desktop/ros2/build/tku_msgs': CMAKE_PREFIX_PATH=${CMAKE_PREFIX_PATH}:/home/iclab/Desktop/ros2/install/motionpackage:/opt/ros/humble /usr/bin/cmake --install /home/iclab/Desktop/ros2/build/tku_msgs
[119.102s] Level 1:colcon.colcon_core.environment:create_environment_scripts_only(tku_msgs)
[119.104s] DEBUG:colcon.colcon_core.event_handler.log_command:Invoked command in '/home/iclab/Desktop/ros2/build/tku_msgs' returned '0': CMAKE_PREFIX_PATH=${CMAKE_PREFIX_PATH}:/home/iclab/Desktop/ros2/install/motionpackage:/opt/ros/humble /usr/bin/cmake --install /home/iclab/Desktop/ros2/build/tku_msgs
[119.183s] Level 1:colcon.colcon_core.environment:checking '/home/iclab/Desktop/ros2/install/tku_msgs' for CMake module files
[119.185s] Level 1:colcon.colcon_core.environment:checking '/home/iclab/Desktop/ros2/install/tku_msgs' for CMake config files
[119.187s] Level 1:colcon.colcon_core.shell:create_environment_hook('tku_msgs', 'cmake_prefix_path')
[119.277s] INFO:colcon.colcon_core.shell:Creating environment hook '/home/iclab/Desktop/ros2/install/tku_msgs/share/tku_msgs/hook/cmake_prefix_path.ps1'
[119.279s] INFO:colcon.colcon_core.shell:Creating environment descriptor '/home/iclab/Desktop/ros2/install/tku_msgs/share/tku_msgs/hook/cmake_prefix_path.dsv'
[119.280s] INFO:colcon.colcon_core.shell:Creating environment hook '/home/iclab/Desktop/ros2/install/tku_msgs/share/tku_msgs/hook/cmake_prefix_path.sh'
[119.282s] Level 1:colcon.colcon_core.environment:checking '/home/iclab/Desktop/ros2/install/tku_msgs/lib'
[119.282s] Level 1:colcon.colcon_core.shell:create_environment_hook('tku_msgs', 'ld_library_path_lib')
[119.334s] INFO:colcon.colcon_core.shell:Creating environment hook '/home/iclab/Desktop/ros2/install/tku_msgs/share/tku_msgs/hook/ld_library_path_lib.ps1'
[119.336s] INFO:colcon.colcon_core.shell:Creating environment descriptor '/home/iclab/Desktop/ros2/install/tku_msgs/share/tku_msgs/hook/ld_library_path_lib.dsv'
[119.337s] INFO:colcon.colcon_core.shell:Creating environment hook '/home/iclab/Desktop/ros2/install/tku_msgs/share/tku_msgs/hook/ld_library_path_lib.sh'
[119.338s] Level 1:colcon.colcon_core.environment:checking '/home/iclab/Desktop/ros2/install/tku_msgs/bin'
[119.339s] Level 1:colcon.colcon_core.environment:checking '/home/iclab/Desktop/ros2/install/tku_msgs/lib/pkgconfig/tku_msgs.pc'
[119.340s] Level 1:colcon.colcon_core.environment:checking '/home/iclab/Desktop/ros2/install/tku_msgs/lib/python3.10/site-packages'
[119.341s] Level 1:colcon.colcon_core.environment:checking '/home/iclab/Desktop/ros2/install/tku_msgs/bin'
[119.395s] INFO:colcon.colcon_core.shell:Creating package script '/home/iclab/Desktop/ros2/install/tku_msgs/share/tku_msgs/package.ps1'
[119.396s] INFO:colcon.colcon_core.shell:Creating package descriptor '/home/iclab/Desktop/ros2/install/tku_msgs/share/tku_msgs/package.dsv'
[119.398s] INFO:colcon.colcon_core.shell:Creating package script '/home/iclab/Desktop/ros2/install/tku_msgs/share/tku_msgs/package.sh'
[119.400s] INFO:colcon.colcon_core.shell:Creating package script '/home/iclab/Desktop/ros2/install/tku_msgs/share/tku_msgs/package.bash'
[119.403s] INFO:colcon.colcon_core.shell:Creating package script '/home/iclab/Desktop/ros2/install/tku_msgs/share/tku_msgs/package.zsh'
[119.405s] Level 1:colcon.colcon_core.environment:create_file_with_runtime_dependencies(/home/iclab/Desktop/ros2/install/tku_msgs/share/colcon-core/packages/tku_msgs)
[120.759s] Level 1:colcon.colcon_core.environment:create_environment_scripts_only(tku_msgs)
[120.812s] Level 1:colcon.colcon_core.environment:checking '/home/iclab/Desktop/ros2/install/tku_msgs' for CMake module files
[120.814s] Level 1:colcon.colcon_core.environment:checking '/home/iclab/Desktop/ros2/install/tku_msgs' for CMake config files
[120.817s] Level 1:colcon.colcon_core.shell:create_environment_hook('tku_msgs', 'cmake_prefix_path')
[120.868s] INFO:colcon.colcon_core.shell:Creating environment hook '/home/iclab/Desktop/ros2/install/tku_msgs/share/tku_msgs/hook/cmake_prefix_path.ps1'
[120.869s] INFO:colcon.colcon_core.shell:Creating environment descriptor '/home/iclab/Desktop/ros2/install/tku_msgs/share/tku_msgs/hook/cmake_prefix_path.dsv'
[120.871s] INFO:colcon.colcon_core.shell:Creating environment hook '/home/iclab/Desktop/ros2/install/tku_msgs/share/tku_msgs/hook/cmake_prefix_path.sh'
[120.873s] Level 1:colcon.colcon_core.environment:checking '/home/iclab/Desktop/ros2/install/tku_msgs/lib'
[120.873s] Level 1:colcon.colcon_core.shell:create_environment_hook('tku_msgs', 'ld_library_path_lib')
[120.929s] INFO:colcon.colcon_core.shell:Creating environment hook '/home/iclab/Desktop/ros2/install/tku_msgs/share/tku_msgs/hook/ld_library_path_lib.ps1'
[120.930s] INFO:colcon.colcon_core.shell:Creating environment descriptor '/home/iclab/Desktop/ros2/install/tku_msgs/share/tku_msgs/hook/ld_library_path_lib.dsv'
[120.932s] INFO:colcon.colcon_core.shell:Creating environment hook '/home/iclab/Desktop/ros2/install/tku_msgs/share/tku_msgs/hook/ld_library_path_lib.sh'
[120.933s] Level 1:colcon.colcon_core.environment:checking '/home/iclab/Desktop/ros2/install/tku_msgs/bin'
[120.934s] Level 1:colcon.colcon_core.environment:checking '/home/iclab/Desktop/ros2/install/tku_msgs/lib/pkgconfig/tku_msgs.pc'
[120.935s] Level 1:colcon.colcon_core.environment:checking '/home/iclab/Desktop/ros2/install/tku_msgs/lib/python3.10/site-packages'
[120.936s] Level 1:colcon.colcon_core.environment:checking '/home/iclab/Desktop/ros2/install/tku_msgs/bin'
[121.004s] INFO:colcon.colcon_core.shell:Creating package script '/home/iclab/Desktop/ros2/install/tku_msgs/share/tku_msgs/package.ps1'
[121.008s] INFO:colcon.colcon_core.shell:Creating package descriptor '/home/iclab/Desktop/ros2/install/tku_msgs/share/tku_msgs/package.dsv'
[121.010s] INFO:colcon.colcon_core.shell:Creating package script '/home/iclab/Desktop/ros2/install/tku_msgs/share/tku_msgs/package.sh'
[121.012s] INFO:colcon.colcon_core.shell:Creating package script '/home/iclab/Desktop/ros2/install/tku_msgs/share/tku_msgs/package.bash'
[121.014s] INFO:colcon.colcon_core.shell:Creating package script '/home/iclab/Desktop/ros2/install/tku_msgs/share/tku_msgs/package.zsh'
[121.016s] Level 1:colcon.colcon_core.environment:create_file_with_runtime_dependencies(/home/iclab/Desktop/ros2/install/tku_msgs/share/colcon-core/packages/tku_msgs)
[121.017s] INFO:colcon.colcon_ros.task.ament_python.build:Building ROS package in '/home/iclab/Desktop/ros2/src/tku_libs' with build type 'ament_python'
[121.021s] Level 1:colcon.colcon_core.shell:create_environment_hook('tku_libs', 'ament_prefix_path')
[121.094s] INFO:colcon.colcon_core.shell:Creating environment hook '/home/iclab/Desktop/ros2/install/tku_libs/share/tku_libs/hook/ament_prefix_path.ps1'
[121.097s] INFO:colcon.colcon_core.shell:Creating environment descriptor '/home/iclab/Desktop/ros2/install/tku_libs/share/tku_libs/hook/ament_prefix_path.dsv'
[121.099s] INFO:colcon.colcon_core.shell:Creating environment hook '/home/iclab/Desktop/ros2/install/tku_libs/share/tku_libs/hook/ament_prefix_path.sh'
[121.180s] INFO:colcon.colcon_core.shell:Skip shell extension 'powershell' for command environment: Not usable outside of PowerShell
[121.180s] DEBUG:colcon.colcon_core.shell:Skip shell extension 'dsv' for command environment
[122.318s] INFO:colcon.colcon_core.task.python.build:Building Python package in '/home/iclab/Desktop/ros2/src/tku_libs'
[122.369s] INFO:colcon.colcon_core.shell:Skip shell extension 'powershell' for command environment: Not usable outside of PowerShell
[122.370s] DEBUG:colcon.colcon_core.shell:Skip shell extension 'dsv' for command environment
[123.759s] DEBUG:colcon.colcon_core.event_handler.log_command:Invoking command in '/home/iclab/Desktop/ros2/src/tku_libs': AMENT_PREFIX_PATH=/home/iclab/Desktop/ros2/install/tku_msgs:${AMENT_PREFIX_PATH} CMAKE_PREFIX_PATH=/home/iclab/Desktop/ros2/install/tku_msgs:${CMAKE_PREFIX_PATH} LD_LIBRARY_PATH=/home/iclab/Desktop/ros2/install/tku_msgs/lib:${LD_LIBRARY_PATH} PYTHONPATH=/home/iclab/Desktop/ros2/build/tku_libs/prefix_override:/home/iclab/Desktop/ros2/install/tku_libs/lib/python3.10/site-packages:/home/iclab/Desktop/ros2/install/tku_msgs/local/lib/python3.10/dist-packages:${PYTHONPATH} /usr/bin/python3 setup.py egg_info --egg-base ../../build/tku_libs build --build-base /home/iclab/Desktop/ros2/build/tku_libs/build install --record /home/iclab/Desktop/ros2/build/tku_libs/install.log --single-version-externally-managed
[124.763s] DEBUG:colcon.colcon_core.event_handler.log_command:Invoked command in '/home/iclab/Desktop/ros2/src/tku_libs' returned '0': AMENT_PREFIX_PATH=/home/iclab/Desktop/ros2/install/tku_msgs:${AMENT_PREFIX_PATH} CMAKE_PREFIX_PATH=/home/iclab/Desktop/ros2/install/tku_msgs:${CMAKE_PREFIX_PATH} LD_LIBRARY_PATH=/home/iclab/Desktop/ros2/install/tku_msgs/lib:${LD_LIBRARY_PATH} PYTHONPATH=/home/iclab/Desktop/ros2/build/tku_libs/prefix_override:/home/iclab/Desktop/ros2/install/tku_libs/lib/python3.10/site-packages:/home/iclab/Desktop/ros2/install/tku_msgs/local/lib/python3.10/dist-packages:${PYTHONPATH} /usr/bin/python3 setup.py egg_info --egg-base ../../build/tku_libs build --build-base /home/iclab/Desktop/ros2/build/tku_libs/build install --record /home/iclab/Desktop/ros2/build/tku_libs/install.log --single-version-externally-managed
[124.816s] Level 1:colcon.colcon_core.environment:checking '/home/iclab/Desktop/ros2/install/tku_libs' for CMake module files
[124.817s] Level 1:colcon.colcon_core.environment:checking '/home/iclab/Desktop/ros2/install/tku_libs' for CMake config files
[124.820s] Level 1:colcon.colcon_core.environment:checking '/home/iclab/Desktop/ros2/install/tku_libs/lib'
[124.820s] Level 1:colcon.colcon_core.environment:checking '/home/iclab/Desktop/ros2/install/tku_libs/bin'
[124.821s] Level 1:colcon.colcon_core.environment:checking '/home/iclab/Desktop/ros2/install/tku_libs/lib/pkgconfig/tku_libs.pc'
[124.822s] Level 1:colcon.colcon_core.environment:checking '/home/iclab/Desktop/ros2/install/tku_libs/lib/python3.10/site-packages'
[124.823s] Level 1:colcon.colcon_core.shell:create_environment_hook('tku_libs', 'pythonpath')
[124.875s] INFO:colcon.colcon_core.shell:Creating environment hook '/home/iclab/Desktop/ros2/install/tku_libs/share/tku_libs/hook/pythonpath.ps1'
[124.876s] INFO:colcon.colcon_core.shell:Creating environment descriptor '/home/iclab/Desktop/ros2/install/tku_libs/share/tku_libs/hook/pythonpath.dsv'
[124.878s] INFO:colcon.colcon_core.shell:Creating environment hook '/home/iclab/Desktop/ros2/install/tku_libs/share/tku_libs/hook/pythonpath.sh'
[124.880s] Level 1:colcon.colcon_core.environment:checking '/home/iclab/Desktop/ros2/install/tku_libs/bin'
[124.880s] Level 1:colcon.colcon_core.environment:create_environment_scripts_only(tku_libs)
[124.939s] INFO:colcon.colcon_core.shell:Creating package script '/home/iclab/Desktop/ros2/install/tku_libs/share/tku_libs/package.ps1'
[124.940s] INFO:colcon.colcon_core.shell:Creating package descriptor '/home/iclab/Desktop/ros2/install/tku_libs/share/tku_libs/package.dsv'
[124.942s] INFO:colcon.colcon_core.shell:Creating package script '/home/iclab/Desktop/ros2/install/tku_libs/share/tku_libs/package.sh'
[124.944s] INFO:colcon.colcon_core.shell:Creating package script '/home/iclab/Desktop/ros2/install/tku_libs/share/tku_libs/package.bash'
[124.945s] INFO:colcon.colcon_core.shell:Creating package script '/home/iclab/Desktop/ros2/install/tku_libs/share/tku_libs/package.zsh'
[124.946s] Level 1:colcon.colcon_core.environment:create_file_with_runtime_dependencies(/home/iclab/Desktop/ros2/install/tku_libs/share/colcon-core/packages/tku_libs)
[124.947s] DEBUG:colcon.colcon_parallel_executor.executor.parallel:closing loop
[124.948s] DEBUG:colcon.colcon_parallel_executor.executor.parallel:loop closed
[124.949s] DEBUG:colcon.colcon_parallel_executor.executor.parallel:run_until_complete finished with '0'
[124.949s] DEBUG:colcon.colcon_core.event_reactor:joining thread
[125.035s] INFO:colcon.colcon_core.plugin_system:Skipping extension 'colcon_notification.desktop_notification.terminal_notifier': Not used on non-Darwin systems
[125.035s] INFO:colcon.colcon_core.plugin_system:Skipping extension 'colcon_notification.desktop_notification.win32': Not used on non-Windows systems
[125.035s] INFO:colcon.colcon_notification.desktop_notification:Sending desktop notification using 'notify2'
[125.166s] DEBUG:colcon.colcon_core.event_reactor:joined thread
[125.235s] INFO:colcon.colcon_core.shell:Creating prefix script '/home/iclab/Desktop/ros2/install/local_setup.ps1'
[125.238s] INFO:colcon.colcon_core.shell:Creating prefix util module '/home/iclab/Desktop/ros2/install/_local_setup_util_ps1.py'
[125.242s] INFO:colcon.colcon_core.shell:Creating prefix chain script '/home/iclab/Desktop/ros2/install/setup.ps1'
[125.307s] INFO:colcon.colcon_core.shell:Creating prefix script '/home/iclab/Desktop/ros2/install/local_setup.sh'
[125.310s] INFO:colcon.colcon_core.shell:Creating prefix util module '/home/iclab/Desktop/ros2/install/_local_setup_util_sh.py'
[125.312s] INFO:colcon.colcon_core.shell:Creating prefix chain script '/home/iclab/Desktop/ros2/install/setup.sh'
[125.373s] INFO:colcon.colcon_core.shell:Creating prefix script '/home/iclab/Desktop/ros2/install/local_setup.bash'
[125.376s] INFO:colcon.colcon_core.shell:Creating prefix chain script '/home/iclab/Desktop/ros2/install/setup.bash'
[125.431s] INFO:colcon.colcon_core.shell:Creating prefix script '/home/iclab/Desktop/ros2/install/local_setup.zsh'
[125.433s] INFO:colcon.colcon_core.shell:Creating prefix chain script '/home/iclab/Desktop/ros2/install/setup.zsh'
