[2.905s] Invoking command in '/home/iclab/Desktop/ros2/src/motionpackage': PYTHONPATH=/home/iclab/Desktop/ros2/build/motionpackage/prefix_override:/home/iclab/Desktop/ros2/install/motionpackage/lib/python3.10/site-packages:${PYTHONPATH} /usr/bin/python3 setup.py egg_info --egg-base ../../build/motionpackage build --build-base /home/iclab/Desktop/ros2/build/motionpackage/build install --record /home/iclab/Desktop/ros2/build/motionpackage/install.log --single-version-externally-managed
[3.871s] running egg_info
[3.875s] writing ../../build/motionpackage/motionpackage.egg-info/PKG-INFO
[3.877s] writing dependency_links to ../../build/motionpackage/motionpackage.egg-info/dependency_links.txt
[3.879s] writing entry points to ../../build/motionpackage/motionpackage.egg-info/entry_points.txt
[3.880s] writing requirements to ../../build/motionpackage/motionpackage.egg-info/requires.txt
[3.883s] writing top-level names to ../../build/motionpackage/motionpackage.egg-info/top_level.txt
[3.885s] reading manifest file '../../build/motionpackage/motionpackage.egg-info/SOURCES.txt'
[3.885s] writing manifest file '../../build/motionpackage/motionpackage.egg-info/SOURCES.txt'
[3.886s] running build
[3.886s] running build_py
[3.887s] copying motionpackage/motion.py -> /home/iclab/Desktop/ros2/build/motionpackage/build/lib/motionpackage
[3.887s] running install
[3.888s] running install_lib
[3.889s] copying /home/iclab/Desktop/ros2/build/motionpackage/build/lib/motionpackage/motion.py -> /home/iclab/Desktop/ros2/install/motionpackage/lib/python3.10/site-packages/motionpackage
[3.890s] byte-compiling /home/iclab/Desktop/ros2/install/motionpackage/lib/python3.10/site-packages/motionpackage/motion.py to motion.cpython-310.pyc
[3.912s] running install_data
[3.916s] running install_egg_info
[3.920s] removing '/home/iclab/Desktop/ros2/install/motionpackage/lib/python3.10/site-packages/motionpackage-0.0.0-py3.10.egg-info' (and everything under it)
[3.921s] Copying ../../build/motionpackage/motionpackage.egg-info to /home/iclab/Desktop/ros2/install/motionpackage/lib/python3.10/site-packages/motionpackage-0.0.0-py3.10.egg-info
[3.924s] running install_scripts
[3.978s] Installing motion script to /home/iclab/Desktop/ros2/install/motionpackage/lib/motionpackage
[3.979s] writing list of installed files to '/home/iclab/Desktop/ros2/build/motionpackage/install.log'
[4.074s] Invoked command in '/home/iclab/Desktop/ros2/src/motionpackage' returned '0': PYTHONPATH=/home/iclab/Desktop/ros2/build/motionpackage/prefix_override:/home/iclab/Desktop/ros2/install/motionpackage/lib/python3.10/site-packages:${PYTHONPATH} /usr/bin/python3 setup.py egg_info --egg-base ../../build/motionpackage build --build-base /home/iclab/Desktop/ros2/build/motionpackage/build install --record /home/iclab/Desktop/ros2/build/motionpackage/install.log --single-version-externally-managed
