[0.811s] Invoking command in '/home/iclab/Desktop/ros2/src/motionpackage': BYOBU_DATE=%Y-%m-%d PYTHONPATH=/home/iclab/Desktop/ros2/src/build/motionpackage/prefix_override:/home/iclab/Desktop/ros2/src/install/motionpackage/lib/python3.10/site-packages:${PYTHONPATH} /usr/bin/python3 setup.py egg_info --egg-base ../build/motionpackage build --build-base /home/iclab/Desktop/ros2/src/build/motionpackage/build install --record /home/iclab/Desktop/ros2/src/build/motionpackage/install.log --single-version-externally-managed
[1.050s] running egg_info
[1.051s] writing ../build/motionpackage/motionpackage.egg-info/PKG-INFO
[1.051s] writing dependency_links to ../build/motionpackage/motionpackage.egg-info/dependency_links.txt
[1.051s] writing entry points to ../build/motionpackage/motionpackage.egg-info/entry_points.txt
[1.051s] writing requirements to ../build/motionpackage/motionpackage.egg-info/requires.txt
[1.051s] writing top-level names to ../build/motionpackage/motionpackage.egg-info/top_level.txt
[1.052s] reading manifest file '../build/motionpackage/motionpackage.egg-info/SOURCES.txt'
[1.053s] writing manifest file '../build/motionpackage/motionpackage.egg-info/SOURCES.txt'
[1.053s] running build
[1.053s] running build_py
[1.053s] running install
[1.053s] running install_lib
[1.054s] running install_data
[1.055s] running install_egg_info
[1.056s] removing '/home/iclab/Desktop/ros2/src/install/motionpackage/lib/python3.10/site-packages/motionpackage-0.0.0-py3.10.egg-info' (and everything under it)
[1.056s] Copying ../build/motionpackage/motionpackage.egg-info to /home/iclab/Desktop/ros2/src/install/motionpackage/lib/python3.10/site-packages/motionpackage-0.0.0-py3.10.egg-info
[1.057s] running install_scripts
[1.072s] Installing motion script to /home/iclab/Desktop/ros2/src/install/motionpackage/lib/motionpackage
[1.072s] writing list of installed files to '/home/iclab/Desktop/ros2/src/build/motionpackage/install.log'
[1.094s] Invoked command in '/home/iclab/Desktop/ros2/src/motionpackage' returned '0': BYOBU_DATE=%Y-%m-%d PYTHONPATH=/home/iclab/Desktop/ros2/src/build/motionpackage/prefix_override:/home/iclab/Desktop/ros2/src/install/motionpackage/lib/python3.10/site-packages:${PYTHONPATH} /usr/bin/python3 setup.py egg_info --egg-base ../build/motionpackage build --build-base /home/iclab/Desktop/ros2/src/build/motionpackage/build install --record /home/iclab/Desktop/ros2/src/build/motionpackage/install.log --single-version-externally-managed
