[0.286s] Invoking command in '/home/iclab/Desktop/ros2/src/build/usb_cam': BYOBU_DATE=%Y-%m-%d CMAKE_PREFIX_PATH=/home/iclab/Desktop/ros2/src/install/tku_msgs:/home/iclab/Desktop/ros2/src/install/web_video_server:/home/iclab/Desktop/ros2/src/install/usb_cam:/home/iclab/Desktop/ros2/install/web_video_server:/home/iclab/Desktop/ros2/install/usb_cam:/home/iclab/Desktop/ros2/install/tku_msgs:/home/iclab/Desktop/ros2/install/serial:/home/iclab/Desktop/ros2/src/install/tku_libs:/home/iclab/Desktop/ros2/src/install/motionpackage:/home/iclab/Desktop/ros2/install/tku_libs:/home/iclab/Desktop/ros2/install/motionpackage:/opt/ros/humble LD_LIBRARY_PATH=/home/iclab/Desktop/ros2/src/install/tku_msgs/lib:/home/iclab/Desktop/ros2/src/install/usb_cam/lib:/home/iclab/Desktop/ros2/install/usb_cam/lib:/home/iclab/Desktop/ros2/install/tku_msgs/lib:/opt/ros/humble/opt/rviz_ogre_vendor/lib:/opt/ros/humble/lib/x86_64-linux-gnu:/opt/ros/humble/lib /usr/bin/cmake --build /home/iclab/Desktop/ros2/src/build/usb_cam -- -j8 -l8
[0.323s] [ 31%] Built target gtest_main
[0.323s] [ 37%] Built target usb_cam
[0.324s] [ 50%] Built target usb_cam_node_exe
[0.328s] [ 62%] Built target gtest
[0.333s] [35m[1mConsolidate compiler generated dependencies of target usb_cam_node[0m
[0.343s] [ 75%] Built target test_pixel_formats
[0.345s] [ 87%] Built target test_usb_cam_utils
[0.347s] [ 93%] [32mBuilding CXX object CMakeFiles/usb_cam_node.dir/src/usb_cam_node.cpp.o[0m
[7.193s] [100%] [32m[1mLinking CXX shared library libusb_cam_node.so[0m
[7.617s] [100%] Built target usb_cam_node
[7.625s] Invoked command in '/home/iclab/Desktop/ros2/src/build/usb_cam' returned '0': BYOBU_DATE=%Y-%m-%d CMAKE_PREFIX_PATH=/home/iclab/Desktop/ros2/src/install/tku_msgs:/home/iclab/Desktop/ros2/src/install/web_video_server:/home/iclab/Desktop/ros2/src/install/usb_cam:/home/iclab/Desktop/ros2/install/web_video_server:/home/iclab/Desktop/ros2/install/usb_cam:/home/iclab/Desktop/ros2/install/tku_msgs:/home/iclab/Desktop/ros2/install/serial:/home/iclab/Desktop/ros2/src/install/tku_libs:/home/iclab/Desktop/ros2/src/install/motionpackage:/home/iclab/Desktop/ros2/install/tku_libs:/home/iclab/Desktop/ros2/install/motionpackage:/opt/ros/humble LD_LIBRARY_PATH=/home/iclab/Desktop/ros2/src/install/tku_msgs/lib:/home/iclab/Desktop/ros2/src/install/usb_cam/lib:/home/iclab/Desktop/ros2/install/usb_cam/lib:/home/iclab/Desktop/ros2/install/tku_msgs/lib:/opt/ros/humble/opt/rviz_ogre_vendor/lib:/opt/ros/humble/lib/x86_64-linux-gnu:/opt/ros/humble/lib /usr/bin/cmake --build /home/iclab/Desktop/ros2/src/build/usb_cam -- -j8 -l8
[7.656s] Invoking command in '/home/iclab/Desktop/ros2/src/build/usb_cam': BYOBU_DATE=%Y-%m-%d CMAKE_PREFIX_PATH=/home/iclab/Desktop/ros2/src/install/tku_msgs:/home/iclab/Desktop/ros2/src/install/web_video_server:/home/iclab/Desktop/ros2/src/install/usb_cam:/home/iclab/Desktop/ros2/install/web_video_server:/home/iclab/Desktop/ros2/install/usb_cam:/home/iclab/Desktop/ros2/install/tku_msgs:/home/iclab/Desktop/ros2/install/serial:/home/iclab/Desktop/ros2/src/install/tku_libs:/home/iclab/Desktop/ros2/src/install/motionpackage:/home/iclab/Desktop/ros2/install/tku_libs:/home/iclab/Desktop/ros2/install/motionpackage:/opt/ros/humble LD_LIBRARY_PATH=/home/iclab/Desktop/ros2/src/install/tku_msgs/lib:/home/iclab/Desktop/ros2/src/install/usb_cam/lib:/home/iclab/Desktop/ros2/install/usb_cam/lib:/home/iclab/Desktop/ros2/install/tku_msgs/lib:/opt/ros/humble/opt/rviz_ogre_vendor/lib:/opt/ros/humble/lib/x86_64-linux-gnu:/opt/ros/humble/lib /usr/bin/cmake --install /home/iclab/Desktop/ros2/src/build/usb_cam
[7.661s] -- Install configuration: ""
[7.661s] -- Up-to-date: /home/iclab/Desktop/ros2/src/install/usb_cam/share/usb_cam/environment/library_path.dsv
[7.661s] -- Up-to-date: /home/iclab/Desktop/ros2/src/install/usb_cam/lib/usb_cam/usb_cam_node_exe
[7.661s] -- Up-to-date: /home/iclab/Desktop/ros2/src/install/usb_cam/lib/usb_cam/show_image.py
[7.661s] -- Up-to-date: /home/iclab/Desktop/ros2/src/install/usb_cam/lib/libusb_cam.so
[7.661s] -- Installing: /home/iclab/Desktop/ros2/src/install/usb_cam/lib/libusb_cam_node.so
[7.668s] -- Set runtime path of "/home/iclab/Desktop/ros2/src/install/usb_cam/lib/libusb_cam_node.so" to ""
[7.668s] -- Up-to-date: /home/iclab/Desktop/ros2/src/install/usb_cam/include
[7.668s] -- Up-to-date: /home/iclab/Desktop/ros2/src/install/usb_cam/include/usb_cam
[7.669s] -- Up-to-date: /home/iclab/Desktop/ros2/src/install/usb_cam/include/usb_cam/tool.hpp
[7.669s] -- Up-to-date: /home/iclab/Desktop/ros2/src/install/usb_cam/include/usb_cam/tdataunit.hpp
[7.669s] -- Up-to-date: /home/iclab/Desktop/ros2/src/install/usb_cam/include/usb_cam/conversions.hpp
[7.669s] -- Up-to-date: /home/iclab/Desktop/ros2/src/install/usb_cam/include/usb_cam/usb_cam.hpp
[7.669s] -- Up-to-date: /home/iclab/Desktop/ros2/src/install/usb_cam/include/usb_cam/formats
[7.669s] -- Up-to-date: /home/iclab/Desktop/ros2/src/install/usb_cam/include/usb_cam/formats/mjpeg.hpp
[7.669s] -- Up-to-date: /home/iclab/Desktop/ros2/src/install/usb_cam/include/usb_cam/formats/pixel_format_base.hpp
[7.669s] -- Up-to-date: /home/iclab/Desktop/ros2/src/install/usb_cam/include/usb_cam/formats/uyvy.hpp
[7.669s] -- Up-to-date: /home/iclab/Desktop/ros2/src/install/usb_cam/include/usb_cam/formats/yuyv.hpp
[7.669s] -- Up-to-date: /home/iclab/Desktop/ros2/src/install/usb_cam/include/usb_cam/formats/mono.hpp
[7.669s] -- Up-to-date: /home/iclab/Desktop/ros2/src/install/usb_cam/include/usb_cam/formats/rgb.hpp
[7.669s] -- Up-to-date: /home/iclab/Desktop/ros2/src/install/usb_cam/include/usb_cam/formats/m420.hpp
[7.669s] -- Up-to-date: /home/iclab/Desktop/ros2/src/install/usb_cam/include/usb_cam/formats/utils.hpp
[7.669s] -- Up-to-date: /home/iclab/Desktop/ros2/src/install/usb_cam/include/usb_cam/usb_cam_node.hpp
[7.669s] -- Up-to-date: /home/iclab/Desktop/ros2/src/install/usb_cam/include/usb_cam/utils.hpp
[7.669s] -- Up-to-date: /home/iclab/Desktop/ros2/src/install/usb_cam/include/usb_cam/constants.hpp
[7.669s] -- Up-to-date: /home/iclab/Desktop/ros2/src/install/usb_cam/lib/libusb_cam_node.so
[7.669s] -- Up-to-date: /home/iclab/Desktop/ros2/src/install/usb_cam/share/usb_cam/launch
[7.669s] -- Up-to-date: /home/iclab/Desktop/ros2/src/install/usb_cam/share/usb_cam/launch/camera_config.py
[7.670s] -- Up-to-date: /home/iclab/Desktop/ros2/src/install/usb_cam/share/usb_cam/launch/camera.launch.py
[7.670s] -- Up-to-date: /home/iclab/Desktop/ros2/src/install/usb_cam/share/usb_cam/launch/__init__.py
[7.670s] -- Up-to-date: /home/iclab/Desktop/ros2/src/install/usb_cam/share/usb_cam/config
[7.670s] -- Up-to-date: /home/iclab/Desktop/ros2/src/install/usb_cam/share/usb_cam/config/camera_info.yaml
[7.670s] -- Up-to-date: /home/iclab/Desktop/ros2/src/install/usb_cam/share/usb_cam/config/params_2.yaml
[7.670s] -- Up-to-date: /home/iclab/Desktop/ros2/src/install/usb_cam/share/usb_cam/config/params_1.yaml
[7.670s] -- Up-to-date: /home/iclab/Desktop/ros2/src/install/usb_cam/share/ament_index/resource_index/package_run_dependencies/usb_cam
[7.670s] -- Up-to-date: /home/iclab/Desktop/ros2/src/install/usb_cam/share/ament_index/resource_index/parent_prefix_path/usb_cam
[7.670s] -- Up-to-date: /home/iclab/Desktop/ros2/src/install/usb_cam/share/usb_cam/environment/ament_prefix_path.dsv
[7.670s] -- Up-to-date: /home/iclab/Desktop/ros2/src/install/usb_cam/share/usb_cam/environment/path.dsv
[7.670s] -- Up-to-date: /home/iclab/Desktop/ros2/src/install/usb_cam/share/usb_cam/local_setup.bash
[7.670s] -- Up-to-date: /home/iclab/Desktop/ros2/src/install/usb_cam/share/usb_cam/local_setup.sh
[7.670s] -- Up-to-date: /home/iclab/Desktop/ros2/src/install/usb_cam/share/usb_cam/local_setup.zsh
[7.670s] -- Up-to-date: /home/iclab/Desktop/ros2/src/install/usb_cam/share/usb_cam/local_setup.dsv
[7.670s] -- Installing: /home/iclab/Desktop/ros2/src/install/usb_cam/share/usb_cam/package.dsv
[7.670s] -- Up-to-date: /home/iclab/Desktop/ros2/src/install/usb_cam/share/ament_index/resource_index/packages/usb_cam
[7.670s] -- Up-to-date: /home/iclab/Desktop/ros2/src/install/usb_cam/share/ament_index/resource_index/rclcpp_components/usb_cam
[7.670s] -- Up-to-date: /home/iclab/Desktop/ros2/src/install/usb_cam/share/usb_cam/cmake/ament_cmake_export_libraries-extras.cmake
[7.670s] -- Up-to-date: /home/iclab/Desktop/ros2/src/install/usb_cam/share/usb_cam/cmake/ament_cmake_export_dependencies-extras.cmake
[7.670s] -- Up-to-date: /home/iclab/Desktop/ros2/src/install/usb_cam/share/usb_cam/cmake/ament_cmake_export_include_directories-extras.cmake
[7.670s] -- Up-to-date: /home/iclab/Desktop/ros2/src/install/usb_cam/share/usb_cam/cmake/usb_camConfig.cmake
[7.671s] -- Up-to-date: /home/iclab/Desktop/ros2/src/install/usb_cam/share/usb_cam/cmake/usb_camConfig-version.cmake
[7.671s] -- Up-to-date: /home/iclab/Desktop/ros2/src/install/usb_cam/share/usb_cam/package.xml
[7.671s] Invoked command in '/home/iclab/Desktop/ros2/src/build/usb_cam' returned '0': BYOBU_DATE=%Y-%m-%d CMAKE_PREFIX_PATH=/home/iclab/Desktop/ros2/src/install/tku_msgs:/home/iclab/Desktop/ros2/src/install/web_video_server:/home/iclab/Desktop/ros2/src/install/usb_cam:/home/iclab/Desktop/ros2/install/web_video_server:/home/iclab/Desktop/ros2/install/usb_cam:/home/iclab/Desktop/ros2/install/tku_msgs:/home/iclab/Desktop/ros2/install/serial:/home/iclab/Desktop/ros2/src/install/tku_libs:/home/iclab/Desktop/ros2/src/install/motionpackage:/home/iclab/Desktop/ros2/install/tku_libs:/home/iclab/Desktop/ros2/install/motionpackage:/opt/ros/humble LD_LIBRARY_PATH=/home/iclab/Desktop/ros2/src/install/tku_msgs/lib:/home/iclab/Desktop/ros2/src/install/usb_cam/lib:/home/iclab/Desktop/ros2/install/usb_cam/lib:/home/iclab/Desktop/ros2/install/tku_msgs/lib:/opt/ros/humble/opt/rviz_ogre_vendor/lib:/opt/ros/humble/lib/x86_64-linux-gnu:/opt/ros/humble/lib /usr/bin/cmake --install /home/iclab/Desktop/ros2/src/build/usb_cam
