[0.900s] Invoking command in '/home/iclab/Desktop/ros2/src/motionpackage': PYTHONPATH=/home/iclab/Desktop/ros2/build/motionpackage/prefix_override:/home/iclab/Desktop/ros2/install/motionpackage/lib/python3.10/site-packages:${PYTHONPATH} /usr/bin/python3 setup.py egg_info --egg-base ../../build/motionpackage build --build-base /home/iclab/Desktop/ros2/build/motionpackage/build install --record /home/iclab/Desktop/ros2/build/motionpackage/install.log --single-version-externally-managed
[1.103s] running egg_info
[1.104s] writing ../../build/motionpackage/motionpackage.egg-info/PKG-INFO
[1.104s] writing dependency_links to ../../build/motionpackage/motionpackage.egg-info/dependency_links.txt
[1.105s] writing entry points to ../../build/motionpackage/motionpackage.egg-info/entry_points.txt
[1.105s] writing requirements to ../../build/motionpackage/motionpackage.egg-info/requires.txt
[1.105s] writing top-level names to ../../build/motionpackage/motionpackage.egg-info/top_level.txt
[1.107s] reading manifest file '../../build/motionpackage/motionpackage.egg-info/SOURCES.txt'
[1.110s] writing manifest file '../../build/motionpackage/motionpackage.egg-info/SOURCES.txt'
[1.112s] running build
[1.112s] running build_py
[1.112s] running install
[1.112s] running install_lib
[1.113s] running install_data
[1.114s] running install_egg_info
[1.116s] removing '/home/iclab/Desktop/ros2/install/motionpackage/lib/python3.10/site-packages/motionpackage-0.0.0-py3.10.egg-info' (and everything under it)
[1.116s] Copying ../../build/motionpackage/motionpackage.egg-info to /home/iclab/Desktop/ros2/install/motionpackage/lib/python3.10/site-packages/motionpackage-0.0.0-py3.10.egg-info
[1.117s] running install_scripts
[1.135s] Installing motion script to /home/iclab/Desktop/ros2/install/motionpackage/lib/motionpackage
[1.135s] writing list of installed files to '/home/iclab/Desktop/ros2/build/motionpackage/install.log'
[1.155s] Invoked command in '/home/iclab/Desktop/ros2/src/motionpackage' returned '0': PYTHONPATH=/home/iclab/Desktop/ros2/build/motionpackage/prefix_override:/home/iclab/Desktop/ros2/install/motionpackage/lib/python3.10/site-packages:${PYTHONPATH} /usr/bin/python3 setup.py egg_info --egg-base ../../build/motionpackage build --build-base /home/iclab/Desktop/ros2/build/motionpackage/build install --record /home/iclab/Desktop/ros2/build/motionpackage/install.log --single-version-externally-managed
