[0.269s] Invoking command in '/home/iclab/Desktop/ros2/src/build/usb_cam': AMENT_PREFIX_PATH=/home/iclab/Desktop/ros2/src/install/tku_msgs:${AMENT_PREFIX_PATH} BYOBU_DATE=%Y-%m-%d CMAKE_PREFIX_PATH=/home/iclab/Desktop/ros2/src/install/tku_msgs:/home/iclab/Desktop/ros2/install/web_video_server:/home/iclab/Desktop/ros2/install/usb_cam:/home/iclab/Desktop/ros2/install/tku_msgs:/home/iclab/Desktop/ros2/install/serial:/home/iclab/Desktop/ros2/install/tku_libs:/home/iclab/Desktop/ros2/install/motionpackage:/opt/ros/humble LD_LIBRARY_PATH=/home/iclab/Desktop/ros2/src/install/tku_msgs/lib:${LD_LIBRARY_PATH} PYTHONPATH=/home/iclab/Desktop/ros2/src/install/tku_msgs/local/lib/python3.10/dist-packages:${PYTHONPATH} /usr/bin/cmake --build /home/iclab/Desktop/ros2/src/build/usb_cam -- -j8 -l8
[0.304s] [ 12%] Built target gtest
[0.305s] [ 25%] Built target gtest_main
[0.307s] [ 37%] Built target usb_cam_node_exe
[0.307s] [ 62%] Built target usb_cam
[0.324s] [ 81%] Built target test_pixel_formats
[0.324s] [ 87%] Built target test_usb_cam_utils
[0.326s] [100%] Built target usb_cam_node
[0.334s] Invoked command in '/home/iclab/Desktop/ros2/src/build/usb_cam' returned '0': AMENT_PREFIX_PATH=/home/iclab/Desktop/ros2/src/install/tku_msgs:${AMENT_PREFIX_PATH} BYOBU_DATE=%Y-%m-%d CMAKE_PREFIX_PATH=/home/iclab/Desktop/ros2/src/install/tku_msgs:/home/iclab/Desktop/ros2/install/web_video_server:/home/iclab/Desktop/ros2/install/usb_cam:/home/iclab/Desktop/ros2/install/tku_msgs:/home/iclab/Desktop/ros2/install/serial:/home/iclab/Desktop/ros2/install/tku_libs:/home/iclab/Desktop/ros2/install/motionpackage:/opt/ros/humble LD_LIBRARY_PATH=/home/iclab/Desktop/ros2/src/install/tku_msgs/lib:${LD_LIBRARY_PATH} PYTHONPATH=/home/iclab/Desktop/ros2/src/install/tku_msgs/local/lib/python3.10/dist-packages:${PYTHONPATH} /usr/bin/cmake --build /home/iclab/Desktop/ros2/src/build/usb_cam -- -j8 -l8
[0.362s] Invoking command in '/home/iclab/Desktop/ros2/src/build/usb_cam': AMENT_PREFIX_PATH=/home/iclab/Desktop/ros2/src/install/tku_msgs:${AMENT_PREFIX_PATH} BYOBU_DATE=%Y-%m-%d CMAKE_PREFIX_PATH=/home/iclab/Desktop/ros2/src/install/tku_msgs:/home/iclab/Desktop/ros2/install/web_video_server:/home/iclab/Desktop/ros2/install/usb_cam:/home/iclab/Desktop/ros2/install/tku_msgs:/home/iclab/Desktop/ros2/install/serial:/home/iclab/Desktop/ros2/install/tku_libs:/home/iclab/Desktop/ros2/install/motionpackage:/opt/ros/humble LD_LIBRARY_PATH=/home/iclab/Desktop/ros2/src/install/tku_msgs/lib:${LD_LIBRARY_PATH} PYTHONPATH=/home/iclab/Desktop/ros2/src/install/tku_msgs/local/lib/python3.10/dist-packages:${PYTHONPATH} /usr/bin/cmake --install /home/iclab/Desktop/ros2/src/build/usb_cam
[0.367s] -- Install configuration: ""
[0.367s] -- Up-to-date: /home/iclab/Desktop/ros2/src/install/usb_cam/share/usb_cam/environment/library_path.dsv
[0.367s] -- Up-to-date: /home/iclab/Desktop/ros2/src/install/usb_cam/lib/usb_cam/usb_cam_node_exe
[0.367s] -- Up-to-date: /home/iclab/Desktop/ros2/src/install/usb_cam/lib/usb_cam/show_image.py
[0.367s] -- Up-to-date: /home/iclab/Desktop/ros2/src/install/usb_cam/lib/libusb_cam.so
[0.367s] -- Up-to-date: /home/iclab/Desktop/ros2/src/install/usb_cam/lib/libusb_cam_node.so
[0.367s] -- Up-to-date: /home/iclab/Desktop/ros2/src/install/usb_cam/include
[0.367s] -- Up-to-date: /home/iclab/Desktop/ros2/src/install/usb_cam/include/usb_cam
[0.367s] -- Up-to-date: /home/iclab/Desktop/ros2/src/install/usb_cam/include/usb_cam/tool.hpp
[0.367s] -- Up-to-date: /home/iclab/Desktop/ros2/src/install/usb_cam/include/usb_cam/tdataunit.hpp
[0.368s] -- Up-to-date: /home/iclab/Desktop/ros2/src/install/usb_cam/include/usb_cam/conversions.hpp
[0.368s] -- Up-to-date: /home/iclab/Desktop/ros2/src/install/usb_cam/include/usb_cam/usb_cam.hpp
[0.368s] -- Up-to-date: /home/iclab/Desktop/ros2/src/install/usb_cam/include/usb_cam/formats
[0.368s] -- Up-to-date: /home/iclab/Desktop/ros2/src/install/usb_cam/include/usb_cam/formats/mjpeg.hpp
[0.368s] -- Up-to-date: /home/iclab/Desktop/ros2/src/install/usb_cam/include/usb_cam/formats/pixel_format_base.hpp
[0.368s] -- Up-to-date: /home/iclab/Desktop/ros2/src/install/usb_cam/include/usb_cam/formats/uyvy.hpp
[0.368s] -- Up-to-date: /home/iclab/Desktop/ros2/src/install/usb_cam/include/usb_cam/formats/yuyv.hpp
[0.368s] -- Up-to-date: /home/iclab/Desktop/ros2/src/install/usb_cam/include/usb_cam/formats/mono.hpp
[0.368s] -- Up-to-date: /home/iclab/Desktop/ros2/src/install/usb_cam/include/usb_cam/formats/rgb.hpp
[0.368s] -- Up-to-date: /home/iclab/Desktop/ros2/src/install/usb_cam/include/usb_cam/formats/m420.hpp
[0.368s] -- Up-to-date: /home/iclab/Desktop/ros2/src/install/usb_cam/include/usb_cam/formats/utils.hpp
[0.368s] -- Up-to-date: /home/iclab/Desktop/ros2/src/install/usb_cam/include/usb_cam/usb_cam_node.hpp
[0.368s] -- Up-to-date: /home/iclab/Desktop/ros2/src/install/usb_cam/include/usb_cam/utils.hpp
[0.368s] -- Up-to-date: /home/iclab/Desktop/ros2/src/install/usb_cam/include/usb_cam/constants.hpp
[0.369s] -- Up-to-date: /home/iclab/Desktop/ros2/src/install/usb_cam/lib/libusb_cam_node.so
[0.369s] -- Up-to-date: /home/iclab/Desktop/ros2/src/install/usb_cam/share/usb_cam/launch
[0.369s] -- Up-to-date: /home/iclab/Desktop/ros2/src/install/usb_cam/share/usb_cam/launch/camera_config.py
[0.369s] -- Up-to-date: /home/iclab/Desktop/ros2/src/install/usb_cam/share/usb_cam/launch/camera.launch.py
[0.369s] -- Up-to-date: /home/iclab/Desktop/ros2/src/install/usb_cam/share/usb_cam/launch/__init__.py
[0.370s] -- Up-to-date: /home/iclab/Desktop/ros2/src/install/usb_cam/share/usb_cam/config
[0.370s] -- Up-to-date: /home/iclab/Desktop/ros2/src/install/usb_cam/share/usb_cam/config/camera_info.yaml
[0.370s] -- Up-to-date: /home/iclab/Desktop/ros2/src/install/usb_cam/share/usb_cam/config/params_2.yaml
[0.370s] -- Up-to-date: /home/iclab/Desktop/ros2/src/install/usb_cam/share/usb_cam/config/params_1.yaml
[0.370s] -- Up-to-date: /home/iclab/Desktop/ros2/src/install/usb_cam/share/ament_index/resource_index/package_run_dependencies/usb_cam
[0.370s] -- Up-to-date: /home/iclab/Desktop/ros2/src/install/usb_cam/share/ament_index/resource_index/parent_prefix_path/usb_cam
[0.370s] -- Up-to-date: /home/iclab/Desktop/ros2/src/install/usb_cam/share/usb_cam/environment/ament_prefix_path.dsv
[0.370s] -- Up-to-date: /home/iclab/Desktop/ros2/src/install/usb_cam/share/usb_cam/environment/path.dsv
[0.370s] -- Up-to-date: /home/iclab/Desktop/ros2/src/install/usb_cam/share/usb_cam/local_setup.bash
[0.370s] -- Up-to-date: /home/iclab/Desktop/ros2/src/install/usb_cam/share/usb_cam/local_setup.sh
[0.370s] -- Up-to-date: /home/iclab/Desktop/ros2/src/install/usb_cam/share/usb_cam/local_setup.zsh
[0.371s] -- Up-to-date: /home/iclab/Desktop/ros2/src/install/usb_cam/share/usb_cam/local_setup.dsv
[0.371s] -- Installing: /home/iclab/Desktop/ros2/src/install/usb_cam/share/usb_cam/package.dsv
[0.371s] -- Up-to-date: /home/iclab/Desktop/ros2/src/install/usb_cam/share/ament_index/resource_index/packages/usb_cam
[0.371s] -- Up-to-date: /home/iclab/Desktop/ros2/src/install/usb_cam/share/ament_index/resource_index/rclcpp_components/usb_cam
[0.371s] -- Up-to-date: /home/iclab/Desktop/ros2/src/install/usb_cam/share/usb_cam/cmake/ament_cmake_export_libraries-extras.cmake
[0.371s] -- Up-to-date: /home/iclab/Desktop/ros2/src/install/usb_cam/share/usb_cam/cmake/ament_cmake_export_dependencies-extras.cmake
[0.371s] -- Up-to-date: /home/iclab/Desktop/ros2/src/install/usb_cam/share/usb_cam/cmake/ament_cmake_export_include_directories-extras.cmake
[0.371s] -- Up-to-date: /home/iclab/Desktop/ros2/src/install/usb_cam/share/usb_cam/cmake/usb_camConfig.cmake
[0.372s] -- Up-to-date: /home/iclab/Desktop/ros2/src/install/usb_cam/share/usb_cam/cmake/usb_camConfig-version.cmake
[0.372s] -- Up-to-date: /home/iclab/Desktop/ros2/src/install/usb_cam/share/usb_cam/package.xml
[0.372s] Invoked command in '/home/iclab/Desktop/ros2/src/build/usb_cam' returned '0': AMENT_PREFIX_PATH=/home/iclab/Desktop/ros2/src/install/tku_msgs:${AMENT_PREFIX_PATH} BYOBU_DATE=%Y-%m-%d CMAKE_PREFIX_PATH=/home/iclab/Desktop/ros2/src/install/tku_msgs:/home/iclab/Desktop/ros2/install/web_video_server:/home/iclab/Desktop/ros2/install/usb_cam:/home/iclab/Desktop/ros2/install/tku_msgs:/home/iclab/Desktop/ros2/install/serial:/home/iclab/Desktop/ros2/install/tku_libs:/home/iclab/Desktop/ros2/install/motionpackage:/opt/ros/humble LD_LIBRARY_PATH=/home/iclab/Desktop/ros2/src/install/tku_msgs/lib:${LD_LIBRARY_PATH} PYTHONPATH=/home/iclab/Desktop/ros2/src/install/tku_msgs/local/lib/python3.10/dist-packages:${PYTHONPATH} /usr/bin/cmake --install /home/iclab/Desktop/ros2/src/build/usb_cam
