[0.282s] Invoking command in '/home/iclab/Desktop/ros2/build/usb_cam': CMAKE_PREFIX_PATH=/home/iclab/Desktop/ros2/install/tku_msgs:/home/iclab/Desktop/ros2/install/web_video_server:/home/iclab/Desktop/ros2/install/usb_cam:/home/iclab/Desktop/ros2/install/serial:/home/iclab/Desktop/ros2/install/tku_libs:/home/iclab/Desktop/ros2/install/motionpackage:/opt/ros/humble LD_LIBRARY_PATH=/home/iclab/Desktop/ros2/install/tku_msgs/lib:/home/iclab/Desktop/ros2/install/usb_cam/lib:/opt/ros/humble/opt/rviz_ogre_vendor/lib:/opt/ros/humble/lib/x86_64-linux-gnu:/opt/ros/humble/lib /usr/bin/cmake --build /home/iclab/Desktop/ros2/build/usb_cam -- -j8 -l8
[0.319s] [ 14%] Built target usb_cam
[0.322s] [ 28%] Built target gtest
[0.322s] [ 42%] Built target gtest_main
[0.324s] [ 57%] Built target usb_cam_node_exe
[0.332s] [35m[1mConsolidate compiler generated dependencies of target usb_cam_node[0m
[0.340s] [ 71%] Built target test_pixel_formats
[0.341s] [ 85%] Built target test_usb_cam_utils
[0.349s] [ 92%] [32mBuilding CXX object CMakeFiles/usb_cam_node.dir/src/usb_cam_node.cpp.o[0m
[2.260s] [01m[K/home/iclab/Desktop/ros2/src/usb_cam/src/usb_cam_node.cpp:[m[K In constructor ‘[01m[Kusb_cam::UsbCamNode::UsbCamNode(const rclcpp::NodeOptions&)[m[K’:
[2.260s] [01m[K/home/iclab/Desktop/ros2/src/usb_cam/src/usb_cam_node.cpp:65:42:[m[K [01;31m[Kerror: [m[K‘[01m[Kcallcamerainfofunction[m[K’ is not a member of ‘[01m[Kusb_cam::UsbCamNode[m[K’
[2.260s]    65 |   "//CameraInfo", std::bind(&UsbCamNode::[01;31m[Kcallcamerainfofunction[m[K, this, std::placeholders::_1, std::placeholders::_2));
[2.260s]       |                                          [01;31m[K^~~~~~~~~~~~~~~~~~~~~~[m[K
[2.286s] [01m[K/home/iclab/Desktop/ros2/src/usb_cam/src/usb_cam_node.cpp:[m[K At global scope:
[2.286s] [01m[K/home/iclab/Desktop/ros2/src/usb_cam/src/usb_cam_node.cpp:225:6:[m[K [01;31m[Kerror: [m[Kno declaration matches ‘[01m[Kbool usb_cam::UsbCamNode::callcamerainfofunction(tku_msgs::srv::CameraInfo_Request_<std::allocator<void> >::SharedPtr, tku_msgs::srv::CameraInfo_Response_<std::allocator<void> >::SharedPtr)[m[K’
[2.286s]   225 | bool [01;31m[KUsbCamNode[m[K::callcamerainfofunction(const tku_msgs::srv::CameraInfo::Request::SharedPtr request,
[2.286s]       |      [01;31m[K^~~~~~~~~~[m[K
[2.287s] [01m[K/home/iclab/Desktop/ros2/src/usb_cam/src/usb_cam_node.cpp:225:6:[m[K [01;36m[Knote: [m[Kno functions named ‘[01m[Kbool usb_cam::UsbCamNode::callcamerainfofunction(tku_msgs::srv::CameraInfo_Request_<std::allocator<void> >::SharedPtr, tku_msgs::srv::CameraInfo_Response_<std::allocator<void> >::SharedPtr)[m[K’
[2.287s] In file included from [01m[K/home/iclab/Desktop/ros2/src/usb_cam/src/usb_cam_node.cpp:34[m[K:
[2.287s] [01m[K/home/iclab/Desktop/ros2/src/usb_cam/include/usb_cam/usb_cam_node.hpp:58:7:[m[K [01;36m[Knote: [m[K‘[01m[Kclass usb_cam::UsbCamNode[m[K’ defined here
[2.287s]    58 | class [01;36m[KUsbCamNode[m[K : public rclcpp::Node
[2.287s]       |       [01;36m[K^~~~~~~~~~[m[K
[4.290s] gmake[2]: *** [CMakeFiles/usb_cam_node.dir/build.make:76: CMakeFiles/usb_cam_node.dir/src/usb_cam_node.cpp.o] Error 1
[4.290s] gmake[1]: *** [CMakeFiles/Makefile2:189: CMakeFiles/usb_cam_node.dir/all] Error 2
[4.290s] gmake: *** [Makefile:146: all] Error 2
[4.292s] Invoked command in '/home/iclab/Desktop/ros2/build/usb_cam' returned '2': CMAKE_PREFIX_PATH=/home/iclab/Desktop/ros2/install/tku_msgs:/home/iclab/Desktop/ros2/install/web_video_server:/home/iclab/Desktop/ros2/install/usb_cam:/home/iclab/Desktop/ros2/install/serial:/home/iclab/Desktop/ros2/install/tku_libs:/home/iclab/Desktop/ros2/install/motionpackage:/opt/ros/humble LD_LIBRARY_PATH=/home/iclab/Desktop/ros2/install/tku_msgs/lib:/home/iclab/Desktop/ros2/install/usb_cam/lib:/opt/ros/humble/opt/rviz_ogre_vendor/lib:/opt/ros/humble/lib/x86_64-linux-gnu:/opt/ros/humble/lib /usr/bin/cmake --build /home/iclab/Desktop/ros2/build/usb_cam -- -j8 -l8
