[0.709s] DEBUG:colcon:Command line arguments: ['/usr/bin/colcon', 'build']
[0.709s] DEBUG:colcon:Parsed command line arguments: Namespace(log_base=None, log_level=None, verb_name='build', build_base='build', install_base='install', merge_install=False, symlink_install=False, test_result_base=None, continue_on_error=False, executor='parallel', parallel_workers=8, event_handlers=None, ignore_user_meta=False, metas=['./colcon.meta'], base_paths=['.'], packages_ignore=None, packages_ignore_regex=None, paths=None, packages_up_to=None, packages_up_to_regex=None, packages_above=None, packages_above_and_dependencies=None, packages_above_depth=None, packages_select_by_dep=None, packages_skip_by_dep=None, packages_skip_up_to=None, packages_select_build_failed=False, packages_skip_build_finished=False, packages_select_test_failures=False, packages_skip_test_passed=False, packages_select=None, packages_skip=None, packages_select_regex=None, packages_skip_regex=None, packages_start=None, packages_end=None, allow_overriding=[], cmake_args=None, cmake_target=None, cmake_target_skip_unavailable=False, cmake_clean_cache=False, cmake_clean_first=False, cmake_force_configure=False, ament_cmake_args=None, catkin_cmake_args=None, catkin_skip_building_tests=False, verb_parser=<colcon_defaults.argument_parser.defaults.DefaultArgumentsDecorator object at 0x7f3a64d9c3d0>, verb_extension=<colcon_core.verb.build.BuildVerb object at 0x7f3a6502bd90>, main=<bound method BuildVerb.main of <colcon_core.verb.build.BuildVerb object at 0x7f3a6502bd90>>)
[0.739s] Level 1:colcon.colcon_core.package_discovery:discover_packages(colcon_meta) check parameters
[0.739s] Level 1:colcon.colcon_core.package_discovery:discover_packages(recursive) check parameters
[0.739s] Level 1:colcon.colcon_core.package_discovery:discover_packages(ignore) check parameters
[0.739s] Level 1:colcon.colcon_core.package_discovery:discover_packages(path) check parameters
[0.739s] Level 1:colcon.colcon_core.package_discovery:discover_packages(colcon_meta) discover
[0.739s] Level 1:colcon.colcon_core.package_discovery:discover_packages(recursive) discover
[0.739s] INFO:colcon.colcon_core.package_discovery:Crawling recursively for packages in '/home/iclab/Desktop/ros2/src'
[0.739s] Level 1:colcon.colcon_core.package_identification:_identify(.) by extensions ['ignore', 'ignore_ament_install']
[0.739s] Level 1:colcon.colcon_core.package_identification:_identify(.) by extension 'ignore'
[0.739s] Level 1:colcon.colcon_core.package_identification:_identify(.) by extension 'ignore_ament_install'
[0.739s] Level 1:colcon.colcon_core.package_identification:_identify(.) by extensions ['colcon_pkg']
[0.739s] Level 1:colcon.colcon_core.package_identification:_identify(.) by extension 'colcon_pkg'
[0.739s] Level 1:colcon.colcon_core.package_identification:_identify(.) by extensions ['colcon_meta']
[0.740s] Level 1:colcon.colcon_core.package_identification:_identify(.) by extension 'colcon_meta'
[0.740s] Level 1:colcon.colcon_core.package_identification:_identify(.) by extensions ['ros']
[0.740s] Level 1:colcon.colcon_core.package_identification:_identify(.) by extension 'ros'
[0.747s] Level 1:colcon.colcon_core.package_identification:_identify(.) by extensions ['cmake', 'python']
[0.747s] Level 1:colcon.colcon_core.package_identification:_identify(.) by extension 'cmake'
[0.747s] Level 1:colcon.colcon_core.package_identification:_identify(.) by extension 'python'
[0.747s] Level 1:colcon.colcon_core.package_identification:_identify(.) by extensions ['python_setup_py']
[0.747s] Level 1:colcon.colcon_core.package_identification:_identify(.) by extension 'python_setup_py'
[0.747s] Level 1:colcon.colcon_core.package_identification:_identify(build) by extensions ['ignore', 'ignore_ament_install']
[0.747s] Level 1:colcon.colcon_core.package_identification:_identify(build) by extension 'ignore'
[0.747s] Level 1:colcon.colcon_core.package_identification:_identify(build) ignored
[0.747s] Level 1:colcon.colcon_core.package_identification:_identify(imageprocess) by extensions ['ignore', 'ignore_ament_install']
[0.747s] Level 1:colcon.colcon_core.package_identification:_identify(imageprocess) by extension 'ignore'
[0.747s] Level 1:colcon.colcon_core.package_identification:_identify(imageprocess) by extension 'ignore_ament_install'
[0.747s] Level 1:colcon.colcon_core.package_identification:_identify(imageprocess) by extensions ['colcon_pkg']
[0.747s] Level 1:colcon.colcon_core.package_identification:_identify(imageprocess) by extension 'colcon_pkg'
[0.747s] Level 1:colcon.colcon_core.package_identification:_identify(imageprocess) by extensions ['colcon_meta']
[0.747s] Level 1:colcon.colcon_core.package_identification:_identify(imageprocess) by extension 'colcon_meta'
[0.747s] Level 1:colcon.colcon_core.package_identification:_identify(imageprocess) by extensions ['ros']
[0.747s] Level 1:colcon.colcon_core.package_identification:_identify(imageprocess) by extension 'ros'
[0.748s] DEBUG:colcon.colcon_core.package_identification:Package 'imageprocess' with type 'ros.ament_python' and name 'imageprocess'
[0.749s] Level 1:colcon.colcon_core.package_identification:_identify(install) by extensions ['ignore', 'ignore_ament_install']
[0.749s] Level 1:colcon.colcon_core.package_identification:_identify(install) by extension 'ignore'
[0.749s] Level 1:colcon.colcon_core.package_identification:_identify(install) ignored
[0.749s] Level 1:colcon.colcon_core.package_identification:_identify(log) by extensions ['ignore', 'ignore_ament_install']
[0.749s] Level 1:colcon.colcon_core.package_identification:_identify(log) by extension 'ignore'
[0.749s] Level 1:colcon.colcon_core.package_identification:_identify(log) ignored
[0.749s] Level 1:colcon.colcon_core.package_identification:_identify(motionpackage) by extensions ['ignore', 'ignore_ament_install']
[0.749s] Level 1:colcon.colcon_core.package_identification:_identify(motionpackage) by extension 'ignore'
[0.749s] Level 1:colcon.colcon_core.package_identification:_identify(motionpackage) by extension 'ignore_ament_install'
[0.749s] Level 1:colcon.colcon_core.package_identification:_identify(motionpackage) by extensions ['colcon_pkg']
[0.749s] Level 1:colcon.colcon_core.package_identification:_identify(motionpackage) by extension 'colcon_pkg'
[0.749s] Level 1:colcon.colcon_core.package_identification:_identify(motionpackage) by extensions ['colcon_meta']
[0.749s] Level 1:colcon.colcon_core.package_identification:_identify(motionpackage) by extension 'colcon_meta'
[0.749s] Level 1:colcon.colcon_core.package_identification:_identify(motionpackage) by extensions ['ros']
[0.749s] Level 1:colcon.colcon_core.package_identification:_identify(motionpackage) by extension 'ros'
[0.749s] DEBUG:colcon.colcon_core.package_identification:Package 'motionpackage' with type 'ros.ament_python' and name 'motionpackage'
[0.749s] Level 1:colcon.colcon_core.package_identification:_identify(tku_libs) by extensions ['ignore', 'ignore_ament_install']
[0.749s] Level 1:colcon.colcon_core.package_identification:_identify(tku_libs) by extension 'ignore'
[0.750s] Level 1:colcon.colcon_core.package_identification:_identify(tku_libs) by extension 'ignore_ament_install'
[0.750s] Level 1:colcon.colcon_core.package_identification:_identify(tku_libs) by extensions ['colcon_pkg']
[0.750s] Level 1:colcon.colcon_core.package_identification:_identify(tku_libs) by extension 'colcon_pkg'
[0.750s] Level 1:colcon.colcon_core.package_identification:_identify(tku_libs) by extensions ['colcon_meta']
[0.750s] Level 1:colcon.colcon_core.package_identification:_identify(tku_libs) by extension 'colcon_meta'
[0.750s] Level 1:colcon.colcon_core.package_identification:_identify(tku_libs) by extensions ['ros']
[0.750s] Level 1:colcon.colcon_core.package_identification:_identify(tku_libs) by extension 'ros'
[0.750s] DEBUG:colcon.colcon_core.package_identification:Package 'tku_libs' with type 'ros.ament_python' and name 'tku_libs'
[0.750s] Level 1:colcon.colcon_core.package_identification:_identify(tku_msgs) by extensions ['ignore', 'ignore_ament_install']
[0.750s] Level 1:colcon.colcon_core.package_identification:_identify(tku_msgs) by extension 'ignore'
[0.750s] Level 1:colcon.colcon_core.package_identification:_identify(tku_msgs) by extension 'ignore_ament_install'
[0.750s] Level 1:colcon.colcon_core.package_identification:_identify(tku_msgs) by extensions ['colcon_pkg']
[0.750s] Level 1:colcon.colcon_core.package_identification:_identify(tku_msgs) by extension 'colcon_pkg'
[0.750s] Level 1:colcon.colcon_core.package_identification:_identify(tku_msgs) by extensions ['colcon_meta']
[0.750s] Level 1:colcon.colcon_core.package_identification:_identify(tku_msgs) by extension 'colcon_meta'
[0.750s] Level 1:colcon.colcon_core.package_identification:_identify(tku_msgs) by extensions ['ros']
[0.750s] Level 1:colcon.colcon_core.package_identification:_identify(tku_msgs) by extension 'ros'
[0.750s] DEBUG:colcon.colcon_core.package_identification:Package 'tku_msgs' with type 'ros.ament_cmake' and name 'tku_msgs'
[0.751s] Level 1:colcon.colcon_core.package_identification:_identify(usb_cam) by extensions ['ignore', 'ignore_ament_install']
[0.751s] Level 1:colcon.colcon_core.package_identification:_identify(usb_cam) by extension 'ignore'
[0.751s] Level 1:colcon.colcon_core.package_identification:_identify(usb_cam) by extension 'ignore_ament_install'
[0.751s] Level 1:colcon.colcon_core.package_identification:_identify(usb_cam) by extensions ['colcon_pkg']
[0.751s] Level 1:colcon.colcon_core.package_identification:_identify(usb_cam) by extension 'colcon_pkg'
[0.751s] Level 1:colcon.colcon_core.package_identification:_identify(usb_cam) by extensions ['colcon_meta']
[0.751s] Level 1:colcon.colcon_core.package_identification:_identify(usb_cam) by extension 'colcon_meta'
[0.751s] Level 1:colcon.colcon_core.package_identification:_identify(usb_cam) by extensions ['ros']
[0.751s] Level 1:colcon.colcon_core.package_identification:_identify(usb_cam) by extension 'ros'
[0.752s] DEBUG:colcon.colcon_core.package_identification:Package 'usb_cam' with type 'ros.ament_cmake' and name 'usb_cam'
[0.752s] Level 1:colcon.colcon_core.package_identification:_identify(web_video_server) by extensions ['ignore', 'ignore_ament_install']
[0.752s] Level 1:colcon.colcon_core.package_identification:_identify(web_video_server) by extension 'ignore'
[0.752s] Level 1:colcon.colcon_core.package_identification:_identify(web_video_server) by extension 'ignore_ament_install'
[0.752s] Level 1:colcon.colcon_core.package_identification:_identify(web_video_server) by extensions ['colcon_pkg']
[0.752s] Level 1:colcon.colcon_core.package_identification:_identify(web_video_server) by extension 'colcon_pkg'
[0.752s] Level 1:colcon.colcon_core.package_identification:_identify(web_video_server) by extensions ['colcon_meta']
[0.752s] Level 1:colcon.colcon_core.package_identification:_identify(web_video_server) by extension 'colcon_meta'
[0.752s] Level 1:colcon.colcon_core.package_identification:_identify(web_video_server) by extensions ['ros']
[0.752s] Level 1:colcon.colcon_core.package_identification:_identify(web_video_server) by extension 'ros'
[0.753s] DEBUG:colcon.colcon_core.package_identification:Package 'web_video_server' with type 'ros.ament_cmake' and name 'web_video_server'
[0.753s] Level 1:colcon.colcon_core.package_discovery:discover_packages(recursive) using defaults
[0.753s] Level 1:colcon.colcon_core.package_discovery:discover_packages(ignore) discover
[0.753s] Level 1:colcon.colcon_core.package_discovery:discover_packages(ignore) using defaults
[0.753s] Level 1:colcon.colcon_core.package_discovery:discover_packages(path) discover
[0.753s] Level 1:colcon.colcon_core.package_discovery:discover_packages(path) using defaults
[0.823s] Level 1:colcon.colcon_core.package_discovery:discover_packages(prefix_path) check parameters
[0.823s] Level 1:colcon.colcon_core.package_discovery:discover_packages(prefix_path) discover
[0.844s] DEBUG:colcon.colcon_installed_package_information.package_discovery:Found 6 installed packages in /home/iclab/Desktop/ros2/src/install
[0.854s] DEBUG:colcon.colcon_installed_package_information.package_discovery:Found 6 installed packages in /home/iclab/Desktop/ros2/install
[0.865s] DEBUG:colcon.colcon_installed_package_information.package_discovery:Found 329 installed packages in /opt/ros/humble
[0.866s] Level 1:colcon.colcon_core.package_discovery:discover_packages(prefix_path) using defaults
[0.932s] Level 5:colcon.colcon_core.verb:set package 'imageprocess' build argument 'cmake_args' from command line to 'None'
[0.932s] Level 5:colcon.colcon_core.verb:set package 'imageprocess' build argument 'cmake_target' from command line to 'None'
[0.932s] Level 5:colcon.colcon_core.verb:set package 'imageprocess' build argument 'cmake_target_skip_unavailable' from command line to 'False'
[0.932s] Level 5:colcon.colcon_core.verb:set package 'imageprocess' build argument 'cmake_clean_cache' from command line to 'False'
[0.932s] Level 5:colcon.colcon_core.verb:set package 'imageprocess' build argument 'cmake_clean_first' from command line to 'False'
[0.932s] Level 5:colcon.colcon_core.verb:set package 'imageprocess' build argument 'cmake_force_configure' from command line to 'False'
[0.932s] Level 5:colcon.colcon_core.verb:set package 'imageprocess' build argument 'ament_cmake_args' from command line to 'None'
[0.932s] Level 5:colcon.colcon_core.verb:set package 'imageprocess' build argument 'catkin_cmake_args' from command line to 'None'
[0.932s] Level 5:colcon.colcon_core.verb:set package 'imageprocess' build argument 'catkin_skip_building_tests' from command line to 'False'
[0.932s] DEBUG:colcon.colcon_core.verb:Building package 'imageprocess' with the following arguments: {'ament_cmake_args': None, 'build_base': '/home/iclab/Desktop/ros2/src/build/imageprocess', 'catkin_cmake_args': None, 'catkin_skip_building_tests': False, 'cmake_args': None, 'cmake_clean_cache': False, 'cmake_clean_first': False, 'cmake_force_configure': False, 'cmake_target': None, 'cmake_target_skip_unavailable': False, 'install_base': '/home/iclab/Desktop/ros2/src/install/imageprocess', 'merge_install': False, 'path': '/home/iclab/Desktop/ros2/src/imageprocess', 'symlink_install': False, 'test_result_base': None}
[0.942s] Level 5:colcon.colcon_core.verb:set package 'motionpackage' build argument 'cmake_args' from command line to 'None'
[0.943s] Level 5:colcon.colcon_core.verb:set package 'motionpackage' build argument 'cmake_target' from command line to 'None'
[0.943s] Level 5:colcon.colcon_core.verb:set package 'motionpackage' build argument 'cmake_target_skip_unavailable' from command line to 'False'
[0.943s] Level 5:colcon.colcon_core.verb:set package 'motionpackage' build argument 'cmake_clean_cache' from command line to 'False'
[0.943s] Level 5:colcon.colcon_core.verb:set package 'motionpackage' build argument 'cmake_clean_first' from command line to 'False'
[0.943s] Level 5:colcon.colcon_core.verb:set package 'motionpackage' build argument 'cmake_force_configure' from command line to 'False'
[0.943s] Level 5:colcon.colcon_core.verb:set package 'motionpackage' build argument 'ament_cmake_args' from command line to 'None'
[0.943s] Level 5:colcon.colcon_core.verb:set package 'motionpackage' build argument 'catkin_cmake_args' from command line to 'None'
[0.943s] Level 5:colcon.colcon_core.verb:set package 'motionpackage' build argument 'catkin_skip_building_tests' from command line to 'False'
[0.943s] DEBUG:colcon.colcon_core.verb:Building package 'motionpackage' with the following arguments: {'ament_cmake_args': None, 'build_base': '/home/iclab/Desktop/ros2/src/build/motionpackage', 'catkin_cmake_args': None, 'catkin_skip_building_tests': False, 'cmake_args': None, 'cmake_clean_cache': False, 'cmake_clean_first': False, 'cmake_force_configure': False, 'cmake_target': None, 'cmake_target_skip_unavailable': False, 'install_base': '/home/iclab/Desktop/ros2/src/install/motionpackage', 'merge_install': False, 'path': '/home/iclab/Desktop/ros2/src/motionpackage', 'symlink_install': False, 'test_result_base': None}
[0.953s] Level 5:colcon.colcon_core.verb:set package 'tku_msgs' build argument 'cmake_args' from command line to 'None'
[0.953s] Level 5:colcon.colcon_core.verb:set package 'tku_msgs' build argument 'cmake_target' from command line to 'None'
[0.953s] Level 5:colcon.colcon_core.verb:set package 'tku_msgs' build argument 'cmake_target_skip_unavailable' from command line to 'False'
[0.953s] Level 5:colcon.colcon_core.verb:set package 'tku_msgs' build argument 'cmake_clean_cache' from command line to 'False'
[0.953s] Level 5:colcon.colcon_core.verb:set package 'tku_msgs' build argument 'cmake_clean_first' from command line to 'False'
[0.953s] Level 5:colcon.colcon_core.verb:set package 'tku_msgs' build argument 'cmake_force_configure' from command line to 'False'
[0.953s] Level 5:colcon.colcon_core.verb:set package 'tku_msgs' build argument 'ament_cmake_args' from command line to 'None'
[0.953s] Level 5:colcon.colcon_core.verb:set package 'tku_msgs' build argument 'catkin_cmake_args' from command line to 'None'
[0.953s] Level 5:colcon.colcon_core.verb:set package 'tku_msgs' build argument 'catkin_skip_building_tests' from command line to 'False'
[0.953s] DEBUG:colcon.colcon_core.verb:Building package 'tku_msgs' with the following arguments: {'ament_cmake_args': None, 'build_base': '/home/iclab/Desktop/ros2/src/build/tku_msgs', 'catkin_cmake_args': None, 'catkin_skip_building_tests': False, 'cmake_args': None, 'cmake_clean_cache': False, 'cmake_clean_first': False, 'cmake_force_configure': False, 'cmake_target': None, 'cmake_target_skip_unavailable': False, 'install_base': '/home/iclab/Desktop/ros2/src/install/tku_msgs', 'merge_install': False, 'path': '/home/iclab/Desktop/ros2/src/tku_msgs', 'symlink_install': False, 'test_result_base': None}
[0.963s] Level 5:colcon.colcon_core.verb:set package 'web_video_server' build argument 'cmake_args' from command line to 'None'
[0.963s] Level 5:colcon.colcon_core.verb:set package 'web_video_server' build argument 'cmake_target' from command line to 'None'
[0.963s] Level 5:colcon.colcon_core.verb:set package 'web_video_server' build argument 'cmake_target_skip_unavailable' from command line to 'False'
[0.963s] Level 5:colcon.colcon_core.verb:set package 'web_video_server' build argument 'cmake_clean_cache' from command line to 'False'
[0.963s] Level 5:colcon.colcon_core.verb:set package 'web_video_server' build argument 'cmake_clean_first' from command line to 'False'
[0.963s] Level 5:colcon.colcon_core.verb:set package 'web_video_server' build argument 'cmake_force_configure' from command line to 'False'
[0.963s] Level 5:colcon.colcon_core.verb:set package 'web_video_server' build argument 'ament_cmake_args' from command line to 'None'
[0.963s] Level 5:colcon.colcon_core.verb:set package 'web_video_server' build argument 'catkin_cmake_args' from command line to 'None'
[0.963s] Level 5:colcon.colcon_core.verb:set package 'web_video_server' build argument 'catkin_skip_building_tests' from command line to 'False'
[0.963s] DEBUG:colcon.colcon_core.verb:Building package 'web_video_server' with the following arguments: {'ament_cmake_args': None, 'build_base': '/home/iclab/Desktop/ros2/src/build/web_video_server', 'catkin_cmake_args': None, 'catkin_skip_building_tests': False, 'cmake_args': None, 'cmake_clean_cache': False, 'cmake_clean_first': False, 'cmake_force_configure': False, 'cmake_target': None, 'cmake_target_skip_unavailable': False, 'install_base': '/home/iclab/Desktop/ros2/src/install/web_video_server', 'merge_install': False, 'path': '/home/iclab/Desktop/ros2/src/web_video_server', 'symlink_install': False, 'test_result_base': None}
[0.973s] Level 5:colcon.colcon_core.verb:set package 'tku_libs' build argument 'cmake_args' from command line to 'None'
[0.973s] Level 5:colcon.colcon_core.verb:set package 'tku_libs' build argument 'cmake_target' from command line to 'None'
[0.973s] Level 5:colcon.colcon_core.verb:set package 'tku_libs' build argument 'cmake_target_skip_unavailable' from command line to 'False'
[0.973s] Level 5:colcon.colcon_core.verb:set package 'tku_libs' build argument 'cmake_clean_cache' from command line to 'False'
[0.973s] Level 5:colcon.colcon_core.verb:set package 'tku_libs' build argument 'cmake_clean_first' from command line to 'False'
[0.973s] Level 5:colcon.colcon_core.verb:set package 'tku_libs' build argument 'cmake_force_configure' from command line to 'False'
[0.973s] Level 5:colcon.colcon_core.verb:set package 'tku_libs' build argument 'ament_cmake_args' from command line to 'None'
[0.973s] Level 5:colcon.colcon_core.verb:set package 'tku_libs' build argument 'catkin_cmake_args' from command line to 'None'
[0.973s] Level 5:colcon.colcon_core.verb:set package 'tku_libs' build argument 'catkin_skip_building_tests' from command line to 'False'
[0.973s] DEBUG:colcon.colcon_core.verb:Building package 'tku_libs' with the following arguments: {'ament_cmake_args': None, 'build_base': '/home/iclab/Desktop/ros2/src/build/tku_libs', 'catkin_cmake_args': None, 'catkin_skip_building_tests': False, 'cmake_args': None, 'cmake_clean_cache': False, 'cmake_clean_first': False, 'cmake_force_configure': False, 'cmake_target': None, 'cmake_target_skip_unavailable': False, 'install_base': '/home/iclab/Desktop/ros2/src/install/tku_libs', 'merge_install': False, 'path': '/home/iclab/Desktop/ros2/src/tku_libs', 'symlink_install': False, 'test_result_base': None}
[0.983s] Level 5:colcon.colcon_core.verb:set package 'usb_cam' build argument 'cmake_args' from command line to 'None'
[0.983s] Level 5:colcon.colcon_core.verb:set package 'usb_cam' build argument 'cmake_target' from command line to 'None'
[0.983s] Level 5:colcon.colcon_core.verb:set package 'usb_cam' build argument 'cmake_target_skip_unavailable' from command line to 'False'
[0.983s] Level 5:colcon.colcon_core.verb:set package 'usb_cam' build argument 'cmake_clean_cache' from command line to 'False'
[0.983s] Level 5:colcon.colcon_core.verb:set package 'usb_cam' build argument 'cmake_clean_first' from command line to 'False'
[0.983s] Level 5:colcon.colcon_core.verb:set package 'usb_cam' build argument 'cmake_force_configure' from command line to 'False'
[0.983s] Level 5:colcon.colcon_core.verb:set package 'usb_cam' build argument 'ament_cmake_args' from command line to 'None'
[0.983s] Level 5:colcon.colcon_core.verb:set package 'usb_cam' build argument 'catkin_cmake_args' from command line to 'None'
[0.983s] Level 5:colcon.colcon_core.verb:set package 'usb_cam' build argument 'catkin_skip_building_tests' from command line to 'False'
[0.983s] DEBUG:colcon.colcon_core.verb:Building package 'usb_cam' with the following arguments: {'ament_cmake_args': None, 'build_base': '/home/iclab/Desktop/ros2/src/build/usb_cam', 'catkin_cmake_args': None, 'catkin_skip_building_tests': False, 'cmake_args': None, 'cmake_clean_cache': False, 'cmake_clean_first': False, 'cmake_force_configure': False, 'cmake_target': None, 'cmake_target_skip_unavailable': False, 'install_base': '/home/iclab/Desktop/ros2/src/install/usb_cam', 'merge_install': False, 'path': '/home/iclab/Desktop/ros2/src/usb_cam', 'symlink_install': False, 'test_result_base': None}
[0.993s] INFO:colcon.colcon_core.executor:Executing jobs using 'parallel' executor
[1.003s] DEBUG:colcon.colcon_parallel_executor.executor.parallel:run_until_complete
[1.003s] INFO:colcon.colcon_ros.task.ament_cmake.build:Building ROS package in '/home/iclab/Desktop/ros2/src/tku_msgs' with build type 'ament_cmake'
[1.004s] INFO:colcon.colcon_cmake.task.cmake.build:Building CMake package in '/home/iclab/Desktop/ros2/src/tku_msgs'
[1.015s] INFO:colcon.colcon_core.plugin_system:Skipping extension 'colcon_core.shell.bat': Not used on non-Windows systems
[1.015s] INFO:colcon.colcon_core.shell:Skip shell extension 'powershell' for command environment: Not usable outside of PowerShell
[1.015s] DEBUG:colcon.colcon_core.shell:Skip shell extension 'dsv' for command environment
[1.058s] INFO:colcon.colcon_ros.task.ament_python.build:Building ROS package in '/home/iclab/Desktop/ros2/src/imageprocess' with build type 'ament_python'
[1.058s] Level 1:colcon.colcon_core.shell:create_environment_hook('imageprocess', 'ament_prefix_path')
[1.072s] INFO:colcon.colcon_core.shell:Creating environment hook '/home/iclab/Desktop/ros2/src/install/imageprocess/share/imageprocess/hook/ament_prefix_path.ps1'
[1.072s] INFO:colcon.colcon_core.shell:Creating environment descriptor '/home/iclab/Desktop/ros2/src/install/imageprocess/share/imageprocess/hook/ament_prefix_path.dsv'
[1.072s] INFO:colcon.colcon_core.shell:Creating environment hook '/home/iclab/Desktop/ros2/src/install/imageprocess/share/imageprocess/hook/ament_prefix_path.sh'
[1.082s] INFO:colcon.colcon_core.shell:Skip shell extension 'powershell' for command environment: Not usable outside of PowerShell
[1.083s] DEBUG:colcon.colcon_core.shell:Skip shell extension 'dsv' for command environment
[1.125s] INFO:colcon.colcon_ros.task.ament_python.build:Building ROS package in '/home/iclab/Desktop/ros2/src/motionpackage' with build type 'ament_python'
[1.126s] Level 1:colcon.colcon_core.shell:create_environment_hook('motionpackage', 'ament_prefix_path')
[1.136s] INFO:colcon.colcon_core.shell:Creating environment hook '/home/iclab/Desktop/ros2/src/install/motionpackage/share/motionpackage/hook/ament_prefix_path.ps1'
[1.136s] INFO:colcon.colcon_core.shell:Creating environment descriptor '/home/iclab/Desktop/ros2/src/install/motionpackage/share/motionpackage/hook/ament_prefix_path.dsv'
[1.136s] INFO:colcon.colcon_core.shell:Creating environment hook '/home/iclab/Desktop/ros2/src/install/motionpackage/share/motionpackage/hook/ament_prefix_path.sh'
[1.147s] INFO:colcon.colcon_core.shell:Skip shell extension 'powershell' for command environment: Not usable outside of PowerShell
[1.147s] DEBUG:colcon.colcon_core.shell:Skip shell extension 'dsv' for command environment
[1.189s] INFO:colcon.colcon_ros.task.ament_cmake.build:Building ROS package in '/home/iclab/Desktop/ros2/src/web_video_server' with build type 'ament_cmake'
[1.189s] INFO:colcon.colcon_cmake.task.cmake.build:Building CMake package in '/home/iclab/Desktop/ros2/src/web_video_server'
[1.202s] INFO:colcon.colcon_core.shell:Skip shell extension 'powershell' for command environment: Not usable outside of PowerShell
[1.202s] DEBUG:colcon.colcon_core.shell:Skip shell extension 'dsv' for command environment
[1.250s] DEBUG:colcon.colcon_core.event_handler.log_command:Invoking command in '/home/iclab/Desktop/ros2/src/build/tku_msgs': BYOBU_DATE=%Y-%m-%d CMAKE_PREFIX_PATH=${CMAKE_PREFIX_PATH}:/home/iclab/Desktop/ros2/src/install/imageprocess:/home/iclab/Desktop/ros2/src/install/tku_libs:/home/iclab/Desktop/ros2/src/install/motionpackage:/home/iclab/Desktop/ros2/install/tku_libs:/home/iclab/Desktop/ros2/install/motionpackage:/opt/ros/humble /usr/bin/cmake --build /home/iclab/Desktop/ros2/src/build/tku_msgs -- -j8 -l8
[1.477s] INFO:colcon.colcon_core.task.python.build:Building Python package in '/home/iclab/Desktop/ros2/src/imageprocess'
[1.488s] INFO:colcon.colcon_core.shell:Skip shell extension 'powershell' for command environment: Not usable outside of PowerShell
[1.488s] DEBUG:colcon.colcon_core.shell:Skip shell extension 'dsv' for command environment
[1.731s] INFO:colcon.colcon_core.task.python.build:Building Python package in '/home/iclab/Desktop/ros2/src/motionpackage'
[1.743s] INFO:colcon.colcon_core.shell:Skip shell extension 'powershell' for command environment: Not usable outside of PowerShell
[1.743s] DEBUG:colcon.colcon_core.shell:Skip shell extension 'dsv' for command environment
[1.794s] DEBUG:colcon.colcon_core.event_handler.log_command:Invoked command in '/home/iclab/Desktop/ros2/src/build/tku_msgs' returned '0': BYOBU_DATE=%Y-%m-%d CMAKE_PREFIX_PATH=${CMAKE_PREFIX_PATH}:/home/iclab/Desktop/ros2/src/install/imageprocess:/home/iclab/Desktop/ros2/src/install/tku_libs:/home/iclab/Desktop/ros2/src/install/motionpackage:/home/iclab/Desktop/ros2/install/tku_libs:/home/iclab/Desktop/ros2/install/motionpackage:/opt/ros/humble /usr/bin/cmake --build /home/iclab/Desktop/ros2/src/build/tku_msgs -- -j8 -l8
[1.797s] DEBUG:colcon.colcon_core.event_handler.log_command:Invoking command in '/home/iclab/Desktop/ros2/src/build/web_video_server': BYOBU_DATE=%Y-%m-%d CMAKE_PREFIX_PATH=${CMAKE_PREFIX_PATH}:/home/iclab/Desktop/ros2/src/install/imageprocess:/home/iclab/Desktop/ros2/src/install/tku_libs:/home/iclab/Desktop/ros2/src/install/motionpackage:/home/iclab/Desktop/ros2/install/tku_libs:/home/iclab/Desktop/ros2/install/motionpackage:/opt/ros/humble /usr/bin/cmake --build /home/iclab/Desktop/ros2/src/build/web_video_server -- -j8 -l8
[1.910s] DEBUG:colcon.colcon_core.event_handler.log_command:Invoked command in '/home/iclab/Desktop/ros2/src/build/web_video_server' returned '0': BYOBU_DATE=%Y-%m-%d CMAKE_PREFIX_PATH=${CMAKE_PREFIX_PATH}:/home/iclab/Desktop/ros2/src/install/imageprocess:/home/iclab/Desktop/ros2/src/install/tku_libs:/home/iclab/Desktop/ros2/src/install/motionpackage:/home/iclab/Desktop/ros2/install/tku_libs:/home/iclab/Desktop/ros2/install/motionpackage:/opt/ros/humble /usr/bin/cmake --build /home/iclab/Desktop/ros2/src/build/web_video_server -- -j8 -l8
[1.968s] DEBUG:colcon.colcon_core.event_handler.log_command:Invoking command in '/home/iclab/Desktop/ros2/src/build/web_video_server': BYOBU_DATE=%Y-%m-%d CMAKE_PREFIX_PATH=${CMAKE_PREFIX_PATH}:/home/iclab/Desktop/ros2/src/install/imageprocess:/home/iclab/Desktop/ros2/src/install/tku_libs:/home/iclab/Desktop/ros2/src/install/motionpackage:/home/iclab/Desktop/ros2/install/tku_libs:/home/iclab/Desktop/ros2/install/motionpackage:/opt/ros/humble /usr/bin/cmake --install /home/iclab/Desktop/ros2/src/build/web_video_server
[1.976s] Level 1:colcon.colcon_core.environment:create_environment_scripts_only(web_video_server)
[1.977s] DEBUG:colcon.colcon_core.event_handler.log_command:Invoked command in '/home/iclab/Desktop/ros2/src/build/web_video_server' returned '0': BYOBU_DATE=%Y-%m-%d CMAKE_PREFIX_PATH=${CMAKE_PREFIX_PATH}:/home/iclab/Desktop/ros2/src/install/imageprocess:/home/iclab/Desktop/ros2/src/install/tku_libs:/home/iclab/Desktop/ros2/src/install/motionpackage:/home/iclab/Desktop/ros2/install/tku_libs:/home/iclab/Desktop/ros2/install/motionpackage:/opt/ros/humble /usr/bin/cmake --install /home/iclab/Desktop/ros2/src/build/web_video_server
[2.000s] Level 1:colcon.colcon_core.environment:checking '/home/iclab/Desktop/ros2/src/install/web_video_server' for CMake module files
[2.000s] Level 1:colcon.colcon_core.environment:checking '/home/iclab/Desktop/ros2/src/install/web_video_server' for CMake config files
[2.001s] Level 1:colcon.colcon_core.shell:create_environment_hook('web_video_server', 'cmake_prefix_path')
[2.021s] INFO:colcon.colcon_core.shell:Creating environment hook '/home/iclab/Desktop/ros2/src/install/web_video_server/share/web_video_server/hook/cmake_prefix_path.ps1'
[2.021s] INFO:colcon.colcon_core.shell:Creating environment descriptor '/home/iclab/Desktop/ros2/src/install/web_video_server/share/web_video_server/hook/cmake_prefix_path.dsv'
[2.021s] INFO:colcon.colcon_core.shell:Creating environment hook '/home/iclab/Desktop/ros2/src/install/web_video_server/share/web_video_server/hook/cmake_prefix_path.sh'
[2.022s] Level 1:colcon.colcon_core.environment:checking '/home/iclab/Desktop/ros2/src/install/web_video_server/lib'
[2.022s] Level 1:colcon.colcon_core.environment:checking '/home/iclab/Desktop/ros2/src/install/web_video_server/bin'
[2.022s] Level 1:colcon.colcon_core.environment:checking '/home/iclab/Desktop/ros2/src/install/web_video_server/lib/pkgconfig/web_video_server.pc'
[2.023s] Level 1:colcon.colcon_core.environment:checking '/home/iclab/Desktop/ros2/src/install/web_video_server/lib/python3.10/site-packages'
[2.023s] Level 1:colcon.colcon_core.environment:checking '/home/iclab/Desktop/ros2/src/install/web_video_server/bin'
[2.043s] INFO:colcon.colcon_core.shell:Creating package script '/home/iclab/Desktop/ros2/src/install/web_video_server/share/web_video_server/package.ps1'
[2.044s] INFO:colcon.colcon_core.shell:Creating package descriptor '/home/iclab/Desktop/ros2/src/install/web_video_server/share/web_video_server/package.dsv'
[2.045s] INFO:colcon.colcon_core.shell:Creating package script '/home/iclab/Desktop/ros2/src/install/web_video_server/share/web_video_server/package.sh'
[2.046s] INFO:colcon.colcon_core.shell:Creating package script '/home/iclab/Desktop/ros2/src/install/web_video_server/share/web_video_server/package.bash'
[2.046s] INFO:colcon.colcon_core.shell:Creating package script '/home/iclab/Desktop/ros2/src/install/web_video_server/share/web_video_server/package.zsh'
[2.047s] Level 1:colcon.colcon_core.environment:create_file_with_runtime_dependencies(/home/iclab/Desktop/ros2/src/install/web_video_server/share/colcon-core/packages/web_video_server)
[2.114s] Level 1:colcon.colcon_core.environment:create_environment_scripts_only(web_video_server)
[2.135s] Level 1:colcon.colcon_core.environment:checking '/home/iclab/Desktop/ros2/src/install/web_video_server' for CMake module files
[2.136s] Level 1:colcon.colcon_core.environment:checking '/home/iclab/Desktop/ros2/src/install/web_video_server' for CMake config files
[2.136s] Level 1:colcon.colcon_core.shell:create_environment_hook('web_video_server', 'cmake_prefix_path')
[2.156s] INFO:colcon.colcon_core.shell:Creating environment hook '/home/iclab/Desktop/ros2/src/install/web_video_server/share/web_video_server/hook/cmake_prefix_path.ps1'
[2.157s] INFO:colcon.colcon_core.shell:Creating environment descriptor '/home/iclab/Desktop/ros2/src/install/web_video_server/share/web_video_server/hook/cmake_prefix_path.dsv'
[2.157s] INFO:colcon.colcon_core.shell:Creating environment hook '/home/iclab/Desktop/ros2/src/install/web_video_server/share/web_video_server/hook/cmake_prefix_path.sh'
[2.158s] Level 1:colcon.colcon_core.environment:checking '/home/iclab/Desktop/ros2/src/install/web_video_server/lib'
[2.158s] Level 1:colcon.colcon_core.environment:checking '/home/iclab/Desktop/ros2/src/install/web_video_server/bin'
[2.158s] Level 1:colcon.colcon_core.environment:checking '/home/iclab/Desktop/ros2/src/install/web_video_server/lib/pkgconfig/web_video_server.pc'
[2.158s] Level 1:colcon.colcon_core.environment:checking '/home/iclab/Desktop/ros2/src/install/web_video_server/lib/python3.10/site-packages'
[2.158s] Level 1:colcon.colcon_core.environment:checking '/home/iclab/Desktop/ros2/src/install/web_video_server/bin'
[2.178s] INFO:colcon.colcon_core.shell:Creating package script '/home/iclab/Desktop/ros2/src/install/web_video_server/share/web_video_server/package.ps1'
[2.179s] INFO:colcon.colcon_core.shell:Creating package descriptor '/home/iclab/Desktop/ros2/src/install/web_video_server/share/web_video_server/package.dsv'
[2.180s] INFO:colcon.colcon_core.shell:Creating package script '/home/iclab/Desktop/ros2/src/install/web_video_server/share/web_video_server/package.sh'
[2.180s] INFO:colcon.colcon_core.shell:Creating package script '/home/iclab/Desktop/ros2/src/install/web_video_server/share/web_video_server/package.bash'
[2.180s] INFO:colcon.colcon_core.shell:Creating package script '/home/iclab/Desktop/ros2/src/install/web_video_server/share/web_video_server/package.zsh'
[2.181s] Level 1:colcon.colcon_core.environment:create_file_with_runtime_dependencies(/home/iclab/Desktop/ros2/src/install/web_video_server/share/colcon-core/packages/web_video_server)
[2.213s] DEBUG:colcon.colcon_core.event_handler.log_command:Invoking command in '/home/iclab/Desktop/ros2/src/motionpackage': BYOBU_DATE=%Y-%m-%d PYTHONPATH=/home/iclab/Desktop/ros2/src/build/motionpackage/prefix_override:/home/iclab/Desktop/ros2/src/install/motionpackage/lib/python3.10/site-packages:${PYTHONPATH} /usr/bin/python3 setup.py egg_info --egg-base ../build/motionpackage build --build-base /home/iclab/Desktop/ros2/src/build/motionpackage/build install --record /home/iclab/Desktop/ros2/src/build/motionpackage/install.log --single-version-externally-managed
[2.235s] DEBUG:colcon.colcon_core.event_handler.log_command:Invoking command in '/home/iclab/Desktop/ros2/src/build/tku_msgs': BYOBU_DATE=%Y-%m-%d CMAKE_PREFIX_PATH=${CMAKE_PREFIX_PATH}:/home/iclab/Desktop/ros2/src/install/imageprocess:/home/iclab/Desktop/ros2/src/install/tku_libs:/home/iclab/Desktop/ros2/src/install/motionpackage:/home/iclab/Desktop/ros2/install/tku_libs:/home/iclab/Desktop/ros2/install/motionpackage:/opt/ros/humble /usr/bin/cmake --install /home/iclab/Desktop/ros2/src/build/tku_msgs
[2.239s] DEBUG:colcon.colcon_core.event_handler.log_command:Invoking command in '/home/iclab/Desktop/ros2/src/imageprocess': BYOBU_DATE=%Y-%m-%d PYTHONPATH=/home/iclab/Desktop/ros2/src/build/imageprocess/prefix_override:/home/iclab/Desktop/ros2/src/install/imageprocess/lib/python3.10/site-packages:${PYTHONPATH} /usr/bin/python3 setup.py egg_info --egg-base ../build/imageprocess build --build-base /home/iclab/Desktop/ros2/src/build/imageprocess/build install --record /home/iclab/Desktop/ros2/src/build/imageprocess/install.log --single-version-externally-managed
[2.291s] Level 1:colcon.colcon_core.environment:create_environment_scripts_only(tku_msgs)
[2.291s] DEBUG:colcon.colcon_core.event_handler.log_command:Invoked command in '/home/iclab/Desktop/ros2/src/build/tku_msgs' returned '0': BYOBU_DATE=%Y-%m-%d CMAKE_PREFIX_PATH=${CMAKE_PREFIX_PATH}:/home/iclab/Desktop/ros2/src/install/imageprocess:/home/iclab/Desktop/ros2/src/install/tku_libs:/home/iclab/Desktop/ros2/src/install/motionpackage:/home/iclab/Desktop/ros2/install/tku_libs:/home/iclab/Desktop/ros2/install/motionpackage:/opt/ros/humble /usr/bin/cmake --install /home/iclab/Desktop/ros2/src/build/tku_msgs
[2.303s] Level 1:colcon.colcon_core.environment:checking '/home/iclab/Desktop/ros2/src/install/tku_msgs' for CMake module files
[2.303s] Level 1:colcon.colcon_core.environment:checking '/home/iclab/Desktop/ros2/src/install/tku_msgs' for CMake config files
[2.303s] Level 1:colcon.colcon_core.shell:create_environment_hook('tku_msgs', 'cmake_prefix_path')
[2.315s] INFO:colcon.colcon_core.shell:Creating environment hook '/home/iclab/Desktop/ros2/src/install/tku_msgs/share/tku_msgs/hook/cmake_prefix_path.ps1'
[2.315s] INFO:colcon.colcon_core.shell:Creating environment descriptor '/home/iclab/Desktop/ros2/src/install/tku_msgs/share/tku_msgs/hook/cmake_prefix_path.dsv'
[2.315s] INFO:colcon.colcon_core.shell:Creating environment hook '/home/iclab/Desktop/ros2/src/install/tku_msgs/share/tku_msgs/hook/cmake_prefix_path.sh'
[2.316s] Level 1:colcon.colcon_core.environment:checking '/home/iclab/Desktop/ros2/src/install/tku_msgs/lib'
[2.316s] Level 1:colcon.colcon_core.shell:create_environment_hook('tku_msgs', 'ld_library_path_lib')
[2.328s] INFO:colcon.colcon_core.shell:Creating environment hook '/home/iclab/Desktop/ros2/src/install/tku_msgs/share/tku_msgs/hook/ld_library_path_lib.ps1'
[2.328s] INFO:colcon.colcon_core.shell:Creating environment descriptor '/home/iclab/Desktop/ros2/src/install/tku_msgs/share/tku_msgs/hook/ld_library_path_lib.dsv'
[2.328s] INFO:colcon.colcon_core.shell:Creating environment hook '/home/iclab/Desktop/ros2/src/install/tku_msgs/share/tku_msgs/hook/ld_library_path_lib.sh'
[2.329s] Level 1:colcon.colcon_core.environment:checking '/home/iclab/Desktop/ros2/src/install/tku_msgs/bin'
[2.329s] Level 1:colcon.colcon_core.environment:checking '/home/iclab/Desktop/ros2/src/install/tku_msgs/lib/pkgconfig/tku_msgs.pc'
[2.329s] Level 1:colcon.colcon_core.environment:checking '/home/iclab/Desktop/ros2/src/install/tku_msgs/lib/python3.10/site-packages'
[2.329s] Level 1:colcon.colcon_core.environment:checking '/home/iclab/Desktop/ros2/src/install/tku_msgs/bin'
[2.342s] INFO:colcon.colcon_core.shell:Creating package script '/home/iclab/Desktop/ros2/src/install/tku_msgs/share/tku_msgs/package.ps1'
[2.343s] INFO:colcon.colcon_core.shell:Creating package descriptor '/home/iclab/Desktop/ros2/src/install/tku_msgs/share/tku_msgs/package.dsv'
[2.343s] INFO:colcon.colcon_core.shell:Creating package script '/home/iclab/Desktop/ros2/src/install/tku_msgs/share/tku_msgs/package.sh'
[2.344s] INFO:colcon.colcon_core.shell:Creating package script '/home/iclab/Desktop/ros2/src/install/tku_msgs/share/tku_msgs/package.bash'
[2.344s] INFO:colcon.colcon_core.shell:Creating package script '/home/iclab/Desktop/ros2/src/install/tku_msgs/share/tku_msgs/package.zsh'
[2.344s] Level 1:colcon.colcon_core.environment:create_file_with_runtime_dependencies(/home/iclab/Desktop/ros2/src/install/tku_msgs/share/colcon-core/packages/tku_msgs)
[2.579s] DEBUG:colcon.colcon_core.event_handler.log_command:Invoked command in '/home/iclab/Desktop/ros2/src/motionpackage' returned '0': BYOBU_DATE=%Y-%m-%d PYTHONPATH=/home/iclab/Desktop/ros2/src/build/motionpackage/prefix_override:/home/iclab/Desktop/ros2/src/install/motionpackage/lib/python3.10/site-packages:${PYTHONPATH} /usr/bin/python3 setup.py egg_info --egg-base ../build/motionpackage build --build-base /home/iclab/Desktop/ros2/src/build/motionpackage/build install --record /home/iclab/Desktop/ros2/src/build/motionpackage/install.log --single-version-externally-managed
[2.595s] Level 1:colcon.colcon_core.environment:checking '/home/iclab/Desktop/ros2/src/install/motionpackage' for CMake module files
[2.595s] Level 1:colcon.colcon_core.environment:checking '/home/iclab/Desktop/ros2/src/install/motionpackage' for CMake config files
[2.596s] Level 1:colcon.colcon_core.environment:checking '/home/iclab/Desktop/ros2/src/install/motionpackage/lib'
[2.596s] Level 1:colcon.colcon_core.environment:checking '/home/iclab/Desktop/ros2/src/install/motionpackage/bin'
[2.596s] Level 1:colcon.colcon_core.environment:checking '/home/iclab/Desktop/ros2/src/install/motionpackage/lib/pkgconfig/motionpackage.pc'
[2.596s] Level 1:colcon.colcon_core.environment:checking '/home/iclab/Desktop/ros2/src/install/motionpackage/lib/python3.10/site-packages'
[2.596s] Level 1:colcon.colcon_core.shell:create_environment_hook('motionpackage', 'pythonpath')
[2.609s] INFO:colcon.colcon_core.shell:Creating environment hook '/home/iclab/Desktop/ros2/src/install/motionpackage/share/motionpackage/hook/pythonpath.ps1'
[2.610s] INFO:colcon.colcon_core.shell:Creating environment descriptor '/home/iclab/Desktop/ros2/src/install/motionpackage/share/motionpackage/hook/pythonpath.dsv'
[2.610s] INFO:colcon.colcon_core.shell:Creating environment hook '/home/iclab/Desktop/ros2/src/install/motionpackage/share/motionpackage/hook/pythonpath.sh'
[2.610s] Level 1:colcon.colcon_core.environment:checking '/home/iclab/Desktop/ros2/src/install/motionpackage/bin'
[2.610s] Level 1:colcon.colcon_core.environment:create_environment_scripts_only(motionpackage)
[2.622s] INFO:colcon.colcon_core.shell:Creating package script '/home/iclab/Desktop/ros2/src/install/motionpackage/share/motionpackage/package.ps1'
[2.622s] INFO:colcon.colcon_core.shell:Creating package descriptor '/home/iclab/Desktop/ros2/src/install/motionpackage/share/motionpackage/package.dsv'
[2.622s] INFO:colcon.colcon_core.shell:Creating package script '/home/iclab/Desktop/ros2/src/install/motionpackage/share/motionpackage/package.sh'
[2.623s] INFO:colcon.colcon_core.shell:Creating package script '/home/iclab/Desktop/ros2/src/install/motionpackage/share/motionpackage/package.bash'
[2.623s] INFO:colcon.colcon_core.shell:Creating package script '/home/iclab/Desktop/ros2/src/install/motionpackage/share/motionpackage/package.zsh'
[2.623s] Level 1:colcon.colcon_core.environment:create_file_with_runtime_dependencies(/home/iclab/Desktop/ros2/src/install/motionpackage/share/colcon-core/packages/motionpackage)
[2.624s] DEBUG:colcon.colcon_core.event_handler.log_command:Invoked command in '/home/iclab/Desktop/ros2/src/imageprocess' returned '0': BYOBU_DATE=%Y-%m-%d PYTHONPATH=/home/iclab/Desktop/ros2/src/build/imageprocess/prefix_override:/home/iclab/Desktop/ros2/src/install/imageprocess/lib/python3.10/site-packages:${PYTHONPATH} /usr/bin/python3 setup.py egg_info --egg-base ../build/imageprocess build --build-base /home/iclab/Desktop/ros2/src/build/imageprocess/build install --record /home/iclab/Desktop/ros2/src/build/imageprocess/install.log --single-version-externally-managed
[2.636s] Level 1:colcon.colcon_core.environment:checking '/home/iclab/Desktop/ros2/src/install/imageprocess' for CMake module files
[2.636s] Level 1:colcon.colcon_core.environment:checking '/home/iclab/Desktop/ros2/src/install/imageprocess' for CMake config files
[2.636s] Level 1:colcon.colcon_core.environment:checking '/home/iclab/Desktop/ros2/src/install/imageprocess/lib'
[2.636s] Level 1:colcon.colcon_core.environment:checking '/home/iclab/Desktop/ros2/src/install/imageprocess/bin'
[2.636s] Level 1:colcon.colcon_core.environment:checking '/home/iclab/Desktop/ros2/src/install/imageprocess/lib/pkgconfig/imageprocess.pc'
[2.637s] Level 1:colcon.colcon_core.environment:checking '/home/iclab/Desktop/ros2/src/install/imageprocess/lib/python3.10/site-packages'
[2.637s] Level 1:colcon.colcon_core.shell:create_environment_hook('imageprocess', 'pythonpath')
[2.648s] INFO:colcon.colcon_core.shell:Creating environment hook '/home/iclab/Desktop/ros2/src/install/imageprocess/share/imageprocess/hook/pythonpath.ps1'
[2.649s] INFO:colcon.colcon_core.shell:Creating environment descriptor '/home/iclab/Desktop/ros2/src/install/imageprocess/share/imageprocess/hook/pythonpath.dsv'
[2.649s] INFO:colcon.colcon_core.shell:Creating environment hook '/home/iclab/Desktop/ros2/src/install/imageprocess/share/imageprocess/hook/pythonpath.sh'
[2.649s] Level 1:colcon.colcon_core.environment:checking '/home/iclab/Desktop/ros2/src/install/imageprocess/bin'
[2.649s] Level 1:colcon.colcon_core.environment:create_environment_scripts_only(imageprocess)
[2.661s] INFO:colcon.colcon_core.shell:Creating package script '/home/iclab/Desktop/ros2/src/install/imageprocess/share/imageprocess/package.ps1'
[2.661s] INFO:colcon.colcon_core.shell:Creating package descriptor '/home/iclab/Desktop/ros2/src/install/imageprocess/share/imageprocess/package.dsv'
[2.661s] INFO:colcon.colcon_core.shell:Creating package script '/home/iclab/Desktop/ros2/src/install/imageprocess/share/imageprocess/package.sh'
[2.661s] INFO:colcon.colcon_core.shell:Creating package script '/home/iclab/Desktop/ros2/src/install/imageprocess/share/imageprocess/package.bash'
[2.662s] INFO:colcon.colcon_core.shell:Creating package script '/home/iclab/Desktop/ros2/src/install/imageprocess/share/imageprocess/package.zsh'
[2.662s] Level 1:colcon.colcon_core.environment:create_file_with_runtime_dependencies(/home/iclab/Desktop/ros2/src/install/imageprocess/share/colcon-core/packages/imageprocess)
[2.771s] Level 1:colcon.colcon_core.environment:create_environment_scripts_only(tku_msgs)
[2.782s] Level 1:colcon.colcon_core.environment:checking '/home/iclab/Desktop/ros2/src/install/tku_msgs' for CMake module files
[2.782s] Level 1:colcon.colcon_core.environment:checking '/home/iclab/Desktop/ros2/src/install/tku_msgs' for CMake config files
[2.782s] Level 1:colcon.colcon_core.shell:create_environment_hook('tku_msgs', 'cmake_prefix_path')
[2.794s] INFO:colcon.colcon_core.shell:Creating environment hook '/home/iclab/Desktop/ros2/src/install/tku_msgs/share/tku_msgs/hook/cmake_prefix_path.ps1'
[2.795s] INFO:colcon.colcon_core.shell:Creating environment descriptor '/home/iclab/Desktop/ros2/src/install/tku_msgs/share/tku_msgs/hook/cmake_prefix_path.dsv'
[2.795s] INFO:colcon.colcon_core.shell:Creating environment hook '/home/iclab/Desktop/ros2/src/install/tku_msgs/share/tku_msgs/hook/cmake_prefix_path.sh'
[2.795s] Level 1:colcon.colcon_core.environment:checking '/home/iclab/Desktop/ros2/src/install/tku_msgs/lib'
[2.795s] Level 1:colcon.colcon_core.shell:create_environment_hook('tku_msgs', 'ld_library_path_lib')
[2.806s] INFO:colcon.colcon_core.shell:Creating environment hook '/home/iclab/Desktop/ros2/src/install/tku_msgs/share/tku_msgs/hook/ld_library_path_lib.ps1'
[2.806s] INFO:colcon.colcon_core.shell:Creating environment descriptor '/home/iclab/Desktop/ros2/src/install/tku_msgs/share/tku_msgs/hook/ld_library_path_lib.dsv'
[2.806s] INFO:colcon.colcon_core.shell:Creating environment hook '/home/iclab/Desktop/ros2/src/install/tku_msgs/share/tku_msgs/hook/ld_library_path_lib.sh'
[2.807s] Level 1:colcon.colcon_core.environment:checking '/home/iclab/Desktop/ros2/src/install/tku_msgs/bin'
[2.807s] Level 1:colcon.colcon_core.environment:checking '/home/iclab/Desktop/ros2/src/install/tku_msgs/lib/pkgconfig/tku_msgs.pc'
[2.807s] Level 1:colcon.colcon_core.environment:checking '/home/iclab/Desktop/ros2/src/install/tku_msgs/lib/python3.10/site-packages'
[2.807s] Level 1:colcon.colcon_core.environment:checking '/home/iclab/Desktop/ros2/src/install/tku_msgs/bin'
[2.817s] INFO:colcon.colcon_core.shell:Creating package script '/home/iclab/Desktop/ros2/src/install/tku_msgs/share/tku_msgs/package.ps1'
[2.818s] INFO:colcon.colcon_core.shell:Creating package descriptor '/home/iclab/Desktop/ros2/src/install/tku_msgs/share/tku_msgs/package.dsv'
[2.818s] INFO:colcon.colcon_core.shell:Creating package script '/home/iclab/Desktop/ros2/src/install/tku_msgs/share/tku_msgs/package.sh'
[2.818s] INFO:colcon.colcon_core.shell:Creating package script '/home/iclab/Desktop/ros2/src/install/tku_msgs/share/tku_msgs/package.bash'
[2.819s] INFO:colcon.colcon_core.shell:Creating package script '/home/iclab/Desktop/ros2/src/install/tku_msgs/share/tku_msgs/package.zsh'
[2.819s] Level 1:colcon.colcon_core.environment:create_file_with_runtime_dependencies(/home/iclab/Desktop/ros2/src/install/tku_msgs/share/colcon-core/packages/tku_msgs)
[2.819s] INFO:colcon.colcon_ros.task.ament_python.build:Building ROS package in '/home/iclab/Desktop/ros2/src/tku_libs' with build type 'ament_python'
[2.819s] Level 1:colcon.colcon_core.shell:create_environment_hook('tku_libs', 'ament_prefix_path')
[2.831s] INFO:colcon.colcon_core.shell:Creating environment hook '/home/iclab/Desktop/ros2/src/install/tku_libs/share/tku_libs/hook/ament_prefix_path.ps1'
[2.831s] INFO:colcon.colcon_core.shell:Creating environment descriptor '/home/iclab/Desktop/ros2/src/install/tku_libs/share/tku_libs/hook/ament_prefix_path.dsv'
[2.831s] INFO:colcon.colcon_core.shell:Creating environment hook '/home/iclab/Desktop/ros2/src/install/tku_libs/share/tku_libs/hook/ament_prefix_path.sh'
[2.842s] INFO:colcon.colcon_core.shell:Skip shell extension 'powershell' for command environment: Not usable outside of PowerShell
[2.842s] DEBUG:colcon.colcon_core.shell:Skip shell extension 'dsv' for command environment
[2.886s] INFO:colcon.colcon_ros.task.ament_cmake.build:Building ROS package in '/home/iclab/Desktop/ros2/src/usb_cam' with build type 'ament_cmake'
[2.886s] INFO:colcon.colcon_cmake.task.cmake.build:Building CMake package in '/home/iclab/Desktop/ros2/src/usb_cam'
[2.897s] INFO:colcon.colcon_core.shell:Skip shell extension 'powershell' for command environment: Not usable outside of PowerShell
[2.897s] DEBUG:colcon.colcon_core.shell:Skip shell extension 'dsv' for command environment
[3.141s] INFO:colcon.colcon_core.task.python.build:Building Python package in '/home/iclab/Desktop/ros2/src/tku_libs'
[3.152s] INFO:colcon.colcon_core.shell:Skip shell extension 'powershell' for command environment: Not usable outside of PowerShell
[3.152s] DEBUG:colcon.colcon_core.shell:Skip shell extension 'dsv' for command environment
[3.202s] DEBUG:colcon.colcon_core.event_handler.log_command:Invoking command in '/home/iclab/Desktop/ros2/src/build/usb_cam': BYOBU_DATE=%Y-%m-%d CMAKE_PREFIX_PATH=/home/iclab/Desktop/ros2/src/install/tku_msgs:/home/iclab/Desktop/ros2/src/install/web_video_server:/home/iclab/Desktop/ros2/src/install/usb_cam:/home/iclab/Desktop/ros2/install/web_video_server:/home/iclab/Desktop/ros2/install/usb_cam:/home/iclab/Desktop/ros2/install/tku_msgs:/home/iclab/Desktop/ros2/install/serial:/home/iclab/Desktop/ros2/src/install/imageprocess:/home/iclab/Desktop/ros2/src/install/tku_libs:/home/iclab/Desktop/ros2/src/install/motionpackage:/home/iclab/Desktop/ros2/install/tku_libs:/home/iclab/Desktop/ros2/install/motionpackage:/opt/ros/humble LD_LIBRARY_PATH=/home/iclab/Desktop/ros2/src/install/tku_msgs/lib:/home/iclab/Desktop/ros2/src/install/usb_cam/lib:/home/iclab/Desktop/ros2/install/usb_cam/lib:/home/iclab/Desktop/ros2/install/tku_msgs/lib:/opt/ros/humble/opt/rviz_ogre_vendor/lib:/opt/ros/humble/lib/x86_64-linux-gnu:/opt/ros/humble/lib /usr/bin/cmake --build /home/iclab/Desktop/ros2/src/build/usb_cam -- -j8 -l8
[3.698s] DEBUG:colcon.colcon_core.event_handler.log_command:Invoking command in '/home/iclab/Desktop/ros2/src/tku_libs': BYOBU_DATE=%Y-%m-%d CMAKE_PREFIX_PATH=/home/iclab/Desktop/ros2/src/install/tku_msgs:/home/iclab/Desktop/ros2/src/install/web_video_server:/home/iclab/Desktop/ros2/src/install/usb_cam:/home/iclab/Desktop/ros2/install/web_video_server:/home/iclab/Desktop/ros2/install/usb_cam:/home/iclab/Desktop/ros2/install/tku_msgs:/home/iclab/Desktop/ros2/install/serial LD_LIBRARY_PATH=/home/iclab/Desktop/ros2/src/install/tku_msgs/lib:/home/iclab/Desktop/ros2/src/install/usb_cam/lib:/home/iclab/Desktop/ros2/install/usb_cam/lib:/home/iclab/Desktop/ros2/install/tku_msgs/lib:/opt/ros/humble/opt/rviz_ogre_vendor/lib:/opt/ros/humble/lib/x86_64-linux-gnu:/opt/ros/humble/lib PYTHONPATH=/home/iclab/Desktop/ros2/src/build/tku_libs/prefix_override:/home/iclab/Desktop/ros2/src/install/tku_libs/lib/python3.10/site-packages:${PYTHONPATH} /usr/bin/python3 setup.py egg_info --egg-base ../build/tku_libs build --build-base /home/iclab/Desktop/ros2/src/build/tku_libs/build install --record /home/iclab/Desktop/ros2/src/build/tku_libs/install.log --single-version-externally-managed
[4.007s] DEBUG:colcon.colcon_core.event_handler.log_command:Invoked command in '/home/iclab/Desktop/ros2/src/tku_libs' returned '0': BYOBU_DATE=%Y-%m-%d CMAKE_PREFIX_PATH=/home/iclab/Desktop/ros2/src/install/tku_msgs:/home/iclab/Desktop/ros2/src/install/web_video_server:/home/iclab/Desktop/ros2/src/install/usb_cam:/home/iclab/Desktop/ros2/install/web_video_server:/home/iclab/Desktop/ros2/install/usb_cam:/home/iclab/Desktop/ros2/install/tku_msgs:/home/iclab/Desktop/ros2/install/serial LD_LIBRARY_PATH=/home/iclab/Desktop/ros2/src/install/tku_msgs/lib:/home/iclab/Desktop/ros2/src/install/usb_cam/lib:/home/iclab/Desktop/ros2/install/usb_cam/lib:/home/iclab/Desktop/ros2/install/tku_msgs/lib:/opt/ros/humble/opt/rviz_ogre_vendor/lib:/opt/ros/humble/lib/x86_64-linux-gnu:/opt/ros/humble/lib PYTHONPATH=/home/iclab/Desktop/ros2/src/build/tku_libs/prefix_override:/home/iclab/Desktop/ros2/src/install/tku_libs/lib/python3.10/site-packages:${PYTHONPATH} /usr/bin/python3 setup.py egg_info --egg-base ../build/tku_libs build --build-base /home/iclab/Desktop/ros2/src/build/tku_libs/build install --record /home/iclab/Desktop/ros2/src/build/tku_libs/install.log --single-version-externally-managed
[4.026s] Level 1:colcon.colcon_core.environment:checking '/home/iclab/Desktop/ros2/src/install/tku_libs' for CMake module files
[4.026s] Level 1:colcon.colcon_core.environment:checking '/home/iclab/Desktop/ros2/src/install/tku_libs' for CMake config files
[4.027s] Level 1:colcon.colcon_core.environment:checking '/home/iclab/Desktop/ros2/src/install/tku_libs/lib'
[4.027s] Level 1:colcon.colcon_core.environment:checking '/home/iclab/Desktop/ros2/src/install/tku_libs/bin'
[4.027s] Level 1:colcon.colcon_core.environment:checking '/home/iclab/Desktop/ros2/src/install/tku_libs/lib/pkgconfig/tku_libs.pc'
[4.027s] Level 1:colcon.colcon_core.environment:checking '/home/iclab/Desktop/ros2/src/install/tku_libs/lib/python3.10/site-packages'
[4.028s] Level 1:colcon.colcon_core.shell:create_environment_hook('tku_libs', 'pythonpath')
[4.040s] INFO:colcon.colcon_core.shell:Creating environment hook '/home/iclab/Desktop/ros2/src/install/tku_libs/share/tku_libs/hook/pythonpath.ps1'
[4.041s] INFO:colcon.colcon_core.shell:Creating environment descriptor '/home/iclab/Desktop/ros2/src/install/tku_libs/share/tku_libs/hook/pythonpath.dsv'
[4.041s] INFO:colcon.colcon_core.shell:Creating environment hook '/home/iclab/Desktop/ros2/src/install/tku_libs/share/tku_libs/hook/pythonpath.sh'
[4.042s] Level 1:colcon.colcon_core.environment:checking '/home/iclab/Desktop/ros2/src/install/tku_libs/bin'
[4.042s] Level 1:colcon.colcon_core.environment:create_environment_scripts_only(tku_libs)
[4.054s] INFO:colcon.colcon_core.shell:Creating package script '/home/iclab/Desktop/ros2/src/install/tku_libs/share/tku_libs/package.ps1'
[4.054s] INFO:colcon.colcon_core.shell:Creating package descriptor '/home/iclab/Desktop/ros2/src/install/tku_libs/share/tku_libs/package.dsv'
[4.055s] INFO:colcon.colcon_core.shell:Creating package script '/home/iclab/Desktop/ros2/src/install/tku_libs/share/tku_libs/package.sh'
[4.055s] INFO:colcon.colcon_core.shell:Creating package script '/home/iclab/Desktop/ros2/src/install/tku_libs/share/tku_libs/package.bash'
[4.055s] INFO:colcon.colcon_core.shell:Creating package script '/home/iclab/Desktop/ros2/src/install/tku_libs/share/tku_libs/package.zsh'
[4.055s] Level 1:colcon.colcon_core.environment:create_file_with_runtime_dependencies(/home/iclab/Desktop/ros2/src/install/tku_libs/share/colcon-core/packages/tku_libs)
[10.884s] DEBUG:colcon.colcon_core.event_handler.log_command:Invoked command in '/home/iclab/Desktop/ros2/src/build/usb_cam' returned '0': BYOBU_DATE=%Y-%m-%d CMAKE_PREFIX_PATH=/home/iclab/Desktop/ros2/src/install/tku_msgs:/home/iclab/Desktop/ros2/src/install/web_video_server:/home/iclab/Desktop/ros2/src/install/usb_cam:/home/iclab/Desktop/ros2/install/web_video_server:/home/iclab/Desktop/ros2/install/usb_cam:/home/iclab/Desktop/ros2/install/tku_msgs:/home/iclab/Desktop/ros2/install/serial:/home/iclab/Desktop/ros2/src/install/imageprocess:/home/iclab/Desktop/ros2/src/install/tku_libs:/home/iclab/Desktop/ros2/src/install/motionpackage:/home/iclab/Desktop/ros2/install/tku_libs:/home/iclab/Desktop/ros2/install/motionpackage:/opt/ros/humble LD_LIBRARY_PATH=/home/iclab/Desktop/ros2/src/install/tku_msgs/lib:/home/iclab/Desktop/ros2/src/install/usb_cam/lib:/home/iclab/Desktop/ros2/install/usb_cam/lib:/home/iclab/Desktop/ros2/install/tku_msgs/lib:/opt/ros/humble/opt/rviz_ogre_vendor/lib:/opt/ros/humble/lib/x86_64-linux-gnu:/opt/ros/humble/lib /usr/bin/cmake --build /home/iclab/Desktop/ros2/src/build/usb_cam -- -j8 -l8
[10.915s] DEBUG:colcon.colcon_core.event_handler.log_command:Invoking command in '/home/iclab/Desktop/ros2/src/build/usb_cam': BYOBU_DATE=%Y-%m-%d CMAKE_PREFIX_PATH=/home/iclab/Desktop/ros2/src/install/tku_msgs:/home/iclab/Desktop/ros2/src/install/web_video_server:/home/iclab/Desktop/ros2/src/install/usb_cam:/home/iclab/Desktop/ros2/install/web_video_server:/home/iclab/Desktop/ros2/install/usb_cam:/home/iclab/Desktop/ros2/install/tku_msgs:/home/iclab/Desktop/ros2/install/serial:/home/iclab/Desktop/ros2/src/install/imageprocess:/home/iclab/Desktop/ros2/src/install/tku_libs:/home/iclab/Desktop/ros2/src/install/motionpackage:/home/iclab/Desktop/ros2/install/tku_libs:/home/iclab/Desktop/ros2/install/motionpackage:/opt/ros/humble LD_LIBRARY_PATH=/home/iclab/Desktop/ros2/src/install/tku_msgs/lib:/home/iclab/Desktop/ros2/src/install/usb_cam/lib:/home/iclab/Desktop/ros2/install/usb_cam/lib:/home/iclab/Desktop/ros2/install/tku_msgs/lib:/opt/ros/humble/opt/rviz_ogre_vendor/lib:/opt/ros/humble/lib/x86_64-linux-gnu:/opt/ros/humble/lib /usr/bin/cmake --install /home/iclab/Desktop/ros2/src/build/usb_cam
[10.930s] Level 1:colcon.colcon_core.environment:create_environment_scripts_only(usb_cam)
[10.930s] DEBUG:colcon.colcon_core.event_handler.log_command:Invoked command in '/home/iclab/Desktop/ros2/src/build/usb_cam' returned '0': BYOBU_DATE=%Y-%m-%d CMAKE_PREFIX_PATH=/home/iclab/Desktop/ros2/src/install/tku_msgs:/home/iclab/Desktop/ros2/src/install/web_video_server:/home/iclab/Desktop/ros2/src/install/usb_cam:/home/iclab/Desktop/ros2/install/web_video_server:/home/iclab/Desktop/ros2/install/usb_cam:/home/iclab/Desktop/ros2/install/tku_msgs:/home/iclab/Desktop/ros2/install/serial:/home/iclab/Desktop/ros2/src/install/imageprocess:/home/iclab/Desktop/ros2/src/install/tku_libs:/home/iclab/Desktop/ros2/src/install/motionpackage:/home/iclab/Desktop/ros2/install/tku_libs:/home/iclab/Desktop/ros2/install/motionpackage:/opt/ros/humble LD_LIBRARY_PATH=/home/iclab/Desktop/ros2/src/install/tku_msgs/lib:/home/iclab/Desktop/ros2/src/install/usb_cam/lib:/home/iclab/Desktop/ros2/install/usb_cam/lib:/home/iclab/Desktop/ros2/install/tku_msgs/lib:/opt/ros/humble/opt/rviz_ogre_vendor/lib:/opt/ros/humble/lib/x86_64-linux-gnu:/opt/ros/humble/lib /usr/bin/cmake --install /home/iclab/Desktop/ros2/src/build/usb_cam
[10.941s] Level 1:colcon.colcon_core.environment:checking '/home/iclab/Desktop/ros2/src/install/usb_cam' for CMake module files
[10.942s] Level 1:colcon.colcon_core.environment:checking '/home/iclab/Desktop/ros2/src/install/usb_cam' for CMake config files
[10.942s] Level 1:colcon.colcon_core.shell:create_environment_hook('usb_cam', 'cmake_prefix_path')
[10.952s] INFO:colcon.colcon_core.shell:Creating environment hook '/home/iclab/Desktop/ros2/src/install/usb_cam/share/usb_cam/hook/cmake_prefix_path.ps1'
[10.953s] INFO:colcon.colcon_core.shell:Creating environment descriptor '/home/iclab/Desktop/ros2/src/install/usb_cam/share/usb_cam/hook/cmake_prefix_path.dsv'
[10.953s] INFO:colcon.colcon_core.shell:Creating environment hook '/home/iclab/Desktop/ros2/src/install/usb_cam/share/usb_cam/hook/cmake_prefix_path.sh'
[10.953s] Level 1:colcon.colcon_core.environment:checking '/home/iclab/Desktop/ros2/src/install/usb_cam/lib'
[10.953s] Level 1:colcon.colcon_core.shell:create_environment_hook('usb_cam', 'ld_library_path_lib')
[10.963s] INFO:colcon.colcon_core.shell:Creating environment hook '/home/iclab/Desktop/ros2/src/install/usb_cam/share/usb_cam/hook/ld_library_path_lib.ps1'
[10.964s] INFO:colcon.colcon_core.shell:Creating environment descriptor '/home/iclab/Desktop/ros2/src/install/usb_cam/share/usb_cam/hook/ld_library_path_lib.dsv'
[10.964s] INFO:colcon.colcon_core.shell:Creating environment hook '/home/iclab/Desktop/ros2/src/install/usb_cam/share/usb_cam/hook/ld_library_path_lib.sh'
[10.964s] Level 1:colcon.colcon_core.environment:checking '/home/iclab/Desktop/ros2/src/install/usb_cam/bin'
[10.964s] Level 1:colcon.colcon_core.environment:checking '/home/iclab/Desktop/ros2/src/install/usb_cam/lib/pkgconfig/usb_cam.pc'
[10.965s] Level 1:colcon.colcon_core.environment:checking '/home/iclab/Desktop/ros2/src/install/usb_cam/lib/python3.10/site-packages'
[10.965s] Level 1:colcon.colcon_core.environment:checking '/home/iclab/Desktop/ros2/src/install/usb_cam/bin'
[10.977s] INFO:colcon.colcon_core.shell:Creating package script '/home/iclab/Desktop/ros2/src/install/usb_cam/share/usb_cam/package.ps1'
[10.977s] INFO:colcon.colcon_core.shell:Creating package descriptor '/home/iclab/Desktop/ros2/src/install/usb_cam/share/usb_cam/package.dsv'
[10.978s] INFO:colcon.colcon_core.shell:Creating package script '/home/iclab/Desktop/ros2/src/install/usb_cam/share/usb_cam/package.sh'
[10.978s] INFO:colcon.colcon_core.shell:Creating package script '/home/iclab/Desktop/ros2/src/install/usb_cam/share/usb_cam/package.bash'
[10.978s] INFO:colcon.colcon_core.shell:Creating package script '/home/iclab/Desktop/ros2/src/install/usb_cam/share/usb_cam/package.zsh'
[10.978s] Level 1:colcon.colcon_core.environment:create_file_with_runtime_dependencies(/home/iclab/Desktop/ros2/src/install/usb_cam/share/colcon-core/packages/usb_cam)
[11.018s] Level 1:colcon.colcon_core.environment:create_environment_scripts_only(usb_cam)
[11.028s] Level 1:colcon.colcon_core.environment:checking '/home/iclab/Desktop/ros2/src/install/usb_cam' for CMake module files
[11.028s] Level 1:colcon.colcon_core.environment:checking '/home/iclab/Desktop/ros2/src/install/usb_cam' for CMake config files
[11.028s] Level 1:colcon.colcon_core.shell:create_environment_hook('usb_cam', 'cmake_prefix_path')
[11.038s] INFO:colcon.colcon_core.shell:Creating environment hook '/home/iclab/Desktop/ros2/src/install/usb_cam/share/usb_cam/hook/cmake_prefix_path.ps1'
[11.039s] INFO:colcon.colcon_core.shell:Creating environment descriptor '/home/iclab/Desktop/ros2/src/install/usb_cam/share/usb_cam/hook/cmake_prefix_path.dsv'
[11.039s] INFO:colcon.colcon_core.shell:Creating environment hook '/home/iclab/Desktop/ros2/src/install/usb_cam/share/usb_cam/hook/cmake_prefix_path.sh'
[11.040s] Level 1:colcon.colcon_core.environment:checking '/home/iclab/Desktop/ros2/src/install/usb_cam/lib'
[11.040s] Level 1:colcon.colcon_core.shell:create_environment_hook('usb_cam', 'ld_library_path_lib')
[11.050s] INFO:colcon.colcon_core.shell:Creating environment hook '/home/iclab/Desktop/ros2/src/install/usb_cam/share/usb_cam/hook/ld_library_path_lib.ps1'
[11.050s] INFO:colcon.colcon_core.shell:Creating environment descriptor '/home/iclab/Desktop/ros2/src/install/usb_cam/share/usb_cam/hook/ld_library_path_lib.dsv'
[11.050s] INFO:colcon.colcon_core.shell:Creating environment hook '/home/iclab/Desktop/ros2/src/install/usb_cam/share/usb_cam/hook/ld_library_path_lib.sh'
[11.050s] Level 1:colcon.colcon_core.environment:checking '/home/iclab/Desktop/ros2/src/install/usb_cam/bin'
[11.050s] Level 1:colcon.colcon_core.environment:checking '/home/iclab/Desktop/ros2/src/install/usb_cam/lib/pkgconfig/usb_cam.pc'
[11.050s] Level 1:colcon.colcon_core.environment:checking '/home/iclab/Desktop/ros2/src/install/usb_cam/lib/python3.10/site-packages'
[11.050s] Level 1:colcon.colcon_core.environment:checking '/home/iclab/Desktop/ros2/src/install/usb_cam/bin'
[11.060s] INFO:colcon.colcon_core.shell:Creating package script '/home/iclab/Desktop/ros2/src/install/usb_cam/share/usb_cam/package.ps1'
[11.061s] INFO:colcon.colcon_core.shell:Creating package descriptor '/home/iclab/Desktop/ros2/src/install/usb_cam/share/usb_cam/package.dsv'
[11.061s] INFO:colcon.colcon_core.shell:Creating package script '/home/iclab/Desktop/ros2/src/install/usb_cam/share/usb_cam/package.sh'
[11.061s] INFO:colcon.colcon_core.shell:Creating package script '/home/iclab/Desktop/ros2/src/install/usb_cam/share/usb_cam/package.bash'
[11.061s] INFO:colcon.colcon_core.shell:Creating package script '/home/iclab/Desktop/ros2/src/install/usb_cam/share/usb_cam/package.zsh'
[11.062s] Level 1:colcon.colcon_core.environment:create_file_with_runtime_dependencies(/home/iclab/Desktop/ros2/src/install/usb_cam/share/colcon-core/packages/usb_cam)
[11.062s] DEBUG:colcon.colcon_parallel_executor.executor.parallel:closing loop
[11.062s] DEBUG:colcon.colcon_parallel_executor.executor.parallel:loop closed
[11.062s] DEBUG:colcon.colcon_parallel_executor.executor.parallel:run_until_complete finished with '0'
[11.062s] DEBUG:colcon.colcon_core.event_reactor:joining thread
[11.079s] INFO:colcon.colcon_core.plugin_system:Skipping extension 'colcon_notification.desktop_notification.terminal_notifier': Not used on non-Darwin systems
[11.079s] INFO:colcon.colcon_core.plugin_system:Skipping extension 'colcon_notification.desktop_notification.win32': Not used on non-Windows systems
[11.079s] INFO:colcon.colcon_notification.desktop_notification:Sending desktop notification using 'notify2'
[11.086s] DEBUG:colcon.colcon_core.event_reactor:joined thread
[11.099s] INFO:colcon.colcon_core.shell:Creating prefix script '/home/iclab/Desktop/ros2/src/install/local_setup.ps1'
[11.100s] INFO:colcon.colcon_core.shell:Creating prefix util module '/home/iclab/Desktop/ros2/src/install/_local_setup_util_ps1.py'
[11.101s] INFO:colcon.colcon_core.shell:Creating prefix chain script '/home/iclab/Desktop/ros2/src/install/setup.ps1'
[11.112s] INFO:colcon.colcon_core.shell:Creating prefix script '/home/iclab/Desktop/ros2/src/install/local_setup.sh'
[11.112s] INFO:colcon.colcon_core.shell:Creating prefix util module '/home/iclab/Desktop/ros2/src/install/_local_setup_util_sh.py'
[11.112s] INFO:colcon.colcon_core.shell:Creating prefix chain script '/home/iclab/Desktop/ros2/src/install/setup.sh'
[11.124s] INFO:colcon.colcon_core.shell:Creating prefix script '/home/iclab/Desktop/ros2/src/install/local_setup.bash'
[11.124s] INFO:colcon.colcon_core.shell:Creating prefix chain script '/home/iclab/Desktop/ros2/src/install/setup.bash'
[11.135s] INFO:colcon.colcon_core.shell:Creating prefix script '/home/iclab/Desktop/ros2/src/install/local_setup.zsh'
[11.135s] INFO:colcon.colcon_core.shell:Creating prefix chain script '/home/iclab/Desktop/ros2/src/install/setup.zsh'
