[1.267s] Invoking command in '/home/iclab/Desktop/ros2/src/imageprocess': BYOBU_DATE=%Y-%m-%d PYTHONPATH=/home/iclab/Desktop/ros2/build/imageprocess/prefix_override:/home/iclab/Desktop/ros2/install/imageprocess/lib/python3.10/site-packages:${PYTHONPATH} /usr/bin/python3 setup.py egg_info --egg-base ../../build/imageprocess build --build-base /home/iclab/Desktop/ros2/build/imageprocess/build install --record /home/iclab/Desktop/ros2/build/imageprocess/install.log --single-version-externally-managed
[1.521s] running egg_info
[1.522s] writing ../../build/imageprocess/imageprocess.egg-info/PKG-INFO
[1.522s] writing dependency_links to ../../build/imageprocess/imageprocess.egg-info/dependency_links.txt
[1.523s] writing entry points to ../../build/imageprocess/imageprocess.egg-info/entry_points.txt
[1.523s] writing requirements to ../../build/imageprocess/imageprocess.egg-info/requires.txt
[1.523s] writing top-level names to ../../build/imageprocess/imageprocess.egg-info/top_level.txt
[1.524s] reading manifest file '../../build/imageprocess/imageprocess.egg-info/SOURCES.txt'
[1.525s] adding license file 'LICENSE'
[1.525s] writing manifest file '../../build/imageprocess/imageprocess.egg-info/SOURCES.txt'
[1.525s] running build
[1.525s] running build_py
[1.525s] copying imageprocess/image.py -> /home/iclab/Desktop/ros2/build/imageprocess/build/lib/imageprocess
[1.526s] running install
[1.526s] running install_lib
[1.526s] copying /home/iclab/Desktop/ros2/build/imageprocess/build/lib/imageprocess/image.py -> /home/iclab/Desktop/ros2/install/imageprocess/lib/python3.10/site-packages/imageprocess
[1.527s] byte-compiling /home/iclab/Desktop/ros2/install/imageprocess/lib/python3.10/site-packages/imageprocess/image.py to image.cpython-310.pyc
[1.528s] running install_data
[1.528s] running install_egg_info
[1.529s] removing '/home/iclab/Desktop/ros2/install/imageprocess/lib/python3.10/site-packages/imageprocess-0.0.0-py3.10.egg-info' (and everything under it)
[1.530s] Copying ../../build/imageprocess/imageprocess.egg-info to /home/iclab/Desktop/ros2/install/imageprocess/lib/python3.10/site-packages/imageprocess-0.0.0-py3.10.egg-info
[1.530s] running install_scripts
[1.548s] Installing image script to /home/iclab/Desktop/ros2/install/imageprocess/lib/imageprocess
[1.549s] writing list of installed files to '/home/iclab/Desktop/ros2/build/imageprocess/install.log'
[1.612s] Invoked command in '/home/iclab/Desktop/ros2/src/imageprocess' returned '0': BYOBU_DATE=%Y-%m-%d PYTHONPATH=/home/iclab/Desktop/ros2/build/imageprocess/prefix_override:/home/iclab/Desktop/ros2/install/imageprocess/lib/python3.10/site-packages:${PYTHONPATH} /usr/bin/python3 setup.py egg_info --egg-base ../../build/imageprocess build --build-base /home/iclab/Desktop/ros2/build/imageprocess/build install --record /home/iclab/Desktop/ros2/build/imageprocess/install.log --single-version-externally-managed
