[0.743s] Invoking command in '/home/iclab/Desktop/ros2/src/motionpackage': PYTHONPATH=/home/iclab/Desktop/ros2/build/motionpackage/prefix_override:/home/iclab/Desktop/ros2/install/motionpackage/lib/python3.10/site-packages:${PYTHONPATH} /usr/bin/python3 setup.py egg_info --egg-base ../../build/motionpackage build --build-base /home/iclab/Desktop/ros2/build/motionpackage/build install --record /home/iclab/Desktop/ros2/build/motionpackage/install.log --single-version-externally-managed
[0.977s] running egg_info
[0.978s] writing ../../build/motionpackage/motionpackage.egg-info/PKG-INFO
[0.978s] writing dependency_links to ../../build/motionpackage/motionpackage.egg-info/dependency_links.txt
[0.978s] writing entry points to ../../build/motionpackage/motionpackage.egg-info/entry_points.txt
[0.978s] writing requirements to ../../build/motionpackage/motionpackage.egg-info/requires.txt
[0.978s] writing top-level names to ../../build/motionpackage/motionpackage.egg-info/top_level.txt
[0.980s] reading manifest file '../../build/motionpackage/motionpackage.egg-info/SOURCES.txt'
[0.980s] writing manifest file '../../build/motionpackage/motionpackage.egg-info/SOURCES.txt'
[0.980s] running build
[0.980s] running build_py
[0.980s] running install
[0.981s] running install_lib
[0.981s] running install_data
[0.982s] running install_egg_info
[0.983s] removing '/home/iclab/Desktop/ros2/install/motionpackage/lib/python3.10/site-packages/motionpackage-0.0.0-py3.10.egg-info' (and everything under it)
[0.983s] Copying ../../build/motionpackage/motionpackage.egg-info to /home/iclab/Desktop/ros2/install/motionpackage/lib/python3.10/site-packages/motionpackage-0.0.0-py3.10.egg-info
[0.984s] running install_scripts
[1.001s] Installing motion script to /home/iclab/Desktop/ros2/install/motionpackage/lib/motionpackage
[1.001s] writing list of installed files to '/home/iclab/Desktop/ros2/build/motionpackage/install.log'
[1.020s] Invoked command in '/home/iclab/Desktop/ros2/src/motionpackage' returned '0': PYTHONPATH=/home/iclab/Desktop/ros2/build/motionpackage/prefix_override:/home/iclab/Desktop/ros2/install/motionpackage/lib/python3.10/site-packages:${PYTHONPATH} /usr/bin/python3 setup.py egg_info --egg-base ../../build/motionpackage build --build-base /home/iclab/Desktop/ros2/build/motionpackage/build install --record /home/iclab/Desktop/ros2/build/motionpackage/install.log --single-version-externally-managed
