[1.262s] Invoking command in '/home/iclab/Desktop/ros2/src/motionpackage': BYOBU_DATE=%Y-%m-%d PYTHONPATH=/home/iclab/Desktop/ros2/src/build/motionpackage/prefix_override:/home/iclab/Desktop/ros2/src/install/motionpackage/lib/python3.10/site-packages:${PYTHONPATH} /usr/bin/python3 setup.py egg_info --egg-base ../build/motionpackage build --build-base /home/iclab/Desktop/ros2/src/build/motionpackage/build install --record /home/iclab/Desktop/ros2/src/build/motionpackage/install.log --single-version-externally-managed
[1.542s] running egg_info
[1.543s] writing ../build/motionpackage/motionpackage.egg-info/PKG-INFO
[1.543s] writing dependency_links to ../build/motionpackage/motionpackage.egg-info/dependency_links.txt
[1.543s] writing entry points to ../build/motionpackage/motionpackage.egg-info/entry_points.txt
[1.543s] writing requirements to ../build/motionpackage/motionpackage.egg-info/requires.txt
[1.543s] writing top-level names to ../build/motionpackage/motionpackage.egg-info/top_level.txt
[1.544s] reading manifest file '../build/motionpackage/motionpackage.egg-info/SOURCES.txt'
[1.545s] writing manifest file '../build/motionpackage/motionpackage.egg-info/SOURCES.txt'
[1.545s] running build
[1.545s] running build_py
[1.545s] running install
[1.545s] running install_lib
[1.546s] running install_data
[1.547s] running install_egg_info
[1.548s] removing '/home/iclab/Desktop/ros2/src/install/motionpackage/lib/python3.10/site-packages/motionpackage-0.0.0-py3.10.egg-info' (and everything under it)
[1.548s] Copying ../build/motionpackage/motionpackage.egg-info to /home/iclab/Desktop/ros2/src/install/motionpackage/lib/python3.10/site-packages/motionpackage-0.0.0-py3.10.egg-info
[1.548s] running install_scripts
[1.563s] Installing motion script to /home/iclab/Desktop/ros2/src/install/motionpackage/lib/motionpackage
[1.563s] writing list of installed files to '/home/iclab/Desktop/ros2/src/build/motionpackage/install.log'
[1.581s] Invoked command in '/home/iclab/Desktop/ros2/src/motionpackage' returned '0': BYOBU_DATE=%Y-%m-%d PYTHONPATH=/home/iclab/Desktop/ros2/src/build/motionpackage/prefix_override:/home/iclab/Desktop/ros2/src/install/motionpackage/lib/python3.10/site-packages:${PYTHONPATH} /usr/bin/python3 setup.py egg_info --egg-base ../build/motionpackage build --build-base /home/iclab/Desktop/ros2/src/build/motionpackage/build install --record /home/iclab/Desktop/ros2/src/build/motionpackage/install.log --single-version-externally-managed
