[1.200s] Invoking command in '/home/iclab/Desktop/ros2/src/imageprocess': PYTHONPATH=/home/iclab/Desktop/ros2/build/imageprocess/prefix_override:/home/iclab/Desktop/ros2/install/imageprocess/lib/python3.10/site-packages:${PYTHONPATH} /usr/bin/python3 -W ignore:setup.py install is deprecated setup.py egg_info --egg-base ../../build/imageprocess build --build-base /home/iclab/Desktop/ros2/build/imageprocess/build install --record /home/iclab/Desktop/ros2/build/imageprocess/install.log --single-version-externally-managed install_data
[1.540s] running egg_info
[1.541s] writing ../../build/imageprocess/imageprocess.egg-info/PKG-INFO
[1.542s] writing dependency_links to ../../build/imageprocess/imageprocess.egg-info/dependency_links.txt
[1.542s] writing entry points to ../../build/imageprocess/imageprocess.egg-info/entry_points.txt
[1.542s] writing requirements to ../../build/imageprocess/imageprocess.egg-info/requires.txt
[1.542s] writing top-level names to ../../build/imageprocess/imageprocess.egg-info/top_level.txt
[1.544s] reading manifest file '../../build/imageprocess/imageprocess.egg-info/SOURCES.txt'
[1.544s] adding license file 'LICENSE'
[1.545s] writing manifest file '../../build/imageprocess/imageprocess.egg-info/SOURCES.txt'
[1.545s] running build
[1.545s] running build_py
[1.545s] copying imageprocess/image.py -> /home/iclab/Desktop/ros2/build/imageprocess/build/lib/imageprocess
[1.545s] running install
[1.546s] running install_lib
[1.546s] copying /home/iclab/Desktop/ros2/build/imageprocess/build/lib/imageprocess/image.py -> /home/iclab/Desktop/ros2/install/imageprocess/lib/python3.10/site-packages/imageprocess
[1.548s] byte-compiling /home/iclab/Desktop/ros2/install/imageprocess/lib/python3.10/site-packages/imageprocess/image.py to image.cpython-310.pyc
[1.551s] running install_data
[1.551s] running install_egg_info
[1.552s] removing '/home/iclab/Desktop/ros2/install/imageprocess/lib/python3.10/site-packages/imageprocess-0.0.0-py3.10.egg-info' (and everything under it)
[1.552s] Copying ../../build/imageprocess/imageprocess.egg-info to /home/iclab/Desktop/ros2/install/imageprocess/lib/python3.10/site-packages/imageprocess-0.0.0-py3.10.egg-info
[1.553s] running install_scripts
[1.578s] Installing image script to /home/iclab/Desktop/ros2/install/imageprocess/lib/imageprocess
[1.578s] Installing image_test script to /home/iclab/Desktop/ros2/install/imageprocess/lib/imageprocess
[1.578s] writing list of installed files to '/home/iclab/Desktop/ros2/build/imageprocess/install.log'
[1.619s] Invoked command in '/home/iclab/Desktop/ros2/src/imageprocess' returned '0': PYTHONPATH=/home/iclab/Desktop/ros2/build/imageprocess/prefix_override:/home/iclab/Desktop/ros2/install/imageprocess/lib/python3.10/site-packages:${PYTHONPATH} /usr/bin/python3 -W ignore:setup.py install is deprecated setup.py egg_info --egg-base ../../build/imageprocess build --build-base /home/iclab/Desktop/ros2/build/imageprocess/build install --record /home/iclab/Desktop/ros2/build/imageprocess/install.log --single-version-externally-managed install_data
