[0.245s] Invoking command in '/home/iclab/Desktop/ros2/build/serial': CMAKE_PREFIX_PATH=${CMAKE_PREFIX_PATH}:/opt/ros/humble /usr/bin/cmake --build /home/iclab/Desktop/ros2/build/serial -- -j4 -l4
[0.297s] -- Found ament_cmake: 1.3.6 (/opt/ros/humble/share/ament_cmake/cmake)
[0.679s] -- Found rclcpp: 16.0.7 (/opt/ros/humble/share/rclcpp/cmake)
[0.748s] -- Found rosidl_generator_c: 3.1.5 (/opt/ros/humble/share/rosidl_generator_c/cmake)
[0.755s] -- Found rosidl_adapter: 3.1.5 (/opt/ros/humble/share/rosidl_adapter/cmake)
[0.771s] -- Found rosidl_generator_cpp: 3.1.5 (/opt/ros/humble/share/rosidl_generator_cpp/cmake)
[0.801s] -- Using all available rosidl_typesupport_c: rosidl_typesupport_fastrtps_c;rosidl_typesupport_introspection_c
[0.846s] -- Using all available rosidl_typesupport_cpp: rosidl_typesupport_fastrtps_cpp;rosidl_typesupport_introspection_cpp
[1.005s] -- Found rmw_implementation_cmake: 6.1.1 (/opt/ros/humble/share/rmw_implementation_cmake/cmake)
[1.008s] -- Found rmw_fastrtps_cpp: 6.2.5 (/opt/ros/humble/share/rmw_fastrtps_cpp/cmake)
[1.267s] -- Using RMW implementation 'rmw_fastrtps_cpp' as default
[1.700s] -- Found ament_lint_auto: 0.12.9 (/opt/ros/humble/share/ament_lint_auto/cmake)
[1.889s] -- Added test 'cppcheck' to perform static code analysis on C / C++ code
[1.889s] -- Configured cppcheck include dirs: $<BUILD_INTERFACE:/home/iclab/Desktop/ros2/src/serial/include>
[1.889s] -- Configured cppcheck exclude dirs and/or files: 
[1.890s] -- Added test 'lint_cmake' to check CMake code style
[1.892s] -- Added test 'uncrustify' to check C / C++ code style
[1.892s] -- Configured uncrustify additional arguments: 
[1.893s] -- Added test 'xmllint' to check XML markup files
[1.895s] -- Configuring done
[1.912s] -- Generating done
[1.916s] -- Build files have been written to: /home/iclab/Desktop/ros2/build/serial
[1.973s] [35m[1mConsolidate compiler generated dependencies of target serial[0m
[1.999s] [100%] Built target serial
[2.026s] Invoked command in '/home/iclab/Desktop/ros2/build/serial' returned '0': CMAKE_PREFIX_PATH=${CMAKE_PREFIX_PATH}:/opt/ros/humble /usr/bin/cmake --build /home/iclab/Desktop/ros2/build/serial -- -j4 -l4
[2.102s] Invoking command in '/home/iclab/Desktop/ros2/build/serial': CMAKE_PREFIX_PATH=${CMAKE_PREFIX_PATH}:/opt/ros/humble /usr/bin/cmake --install /home/iclab/Desktop/ros2/build/serial
[2.117s] -- Install configuration: ""
[2.117s] -- Up-to-date: /home/iclab/Desktop/ros2/install/serial/lib/serial/serial
[2.118s] -- Up-to-date: /home/iclab/Desktop/ros2/install/serial/share/ament_index/resource_index/package_run_dependencies/serial
[2.118s] -- Up-to-date: /home/iclab/Desktop/ros2/install/serial/share/ament_index/resource_index/parent_prefix_path/serial
[2.118s] -- Up-to-date: /home/iclab/Desktop/ros2/install/serial/share/serial/environment/ament_prefix_path.sh
[2.119s] -- Installing: /home/iclab/Desktop/ros2/install/serial/share/serial/environment/ament_prefix_path.dsv
[2.119s] -- Up-to-date: /home/iclab/Desktop/ros2/install/serial/share/serial/environment/path.sh
[2.119s] -- Installing: /home/iclab/Desktop/ros2/install/serial/share/serial/environment/path.dsv
[2.120s] -- Up-to-date: /home/iclab/Desktop/ros2/install/serial/share/serial/local_setup.bash
[2.120s] -- Up-to-date: /home/iclab/Desktop/ros2/install/serial/share/serial/local_setup.sh
[2.120s] -- Up-to-date: /home/iclab/Desktop/ros2/install/serial/share/serial/local_setup.zsh
[2.121s] -- Installing: /home/iclab/Desktop/ros2/install/serial/share/serial/local_setup.dsv
[2.121s] -- Installing: /home/iclab/Desktop/ros2/install/serial/share/serial/package.dsv
[2.121s] -- Up-to-date: /home/iclab/Desktop/ros2/install/serial/share/ament_index/resource_index/packages/serial
[2.121s] -- Up-to-date: /home/iclab/Desktop/ros2/install/serial/share/serial/cmake/serialConfig.cmake
[2.121s] -- Up-to-date: /home/iclab/Desktop/ros2/install/serial/share/serial/cmake/serialConfig-version.cmake
[2.122s] -- Up-to-date: /home/iclab/Desktop/ros2/install/serial/share/serial/package.xml
[2.125s] Invoked command in '/home/iclab/Desktop/ros2/build/serial' returned '0': CMAKE_PREFIX_PATH=${CMAKE_PREFIX_PATH}:/opt/ros/humble /usr/bin/cmake --install /home/iclab/Desktop/ros2/build/serial
