[0.972s] Invoking command in '/home/iclab/Desktop/ros2/src/motionpackage': PYTHONPATH=/home/iclab/Desktop/ros2/build/motionpackage/prefix_override:/home/iclab/Desktop/ros2/install/motionpackage/lib/python3.10/site-packages:${PYTHONPATH} /usr/bin/python3 setup.py egg_info --egg-base ../../build/motionpackage build --build-base /home/iclab/Desktop/ros2/build/motionpackage/build install --record /home/iclab/Desktop/ros2/build/motionpackage/install.log --single-version-externally-managed
[1.166s] running egg_info
[1.166s] writing ../../build/motionpackage/motionpackage.egg-info/PKG-INFO
[1.166s] writing dependency_links to ../../build/motionpackage/motionpackage.egg-info/dependency_links.txt
[1.166s] writing entry points to ../../build/motionpackage/motionpackage.egg-info/entry_points.txt
[1.167s] writing requirements to ../../build/motionpackage/motionpackage.egg-info/requires.txt
[1.167s] writing top-level names to ../../build/motionpackage/motionpackage.egg-info/top_level.txt
[1.168s] reading manifest file '../../build/motionpackage/motionpackage.egg-info/SOURCES.txt'
[1.169s] writing manifest file '../../build/motionpackage/motionpackage.egg-info/SOURCES.txt'
[1.169s] running build
[1.169s] running build_py
[1.169s] copying motionpackage/aaa.py -> /home/iclab/Desktop/ros2/build/motionpackage/build/lib/motionpackage
[1.169s] copying motionpackage/motion.py -> /home/iclab/Desktop/ros2/build/motionpackage/build/lib/motionpackage
[1.170s] running install
[1.170s] running install_lib
[1.171s] copying /home/iclab/Desktop/ros2/build/motionpackage/build/lib/motionpackage/aaa.py -> /home/iclab/Desktop/ros2/install/motionpackage/lib/python3.10/site-packages/motionpackage
[1.171s] copying /home/iclab/Desktop/ros2/build/motionpackage/build/lib/motionpackage/motion.py -> /home/iclab/Desktop/ros2/install/motionpackage/lib/python3.10/site-packages/motionpackage
[1.172s] byte-compiling /home/iclab/Desktop/ros2/install/motionpackage/lib/python3.10/site-packages/motionpackage/aaa.py to aaa.cpython-310.pyc
[1.172s] byte-compiling /home/iclab/Desktop/ros2/install/motionpackage/lib/python3.10/site-packages/motionpackage/motion.py to motion.cpython-310.pyc
[1.181s] running install_data
[1.181s] running install_egg_info
[1.183s] removing '/home/iclab/Desktop/ros2/install/motionpackage/lib/python3.10/site-packages/motionpackage-0.0.0-py3.10.egg-info' (and everything under it)
[1.184s] Copying ../../build/motionpackage/motionpackage.egg-info to /home/iclab/Desktop/ros2/install/motionpackage/lib/python3.10/site-packages/motionpackage-0.0.0-py3.10.egg-info
[1.184s] running install_scripts
[1.201s] Installing motion script to /home/iclab/Desktop/ros2/install/motionpackage/lib/motionpackage
[1.201s] writing list of installed files to '/home/iclab/Desktop/ros2/build/motionpackage/install.log'
[1.225s] Invoked command in '/home/iclab/Desktop/ros2/src/motionpackage' returned '0': PYTHONPATH=/home/iclab/Desktop/ros2/build/motionpackage/prefix_override:/home/iclab/Desktop/ros2/install/motionpackage/lib/python3.10/site-packages:${PYTHONPATH} /usr/bin/python3 setup.py egg_info --egg-base ../../build/motionpackage build --build-base /home/iclab/Desktop/ros2/build/motionpackage/build install --record /home/iclab/Desktop/ros2/build/motionpackage/install.log --single-version-externally-managed
