[0.766s] Invoking command in '/home/iclab/Desktop/ros2/src/imageprocess': PYTHONPATH=/home/iclab/Desktop/ros2/build/imageprocess/prefix_override:/home/iclab/Desktop/ros2/install/imageprocess/lib/python3.10/site-packages:${PYTHONPATH} /usr/bin/python3 -W ignore:setup.py install is deprecated setup.py egg_info --egg-base ../../build/imageprocess build --build-base /home/iclab/Desktop/ros2/build/imageprocess/build install --record /home/iclab/Desktop/ros2/build/imageprocess/install.log --single-version-externally-managed install_data
[0.963s] running egg_info
[0.964s] writing ../../build/imageprocess/imageprocess.egg-info/PKG-INFO
[0.965s] writing dependency_links to ../../build/imageprocess/imageprocess.egg-info/dependency_links.txt
[0.965s] writing entry points to ../../build/imageprocess/imageprocess.egg-info/entry_points.txt
[0.965s] writing requirements to ../../build/imageprocess/imageprocess.egg-info/requires.txt
[0.965s] writing top-level names to ../../build/imageprocess/imageprocess.egg-info/top_level.txt
[0.967s] reading manifest file '../../build/imageprocess/imageprocess.egg-info/SOURCES.txt'
[0.967s] adding license file 'LICENSE'
[0.968s] writing manifest file '../../build/imageprocess/imageprocess.egg-info/SOURCES.txt'
[0.968s] running build
[0.968s] running build_py
[0.968s] running install
[0.968s] running install_lib
[0.969s] running install_data
[0.969s] running install_egg_info
[0.971s] removing '/home/iclab/Desktop/ros2/install/imageprocess/lib/python3.10/site-packages/imageprocess-0.0.0-py3.10.egg-info' (and everything under it)
[0.971s] Copying ../../build/imageprocess/imageprocess.egg-info to /home/iclab/Desktop/ros2/install/imageprocess/lib/python3.10/site-packages/imageprocess-0.0.0-py3.10.egg-info
[0.972s] running install_scripts
[0.992s] Installing image script to /home/iclab/Desktop/ros2/install/imageprocess/lib/imageprocess
[0.992s] writing list of installed files to '/home/iclab/Desktop/ros2/build/imageprocess/install.log'
[1.017s] Invoked command in '/home/iclab/Desktop/ros2/src/imageprocess' returned '0': PYTHONPATH=/home/iclab/Desktop/ros2/build/imageprocess/prefix_override:/home/iclab/Desktop/ros2/install/imageprocess/lib/python3.10/site-packages:${PYTHONPATH} /usr/bin/python3 -W ignore:setup.py install is deprecated setup.py egg_info --egg-base ../../build/imageprocess build --build-base /home/iclab/Desktop/ros2/build/imageprocess/build install --record /home/iclab/Desktop/ros2/build/imageprocess/install.log --single-version-externally-managed install_data
