[1.121s] Invoking command in '/home/iclab/Desktop/ros2/src/tkulibs': PYTHONPATH=/home/iclab/Desktop/ros2/build/tkulibs/prefix_override:/home/iclab/Desktop/ros2/install/tkulibs/lib/python3.10/site-packages:${PYTHONPATH} /usr/bin/python3 -W ignore:setup.py install is deprecated setup.py egg_info --egg-base ../../build/tkulibs build --build-base /home/iclab/Desktop/ros2/build/tkulibs/build install --record /home/iclab/Desktop/ros2/build/tkulibs/install.log --single-version-externally-managed install_data
[1.405s] running egg_info
[1.406s] writing ../../build/tkulibs/tkulibs.egg-info/PKG-INFO
[1.406s] writing dependency_links to ../../build/tkulibs/tkulibs.egg-info/dependency_links.txt
[1.406s] writing entry points to ../../build/tkulibs/tkulibs.egg-info/entry_points.txt
[1.407s] writing requirements to ../../build/tkulibs/tkulibs.egg-info/requires.txt
[1.407s] writing top-level names to ../../build/tkulibs/tkulibs.egg-info/top_level.txt
[1.408s] reading manifest file '../../build/tkulibs/tkulibs.egg-info/SOURCES.txt'
[1.409s] adding license file 'LICENSE'
[1.409s] writing manifest file '../../build/tkulibs/tkulibs.egg-info/SOURCES.txt'
[1.409s] running build
[1.409s] running build_py
[1.410s] running install
[1.410s] running install_lib
[1.411s] running install_data
[1.411s] running install_egg_info
[1.413s] removing '/home/iclab/Desktop/ros2/install/tkulibs/lib/python3.10/site-packages/tkulibs-0.0.0-py3.10.egg-info' (and everything under it)
[1.413s] Copying ../../build/tkulibs/tkulibs.egg-info to /home/iclab/Desktop/ros2/install/tkulibs/lib/python3.10/site-packages/tkulibs-0.0.0-py3.10.egg-info
[1.413s] running install_scripts
[1.431s] Installing location script to /home/iclab/Desktop/ros2/install/tkulibs/lib/tkulibs
[1.431s] writing list of installed files to '/home/iclab/Desktop/ros2/build/tkulibs/install.log'
[1.454s] Invoked command in '/home/iclab/Desktop/ros2/src/tkulibs' returned '0': PYTHONPATH=/home/iclab/Desktop/ros2/build/tkulibs/prefix_override:/home/iclab/Desktop/ros2/install/tkulibs/lib/python3.10/site-packages:${PYTHONPATH} /usr/bin/python3 -W ignore:setup.py install is deprecated setup.py egg_info --egg-base ../../build/tkulibs build --build-base /home/iclab/Desktop/ros2/build/tkulibs/build install --record /home/iclab/Desktop/ros2/build/tkulibs/install.log --single-version-externally-managed install_data
