[2.841s] Invoking command in '/home/iclab/Desktop/ros2/src/motionpackage': PYTHONPATH=/home/iclab/Desktop/ros2/build/motionpackage/prefix_override:/home/iclab/Desktop/ros2/install/motionpackage/lib/python3.10/site-packages:${PYTHONPATH} /usr/bin/python3 setup.py egg_info --egg-base ../../build/motionpackage build --build-base /home/iclab/Desktop/ros2/build/motionpackage/build install --record /home/iclab/Desktop/ros2/build/motionpackage/install.log --single-version-externally-managed
[3.801s] running egg_info
[3.802s] writing ../../build/motionpackage/motionpackage.egg-info/PKG-INFO
[3.802s] writing dependency_links to ../../build/motionpackage/motionpackage.egg-info/dependency_links.txt
[3.803s] writing entry points to ../../build/motionpackage/motionpackage.egg-info/entry_points.txt
[3.804s] writing requirements to ../../build/motionpackage/motionpackage.egg-info/requires.txt
[3.804s] writing top-level names to ../../build/motionpackage/motionpackage.egg-info/top_level.txt
[3.810s] reading manifest file '../../build/motionpackage/motionpackage.egg-info/SOURCES.txt'
[3.813s] writing manifest file '../../build/motionpackage/motionpackage.egg-info/SOURCES.txt'
[3.814s] running build
[3.814s] running build_py
[3.815s] copying motionpackage/serial_test.py -> /home/iclab/Desktop/ros2/build/motionpackage/build/lib/motionpackage
[3.816s] copying motionpackage/motion.py -> /home/iclab/Desktop/ros2/build/motionpackage/build/lib/motionpackage
[3.818s] running install
[3.818s] running install_lib
[3.821s] copying /home/iclab/Desktop/ros2/build/motionpackage/build/lib/motionpackage/serial_test.py -> /home/iclab/Desktop/ros2/install/motionpackage/lib/python3.10/site-packages/motionpackage
[3.822s] copying /home/iclab/Desktop/ros2/build/motionpackage/build/lib/motionpackage/motion.py -> /home/iclab/Desktop/ros2/install/motionpackage/lib/python3.10/site-packages/motionpackage
[3.824s] byte-compiling /home/iclab/Desktop/ros2/install/motionpackage/lib/python3.10/site-packages/motionpackage/serial_test.py to serial_test.cpython-310.pyc
[3.826s] byte-compiling /home/iclab/Desktop/ros2/install/motionpackage/lib/python3.10/site-packages/motionpackage/motion.py to motion.cpython-310.pyc
[3.850s] running install_data
[3.852s] running install_egg_info
[3.856s] removing '/home/iclab/Desktop/ros2/install/motionpackage/lib/python3.10/site-packages/motionpackage-0.0.0-py3.10.egg-info' (and everything under it)
[3.857s] Copying ../../build/motionpackage/motionpackage.egg-info to /home/iclab/Desktop/ros2/install/motionpackage/lib/python3.10/site-packages/motionpackage-0.0.0-py3.10.egg-info
[3.862s] running install_scripts
[3.914s] Installing motion script to /home/iclab/Desktop/ros2/install/motionpackage/lib/motionpackage
[3.915s] writing list of installed files to '/home/iclab/Desktop/ros2/build/motionpackage/install.log'
[4.001s] Invoked command in '/home/iclab/Desktop/ros2/src/motionpackage' returned '0': PYTHONPATH=/home/iclab/Desktop/ros2/build/motionpackage/prefix_override:/home/iclab/Desktop/ros2/install/motionpackage/lib/python3.10/site-packages:${PYTHONPATH} /usr/bin/python3 setup.py egg_info --egg-base ../../build/motionpackage build --build-base /home/iclab/Desktop/ros2/build/motionpackage/build install --record /home/iclab/Desktop/ros2/build/motionpackage/install.log --single-version-externally-managed
