[3.039s] Invoking command in '/home/iclab/Desktop/ros2/src/motionpackage': PYTHONPATH=/home/iclab/Desktop/ros2/build/motionpackage/prefix_override:/home/iclab/Desktop/ros2/install/motionpackage/lib/python3.10/site-packages:${PYTHONPATH} /usr/bin/python3 setup.py egg_info --egg-base ../../build/motionpackage build --build-base /home/iclab/Desktop/ros2/build/motionpackage/build install --record /home/iclab/Desktop/ros2/build/motionpackage/install.log --single-version-externally-managed
[4.074s] running egg_info
[4.075s] writing ../../build/motionpackage/motionpackage.egg-info/PKG-INFO
[4.076s] writing dependency_links to ../../build/motionpackage/motionpackage.egg-info/dependency_links.txt
[4.077s] writing entry points to ../../build/motionpackage/motionpackage.egg-info/entry_points.txt
[4.077s] writing requirements to ../../build/motionpackage/motionpackage.egg-info/requires.txt
[4.078s] writing top-level names to ../../build/motionpackage/motionpackage.egg-info/top_level.txt
[4.086s] reading manifest file '../../build/motionpackage/motionpackage.egg-info/SOURCES.txt'
[4.094s] writing manifest file '../../build/motionpackage/motionpackage.egg-info/SOURCES.txt'
[4.097s] running build
[4.097s] running build_py
[4.097s] copying motionpackage/motion.py -> /home/iclab/Desktop/ros2/build/motionpackage/build/lib/motionpackage
[4.098s] running install
[4.098s] running install_lib
[4.099s] copying /home/iclab/Desktop/ros2/build/motionpackage/build/lib/motionpackage/motion.py -> /home/iclab/Desktop/ros2/install/motionpackage/lib/python3.10/site-packages/motionpackage
[4.100s] byte-compiling /home/iclab/Desktop/ros2/install/motionpackage/lib/python3.10/site-packages/motionpackage/motion.py to motion.cpython-310.pyc
[4.130s] running install_data
[4.132s] running install_egg_info
[4.138s] removing '/home/iclab/Desktop/ros2/install/motionpackage/lib/python3.10/site-packages/motionpackage-0.0.0-py3.10.egg-info' (and everything under it)
[4.141s] Copying ../../build/motionpackage/motionpackage.egg-info to /home/iclab/Desktop/ros2/install/motionpackage/lib/python3.10/site-packages/motionpackage-0.0.0-py3.10.egg-info
[4.145s] running install_scripts
[4.215s] Installing motion script to /home/iclab/Desktop/ros2/install/motionpackage/lib/motionpackage
[4.216s] writing list of installed files to '/home/iclab/Desktop/ros2/build/motionpackage/install.log'
[4.315s] Invoked command in '/home/iclab/Desktop/ros2/src/motionpackage' returned '0': PYTHONPATH=/home/iclab/Desktop/ros2/build/motionpackage/prefix_override:/home/iclab/Desktop/ros2/install/motionpackage/lib/python3.10/site-packages:${PYTHONPATH} /usr/bin/python3 setup.py egg_info --egg-base ../../build/motionpackage build --build-base /home/iclab/Desktop/ros2/build/motionpackage/build install --record /home/iclab/Desktop/ros2/build/motionpackage/install.log --single-version-externally-managed
