[0.286s] Invoking command in '/home/iclab/Desktop/ros2/src/build/usb_cam': BYOBU_DATE=%Y-%m-%d CMAKE_PREFIX_PATH=/home/iclab/Desktop/ros2/src/install/tku_msgs:/home/iclab/Desktop/ros2/src/install/web_video_server:/home/iclab/Desktop/ros2/src/install/usb_cam:/home/iclab/Desktop/ros2/install/web_video_server:/home/iclab/Desktop/ros2/install/usb_cam:/home/iclab/Desktop/ros2/install/tku_msgs:/home/iclab/Desktop/ros2/install/serial:/home/iclab/Desktop/ros2/src/install/tku_libs:/home/iclab/Desktop/ros2/src/install/motionpackage:/home/iclab/Desktop/ros2/install/tku_libs:/home/iclab/Desktop/ros2/install/motionpackage:/opt/ros/humble LD_LIBRARY_PATH=/home/iclab/Desktop/ros2/src/install/tku_msgs/lib:/home/iclab/Desktop/ros2/src/install/usb_cam/lib:/home/iclab/Desktop/ros2/install/usb_cam/lib:/home/iclab/Desktop/ros2/install/tku_msgs/lib:/opt/ros/humble/opt/rviz_ogre_vendor/lib:/opt/ros/humble/lib/x86_64-linux-gnu:/opt/ros/humble/lib /usr/bin/cmake --build /home/iclab/Desktop/ros2/src/build/usb_cam -- -j8 -l8
[0.324s] [ 12%] Built target gtest_main
[0.324s] [ 37%] Built target usb_cam
[0.324s] [ 50%] Built target gtest
[0.331s] [ 62%] Built target usb_cam_node_exe
[0.334s] [35m[1mConsolidate compiler generated dependencies of target usb_cam_node[0m
[0.342s] [ 75%] Built target test_usb_cam_utils
[0.345s] [ 87%] Built target test_pixel_formats
[0.350s] [ 93%] [32mBuilding CXX object CMakeFiles/usb_cam_node.dir/src/usb_cam_node.cpp.o[0m
[2.214s] [01m[K/home/iclab/Desktop/ros2/src/usb_cam/src/usb_cam_node.cpp:[m[K In member function ‘[01m[Kvoid usb_cam::UsbCamNode::loadcamerasetfile()[m[K’:
[2.214s] [01m[K/home/iclab/Desktop/ros2/src/usb_cam/src/usb_cam_node.cpp:308:23:[m[K [01;31m[Kerror: [m[K‘[01m[Kpt[m[K’ was not declared in this scope
[2.214s]   308 |   int white_balance = [01;31m[Kpt[m[K.get<int>("Camera Set Parameter.white_balance");
[2.214s]       |                       [01;31m[K^~[m[K
[2.214s] [01m[K/home/iclab/Desktop/ros2/src/usb_cam/src/usb_cam_node.cpp:308:30:[m[K [01;31m[Kerror: [m[Kexpected primary-expression before ‘[01m[Kint[m[K’
[2.214s]   308 |   int white_balance = pt.get<[01;31m[Kint[m[K>("Camera Set Parameter.white_balance");
[2.214s]       |                              [01;31m[K^~~[m[K
[4.226s] gmake[2]: *** [CMakeFiles/usb_cam_node.dir/build.make:76: CMakeFiles/usb_cam_node.dir/src/usb_cam_node.cpp.o] Error 1
[4.226s] gmake[1]: *** [CMakeFiles/Makefile2:189: CMakeFiles/usb_cam_node.dir/all] Error 2
[4.226s] gmake: *** [Makefile:146: all] Error 2
[4.228s] Invoked command in '/home/iclab/Desktop/ros2/src/build/usb_cam' returned '2': BYOBU_DATE=%Y-%m-%d CMAKE_PREFIX_PATH=/home/iclab/Desktop/ros2/src/install/tku_msgs:/home/iclab/Desktop/ros2/src/install/web_video_server:/home/iclab/Desktop/ros2/src/install/usb_cam:/home/iclab/Desktop/ros2/install/web_video_server:/home/iclab/Desktop/ros2/install/usb_cam:/home/iclab/Desktop/ros2/install/tku_msgs:/home/iclab/Desktop/ros2/install/serial:/home/iclab/Desktop/ros2/src/install/tku_libs:/home/iclab/Desktop/ros2/src/install/motionpackage:/home/iclab/Desktop/ros2/install/tku_libs:/home/iclab/Desktop/ros2/install/motionpackage:/opt/ros/humble LD_LIBRARY_PATH=/home/iclab/Desktop/ros2/src/install/tku_msgs/lib:/home/iclab/Desktop/ros2/src/install/usb_cam/lib:/home/iclab/Desktop/ros2/install/usb_cam/lib:/home/iclab/Desktop/ros2/install/tku_msgs/lib:/opt/ros/humble/opt/rviz_ogre_vendor/lib:/opt/ros/humble/lib/x86_64-linux-gnu:/opt/ros/humble/lib /usr/bin/cmake --build /home/iclab/Desktop/ros2/src/build/usb_cam -- -j8 -l8
