[0.996s] Invoking command in '/home/iclab/Desktop/ros2/src/imageprocess': PYTHONPATH=/home/iclab/Desktop/ros2/build/imageprocess/prefix_override:/home/iclab/Desktop/ros2/install/imageprocess/lib/python3.10/site-packages:${PYTHONPATH} /usr/bin/python3 setup.py egg_info --egg-base ../../build/imageprocess build --build-base /home/iclab/Desktop/ros2/build/imageprocess/build install --record /home/iclab/Desktop/ros2/build/imageprocess/install.log --single-version-externally-managed
[1.173s] running egg_info
[1.174s] creating ../../build/imageprocess/imageprocess.egg-info
[1.174s] writing ../../build/imageprocess/imageprocess.egg-info/PKG-INFO
[1.174s] writing dependency_links to ../../build/imageprocess/imageprocess.egg-info/dependency_links.txt
[1.174s] writing entry points to ../../build/imageprocess/imageprocess.egg-info/entry_points.txt
[1.174s] writing requirements to ../../build/imageprocess/imageprocess.egg-info/requires.txt
[1.174s] writing top-level names to ../../build/imageprocess/imageprocess.egg-info/top_level.txt
[1.174s] writing manifest file '../../build/imageprocess/imageprocess.egg-info/SOURCES.txt'
[1.175s] reading manifest file '../../build/imageprocess/imageprocess.egg-info/SOURCES.txt'
[1.175s] adding license file 'LICENSE'
[1.176s] writing manifest file '../../build/imageprocess/imageprocess.egg-info/SOURCES.txt'
[1.176s] running build
[1.176s] running build_py
[1.176s] creating /home/iclab/Desktop/ros2/build/imageprocess/build
[1.176s] creating /home/iclab/Desktop/ros2/build/imageprocess/build/lib
[1.176s] creating /home/iclab/Desktop/ros2/build/imageprocess/build/lib/imageprocess
[1.176s] copying imageprocess/image.py -> /home/iclab/Desktop/ros2/build/imageprocess/build/lib/imageprocess
[1.181s] copying imageprocess/__init__.py -> /home/iclab/Desktop/ros2/build/imageprocess/build/lib/imageprocess
[1.181s] running install
[1.181s] running install_lib
[1.182s] creating /home/iclab/Desktop/ros2/install/imageprocess/lib/python3.10/site-packages/imageprocess
[1.182s] copying /home/iclab/Desktop/ros2/build/imageprocess/build/lib/imageprocess/image.py -> /home/iclab/Desktop/ros2/install/imageprocess/lib/python3.10/site-packages/imageprocess
[1.182s] copying /home/iclab/Desktop/ros2/build/imageprocess/build/lib/imageprocess/__init__.py -> /home/iclab/Desktop/ros2/install/imageprocess/lib/python3.10/site-packages/imageprocess
[1.182s] byte-compiling /home/iclab/Desktop/ros2/install/imageprocess/lib/python3.10/site-packages/imageprocess/image.py to image.cpython-310.pyc
[1.182s] byte-compiling /home/iclab/Desktop/ros2/install/imageprocess/lib/python3.10/site-packages/imageprocess/__init__.py to __init__.cpython-310.pyc
[1.183s] running install_data
[1.183s] creating /home/iclab/Desktop/ros2/install/imageprocess/share/ament_index
[1.183s] creating /home/iclab/Desktop/ros2/install/imageprocess/share/ament_index/resource_index
[1.183s] creating /home/iclab/Desktop/ros2/install/imageprocess/share/ament_index/resource_index/packages
[1.183s] copying resource/imageprocess -> /home/iclab/Desktop/ros2/install/imageprocess/share/ament_index/resource_index/packages
[1.183s] copying package.xml -> /home/iclab/Desktop/ros2/install/imageprocess/share/imageprocess
[1.183s] running install_egg_info
[1.184s] Copying ../../build/imageprocess/imageprocess.egg-info to /home/iclab/Desktop/ros2/install/imageprocess/lib/python3.10/site-packages/imageprocess-0.0.0-py3.10.egg-info
[1.184s] running install_scripts
[1.199s] Installing image script to /home/iclab/Desktop/ros2/install/imageprocess/lib/imageprocess
[1.199s] writing list of installed files to '/home/iclab/Desktop/ros2/build/imageprocess/install.log'
[1.223s] Invoked command in '/home/iclab/Desktop/ros2/src/imageprocess' returned '0': PYTHONPATH=/home/iclab/Desktop/ros2/build/imageprocess/prefix_override:/home/iclab/Desktop/ros2/install/imageprocess/lib/python3.10/site-packages:${PYTHONPATH} /usr/bin/python3 setup.py egg_info --egg-base ../../build/imageprocess build --build-base /home/iclab/Desktop/ros2/build/imageprocess/build install --record /home/iclab/Desktop/ros2/build/imageprocess/install.log --single-version-externally-managed
